[3.039s] Invoking command in '/home/ubuntu/nemo_ws/src/img_basics': CMAKE_PREFIX_PATH=/home/ubuntu/nemo_ws/install/image_transport:/home/ubuntu/nemo_ws/install/vision_opencv:/home/ubuntu/nemo_ws/install/v4l2_camera:/home/ubuntu/nemo_ws/install/image_transport_plugins:/home/ubuntu/nemo_ws/install/theora_image_transport:/home/ubuntu/nemo_ws/install/image_common:/home/ubuntu/nemo_ws/install/compressed_image_transport:/home/ubuntu/nemo_ws/install/compressed_depth_image_transport:/home/ubuntu/nemo_ws/install/image_geometry:/home/ubuntu/nemo_ws/install/examples_rclcpp_multithreaded_executor:/home/ubuntu/nemo_ws/install/examples_rclcpp_minimal_timer:/home/ubuntu/nemo_ws/install/examples_rclcpp_minimal_subscriber:/home/ubuntu/nemo_ws/install/examples_rclcpp_minimal_service:/home/ubuntu/nemo_ws/install/examples_rclcpp_minimal_publisher:/home/ubuntu/nemo_ws/install/examples_rclcpp_minimal_composition:/home/ubuntu/nemo_ws/install/examples_rclcpp_minimal_client:/home/ubuntu/nemo_ws/install/examples_rclcpp_minimal_action_server:/home/ubuntu/nemo_ws/install/examples_rclcpp_minimal_action_client:/home/ubuntu/nemo_ws/install/cv_bridge:/home/ubuntu/nemo_ws/install/camera_info_manager:/home/ubuntu/nemo_ws/install/camera_calibration_parsers LD_LIBRARY_PATH=/home/ubuntu/nemo_ws/install/image_transport/lib:/home/ubuntu/nemo_ws/install/v4l2_camera/lib:/home/ubuntu/nemo_ws/install/theora_image_transport/lib:/home/ubuntu/nemo_ws/install/compressed_image_transport/lib:/home/ubuntu/nemo_ws/install/compressed_depth_image_transport/lib:/home/ubuntu/nemo_ws/install/image_geometry/lib:/home/ubuntu/nemo_ws/install/examples_rclcpp_minimal_composition/lib:/home/ubuntu/nemo_ws/install/cv_bridge/lib:/home/ubuntu/nemo_ws/install/camera_info_manager/lib:/home/ubuntu/nemo_ws/install/camera_calibration_parsers/lib:/opt/ros/foxy/opt/yaml_cpp_vendor/lib:/opt/ros/foxy/opt/rviz_ogre_vendor/lib:/opt/ros/foxy/lib/aarch64-linux-gnu:/opt/ros/foxy/lib PYTHONPATH=/home/ubuntu/nemo_ws/install/img_basics/lib/python3.8/site-packages:${PYTHONPATH} /usr/bin/python3 setup.py egg_info --egg-base ../../build/img_basics build --build-base /home/ubuntu/nemo_ws/build/img_basics/build install --prefix /home/ubuntu/nemo_ws/install/img_basics --record /home/ubuntu/nemo_ws/build/img_basics/install.log --single-version-externally-managed
[4.048s] running egg_info
[4.050s] writing ../../build/img_basics/img_basics.egg-info/PKG-INFO
[4.053s] writing dependency_links to ../../build/img_basics/img_basics.egg-info/dependency_links.txt
[4.054s] writing entry points to ../../build/img_basics/img_basics.egg-info/entry_points.txt
[4.054s] writing requirements to ../../build/img_basics/img_basics.egg-info/requires.txt
[4.055s] writing top-level names to ../../build/img_basics/img_basics.egg-info/top_level.txt
[4.200s] reading manifest file '../../build/img_basics/img_basics.egg-info/SOURCES.txt'
[4.210s] writing manifest file '../../build/img_basics/img_basics.egg-info/SOURCES.txt'
[4.211s] running build
[4.211s] running build_py
[4.213s] copying img_basics/cam_sub.py -> /home/ubuntu/nemo_ws/build/img_basics/build/lib/img_basics
[4.215s] running install
[4.218s] running install_lib
[4.222s] copying /home/ubuntu/nemo_ws/build/img_basics/build/lib/img_basics/cam_sub.py -> /home/ubuntu/nemo_ws/install/img_basics/lib/python3.8/site-packages/img_basics
[4.225s] byte-compiling /home/ubuntu/nemo_ws/install/img_basics/lib/python3.8/site-packages/img_basics/cam_sub.py to cam_sub.cpython-38.pyc
[4.231s] running install_data
[4.233s] running install_egg_info
[4.239s] removing '/home/ubuntu/nemo_ws/install/img_basics/lib/python3.8/site-packages/img_basics-0.0.0-py3.8.egg-info' (and everything under it)
[4.241s] Copying ../../build/img_basics/img_basics.egg-info to /home/ubuntu/nemo_ws/install/img_basics/lib/python3.8/site-packages/img_basics-0.0.0-py3.8.egg-info
[4.249s] running install_scripts
[4.322s] Installing img_subscriber script to /home/ubuntu/nemo_ws/install/img_basics/lib/img_basics
[4.323s] writing list of installed files to '/home/ubuntu/nemo_ws/build/img_basics/install.log'
[4.432s] Invoked command in '/home/ubuntu/nemo_ws/src/img_basics' returned '0': CMAKE_PREFIX_PATH=/home/ubuntu/nemo_ws/install/image_transport:/home/ubuntu/nemo_ws/install/vision_opencv:/home/ubuntu/nemo_ws/install/v4l2_camera:/home/ubuntu/nemo_ws/install/image_transport_plugins:/home/ubuntu/nemo_ws/install/theora_image_transport:/home/ubuntu/nemo_ws/install/image_common:/home/ubuntu/nemo_ws/install/compressed_image_transport:/home/ubuntu/nemo_ws/install/compressed_depth_image_transport:/home/ubuntu/nemo_ws/install/image_geometry:/home/ubuntu/nemo_ws/install/examples_rclcpp_multithreaded_executor:/home/ubuntu/nemo_ws/install/examples_rclcpp_minimal_timer:/home/ubuntu/nemo_ws/install/examples_rclcpp_minimal_subscriber:/home/ubuntu/nemo_ws/install/examples_rclcpp_minimal_service:/home/ubuntu/nemo_ws/install/examples_rclcpp_minimal_publisher:/home/ubuntu/nemo_ws/install/examples_rclcpp_minimal_composition:/home/ubuntu/nemo_ws/install/examples_rclcpp_minimal_client:/home/ubuntu/nemo_ws/install/examples_rclcpp_minimal_action_server:/home/ubuntu/nemo_ws/install/examples_rclcpp_minimal_action_client:/home/ubuntu/nemo_ws/install/cv_bridge:/home/ubuntu/nemo_ws/install/camera_info_manager:/home/ubuntu/nemo_ws/install/camera_calibration_parsers LD_LIBRARY_PATH=/home/ubuntu/nemo_ws/install/image_transport/lib:/home/ubuntu/nemo_ws/install/v4l2_camera/lib:/home/ubuntu/nemo_ws/install/theora_image_transport/lib:/home/ubuntu/nemo_ws/install/compressed_image_transport/lib:/home/ubuntu/nemo_ws/install/compressed_depth_image_transport/lib:/home/ubuntu/nemo_ws/install/image_geometry/lib:/home/ubuntu/nemo_ws/install/examples_rclcpp_minimal_composition/lib:/home/ubuntu/nemo_ws/install/cv_bridge/lib:/home/ubuntu/nemo_ws/install/camera_info_manager/lib:/home/ubuntu/nemo_ws/install/camera_calibration_parsers/lib:/opt/ros/foxy/opt/yaml_cpp_vendor/lib:/opt/ros/foxy/opt/rviz_ogre_vendor/lib:/opt/ros/foxy/lib/aarch64-linux-gnu:/opt/ros/foxy/lib PYTHONPATH=/home/ubuntu/nemo_ws/install/img_basics/lib/python3.8/site-packages:${PYTHONPATH} /usr/bin/python3 setup.py egg_info --egg-base ../../build/img_basics build --build-base /home/ubuntu/nemo_ws/build/img_basics/build install --prefix /home/ubuntu/nemo_ws/install/img_basics --record /home/ubuntu/nemo_ws/build/img_basics/install.log --single-version-externally-managed
