[5.552s] Invoking command in '/home/ubuntu/nemo_ws/src/examples/rclpy/actions/minimal_action_server': PYTHONPATH=/home/ubuntu/nemo_ws/install/examples_rclpy_minimal_action_server/lib/python3.8/site-packages:${PYTHONPATH} /usr/bin/python3 setup.py egg_info --egg-base ../../../../../build/examples_rclpy_minimal_action_server build --build-base /home/ubuntu/nemo_ws/build/examples_rclpy_minimal_action_server/build install --prefix /home/ubuntu/nemo_ws/install/examples_rclpy_minimal_action_server --record /home/ubuntu/nemo_ws/build/examples_rclpy_minimal_action_server/install.log --single-version-externally-managed
[6.882s] running egg_info
[6.886s] writing ../../../../../build/examples_rclpy_minimal_action_server/examples_rclpy_minimal_action_server.egg-info/PKG-INFO
[6.889s] writing dependency_links to ../../../../../build/examples_rclpy_minimal_action_server/examples_rclpy_minimal_action_server.egg-info/dependency_links.txt
[6.891s] writing entry points to ../../../../../build/examples_rclpy_minimal_action_server/examples_rclpy_minimal_action_server.egg-info/entry_points.txt
[6.892s] writing requirements to ../../../../../build/examples_rclpy_minimal_action_server/examples_rclpy_minimal_action_server.egg-info/requires.txt
[6.892s] writing top-level names to ../../../../../build/examples_rclpy_minimal_action_server/examples_rclpy_minimal_action_server.egg-info/top_level.txt
[7.070s] reading manifest file '../../../../../build/examples_rclpy_minimal_action_server/examples_rclpy_minimal_action_server.egg-info/SOURCES.txt'
[7.077s] writing manifest file '../../../../../build/examples_rclpy_minimal_action_server/examples_rclpy_minimal_action_server.egg-info/SOURCES.txt'
[7.077s] running build
[7.078s] running build_py
[7.084s] running install
[7.090s] running install_lib
[7.107s] running install_data
[7.114s] running install_egg_info
[7.128s] removing '/home/ubuntu/nemo_ws/install/examples_rclpy_minimal_action_server/lib/python3.8/site-packages/examples_rclpy_minimal_action_server-0.9.4-py3.8.egg-info' (and everything under it)
[7.131s] Copying ../../../../../build/examples_rclpy_minimal_action_server/examples_rclpy_minimal_action_server.egg-info to /home/ubuntu/nemo_ws/install/examples_rclpy_minimal_action_server/lib/python3.8/site-packages/examples_rclpy_minimal_action_server-0.9.4-py3.8.egg-info
[7.143s] running install_scripts
[7.305s] Installing server script to /home/ubuntu/nemo_ws/install/examples_rclpy_minimal_action_server/lib/examples_rclpy_minimal_action_server
[7.312s] Installing server_defer script to /home/ubuntu/nemo_ws/install/examples_rclpy_minimal_action_server/lib/examples_rclpy_minimal_action_server
[7.317s] Installing server_not_composable script to /home/ubuntu/nemo_ws/install/examples_rclpy_minimal_action_server/lib/examples_rclpy_minimal_action_server
[7.324s] Installing server_queue_goals script to /home/ubuntu/nemo_ws/install/examples_rclpy_minimal_action_server/lib/examples_rclpy_minimal_action_server
[7.326s] Installing server_single_goal script to /home/ubuntu/nemo_ws/install/examples_rclpy_minimal_action_server/lib/examples_rclpy_minimal_action_server
[7.331s] writing list of installed files to '/home/ubuntu/nemo_ws/build/examples_rclpy_minimal_action_server/install.log'
[7.629s] Invoked command in '/home/ubuntu/nemo_ws/src/examples/rclpy/actions/minimal_action_server' returned '0': PYTHONPATH=/home/ubuntu/nemo_ws/install/examples_rclpy_minimal_action_server/lib/python3.8/site-packages:${PYTHONPATH} /usr/bin/python3 setup.py egg_info --egg-base ../../../../../build/examples_rclpy_minimal_action_server build --build-base /home/ubuntu/nemo_ws/build/examples_rclpy_minimal_action_server/build install --prefix /home/ubuntu/nemo_ws/install/examples_rclpy_minimal_action_server --record /home/ubuntu/nemo_ws/build/examples_rclpy_minimal_action_server/install.log --single-version-externally-managed
