[0.164s] Invoking command in '/home/ubuntu/nemo_ws/build/camera_calibration_parsers': CMAKE_PREFIX_PATH=${CMAKE_PREFIX_PATH}:/home/ubuntu/nemo_ws/install/img_basics:/home/ubuntu/nemo_ws/install/examples_rclpy_minimal_subscriber:/home/ubuntu/nemo_ws/install/examples_rclpy_minimal_service:/home/ubuntu/nemo_ws/install/examples_rclpy_minimal_publisher:/home/ubuntu/nemo_ws/install/examples_rclpy_minimal_client:/home/ubuntu/nemo_ws/install/examples_rclpy_minimal_action_server:/home/ubuntu/nemo_ws/install/examples_rclpy_minimal_action_client:/home/ubuntu/nemo_ws/install/examples_rclpy_executors:/opt/ros/foxy /usr/bin/cmake --build /home/ubuntu/nemo_ws/build/camera_calibration_parsers -- -j4 -l4
[0.855s] [ 14%] Built target gtest
[0.868s] [ 28%] Built target gtest_main
[1.006s] [ 57%] Built target camera_calibration_parsers
[1.383s] [ 71%] Built target camera_calibration_parsers-parse_ini
[1.420s] [ 85%] Built target convert
[1.450s] [100%] Built target camera_calibration_parsers-parse_yml
[1.575s] Invoked command in '/home/ubuntu/nemo_ws/build/camera_calibration_parsers' returned '0': CMAKE_PREFIX_PATH=${CMAKE_PREFIX_PATH}:/home/ubuntu/nemo_ws/install/img_basics:/home/ubuntu/nemo_ws/install/examples_rclpy_minimal_subscriber:/home/ubuntu/nemo_ws/install/examples_rclpy_minimal_service:/home/ubuntu/nemo_ws/install/examples_rclpy_minimal_publisher:/home/ubuntu/nemo_ws/install/examples_rclpy_minimal_client:/home/ubuntu/nemo_ws/install/examples_rclpy_minimal_action_server:/home/ubuntu/nemo_ws/install/examples_rclpy_minimal_action_client:/home/ubuntu/nemo_ws/install/examples_rclpy_executors:/opt/ros/foxy /usr/bin/cmake --build /home/ubuntu/nemo_ws/build/camera_calibration_parsers -- -j4 -l4
[2.008s] Invoking command in '/home/ubuntu/nemo_ws/build/camera_calibration_parsers': CMAKE_PREFIX_PATH=${CMAKE_PREFIX_PATH}:/home/ubuntu/nemo_ws/install/img_basics:/home/ubuntu/nemo_ws/install/examples_rclpy_minimal_subscriber:/home/ubuntu/nemo_ws/install/examples_rclpy_minimal_service:/home/ubuntu/nemo_ws/install/examples_rclpy_minimal_publisher:/home/ubuntu/nemo_ws/install/examples_rclpy_minimal_client:/home/ubuntu/nemo_ws/install/examples_rclpy_minimal_action_server:/home/ubuntu/nemo_ws/install/examples_rclpy_minimal_action_client:/home/ubuntu/nemo_ws/install/examples_rclpy_executors:/opt/ros/foxy /usr/bin/cmake --install /home/ubuntu/nemo_ws/build/camera_calibration_parsers
[2.073s] -- Install configuration: ""
[2.085s] -- Up-to-date: /home/ubuntu/nemo_ws/install/camera_calibration_parsers/lib/libcamera_calibration_parsers.so
[2.093s] -- Up-to-date: /home/ubuntu/nemo_ws/install/camera_calibration_parsers/lib/camera_calibration_parsers/convert
[2.095s] -- Up-to-date: /home/ubuntu/nemo_ws/install/camera_calibration_parsers/include
[2.095s] -- Up-to-date: /home/ubuntu/nemo_ws/install/camera_calibration_parsers/include/camera_calibration_parsers
[2.097s] -- Up-to-date: /home/ubuntu/nemo_ws/install/camera_calibration_parsers/include/camera_calibration_parsers/parse_yml.hpp
[2.098s] -- Up-to-date: /home/ubuntu/nemo_ws/install/camera_calibration_parsers/include/camera_calibration_parsers/parse_ini.h
[2.099s] -- Up-to-date: /home/ubuntu/nemo_ws/install/camera_calibration_parsers/include/camera_calibration_parsers/parse.h
[2.100s] -- Up-to-date: /home/ubuntu/nemo_ws/install/camera_calibration_parsers/include/camera_calibration_parsers/parse_ini.hpp
[2.100s] -- Up-to-date: /home/ubuntu/nemo_ws/install/camera_calibration_parsers/include/camera_calibration_parsers/visibility_control.hpp
[2.101s] -- Up-to-date: /home/ubuntu/nemo_ws/install/camera_calibration_parsers/include/camera_calibration_parsers/parse_yml.h
[2.101s] -- Up-to-date: /home/ubuntu/nemo_ws/install/camera_calibration_parsers/include/camera_calibration_parsers/parse.hpp
[2.102s] -- Up-to-date: /home/ubuntu/nemo_ws/install/camera_calibration_parsers/share/camera_calibration_parsers/environment/library_path.sh
[2.103s] -- Up-to-date: /home/ubuntu/nemo_ws/install/camera_calibration_parsers/share/camera_calibration_parsers/environment/library_path.dsv
[2.103s] -- Up-to-date: /home/ubuntu/nemo_ws/install/camera_calibration_parsers/share/ament_index/resource_index/package_run_dependencies/camera_calibration_parsers
[2.106s] -- Up-to-date: /home/ubuntu/nemo_ws/install/camera_calibration_parsers/share/ament_index/resource_index/parent_prefix_path/camera_calibration_parsers
[2.108s] -- Up-to-date: /home/ubuntu/nemo_ws/install/camera_calibration_parsers/share/camera_calibration_parsers/environment/ament_prefix_path.sh
[2.110s] -- Up-to-date: /home/ubuntu/nemo_ws/install/camera_calibration_parsers/share/camera_calibration_parsers/environment/ament_prefix_path.dsv
[2.111s] -- Up-to-date: /home/ubuntu/nemo_ws/install/camera_calibration_parsers/share/camera_calibration_parsers/environment/path.sh
[2.112s] -- Up-to-date: /home/ubuntu/nemo_ws/install/camera_calibration_parsers/share/camera_calibration_parsers/environment/path.dsv
[2.113s] -- Up-to-date: /home/ubuntu/nemo_ws/install/camera_calibration_parsers/share/camera_calibration_parsers/local_setup.bash
[2.113s] -- Up-to-date: /home/ubuntu/nemo_ws/install/camera_calibration_parsers/share/camera_calibration_parsers/local_setup.sh
[2.114s] -- Up-to-date: /home/ubuntu/nemo_ws/install/camera_calibration_parsers/share/camera_calibration_parsers/local_setup.zsh
[2.115s] -- Up-to-date: /home/ubuntu/nemo_ws/install/camera_calibration_parsers/share/camera_calibration_parsers/local_setup.dsv
[2.116s] -- Installing: /home/ubuntu/nemo_ws/install/camera_calibration_parsers/share/camera_calibration_parsers/package.dsv
[2.116s] -- Up-to-date: /home/ubuntu/nemo_ws/install/camera_calibration_parsers/share/ament_index/resource_index/packages/camera_calibration_parsers
[2.121s] -- Up-to-date: /home/ubuntu/nemo_ws/install/camera_calibration_parsers/share/camera_calibration_parsers/cmake/ament_cmake_export_include_directories-extras.cmake
[2.123s] -- Up-to-date: /home/ubuntu/nemo_ws/install/camera_calibration_parsers/share/camera_calibration_parsers/cmake/ament_cmake_export_libraries-extras.cmake
[2.125s] -- Up-to-date: /home/ubuntu/nemo_ws/install/camera_calibration_parsers/share/camera_calibration_parsers/cmake/ament_cmake_export_dependencies-extras.cmake
[2.128s] -- Up-to-date: /home/ubuntu/nemo_ws/install/camera_calibration_parsers/share/camera_calibration_parsers/cmake/camera_calibration_parsersConfig.cmake
[2.129s] -- Up-to-date: /home/ubuntu/nemo_ws/install/camera_calibration_parsers/share/camera_calibration_parsers/cmake/camera_calibration_parsersConfig-version.cmake
[2.129s] -- Up-to-date: /home/ubuntu/nemo_ws/install/camera_calibration_parsers/share/camera_calibration_parsers/package.xml
[2.141s] Invoked command in '/home/ubuntu/nemo_ws/build/camera_calibration_parsers' returned '0': CMAKE_PREFIX_PATH=${CMAKE_PREFIX_PATH}:/home/ubuntu/nemo_ws/install/img_basics:/home/ubuntu/nemo_ws/install/examples_rclpy_minimal_subscriber:/home/ubuntu/nemo_ws/install/examples_rclpy_minimal_service:/home/ubuntu/nemo_ws/install/examples_rclpy_minimal_publisher:/home/ubuntu/nemo_ws/install/examples_rclpy_minimal_client:/home/ubuntu/nemo_ws/install/examples_rclpy_minimal_action_server:/home/ubuntu/nemo_ws/install/examples_rclpy_minimal_action_client:/home/ubuntu/nemo_ws/install/examples_rclpy_executors:/opt/ros/foxy /usr/bin/cmake --install /home/ubuntu/nemo_ws/build/camera_calibration_parsers
