[0.145s] Invoking command in '/home/ubuntu/nemo_ws/src/build/examples_rclcpp_minimal_action_server': CMAKE_PREFIX_PATH=${CMAKE_PREFIX_PATH}:/home/ubuntu/nemo_ws/install/img_basics:/home/ubuntu/nemo_ws/install/examples_rclpy_minimal_subscriber:/home/ubuntu/nemo_ws/install/examples_rclpy_minimal_service:/home/ubuntu/nemo_ws/install/examples_rclpy_minimal_publisher:/home/ubuntu/nemo_ws/install/examples_rclpy_minimal_client:/home/ubuntu/nemo_ws/install/examples_rclpy_minimal_action_server:/home/ubuntu/nemo_ws/install/examples_rclpy_minimal_action_client:/home/ubuntu/nemo_ws/install/examples_rclpy_executors:/opt/ros/foxy /usr/bin/cmake --build /home/ubuntu/nemo_ws/src/build/examples_rclcpp_minimal_action_server -- -j4 -l4
[1.036s] [ 50%] Built target action_server_member_functions
[1.096s] [100%] Built target action_server_not_composable
[1.242s] Invoked command in '/home/ubuntu/nemo_ws/src/build/examples_rclcpp_minimal_action_server' returned '0': CMAKE_PREFIX_PATH=${CMAKE_PREFIX_PATH}:/home/ubuntu/nemo_ws/install/img_basics:/home/ubuntu/nemo_ws/install/examples_rclpy_minimal_subscriber:/home/ubuntu/nemo_ws/install/examples_rclpy_minimal_service:/home/ubuntu/nemo_ws/install/examples_rclpy_minimal_publisher:/home/ubuntu/nemo_ws/install/examples_rclpy_minimal_client:/home/ubuntu/nemo_ws/install/examples_rclpy_minimal_action_server:/home/ubuntu/nemo_ws/install/examples_rclpy_minimal_action_client:/home/ubuntu/nemo_ws/install/examples_rclpy_executors:/opt/ros/foxy /usr/bin/cmake --build /home/ubuntu/nemo_ws/src/build/examples_rclcpp_minimal_action_server -- -j4 -l4
[1.632s] Invoking command in '/home/ubuntu/nemo_ws/src/build/examples_rclcpp_minimal_action_server': CMAKE_PREFIX_PATH=${CMAKE_PREFIX_PATH}:/home/ubuntu/nemo_ws/install/img_basics:/home/ubuntu/nemo_ws/install/examples_rclpy_minimal_subscriber:/home/ubuntu/nemo_ws/install/examples_rclpy_minimal_service:/home/ubuntu/nemo_ws/install/examples_rclpy_minimal_publisher:/home/ubuntu/nemo_ws/install/examples_rclpy_minimal_client:/home/ubuntu/nemo_ws/install/examples_rclpy_minimal_action_server:/home/ubuntu/nemo_ws/install/examples_rclpy_minimal_action_client:/home/ubuntu/nemo_ws/install/examples_rclpy_executors:/opt/ros/foxy /usr/bin/cmake --install /home/ubuntu/nemo_ws/src/build/examples_rclcpp_minimal_action_server
[1.736s] -- Install configuration: ""
[1.762s] -- Up-to-date: /home/ubuntu/nemo_ws/src/install/examples_rclcpp_minimal_action_server/lib/examples_rclcpp_minimal_action_server/action_server_not_composable
[1.763s] -- Up-to-date: /home/ubuntu/nemo_ws/src/install/examples_rclcpp_minimal_action_server/lib/examples_rclcpp_minimal_action_server/action_server_member_functions
[1.767s] -- Up-to-date: /home/ubuntu/nemo_ws/src/install/examples_rclcpp_minimal_action_server/share/ament_index/resource_index/package_run_dependencies/examples_rclcpp_minimal_action_server
[1.768s] -- Up-to-date: /home/ubuntu/nemo_ws/src/install/examples_rclcpp_minimal_action_server/share/ament_index/resource_index/parent_prefix_path/examples_rclcpp_minimal_action_server
[1.769s] -- Up-to-date: /home/ubuntu/nemo_ws/src/install/examples_rclcpp_minimal_action_server/share/examples_rclcpp_minimal_action_server/environment/ament_prefix_path.sh
[1.769s] -- Up-to-date: /home/ubuntu/nemo_ws/src/install/examples_rclcpp_minimal_action_server/share/examples_rclcpp_minimal_action_server/environment/ament_prefix_path.dsv
[1.770s] -- Up-to-date: /home/ubuntu/nemo_ws/src/install/examples_rclcpp_minimal_action_server/share/examples_rclcpp_minimal_action_server/environment/path.sh
[1.772s] -- Up-to-date: /home/ubuntu/nemo_ws/src/install/examples_rclcpp_minimal_action_server/share/examples_rclcpp_minimal_action_server/environment/path.dsv
[1.774s] -- Up-to-date: /home/ubuntu/nemo_ws/src/install/examples_rclcpp_minimal_action_server/share/examples_rclcpp_minimal_action_server/local_setup.bash
[1.775s] -- Up-to-date: /home/ubuntu/nemo_ws/src/install/examples_rclcpp_minimal_action_server/share/examples_rclcpp_minimal_action_server/local_setup.sh
[1.777s] -- Up-to-date: /home/ubuntu/nemo_ws/src/install/examples_rclcpp_minimal_action_server/share/examples_rclcpp_minimal_action_server/local_setup.zsh
[1.779s] -- Up-to-date: /home/ubuntu/nemo_ws/src/install/examples_rclcpp_minimal_action_server/share/examples_rclcpp_minimal_action_server/local_setup.dsv
[1.790s] -- Installing: /home/ubuntu/nemo_ws/src/install/examples_rclcpp_minimal_action_server/share/examples_rclcpp_minimal_action_server/package.dsv
[1.792s] -- Up-to-date: /home/ubuntu/nemo_ws/src/install/examples_rclcpp_minimal_action_server/share/ament_index/resource_index/packages/examples_rclcpp_minimal_action_server
[1.793s] -- Up-to-date: /home/ubuntu/nemo_ws/src/install/examples_rclcpp_minimal_action_server/share/examples_rclcpp_minimal_action_server/cmake/examples_rclcpp_minimal_action_serverConfig.cmake
[1.795s] -- Up-to-date: /home/ubuntu/nemo_ws/src/install/examples_rclcpp_minimal_action_server/share/examples_rclcpp_minimal_action_server/cmake/examples_rclcpp_minimal_action_serverConfig-version.cmake
[1.797s] -- Up-to-date: /home/ubuntu/nemo_ws/src/install/examples_rclcpp_minimal_action_server/share/examples_rclcpp_minimal_action_server/package.xml
[1.854s] Invoked command in '/home/ubuntu/nemo_ws/src/build/examples_rclcpp_minimal_action_server' returned '0': CMAKE_PREFIX_PATH=${CMAKE_PREFIX_PATH}:/home/ubuntu/nemo_ws/install/img_basics:/home/ubuntu/nemo_ws/install/examples_rclpy_minimal_subscriber:/home/ubuntu/nemo_ws/install/examples_rclpy_minimal_service:/home/ubuntu/nemo_ws/install/examples_rclpy_minimal_publisher:/home/ubuntu/nemo_ws/install/examples_rclpy_minimal_client:/home/ubuntu/nemo_ws/install/examples_rclpy_minimal_action_server:/home/ubuntu/nemo_ws/install/examples_rclpy_minimal_action_client:/home/ubuntu/nemo_ws/install/examples_rclpy_executors:/opt/ros/foxy /usr/bin/cmake --install /home/ubuntu/nemo_ws/src/build/examples_rclcpp_minimal_action_server
