[5.569s] Invoking command in '/home/ubuntu/nemo_ws/src/examples/rclpy/topics/minimal_publisher': PYTHONPATH=/home/ubuntu/nemo_ws/install/examples_rclpy_minimal_publisher/lib/python3.8/site-packages:${PYTHONPATH} /usr/bin/python3 setup.py egg_info --egg-base ../../../../../build/examples_rclpy_minimal_publisher build --build-base /home/ubuntu/nemo_ws/build/examples_rclpy_minimal_publisher/build install --prefix /home/ubuntu/nemo_ws/install/examples_rclpy_minimal_publisher --record /home/ubuntu/nemo_ws/build/examples_rclpy_minimal_publisher/install.log --single-version-externally-managed
[6.955s] running egg_info
[6.960s] writing ../../../../../build/examples_rclpy_minimal_publisher/examples_rclpy_minimal_publisher.egg-info/PKG-INFO
[6.961s] writing dependency_links to ../../../../../build/examples_rclpy_minimal_publisher/examples_rclpy_minimal_publisher.egg-info/dependency_links.txt
[6.963s] writing entry points to ../../../../../build/examples_rclpy_minimal_publisher/examples_rclpy_minimal_publisher.egg-info/entry_points.txt
[6.964s] writing requirements to ../../../../../build/examples_rclpy_minimal_publisher/examples_rclpy_minimal_publisher.egg-info/requires.txt
[6.965s] writing top-level names to ../../../../../build/examples_rclpy_minimal_publisher/examples_rclpy_minimal_publisher.egg-info/top_level.txt
[7.131s] reading manifest file '../../../../../build/examples_rclpy_minimal_publisher/examples_rclpy_minimal_publisher.egg-info/SOURCES.txt'
[7.137s] writing manifest file '../../../../../build/examples_rclpy_minimal_publisher/examples_rclpy_minimal_publisher.egg-info/SOURCES.txt'
[7.139s] running build
[7.139s] running build_py
[7.142s] running install
[7.146s] running install_lib
[7.155s] running install_data
[7.157s] running install_egg_info
[7.166s] removing '/home/ubuntu/nemo_ws/install/examples_rclpy_minimal_publisher/lib/python3.8/site-packages/examples_rclpy_minimal_publisher-0.9.4-py3.8.egg-info' (and everything under it)
[7.169s] Copying ../../../../../build/examples_rclpy_minimal_publisher/examples_rclpy_minimal_publisher.egg-info to /home/ubuntu/nemo_ws/install/examples_rclpy_minimal_publisher/lib/python3.8/site-packages/examples_rclpy_minimal_publisher-0.9.4-py3.8.egg-info
[7.178s] running install_scripts
[7.270s] Installing publisher_local_function script to /home/ubuntu/nemo_ws/install/examples_rclpy_minimal_publisher/lib/examples_rclpy_minimal_publisher
[7.271s] Installing publisher_member_function script to /home/ubuntu/nemo_ws/install/examples_rclpy_minimal_publisher/lib/examples_rclpy_minimal_publisher
[7.273s] Installing publisher_old_school script to /home/ubuntu/nemo_ws/install/examples_rclpy_minimal_publisher/lib/examples_rclpy_minimal_publisher
[7.275s] writing list of installed files to '/home/ubuntu/nemo_ws/build/examples_rclpy_minimal_publisher/install.log'
[7.450s] Invoked command in '/home/ubuntu/nemo_ws/src/examples/rclpy/topics/minimal_publisher' returned '0': PYTHONPATH=/home/ubuntu/nemo_ws/install/examples_rclpy_minimal_publisher/lib/python3.8/site-packages:${PYTHONPATH} /usr/bin/python3 setup.py egg_info --egg-base ../../../../../build/examples_rclpy_minimal_publisher build --build-base /home/ubuntu/nemo_ws/build/examples_rclpy_minimal_publisher/build install --prefix /home/ubuntu/nemo_ws/install/examples_rclpy_minimal_publisher --record /home/ubuntu/nemo_ws/build/examples_rclpy_minimal_publisher/install.log --single-version-externally-managed
