[0.170s] Invoking command in '/home/ubuntu/nemo_ws/src/build/camera_calibration_parsers': CMAKE_PREFIX_PATH=${CMAKE_PREFIX_PATH}:/home/ubuntu/nemo_ws/install/img_basics:/home/ubuntu/nemo_ws/install/examples_rclpy_minimal_subscriber:/home/ubuntu/nemo_ws/install/examples_rclpy_minimal_service:/home/ubuntu/nemo_ws/install/examples_rclpy_minimal_publisher:/home/ubuntu/nemo_ws/install/examples_rclpy_minimal_client:/home/ubuntu/nemo_ws/install/examples_rclpy_minimal_action_server:/home/ubuntu/nemo_ws/install/examples_rclpy_minimal_action_client:/home/ubuntu/nemo_ws/install/examples_rclpy_executors:/opt/ros/foxy /usr/bin/cmake --build /home/ubuntu/nemo_ws/src/build/camera_calibration_parsers -- -j4 -l4
[0.973s] [ 14%] Built target gtest_main
[0.979s] [ 28%] Built target gtest
[1.057s] [ 57%] Built target camera_calibration_parsers
[1.538s] [ 71%] Built target camera_calibration_parsers-parse_ini
[1.549s] [ 85%] Built target camera_calibration_parsers-parse_yml
[1.582s] [100%] Built target convert
[1.672s] Invoked command in '/home/ubuntu/nemo_ws/src/build/camera_calibration_parsers' returned '0': CMAKE_PREFIX_PATH=${CMAKE_PREFIX_PATH}:/home/ubuntu/nemo_ws/install/img_basics:/home/ubuntu/nemo_ws/install/examples_rclpy_minimal_subscriber:/home/ubuntu/nemo_ws/install/examples_rclpy_minimal_service:/home/ubuntu/nemo_ws/install/examples_rclpy_minimal_publisher:/home/ubuntu/nemo_ws/install/examples_rclpy_minimal_client:/home/ubuntu/nemo_ws/install/examples_rclpy_minimal_action_server:/home/ubuntu/nemo_ws/install/examples_rclpy_minimal_action_client:/home/ubuntu/nemo_ws/install/examples_rclpy_executors:/opt/ros/foxy /usr/bin/cmake --build /home/ubuntu/nemo_ws/src/build/camera_calibration_parsers -- -j4 -l4
[2.271s] Invoking command in '/home/ubuntu/nemo_ws/src/build/camera_calibration_parsers': CMAKE_PREFIX_PATH=${CMAKE_PREFIX_PATH}:/home/ubuntu/nemo_ws/install/img_basics:/home/ubuntu/nemo_ws/install/examples_rclpy_minimal_subscriber:/home/ubuntu/nemo_ws/install/examples_rclpy_minimal_service:/home/ubuntu/nemo_ws/install/examples_rclpy_minimal_publisher:/home/ubuntu/nemo_ws/install/examples_rclpy_minimal_client:/home/ubuntu/nemo_ws/install/examples_rclpy_minimal_action_server:/home/ubuntu/nemo_ws/install/examples_rclpy_minimal_action_client:/home/ubuntu/nemo_ws/install/examples_rclpy_executors:/opt/ros/foxy /usr/bin/cmake --install /home/ubuntu/nemo_ws/src/build/camera_calibration_parsers
[2.362s] -- Install configuration: ""
[2.377s] -- Up-to-date: /home/ubuntu/nemo_ws/src/install/camera_calibration_parsers/lib/libcamera_calibration_parsers.so
[2.388s] -- Up-to-date: /home/ubuntu/nemo_ws/src/install/camera_calibration_parsers/lib/camera_calibration_parsers/convert
[2.389s] -- Up-to-date: /home/ubuntu/nemo_ws/src/install/camera_calibration_parsers/include
[2.392s] -- Up-to-date: /home/ubuntu/nemo_ws/src/install/camera_calibration_parsers/include/camera_calibration_parsers
[2.398s] -- Up-to-date: /home/ubuntu/nemo_ws/src/install/camera_calibration_parsers/include/camera_calibration_parsers/parse_yml.hpp
[2.399s] -- Up-to-date: /home/ubuntu/nemo_ws/src/install/camera_calibration_parsers/include/camera_calibration_parsers/parse_ini.h
[2.399s] -- Up-to-date: /home/ubuntu/nemo_ws/src/install/camera_calibration_parsers/include/camera_calibration_parsers/parse.h
[2.400s] -- Up-to-date: /home/ubuntu/nemo_ws/src/install/camera_calibration_parsers/include/camera_calibration_parsers/parse_ini.hpp
[2.404s] -- Up-to-date: /home/ubuntu/nemo_ws/src/install/camera_calibration_parsers/include/camera_calibration_parsers/visibility_control.hpp
[2.412s] -- Up-to-date: /home/ubuntu/nemo_ws/src/install/camera_calibration_parsers/include/camera_calibration_parsers/parse_yml.h
[2.416s] -- Up-to-date: /home/ubuntu/nemo_ws/src/install/camera_calibration_parsers/include/camera_calibration_parsers/parse.hpp
[2.421s] -- Up-to-date: /home/ubuntu/nemo_ws/src/install/camera_calibration_parsers/share/camera_calibration_parsers/environment/library_path.sh
[2.422s] -- Up-to-date: /home/ubuntu/nemo_ws/src/install/camera_calibration_parsers/share/camera_calibration_parsers/environment/library_path.dsv
[2.427s] -- Up-to-date: /home/ubuntu/nemo_ws/src/install/camera_calibration_parsers/share/ament_index/resource_index/package_run_dependencies/camera_calibration_parsers
[2.430s] -- Up-to-date: /home/ubuntu/nemo_ws/src/install/camera_calibration_parsers/share/ament_index/resource_index/parent_prefix_path/camera_calibration_parsers
[2.432s] -- Up-to-date: /home/ubuntu/nemo_ws/src/install/camera_calibration_parsers/share/camera_calibration_parsers/environment/ament_prefix_path.sh
[2.432s] -- Up-to-date: /home/ubuntu/nemo_ws/src/install/camera_calibration_parsers/share/camera_calibration_parsers/environment/ament_prefix_path.dsv
[2.435s] -- Up-to-date: /home/ubuntu/nemo_ws/src/install/camera_calibration_parsers/share/camera_calibration_parsers/environment/path.sh
[2.448s] -- Up-to-date: /home/ubuntu/nemo_ws/src/install/camera_calibration_parsers/share/camera_calibration_parsers/environment/path.dsv
[2.467s] -- Up-to-date: /home/ubuntu/nemo_ws/src/install/camera_calibration_parsers/share/camera_calibration_parsers/local_setup.bash
[2.478s] -- Up-to-date: /home/ubuntu/nemo_ws/src/install/camera_calibration_parsers/share/camera_calibration_parsers/local_setup.sh
[2.480s] -- Up-to-date: /home/ubuntu/nemo_ws/src/install/camera_calibration_parsers/share/camera_calibration_parsers/local_setup.zsh
[2.481s] -- Up-to-date: /home/ubuntu/nemo_ws/src/install/camera_calibration_parsers/share/camera_calibration_parsers/local_setup.dsv
[2.483s] -- Installing: /home/ubuntu/nemo_ws/src/install/camera_calibration_parsers/share/camera_calibration_parsers/package.dsv
[2.503s] -- Up-to-date: /home/ubuntu/nemo_ws/src/install/camera_calibration_parsers/share/ament_index/resource_index/packages/camera_calibration_parsers
[2.506s] -- Up-to-date: /home/ubuntu/nemo_ws/src/install/camera_calibration_parsers/share/camera_calibration_parsers/cmake/ament_cmake_export_include_directories-extras.cmake
[2.508s] -- Up-to-date: /home/ubuntu/nemo_ws/src/install/camera_calibration_parsers/share/camera_calibration_parsers/cmake/ament_cmake_export_libraries-extras.cmake
[2.508s] -- Up-to-date: /home/ubuntu/nemo_ws/src/install/camera_calibration_parsers/share/camera_calibration_parsers/cmake/ament_cmake_export_dependencies-extras.cmake
[2.511s] -- Up-to-date: /home/ubuntu/nemo_ws/src/install/camera_calibration_parsers/share/camera_calibration_parsers/cmake/camera_calibration_parsersConfig.cmake
[2.511s] -- Up-to-date: /home/ubuntu/nemo_ws/src/install/camera_calibration_parsers/share/camera_calibration_parsers/cmake/camera_calibration_parsersConfig-version.cmake
[2.512s] -- Up-to-date: /home/ubuntu/nemo_ws/src/install/camera_calibration_parsers/share/camera_calibration_parsers/package.xml
[2.513s] Invoked command in '/home/ubuntu/nemo_ws/src/build/camera_calibration_parsers' returned '0': CMAKE_PREFIX_PATH=${CMAKE_PREFIX_PATH}:/home/ubuntu/nemo_ws/install/img_basics:/home/ubuntu/nemo_ws/install/examples_rclpy_minimal_subscriber:/home/ubuntu/nemo_ws/install/examples_rclpy_minimal_service:/home/ubuntu/nemo_ws/install/examples_rclpy_minimal_publisher:/home/ubuntu/nemo_ws/install/examples_rclpy_minimal_client:/home/ubuntu/nemo_ws/install/examples_rclpy_minimal_action_server:/home/ubuntu/nemo_ws/install/examples_rclpy_minimal_action_client:/home/ubuntu/nemo_ws/install/examples_rclpy_executors:/opt/ros/foxy /usr/bin/cmake --install /home/ubuntu/nemo_ws/src/build/camera_calibration_parsers
