-- The C compiler identification is GNU 9.4.0
-- The CXX compiler identification is GNU 9.4.0
-- Check for working C compiler: /usr/bin/cc
-- Check for working C compiler: /usr/bin/cc -- works
-- Detecting C compiler ABI info
-- Detecting C compiler ABI info - done
-- Detecting C compile features
-- Detecting C compile features - done
-- Check for working CXX compiler: /usr/bin/c++
-- Check for working CXX compiler: /usr/bin/c++ -- works
-- Detecting CXX compiler ABI info
-- Detecting CXX compiler ABI info - done
-- Detecting CXX compile features
-- Detecting CXX compile features - done
-- Found ament_cmake: 0.9.9 (/opt/ros/foxy/share/ament_cmake/cmake)
-- Found PythonInterp: /usr/bin/python3 (found suitable version "3.8.10", minimum required is "3") 
-- Using PYTHON_EXECUTABLE: /usr/bin/python3
-- Found image_transport: 2.3.0 (/home/ubuntu/nemo_ws/install/image_transport/share/image_transport/cmake)
-- Using all available rosidl_typesupport_c: rosidl_typesupport_fastrtps_c;rosidl_typesupport_introspection_c
-- Found rosidl_adapter: 1.2.1 (/opt/ros/foxy/share/rosidl_adapter/cmake)
-- Found OpenSSL: /usr/lib/aarch64-linux-gnu/libcrypto.so (found version "1.1.1f")  
-- Found FastRTPS: /opt/ros/foxy/include  
-- Using all available rosidl_typesupport_cpp: rosidl_typesupport_fastrtps_cpp;rosidl_typesupport_introspection_cpp
-- Found rmw_implementation_cmake: 1.0.3 (/opt/ros/foxy/share/rmw_implementation_cmake/cmake)
-- Using RMW implementation 'rmw_fastrtps_cpp' as default
-- Looking for pthread.h
-- Looking for pthread.h - found
-- Performing Test CMAKE_HAVE_LIBC_PTHREAD
-- Performing Test CMAKE_HAVE_LIBC_PTHREAD - Failed
-- Looking for pthread_create in pthreads
-- Looking for pthread_create in pthreads - not found
-- Looking for pthread_create in pthread
-- Looking for pthread_create in pthread - found
-- Found Threads: TRUE  
-- Found cv_bridge: 3.0.3 (/home/ubuntu/nemo_ws/install/cv_bridge/share/cv_bridge/cmake)
-- Found OpenCV: /usr (found version "4.2.0") 
-- Configuring done
-- Generating done
-- Build files have been written to: /home/ubuntu/nemo_ws/build/compressed_depth_image_transport
[35m[1mScanning dependencies of target compressed_depth_image_transport[0m
[ 20%] [32mBuilding CXX object CMakeFiles/compressed_depth_image_transport.dir/src/compressed_depth_publisher.cpp.o[0m
[ 40%] [32mBuilding CXX object CMakeFiles/compressed_depth_image_transport.dir/src/compressed_depth_subscriber.cpp.o[0m
[ 60%] [32mBuilding CXX object CMakeFiles/compressed_depth_image_transport.dir/src/codec.cpp.o[0m
[ 80%] [32mBuilding CXX object CMakeFiles/compressed_depth_image_transport.dir/src/manifest.cpp.o[0m
[100%] [32m[1mLinking CXX shared library libcompressed_depth_image_transport.so[0m
[100%] Built target compressed_depth_image_transport
-- Install configuration: ""
-- Installing: /home/ubuntu/nemo_ws/install/compressed_depth_image_transport/lib/libcompressed_depth_image_transport.so
-- Set runtime path of "/home/ubuntu/nemo_ws/install/compressed_depth_image_transport/lib/libcompressed_depth_image_transport.so" to ""
-- Installing: /home/ubuntu/nemo_ws/install/compressed_depth_image_transport/include
-- Installing: /home/ubuntu/nemo_ws/install/compressed_depth_image_transport/include/compressed_depth_image_transport
-- Installing: /home/ubuntu/nemo_ws/install/compressed_depth_image_transport/include/compressed_depth_image_transport/compressed_depth_subscriber.h
-- Installing: /home/ubuntu/nemo_ws/install/compressed_depth_image_transport/include/compressed_depth_image_transport/compression_common.h
-- Installing: /home/ubuntu/nemo_ws/install/compressed_depth_image_transport/include/compressed_depth_image_transport/codec.h
-- Installing: /home/ubuntu/nemo_ws/install/compressed_depth_image_transport/include/compressed_depth_image_transport/compressed_depth_publisher.h
-- Installing: /home/ubuntu/nemo_ws/install/compressed_depth_image_transport/share/compressed_depth_image_transport/compressed_depth_plugins.xml
-- Installing: /home/ubuntu/nemo_ws/install/compressed_depth_image_transport/share/ament_index/resource_index/package_run_dependencies/compressed_depth_image_transport
-- Installing: /home/ubuntu/nemo_ws/install/compressed_depth_image_transport/share/ament_index/resource_index/parent_prefix_path/compressed_depth_image_transport
-- Installing: /home/ubuntu/nemo_ws/install/compressed_depth_image_transport/share/compressed_depth_image_transport/environment/ament_prefix_path.sh
-- Installing: /home/ubuntu/nemo_ws/install/compressed_depth_image_transport/share/compressed_depth_image_transport/environment/ament_prefix_path.dsv
-- Installing: /home/ubuntu/nemo_ws/install/compressed_depth_image_transport/share/compressed_depth_image_transport/environment/path.sh
-- Installing: /home/ubuntu/nemo_ws/install/compressed_depth_image_transport/share/compressed_depth_image_transport/environment/path.dsv
-- Installing: /home/ubuntu/nemo_ws/install/compressed_depth_image_transport/share/compressed_depth_image_transport/local_setup.bash
-- Installing: /home/ubuntu/nemo_ws/install/compressed_depth_image_transport/share/compressed_depth_image_transport/local_setup.sh
-- Installing: /home/ubuntu/nemo_ws/install/compressed_depth_image_transport/share/compressed_depth_image_transport/local_setup.zsh
-- Installing: /home/ubuntu/nemo_ws/install/compressed_depth_image_transport/share/compressed_depth_image_transport/local_setup.dsv
-- Installing: /home/ubuntu/nemo_ws/install/compressed_depth_image_transport/share/compressed_depth_image_transport/package.dsv
-- Installing: /home/ubuntu/nemo_ws/install/compressed_depth_image_transport/share/ament_index/resource_index/packages/compressed_depth_image_transport
-- Installing: /home/ubuntu/nemo_ws/install/compressed_depth_image_transport/share/ament_index/resource_index/image_transport__pluginlib__plugin/compressed_depth_image_transport
-- Installing: /home/ubuntu/nemo_ws/install/compressed_depth_image_transport/share/compressed_depth_image_transport/cmake/compressed_depth_image_transportConfig.cmake
-- Installing: /home/ubuntu/nemo_ws/install/compressed_depth_image_transport/share/compressed_depth_image_transport/cmake/compressed_depth_image_transportConfig-version.cmake
-- Installing: /home/ubuntu/nemo_ws/install/compressed_depth_image_transport/share/compressed_depth_image_transport/package.xml
