[5.876s] Invoking command in '/home/ubuntu/nemo_ws/src/examples/rclpy/actions/minimal_action_server': PYTHONPATH=/home/ubuntu/nemo_ws/src/install/examples_rclpy_minimal_action_server/lib/python3.8/site-packages:${PYTHONPATH} /usr/bin/python3 setup.py egg_info --egg-base ../../../../build/examples_rclpy_minimal_action_server build --build-base /home/ubuntu/nemo_ws/src/build/examples_rclpy_minimal_action_server/build install --prefix /home/ubuntu/nemo_ws/src/install/examples_rclpy_minimal_action_server --record /home/ubuntu/nemo_ws/src/build/examples_rclpy_minimal_action_server/install.log --single-version-externally-managed
[7.648s] running egg_info
[7.652s] writing ../../../../build/examples_rclpy_minimal_action_server/examples_rclpy_minimal_action_server.egg-info/PKG-INFO
[7.653s] writing dependency_links to ../../../../build/examples_rclpy_minimal_action_server/examples_rclpy_minimal_action_server.egg-info/dependency_links.txt
[7.655s] writing entry points to ../../../../build/examples_rclpy_minimal_action_server/examples_rclpy_minimal_action_server.egg-info/entry_points.txt
[7.656s] writing requirements to ../../../../build/examples_rclpy_minimal_action_server/examples_rclpy_minimal_action_server.egg-info/requires.txt
[7.657s] writing top-level names to ../../../../build/examples_rclpy_minimal_action_server/examples_rclpy_minimal_action_server.egg-info/top_level.txt
[7.839s] reading manifest file '../../../../build/examples_rclpy_minimal_action_server/examples_rclpy_minimal_action_server.egg-info/SOURCES.txt'
[7.846s] writing manifest file '../../../../build/examples_rclpy_minimal_action_server/examples_rclpy_minimal_action_server.egg-info/SOURCES.txt'
[7.847s] running build
[7.848s] running build_py
[7.854s] running install
[7.863s] running install_lib
[7.884s] running install_data
[7.884s] running install_egg_info
[7.897s] removing '/home/ubuntu/nemo_ws/src/install/examples_rclpy_minimal_action_server/lib/python3.8/site-packages/examples_rclpy_minimal_action_server-0.9.4-py3.8.egg-info' (and everything under it)
[7.899s] Copying ../../../../build/examples_rclpy_minimal_action_server/examples_rclpy_minimal_action_server.egg-info to /home/ubuntu/nemo_ws/src/install/examples_rclpy_minimal_action_server/lib/python3.8/site-packages/examples_rclpy_minimal_action_server-0.9.4-py3.8.egg-info
[7.904s] running install_scripts
[8.045s] Installing server script to /home/ubuntu/nemo_ws/src/install/examples_rclpy_minimal_action_server/lib/examples_rclpy_minimal_action_server
[8.048s] Installing server_defer script to /home/ubuntu/nemo_ws/src/install/examples_rclpy_minimal_action_server/lib/examples_rclpy_minimal_action_server
[8.052s] Installing server_not_composable script to /home/ubuntu/nemo_ws/src/install/examples_rclpy_minimal_action_server/lib/examples_rclpy_minimal_action_server
[8.061s] Installing server_queue_goals script to /home/ubuntu/nemo_ws/src/install/examples_rclpy_minimal_action_server/lib/examples_rclpy_minimal_action_server
[8.062s] Installing server_single_goal script to /home/ubuntu/nemo_ws/src/install/examples_rclpy_minimal_action_server/lib/examples_rclpy_minimal_action_server
[8.073s] writing list of installed files to '/home/ubuntu/nemo_ws/src/build/examples_rclpy_minimal_action_server/install.log'
[8.307s] Invoked command in '/home/ubuntu/nemo_ws/src/examples/rclpy/actions/minimal_action_server' returned '0': PYTHONPATH=/home/ubuntu/nemo_ws/src/install/examples_rclpy_minimal_action_server/lib/python3.8/site-packages:${PYTHONPATH} /usr/bin/python3 setup.py egg_info --egg-base ../../../../build/examples_rclpy_minimal_action_server build --build-base /home/ubuntu/nemo_ws/src/build/examples_rclpy_minimal_action_server/build install --prefix /home/ubuntu/nemo_ws/src/install/examples_rclpy_minimal_action_server --record /home/ubuntu/nemo_ws/src/build/examples_rclpy_minimal_action_server/install.log --single-version-externally-managed
