[0.089s] Invoking command in '/home/ubuntu/nemo_ws/src/build/examples_rclcpp_minimal_composition': CMAKE_PREFIX_PATH=${CMAKE_PREFIX_PATH}:/home/ubuntu/nemo_ws/install/img_basics:/home/ubuntu/nemo_ws/install/examples_rclpy_minimal_subscriber:/home/ubuntu/nemo_ws/install/examples_rclpy_minimal_service:/home/ubuntu/nemo_ws/install/examples_rclpy_minimal_publisher:/home/ubuntu/nemo_ws/install/examples_rclpy_minimal_client:/home/ubuntu/nemo_ws/install/examples_rclpy_minimal_action_server:/home/ubuntu/nemo_ws/install/examples_rclpy_minimal_action_client:/home/ubuntu/nemo_ws/install/examples_rclpy_executors:/opt/ros/foxy /usr/bin/cmake /home/ubuntu/nemo_ws/src/examples/rclcpp/composition/minimal_composition -DCMAKE_INSTALL_PREFIX=/home/ubuntu/nemo_ws/src/install/examples_rclcpp_minimal_composition
[0.430s] -- The C compiler identification is GNU 9.4.0
[0.736s] -- The CXX compiler identification is GNU 9.4.0
[0.781s] -- Check for working C compiler: /usr/bin/cc
[1.206s] -- Check for working C compiler: /usr/bin/cc -- works
[1.211s] -- Detecting C compiler ABI info
[1.623s] -- Detecting C compiler ABI info - done
[1.668s] -- Detecting C compile features
[1.670s] -- Detecting C compile features - done
[1.682s] -- Check for working CXX compiler: /usr/bin/c++
[2.146s] -- Check for working CXX compiler: /usr/bin/c++ -- works
[2.152s] -- Detecting CXX compiler ABI info
[2.625s] -- Detecting CXX compiler ABI info - done
[2.674s] -- Detecting CXX compile features
[2.678s] -- Detecting CXX compile features - done
[2.727s] -- Found ament_cmake: 0.9.9 (/opt/ros/foxy/share/ament_cmake/cmake)
[2.964s] -- Found PythonInterp: /usr/bin/python3 (found suitable version "3.8.10", minimum required is "3") 
[2.965s] -- Using PYTHON_EXECUTABLE: /usr/bin/python3
[4.922s] -- Found rclcpp: 2.4.1 (/opt/ros/foxy/share/rclcpp/cmake)
[5.539s] -- Using all available rosidl_typesupport_c: rosidl_typesupport_fastrtps_c;rosidl_typesupport_introspection_c
[5.664s] -- Found rosidl_adapter: 1.2.1 (/opt/ros/foxy/share/rosidl_adapter/cmake)
[6.544s] -- Found OpenSSL: /usr/lib/aarch64-linux-gnu/libcrypto.so (found version "1.1.1f")  
[6.874s] -- Found FastRTPS: /opt/ros/foxy/include  
[7.755s] -- Using all available rosidl_typesupport_cpp: rosidl_typesupport_fastrtps_cpp;rosidl_typesupport_introspection_cpp
[8.296s] -- Found rmw_implementation_cmake: 1.0.3 (/opt/ros/foxy/share/rmw_implementation_cmake/cmake)
[8.312s] -- Using RMW implementation 'rmw_fastrtps_cpp' as default
[8.318s] -- Looking for pthread.h
[8.790s] -- Looking for pthread.h - found
[8.791s] -- Performing Test CMAKE_HAVE_LIBC_PTHREAD
[9.257s] -- Performing Test CMAKE_HAVE_LIBC_PTHREAD - Failed
[9.258s] -- Looking for pthread_create in pthreads
[9.636s] -- Looking for pthread_create in pthreads - not found
[9.637s] -- Looking for pthread_create in pthread
[10.080s] -- Looking for pthread_create in pthread - found
[10.085s] -- Found Threads: TRUE  
[11.133s] -- Found rclcpp_components: 2.4.1 (/opt/ros/foxy/share/rclcpp_components/cmake)
[11.654s] -- Found ament_lint_auto: 0.9.6 (/opt/ros/foxy/share/ament_lint_auto/cmake)
[12.476s] -- Added test 'copyright' to check source files copyright and LICENSE
[12.496s] -- Added test 'cppcheck' to perform static code analysis on C / C++ code
[12.499s] -- Configured cppcheck include dirs: /home/ubuntu/nemo_ws/src/examples/rclcpp/composition/minimal_composition/include
[12.501s] -- Configured cppcheck exclude dirs and/or files: 
[12.515s] -- Added test 'cpplint' to check C / C++ code against the Google style
[12.516s] -- Configured cpplint exclude dirs and/or files: 
[12.528s] -- Added test 'lint_cmake' to check CMake code style
[12.544s] -- Added test 'uncrustify' to check C / C++ code style
[12.546s] -- Configured uncrustify additional arguments: 
[12.553s] -- Added test 'xmllint' to check XML markup files
[12.586s] -- Configuring done
[12.706s] -- Generating done
[12.723s] -- Build files have been written to: /home/ubuntu/nemo_ws/src/build/examples_rclcpp_minimal_composition
[12.781s] Invoked command in '/home/ubuntu/nemo_ws/src/build/examples_rclcpp_minimal_composition' returned '0': CMAKE_PREFIX_PATH=${CMAKE_PREFIX_PATH}:/home/ubuntu/nemo_ws/install/img_basics:/home/ubuntu/nemo_ws/install/examples_rclpy_minimal_subscriber:/home/ubuntu/nemo_ws/install/examples_rclpy_minimal_service:/home/ubuntu/nemo_ws/install/examples_rclpy_minimal_publisher:/home/ubuntu/nemo_ws/install/examples_rclpy_minimal_client:/home/ubuntu/nemo_ws/install/examples_rclpy_minimal_action_server:/home/ubuntu/nemo_ws/install/examples_rclpy_minimal_action_client:/home/ubuntu/nemo_ws/install/examples_rclpy_executors:/opt/ros/foxy /usr/bin/cmake /home/ubuntu/nemo_ws/src/examples/rclcpp/composition/minimal_composition -DCMAKE_INSTALL_PREFIX=/home/ubuntu/nemo_ws/src/install/examples_rclcpp_minimal_composition
[12.783s] Invoking command in '/home/ubuntu/nemo_ws/src/build/examples_rclcpp_minimal_composition': CMAKE_PREFIX_PATH=${CMAKE_PREFIX_PATH}:/home/ubuntu/nemo_ws/install/img_basics:/home/ubuntu/nemo_ws/install/examples_rclpy_minimal_subscriber:/home/ubuntu/nemo_ws/install/examples_rclpy_minimal_service:/home/ubuntu/nemo_ws/install/examples_rclpy_minimal_publisher:/home/ubuntu/nemo_ws/install/examples_rclpy_minimal_client:/home/ubuntu/nemo_ws/install/examples_rclpy_minimal_action_server:/home/ubuntu/nemo_ws/install/examples_rclpy_minimal_action_client:/home/ubuntu/nemo_ws/install/examples_rclpy_executors:/opt/ros/foxy /usr/bin/cmake --build /home/ubuntu/nemo_ws/src/build/examples_rclcpp_minimal_composition -- -j4 -l4
[13.090s] [35m[1mScanning dependencies of target composition_nodes[0m
[13.418s] [ 11%] [32mBuilding CXX object CMakeFiles/composition_nodes.dir/src/publisher_node.cpp.o[0m
[32.704s] [ 22%] [32mBuilding CXX object CMakeFiles/composition_nodes.dir/src/subscriber_node.cpp.o[0m
[60.795s] [ 33%] [32m[1mLinking CXX shared library libcomposition_nodes.so[0m
[62.337s] [ 33%] Built target composition_nodes
[62.405s] [35m[1mScanning dependencies of target composition_composed[0m
[62.647s] [ 44%] [32mBuilding CXX object CMakeFiles/composition_composed.dir/src/composed.cpp.o[0m
[73.940s] [ 55%] [32m[1mLinking CXX executable composition_composed[0m
[74.997s] [ 55%] Built target composition_composed
[75.112s] [35m[1mScanning dependencies of target composition_publisher[0m
[75.370s] [ 66%] [32mBuilding CXX object CMakeFiles/composition_publisher.dir/src/standalone_publisher.cpp.o[0m
[85.707s] [ 77%] [32m[1mLinking CXX executable composition_publisher[0m
[86.825s] [ 77%] Built target composition_publisher
[86.898s] [35m[1mScanning dependencies of target composition_subscriber[0m
[87.161s] [ 88%] [32mBuilding CXX object CMakeFiles/composition_subscriber.dir/src/standalone_subscriber.cpp.o[0m
[98.340s] [100%] [32m[1mLinking CXX executable composition_subscriber[0m
[99.287s] [100%] Built target composition_subscriber
[99.360s] Invoked command in '/home/ubuntu/nemo_ws/src/build/examples_rclcpp_minimal_composition' returned '0': CMAKE_PREFIX_PATH=${CMAKE_PREFIX_PATH}:/home/ubuntu/nemo_ws/install/img_basics:/home/ubuntu/nemo_ws/install/examples_rclpy_minimal_subscriber:/home/ubuntu/nemo_ws/install/examples_rclpy_minimal_service:/home/ubuntu/nemo_ws/install/examples_rclpy_minimal_publisher:/home/ubuntu/nemo_ws/install/examples_rclpy_minimal_client:/home/ubuntu/nemo_ws/install/examples_rclpy_minimal_action_server:/home/ubuntu/nemo_ws/install/examples_rclpy_minimal_action_client:/home/ubuntu/nemo_ws/install/examples_rclpy_executors:/opt/ros/foxy /usr/bin/cmake --build /home/ubuntu/nemo_ws/src/build/examples_rclcpp_minimal_composition -- -j4 -l4
[99.649s] Invoking command in '/home/ubuntu/nemo_ws/src/build/examples_rclcpp_minimal_composition': CMAKE_PREFIX_PATH=${CMAKE_PREFIX_PATH}:/home/ubuntu/nemo_ws/install/img_basics:/home/ubuntu/nemo_ws/install/examples_rclpy_minimal_subscriber:/home/ubuntu/nemo_ws/install/examples_rclpy_minimal_service:/home/ubuntu/nemo_ws/install/examples_rclpy_minimal_publisher:/home/ubuntu/nemo_ws/install/examples_rclpy_minimal_client:/home/ubuntu/nemo_ws/install/examples_rclpy_minimal_action_server:/home/ubuntu/nemo_ws/install/examples_rclpy_minimal_action_client:/home/ubuntu/nemo_ws/install/examples_rclpy_executors:/opt/ros/foxy /usr/bin/cmake --install /home/ubuntu/nemo_ws/src/build/examples_rclcpp_minimal_composition
[99.714s] -- Install configuration: ""
[99.717s] -- Installing: /home/ubuntu/nemo_ws/src/install/examples_rclcpp_minimal_composition/share/examples_rclcpp_minimal_composition/environment/library_path.sh
[99.720s] -- Installing: /home/ubuntu/nemo_ws/src/install/examples_rclcpp_minimal_composition/share/examples_rclcpp_minimal_composition/environment/library_path.dsv
[99.723s] -- Installing: /home/ubuntu/nemo_ws/src/install/examples_rclcpp_minimal_composition/lib/libcomposition_nodes.so
[99.745s] -- Set runtime path of "/home/ubuntu/nemo_ws/src/install/examples_rclcpp_minimal_composition/lib/libcomposition_nodes.so" to ""
[99.747s] -- Installing: /home/ubuntu/nemo_ws/src/install/examples_rclcpp_minimal_composition/lib/examples_rclcpp_minimal_composition/composition_publisher
[99.752s] -- Set runtime path of "/home/ubuntu/nemo_ws/src/install/examples_rclcpp_minimal_composition/lib/examples_rclcpp_minimal_composition/composition_publisher" to ""
[99.754s] -- Installing: /home/ubuntu/nemo_ws/src/install/examples_rclcpp_minimal_composition/lib/examples_rclcpp_minimal_composition/composition_subscriber
[99.758s] -- Set runtime path of "/home/ubuntu/nemo_ws/src/install/examples_rclcpp_minimal_composition/lib/examples_rclcpp_minimal_composition/composition_subscriber" to ""
[99.760s] -- Installing: /home/ubuntu/nemo_ws/src/install/examples_rclcpp_minimal_composition/lib/examples_rclcpp_minimal_composition/composition_composed
[99.765s] -- Set runtime path of "/home/ubuntu/nemo_ws/src/install/examples_rclcpp_minimal_composition/lib/examples_rclcpp_minimal_composition/composition_composed" to ""
[99.768s] -- Installing: /home/ubuntu/nemo_ws/src/install/examples_rclcpp_minimal_composition/share/ament_index/resource_index/package_run_dependencies/examples_rclcpp_minimal_composition
[99.771s] -- Installing: /home/ubuntu/nemo_ws/src/install/examples_rclcpp_minimal_composition/share/ament_index/resource_index/parent_prefix_path/examples_rclcpp_minimal_composition
[99.774s] -- Installing: /home/ubuntu/nemo_ws/src/install/examples_rclcpp_minimal_composition/share/examples_rclcpp_minimal_composition/environment/ament_prefix_path.sh
[99.777s] -- Installing: /home/ubuntu/nemo_ws/src/install/examples_rclcpp_minimal_composition/share/examples_rclcpp_minimal_composition/environment/ament_prefix_path.dsv
[99.780s] -- Installing: /home/ubuntu/nemo_ws/src/install/examples_rclcpp_minimal_composition/share/examples_rclcpp_minimal_composition/environment/path.sh
[99.783s] -- Installing: /home/ubuntu/nemo_ws/src/install/examples_rclcpp_minimal_composition/share/examples_rclcpp_minimal_composition/environment/path.dsv
[99.785s] -- Installing: /home/ubuntu/nemo_ws/src/install/examples_rclcpp_minimal_composition/share/examples_rclcpp_minimal_composition/local_setup.bash
[99.788s] -- Installing: /home/ubuntu/nemo_ws/src/install/examples_rclcpp_minimal_composition/share/examples_rclcpp_minimal_composition/local_setup.sh
[99.791s] -- Installing: /home/ubuntu/nemo_ws/src/install/examples_rclcpp_minimal_composition/share/examples_rclcpp_minimal_composition/local_setup.zsh
[99.793s] -- Installing: /home/ubuntu/nemo_ws/src/install/examples_rclcpp_minimal_composition/share/examples_rclcpp_minimal_composition/local_setup.dsv
[99.796s] -- Installing: /home/ubuntu/nemo_ws/src/install/examples_rclcpp_minimal_composition/share/examples_rclcpp_minimal_composition/package.dsv
[99.799s] -- Installing: /home/ubuntu/nemo_ws/src/install/examples_rclcpp_minimal_composition/share/ament_index/resource_index/packages/examples_rclcpp_minimal_composition
[99.803s] -- Installing: /home/ubuntu/nemo_ws/src/install/examples_rclcpp_minimal_composition/share/examples_rclcpp_minimal_composition/cmake/examples_rclcpp_minimal_compositionConfig.cmake
[99.805s] -- Installing: /home/ubuntu/nemo_ws/src/install/examples_rclcpp_minimal_composition/share/examples_rclcpp_minimal_composition/cmake/examples_rclcpp_minimal_compositionConfig-version.cmake
[99.808s] -- Installing: /home/ubuntu/nemo_ws/src/install/examples_rclcpp_minimal_composition/share/examples_rclcpp_minimal_composition/package.xml
[99.828s] Invoked command in '/home/ubuntu/nemo_ws/src/build/examples_rclcpp_minimal_composition' returned '0': CMAKE_PREFIX_PATH=${CMAKE_PREFIX_PATH}:/home/ubuntu/nemo_ws/install/img_basics:/home/ubuntu/nemo_ws/install/examples_rclpy_minimal_subscriber:/home/ubuntu/nemo_ws/install/examples_rclpy_minimal_service:/home/ubuntu/nemo_ws/install/examples_rclpy_minimal_publisher:/home/ubuntu/nemo_ws/install/examples_rclpy_minimal_client:/home/ubuntu/nemo_ws/install/examples_rclpy_minimal_action_server:/home/ubuntu/nemo_ws/install/examples_rclpy_minimal_action_client:/home/ubuntu/nemo_ws/install/examples_rclpy_executors:/opt/ros/foxy /usr/bin/cmake --install /home/ubuntu/nemo_ws/src/build/examples_rclcpp_minimal_composition
