[0.097s] Invoking command in '/home/ubuntu/nemo_ws/build/image_transport': CMAKE_PREFIX_PATH=${CMAKE_PREFIX_PATH}:/home/ubuntu/nemo_ws/install/img_basics:/home/ubuntu/nemo_ws/install/examples_rclpy_minimal_subscriber:/home/ubuntu/nemo_ws/install/examples_rclpy_minimal_service:/home/ubuntu/nemo_ws/install/examples_rclpy_minimal_publisher:/home/ubuntu/nemo_ws/install/examples_rclpy_minimal_client:/home/ubuntu/nemo_ws/install/examples_rclpy_minimal_action_server:/home/ubuntu/nemo_ws/install/examples_rclpy_minimal_action_client:/home/ubuntu/nemo_ws/install/examples_rclpy_executors:/opt/ros/foxy /usr/bin/cmake --build /home/ubuntu/nemo_ws/build/image_transport -- -j4 -l4
[0.443s] [  6%] Built target gtest_main
[0.460s] [ 13%] Built target gtest
[0.567s] [ 40%] Built target image_transport
[0.838s] [ 46%] Built target republish
[0.841s] [ 53%] Built target image_transport_plugins
[0.843s] [ 60%] Built target list_transports
[0.865s] [ 66%] Built target image_transport-remapping
[1.062s] [ 73%] Built target image_transport-camera_common
[1.108s] [ 80%] Built target image_transport-subscriber
[1.114s] [ 86%] Built target image_transport-publisher
[1.124s] [ 93%] Built target image_transport-message_passing
[1.289s] [100%] Built target image_transport-single_subscriber_publisher
[1.360s] Invoked command in '/home/ubuntu/nemo_ws/build/image_transport' returned '0': CMAKE_PREFIX_PATH=${CMAKE_PREFIX_PATH}:/home/ubuntu/nemo_ws/install/img_basics:/home/ubuntu/nemo_ws/install/examples_rclpy_minimal_subscriber:/home/ubuntu/nemo_ws/install/examples_rclpy_minimal_service:/home/ubuntu/nemo_ws/install/examples_rclpy_minimal_publisher:/home/ubuntu/nemo_ws/install/examples_rclpy_minimal_client:/home/ubuntu/nemo_ws/install/examples_rclpy_minimal_action_server:/home/ubuntu/nemo_ws/install/examples_rclpy_minimal_action_client:/home/ubuntu/nemo_ws/install/examples_rclpy_executors:/opt/ros/foxy /usr/bin/cmake --build /home/ubuntu/nemo_ws/build/image_transport -- -j4 -l4
[1.782s] Invoking command in '/home/ubuntu/nemo_ws/build/image_transport': CMAKE_PREFIX_PATH=${CMAKE_PREFIX_PATH}:/home/ubuntu/nemo_ws/install/img_basics:/home/ubuntu/nemo_ws/install/examples_rclpy_minimal_subscriber:/home/ubuntu/nemo_ws/install/examples_rclpy_minimal_service:/home/ubuntu/nemo_ws/install/examples_rclpy_minimal_publisher:/home/ubuntu/nemo_ws/install/examples_rclpy_minimal_client:/home/ubuntu/nemo_ws/install/examples_rclpy_minimal_action_server:/home/ubuntu/nemo_ws/install/examples_rclpy_minimal_action_client:/home/ubuntu/nemo_ws/install/examples_rclpy_executors:/opt/ros/foxy /usr/bin/cmake --install /home/ubuntu/nemo_ws/build/image_transport
[1.825s] -- Install configuration: ""
[1.825s] -- Up-to-date: /home/ubuntu/nemo_ws/install/image_transport/share/image_transport/default_plugins.xml
[1.829s] -- Up-to-date: /home/ubuntu/nemo_ws/install/image_transport/lib/libimage_transport.so
[1.832s] -- Up-to-date: /home/ubuntu/nemo_ws/install/image_transport/lib/libimage_transport_plugins.so
[1.836s] -- Up-to-date: /home/ubuntu/nemo_ws/install/image_transport/lib/image_transport/list_transports
[1.840s] -- Up-to-date: /home/ubuntu/nemo_ws/install/image_transport/lib/image_transport/republish
[1.841s] -- Up-to-date: /home/ubuntu/nemo_ws/install/image_transport/include
[1.841s] -- Up-to-date: /home/ubuntu/nemo_ws/install/image_transport/include/image_transport
[1.842s] -- Up-to-date: /home/ubuntu/nemo_ws/install/image_transport/include/image_transport/exception.hpp
[1.843s] -- Up-to-date: /home/ubuntu/nemo_ws/install/image_transport/include/image_transport/image_transport.h
[1.843s] -- Up-to-date: /home/ubuntu/nemo_ws/install/image_transport/include/image_transport/subscriber_filter.h
[1.843s] -- Up-to-date: /home/ubuntu/nemo_ws/install/image_transport/include/image_transport/image_transport.hpp
[1.844s] -- Up-to-date: /home/ubuntu/nemo_ws/install/image_transport/include/image_transport/publisher_plugin.h
[1.844s] -- Up-to-date: /home/ubuntu/nemo_ws/install/image_transport/include/image_transport/simple_subscriber_plugin.hpp
[1.845s] -- Up-to-date: /home/ubuntu/nemo_ws/install/image_transport/include/image_transport/simple_publisher_plugin.hpp
[1.845s] -- Up-to-date: /home/ubuntu/nemo_ws/install/image_transport/include/image_transport/subscriber_plugin.hpp
[1.845s] -- Up-to-date: /home/ubuntu/nemo_ws/install/image_transport/include/image_transport/transport_hints.h
[1.846s] -- Up-to-date: /home/ubuntu/nemo_ws/install/image_transport/include/image_transport/camera_common.h
[1.846s] -- Up-to-date: /home/ubuntu/nemo_ws/install/image_transport/include/image_transport/raw_publisher.hpp
[1.846s] -- Up-to-date: /home/ubuntu/nemo_ws/install/image_transport/include/image_transport/single_subscriber_publisher.hpp
[1.847s] -- Up-to-date: /home/ubuntu/nemo_ws/install/image_transport/include/image_transport/single_subscriber_publisher.h
[1.847s] -- Up-to-date: /home/ubuntu/nemo_ws/install/image_transport/include/image_transport/camera_subscriber.h
[1.848s] -- Up-to-date: /home/ubuntu/nemo_ws/install/image_transport/include/image_transport/publisher_plugin.hpp
[1.848s] -- Up-to-date: /home/ubuntu/nemo_ws/install/image_transport/include/image_transport/raw_subscriber.h
[1.848s] -- Up-to-date: /home/ubuntu/nemo_ws/install/image_transport/include/image_transport/raw_subscriber.hpp
[1.849s] -- Up-to-date: /home/ubuntu/nemo_ws/install/image_transport/include/image_transport/subscriber.hpp
[1.849s] -- Up-to-date: /home/ubuntu/nemo_ws/install/image_transport/include/image_transport/camera_publisher.hpp
[1.849s] -- Up-to-date: /home/ubuntu/nemo_ws/install/image_transport/include/image_transport/camera_publisher.h
[1.850s] -- Up-to-date: /home/ubuntu/nemo_ws/install/image_transport/include/image_transport/exception.h
[1.850s] -- Up-to-date: /home/ubuntu/nemo_ws/install/image_transport/include/image_transport/loader_fwds.hpp
[1.851s] -- Up-to-date: /home/ubuntu/nemo_ws/install/image_transport/include/image_transport/visibility_control.hpp
[1.851s] -- Up-to-date: /home/ubuntu/nemo_ws/install/image_transport/include/image_transport/subscriber.h
[1.851s] -- Up-to-date: /home/ubuntu/nemo_ws/install/image_transport/include/image_transport/transport_hints.hpp
[1.851s] -- Up-to-date: /home/ubuntu/nemo_ws/install/image_transport/include/image_transport/camera_subscriber.hpp
[1.852s] -- Up-to-date: /home/ubuntu/nemo_ws/install/image_transport/include/image_transport/subscriber_filter.hpp
[1.852s] -- Up-to-date: /home/ubuntu/nemo_ws/install/image_transport/include/image_transport/simple_subscriber_plugin.h
[1.853s] -- Up-to-date: /home/ubuntu/nemo_ws/install/image_transport/include/image_transport/simple_publisher_plugin.h
[1.853s] -- Up-to-date: /home/ubuntu/nemo_ws/install/image_transport/include/image_transport/subscriber_plugin.h
[1.853s] -- Up-to-date: /home/ubuntu/nemo_ws/install/image_transport/include/image_transport/camera_common.hpp
[1.854s] -- Up-to-date: /home/ubuntu/nemo_ws/install/image_transport/include/image_transport/publisher.hpp
[1.854s] -- Up-to-date: /home/ubuntu/nemo_ws/install/image_transport/include/image_transport/raw_publisher.h
[1.855s] -- Up-to-date: /home/ubuntu/nemo_ws/install/image_transport/include/image_transport/publisher.h
[1.855s] -- Up-to-date: /home/ubuntu/nemo_ws/install/image_transport/include/image_transport/loader_fwds.h
[1.855s] -- Up-to-date: /home/ubuntu/nemo_ws/install/image_transport/share/image_transport/environment/library_path.sh
[1.855s] -- Up-to-date: /home/ubuntu/nemo_ws/install/image_transport/share/image_transport/environment/library_path.dsv
[1.856s] -- Up-to-date: /home/ubuntu/nemo_ws/install/image_transport/share/ament_index/resource_index/package_run_dependencies/image_transport
[1.856s] -- Up-to-date: /home/ubuntu/nemo_ws/install/image_transport/share/ament_index/resource_index/parent_prefix_path/image_transport
[1.856s] -- Up-to-date: /home/ubuntu/nemo_ws/install/image_transport/share/image_transport/environment/ament_prefix_path.sh
[1.857s] -- Up-to-date: /home/ubuntu/nemo_ws/install/image_transport/share/image_transport/environment/ament_prefix_path.dsv
[1.857s] -- Up-to-date: /home/ubuntu/nemo_ws/install/image_transport/share/image_transport/environment/path.sh
[1.857s] -- Up-to-date: /home/ubuntu/nemo_ws/install/image_transport/share/image_transport/environment/path.dsv
[1.858s] -- Up-to-date: /home/ubuntu/nemo_ws/install/image_transport/share/image_transport/local_setup.bash
[1.858s] -- Up-to-date: /home/ubuntu/nemo_ws/install/image_transport/share/image_transport/local_setup.sh
[1.859s] -- Up-to-date: /home/ubuntu/nemo_ws/install/image_transport/share/image_transport/local_setup.zsh
[1.859s] -- Up-to-date: /home/ubuntu/nemo_ws/install/image_transport/share/image_transport/local_setup.dsv
[1.859s] -- Installing: /home/ubuntu/nemo_ws/install/image_transport/share/image_transport/package.dsv
[1.860s] -- Up-to-date: /home/ubuntu/nemo_ws/install/image_transport/share/ament_index/resource_index/packages/image_transport
[1.860s] -- Up-to-date: /home/ubuntu/nemo_ws/install/image_transport/share/ament_index/resource_index/image_transport__pluginlib__plugin/image_transport
[1.860s] -- Up-to-date: /home/ubuntu/nemo_ws/install/image_transport/share/image_transport/cmake/ament_cmake_export_include_directories-extras.cmake
[1.861s] -- Up-to-date: /home/ubuntu/nemo_ws/install/image_transport/share/image_transport/cmake/ament_cmake_export_libraries-extras.cmake
[1.861s] -- Up-to-date: /home/ubuntu/nemo_ws/install/image_transport/share/image_transport/cmake/ament_cmake_export_dependencies-extras.cmake
[1.861s] -- Up-to-date: /home/ubuntu/nemo_ws/install/image_transport/share/image_transport/cmake/image_transportConfig.cmake
[1.862s] -- Up-to-date: /home/ubuntu/nemo_ws/install/image_transport/share/image_transport/cmake/image_transportConfig-version.cmake
[1.862s] -- Up-to-date: /home/ubuntu/nemo_ws/install/image_transport/share/image_transport/package.xml
[1.875s] Invoked command in '/home/ubuntu/nemo_ws/build/image_transport' returned '0': CMAKE_PREFIX_PATH=${CMAKE_PREFIX_PATH}:/home/ubuntu/nemo_ws/install/img_basics:/home/ubuntu/nemo_ws/install/examples_rclpy_minimal_subscriber:/home/ubuntu/nemo_ws/install/examples_rclpy_minimal_service:/home/ubuntu/nemo_ws/install/examples_rclpy_minimal_publisher:/home/ubuntu/nemo_ws/install/examples_rclpy_minimal_client:/home/ubuntu/nemo_ws/install/examples_rclpy_minimal_action_server:/home/ubuntu/nemo_ws/install/examples_rclpy_minimal_action_client:/home/ubuntu/nemo_ws/install/examples_rclpy_executors:/opt/ros/foxy /usr/bin/cmake --install /home/ubuntu/nemo_ws/build/image_transport
