[5.464s] Invoking command in '/home/ubuntu/nemo_ws/src/examples/rclpy/services/minimal_client': PYTHONPATH=/home/ubuntu/nemo_ws/install/examples_rclpy_minimal_client/lib/python3.8/site-packages:${PYTHONPATH} /usr/bin/python3 setup.py egg_info --egg-base ../../../../../build/examples_rclpy_minimal_client build --build-base /home/ubuntu/nemo_ws/build/examples_rclpy_minimal_client/build install --prefix /home/ubuntu/nemo_ws/install/examples_rclpy_minimal_client --record /home/ubuntu/nemo_ws/build/examples_rclpy_minimal_client/install.log --single-version-externally-managed
[7.041s] running egg_info
[7.044s] creating ../../../../../build/examples_rclpy_minimal_client/examples_rclpy_minimal_client.egg-info
[7.045s] writing ../../../../../build/examples_rclpy_minimal_client/examples_rclpy_minimal_client.egg-info/PKG-INFO
[7.047s] writing dependency_links to ../../../../../build/examples_rclpy_minimal_client/examples_rclpy_minimal_client.egg-info/dependency_links.txt
[7.049s] writing entry points to ../../../../../build/examples_rclpy_minimal_client/examples_rclpy_minimal_client.egg-info/entry_points.txt
[7.050s] writing requirements to ../../../../../build/examples_rclpy_minimal_client/examples_rclpy_minimal_client.egg-info/requires.txt
[7.051s] writing top-level names to ../../../../../build/examples_rclpy_minimal_client/examples_rclpy_minimal_client.egg-info/top_level.txt
[7.062s] writing manifest file '../../../../../build/examples_rclpy_minimal_client/examples_rclpy_minimal_client.egg-info/SOURCES.txt'
[7.234s] reading manifest file '../../../../../build/examples_rclpy_minimal_client/examples_rclpy_minimal_client.egg-info/SOURCES.txt'
[7.239s] writing manifest file '../../../../../build/examples_rclpy_minimal_client/examples_rclpy_minimal_client.egg-info/SOURCES.txt'
[7.241s] running build
[7.242s] running build_py
[7.244s] creating /home/ubuntu/nemo_ws/build/examples_rclpy_minimal_client/build
[7.245s] creating /home/ubuntu/nemo_ws/build/examples_rclpy_minimal_client/build/lib
[7.246s] creating /home/ubuntu/nemo_ws/build/examples_rclpy_minimal_client/build/lib/examples_rclpy_minimal_client
[7.247s] copying examples_rclpy_minimal_client/client_async.py -> /home/ubuntu/nemo_ws/build/examples_rclpy_minimal_client/build/lib/examples_rclpy_minimal_client
[7.248s] copying examples_rclpy_minimal_client/client.py -> /home/ubuntu/nemo_ws/build/examples_rclpy_minimal_client/build/lib/examples_rclpy_minimal_client
[7.249s] copying examples_rclpy_minimal_client/__init__.py -> /home/ubuntu/nemo_ws/build/examples_rclpy_minimal_client/build/lib/examples_rclpy_minimal_client
[7.251s] copying examples_rclpy_minimal_client/client_async_member_function.py -> /home/ubuntu/nemo_ws/build/examples_rclpy_minimal_client/build/lib/examples_rclpy_minimal_client
[7.259s] copying examples_rclpy_minimal_client/client_async_callback.py -> /home/ubuntu/nemo_ws/build/examples_rclpy_minimal_client/build/lib/examples_rclpy_minimal_client
[7.259s] running install
[7.260s] running install_lib
[7.265s] creating /home/ubuntu/nemo_ws/install/examples_rclpy_minimal_client/lib/python3.8/site-packages/examples_rclpy_minimal_client
[7.266s] copying /home/ubuntu/nemo_ws/build/examples_rclpy_minimal_client/build/lib/examples_rclpy_minimal_client/client_async.py -> /home/ubuntu/nemo_ws/install/examples_rclpy_minimal_client/lib/python3.8/site-packages/examples_rclpy_minimal_client
[7.268s] copying /home/ubuntu/nemo_ws/build/examples_rclpy_minimal_client/build/lib/examples_rclpy_minimal_client/client.py -> /home/ubuntu/nemo_ws/install/examples_rclpy_minimal_client/lib/python3.8/site-packages/examples_rclpy_minimal_client
[7.269s] copying /home/ubuntu/nemo_ws/build/examples_rclpy_minimal_client/build/lib/examples_rclpy_minimal_client/__init__.py -> /home/ubuntu/nemo_ws/install/examples_rclpy_minimal_client/lib/python3.8/site-packages/examples_rclpy_minimal_client
[7.271s] copying /home/ubuntu/nemo_ws/build/examples_rclpy_minimal_client/build/lib/examples_rclpy_minimal_client/client_async_member_function.py -> /home/ubuntu/nemo_ws/install/examples_rclpy_minimal_client/lib/python3.8/site-packages/examples_rclpy_minimal_client
[7.272s] copying /home/ubuntu/nemo_ws/build/examples_rclpy_minimal_client/build/lib/examples_rclpy_minimal_client/client_async_callback.py -> /home/ubuntu/nemo_ws/install/examples_rclpy_minimal_client/lib/python3.8/site-packages/examples_rclpy_minimal_client
[7.276s] byte-compiling /home/ubuntu/nemo_ws/install/examples_rclpy_minimal_client/lib/python3.8/site-packages/examples_rclpy_minimal_client/client_async.py to client_async.cpython-38.pyc
[7.283s] byte-compiling /home/ubuntu/nemo_ws/install/examples_rclpy_minimal_client/lib/python3.8/site-packages/examples_rclpy_minimal_client/client.py to client.cpython-38.pyc
[7.286s] byte-compiling /home/ubuntu/nemo_ws/install/examples_rclpy_minimal_client/lib/python3.8/site-packages/examples_rclpy_minimal_client/__init__.py to __init__.cpython-38.pyc
[7.288s] byte-compiling /home/ubuntu/nemo_ws/install/examples_rclpy_minimal_client/lib/python3.8/site-packages/examples_rclpy_minimal_client/client_async_member_function.py to client_async_member_function.cpython-38.pyc
[7.292s] byte-compiling /home/ubuntu/nemo_ws/install/examples_rclpy_minimal_client/lib/python3.8/site-packages/examples_rclpy_minimal_client/client_async_callback.py to client_async_callback.cpython-38.pyc
[7.295s] running install_data
[7.298s] creating /home/ubuntu/nemo_ws/install/examples_rclpy_minimal_client/share/ament_index
[7.300s] creating /home/ubuntu/nemo_ws/install/examples_rclpy_minimal_client/share/ament_index/resource_index
[7.301s] creating /home/ubuntu/nemo_ws/install/examples_rclpy_minimal_client/share/ament_index/resource_index/packages
[7.301s] copying resource/examples_rclpy_minimal_client -> /home/ubuntu/nemo_ws/install/examples_rclpy_minimal_client/share/ament_index/resource_index/packages
[7.302s] copying package.xml -> /home/ubuntu/nemo_ws/install/examples_rclpy_minimal_client/share/examples_rclpy_minimal_client
[7.303s] running install_egg_info
[7.314s] Copying ../../../../../build/examples_rclpy_minimal_client/examples_rclpy_minimal_client.egg-info to /home/ubuntu/nemo_ws/install/examples_rclpy_minimal_client/lib/python3.8/site-packages/examples_rclpy_minimal_client-0.9.4-py3.8.egg-info
[7.325s] running install_scripts
[7.424s] Installing client script to /home/ubuntu/nemo_ws/install/examples_rclpy_minimal_client/lib/examples_rclpy_minimal_client
[7.425s] Installing client_async script to /home/ubuntu/nemo_ws/install/examples_rclpy_minimal_client/lib/examples_rclpy_minimal_client
[7.427s] Installing client_async_callback script to /home/ubuntu/nemo_ws/install/examples_rclpy_minimal_client/lib/examples_rclpy_minimal_client
[7.428s] Installing client_async_member_function script to /home/ubuntu/nemo_ws/install/examples_rclpy_minimal_client/lib/examples_rclpy_minimal_client
[7.430s] writing list of installed files to '/home/ubuntu/nemo_ws/build/examples_rclpy_minimal_client/install.log'
[7.580s] Invoked command in '/home/ubuntu/nemo_ws/src/examples/rclpy/services/minimal_client' returned '0': PYTHONPATH=/home/ubuntu/nemo_ws/install/examples_rclpy_minimal_client/lib/python3.8/site-packages:${PYTHONPATH} /usr/bin/python3 setup.py egg_info --egg-base ../../../../../build/examples_rclpy_minimal_client build --build-base /home/ubuntu/nemo_ws/build/examples_rclpy_minimal_client/build install --prefix /home/ubuntu/nemo_ws/install/examples_rclpy_minimal_client --record /home/ubuntu/nemo_ws/build/examples_rclpy_minimal_client/install.log --single-version-externally-managed
