[2.691s] Invoking command in '/home/ubuntu/nemo_ws/src/ros2_aruco/ros2_aruco': PYTHONPATH=/home/ubuntu/nemo_ws/src/install/ros2_aruco/lib/python3.8/site-packages:${PYTHONPATH} /usr/bin/python3 setup.py egg_info --egg-base ../../build/ros2_aruco build --build-base /home/ubuntu/nemo_ws/src/build/ros2_aruco/build install --prefix /home/ubuntu/nemo_ws/src/install/ros2_aruco --record /home/ubuntu/nemo_ws/src/build/ros2_aruco/install.log --single-version-externally-managed
[3.580s] running egg_info
[3.582s] creating ../../build/ros2_aruco/ros2_aruco.egg-info
[3.582s] writing ../../build/ros2_aruco/ros2_aruco.egg-info/PKG-INFO
[3.583s] writing dependency_links to ../../build/ros2_aruco/ros2_aruco.egg-info/dependency_links.txt
[3.584s] writing entry points to ../../build/ros2_aruco/ros2_aruco.egg-info/entry_points.txt
[3.585s] writing requirements to ../../build/ros2_aruco/ros2_aruco.egg-info/requires.txt
[3.585s] writing top-level names to ../../build/ros2_aruco/ros2_aruco.egg-info/top_level.txt
[3.598s] writing manifest file '../../build/ros2_aruco/ros2_aruco.egg-info/SOURCES.txt'
[3.719s] reading manifest file '../../build/ros2_aruco/ros2_aruco.egg-info/SOURCES.txt'
[3.721s] writing manifest file '../../build/ros2_aruco/ros2_aruco.egg-info/SOURCES.txt'
[3.722s] running build
[3.722s] running build_py
[3.723s] creating /home/ubuntu/nemo_ws/src/build/ros2_aruco/build
[3.723s] creating /home/ubuntu/nemo_ws/src/build/ros2_aruco/build/lib
[3.724s] creating /home/ubuntu/nemo_ws/src/build/ros2_aruco/build/lib/ros2_aruco
[3.724s] copying ros2_aruco/__init__.py -> /home/ubuntu/nemo_ws/src/build/ros2_aruco/build/lib/ros2_aruco
[3.725s] copying ros2_aruco/transformations.py -> /home/ubuntu/nemo_ws/src/build/ros2_aruco/build/lib/ros2_aruco
[3.725s] copying ros2_aruco/aruco_generate_marker.py -> /home/ubuntu/nemo_ws/src/build/ros2_aruco/build/lib/ros2_aruco
[3.726s] copying ros2_aruco/aruco_node.py -> /home/ubuntu/nemo_ws/src/build/ros2_aruco/build/lib/ros2_aruco
[3.727s] running install
[3.730s] running install_lib
[3.733s] creating /home/ubuntu/nemo_ws/src/install/ros2_aruco/lib/python3.8/site-packages/ros2_aruco
[3.734s] copying /home/ubuntu/nemo_ws/src/build/ros2_aruco/build/lib/ros2_aruco/__init__.py -> /home/ubuntu/nemo_ws/src/install/ros2_aruco/lib/python3.8/site-packages/ros2_aruco
[3.734s] copying /home/ubuntu/nemo_ws/src/build/ros2_aruco/build/lib/ros2_aruco/transformations.py -> /home/ubuntu/nemo_ws/src/install/ros2_aruco/lib/python3.8/site-packages/ros2_aruco
[3.735s] copying /home/ubuntu/nemo_ws/src/build/ros2_aruco/build/lib/ros2_aruco/aruco_generate_marker.py -> /home/ubuntu/nemo_ws/src/install/ros2_aruco/lib/python3.8/site-packages/ros2_aruco
[3.736s] copying /home/ubuntu/nemo_ws/src/build/ros2_aruco/build/lib/ros2_aruco/aruco_node.py -> /home/ubuntu/nemo_ws/src/install/ros2_aruco/lib/python3.8/site-packages/ros2_aruco
[3.738s] byte-compiling /home/ubuntu/nemo_ws/src/install/ros2_aruco/lib/python3.8/site-packages/ros2_aruco/__init__.py to __init__.cpython-38.pyc
[3.743s] byte-compiling /home/ubuntu/nemo_ws/src/install/ros2_aruco/lib/python3.8/site-packages/ros2_aruco/transformations.py to transformations.cpython-38.pyc
[3.769s] byte-compiling /home/ubuntu/nemo_ws/src/install/ros2_aruco/lib/python3.8/site-packages/ros2_aruco/aruco_generate_marker.py to aruco_generate_marker.cpython-38.pyc
[3.770s] byte-compiling /home/ubuntu/nemo_ws/src/install/ros2_aruco/lib/python3.8/site-packages/ros2_aruco/aruco_node.py to aruco_node.cpython-38.pyc
[3.774s] running install_data
[3.776s] creating /home/ubuntu/nemo_ws/src/install/ros2_aruco/share/ament_index
[3.776s] creating /home/ubuntu/nemo_ws/src/install/ros2_aruco/share/ament_index/resource_index
[3.776s] creating /home/ubuntu/nemo_ws/src/install/ros2_aruco/share/ament_index/resource_index/packages
[3.777s] copying resource/ros2_aruco -> /home/ubuntu/nemo_ws/src/install/ros2_aruco/share/ament_index/resource_index/packages
[3.777s] copying package.xml -> /home/ubuntu/nemo_ws/src/install/ros2_aruco/share/ros2_aruco
[3.778s] running install_egg_info
[3.783s] Copying ../../build/ros2_aruco/ros2_aruco.egg-info to /home/ubuntu/nemo_ws/src/install/ros2_aruco/lib/python3.8/site-packages/ros2_aruco-0.1.0-py3.8.egg-info
[3.787s] running install_scripts
[3.849s] Installing aruco_generate_marker script to /home/ubuntu/nemo_ws/src/install/ros2_aruco/lib/ros2_aruco
[3.850s] Installing aruco_node script to /home/ubuntu/nemo_ws/src/install/ros2_aruco/lib/ros2_aruco
[3.851s] writing list of installed files to '/home/ubuntu/nemo_ws/src/build/ros2_aruco/install.log'
[3.943s] Invoked command in '/home/ubuntu/nemo_ws/src/ros2_aruco/ros2_aruco' returned '0': PYTHONPATH=/home/ubuntu/nemo_ws/src/install/ros2_aruco/lib/python3.8/site-packages:${PYTHONPATH} /usr/bin/python3 setup.py egg_info --egg-base ../../build/ros2_aruco build --build-base /home/ubuntu/nemo_ws/src/build/ros2_aruco/build install --prefix /home/ubuntu/nemo_ws/src/install/ros2_aruco --record /home/ubuntu/nemo_ws/src/build/ros2_aruco/install.log --single-version-externally-managed
