[0.158s] Invoking command in '/home/ubuntu/nemo_ws/build/examples_rclcpp_minimal_publisher': CMAKE_PREFIX_PATH=/opt/ros/foxy /usr/bin/cmake /home/ubuntu/nemo_ws/src/examples/rclcpp/topics/minimal_publisher -DCMAKE_INSTALL_PREFIX=/home/ubuntu/nemo_ws/install/examples_rclcpp_minimal_publisher
[1.031s] -- The C compiler identification is GNU 9.4.0
[1.912s] -- The CXX compiler identification is GNU 9.4.0
[2.002s] -- Check for working C compiler: /usr/bin/cc
[3.127s] -- Check for working C compiler: /usr/bin/cc -- works
[3.148s] -- Detecting C compiler ABI info
[4.295s] -- Detecting C compiler ABI info - done
[4.404s] -- Detecting C compile features
[4.407s] -- Detecting C compile features - done
[4.438s] -- Check for working CXX compiler: /usr/bin/c++
[5.130s] -- Check for working CXX compiler: /usr/bin/c++ -- works
[5.144s] -- Detecting CXX compiler ABI info
[5.977s] -- Detecting CXX compiler ABI info - done
[6.084s] -- Detecting CXX compile features
[6.087s] -- Detecting CXX compile features - done
[6.132s] -- Found ament_cmake: 0.9.9 (/opt/ros/foxy/share/ament_cmake/cmake)
[6.340s] -- Found PythonInterp: /usr/bin/python3 (found suitable version "3.8.10", minimum required is "3") 
[6.341s] -- Using PYTHON_EXECUTABLE: /usr/bin/python3
[7.981s] -- Found rclcpp: 2.4.1 (/opt/ros/foxy/share/rclcpp/cmake)
[8.342s] -- Using all available rosidl_typesupport_c: rosidl_typesupport_fastrtps_c;rosidl_typesupport_introspection_c
[8.400s] -- Found rosidl_adapter: 1.2.1 (/opt/ros/foxy/share/rosidl_adapter/cmake)
[9.021s] -- Found OpenSSL: /usr/lib/aarch64-linux-gnu/libcrypto.so (found version "1.1.1f")  
[9.291s] -- Found FastRTPS: /opt/ros/foxy/include  
[9.903s] -- Using all available rosidl_typesupport_cpp: rosidl_typesupport_fastrtps_cpp;rosidl_typesupport_introspection_cpp
[10.221s] -- Found rmw_implementation_cmake: 1.0.3 (/opt/ros/foxy/share/rmw_implementation_cmake/cmake)
[10.229s] -- Using RMW implementation 'rmw_fastrtps_cpp' as default
[10.233s] -- Looking for pthread.h
[10.594s] -- Looking for pthread.h - found
[10.599s] -- Performing Test CMAKE_HAVE_LIBC_PTHREAD
[10.957s] -- Performing Test CMAKE_HAVE_LIBC_PTHREAD - Failed
[10.958s] -- Looking for pthread_create in pthreads
[11.262s] -- Looking for pthread_create in pthreads - not found
[11.264s] -- Looking for pthread_create in pthread
[11.599s] -- Looking for pthread_create in pthread - found
[11.603s] -- Found Threads: TRUE  
[12.307s] -- Found ament_lint_auto: 0.9.6 (/opt/ros/foxy/share/ament_lint_auto/cmake)
[12.809s] -- Added test 'copyright' to check source files copyright and LICENSE
[12.816s] -- Added test 'cppcheck' to perform static code analysis on C / C++ code
[12.817s] -- Configured cppcheck include dirs: 
[12.818s] -- Configured cppcheck exclude dirs and/or files: 
[12.824s] -- Added test 'cpplint' to check C / C++ code against the Google style
[12.824s] -- Configured cpplint exclude dirs and/or files: 
[12.829s] -- Added test 'lint_cmake' to check CMake code style
[12.836s] -- Added test 'uncrustify' to check C / C++ code style
[12.837s] -- Configured uncrustify additional arguments: 
[12.840s] -- Added test 'xmllint' to check XML markup files
[12.865s] -- Configuring done
[12.939s] -- Generating done
[12.948s] -- Build files have been written to: /home/ubuntu/nemo_ws/build/examples_rclcpp_minimal_publisher
[12.979s] Invoked command in '/home/ubuntu/nemo_ws/build/examples_rclcpp_minimal_publisher' returned '0': CMAKE_PREFIX_PATH=/opt/ros/foxy /usr/bin/cmake /home/ubuntu/nemo_ws/src/examples/rclcpp/topics/minimal_publisher -DCMAKE_INSTALL_PREFIX=/home/ubuntu/nemo_ws/install/examples_rclcpp_minimal_publisher
[12.981s] Invoking command in '/home/ubuntu/nemo_ws/build/examples_rclcpp_minimal_publisher': CMAKE_PREFIX_PATH=/opt/ros/foxy /usr/bin/cmake --build /home/ubuntu/nemo_ws/build/examples_rclcpp_minimal_publisher -- -j4 -l4
[13.190s] [35m[1mScanning dependencies of target publisher_not_composable[0m
[13.393s] [ 16%] [32mBuilding CXX object CMakeFiles/publisher_not_composable.dir/not_composable.cpp.o[0m
[29.937s] [ 33%] [32m[1mLinking CXX executable publisher_not_composable[0m
[30.842s] [ 33%] Built target publisher_not_composable
[30.892s] [35m[1mScanning dependencies of target publisher_lambda[0m
[31.118s] [ 50%] [32mBuilding CXX object CMakeFiles/publisher_lambda.dir/lambda.cpp.o[0m
[48.917s] [ 66%] [32m[1mLinking CXX executable publisher_lambda[0m
[49.811s] [ 66%] Built target publisher_lambda
[49.864s] [35m[1mScanning dependencies of target publisher_member_function[0m
[50.102s] [ 83%] [32mBuilding CXX object CMakeFiles/publisher_member_function.dir/member_function.cpp.o[0m
[66.962s] [100%] [32m[1mLinking CXX executable publisher_member_function[0m
[67.961s] [100%] Built target publisher_member_function
[68.023s] Invoked command in '/home/ubuntu/nemo_ws/build/examples_rclcpp_minimal_publisher' returned '0': CMAKE_PREFIX_PATH=/opt/ros/foxy /usr/bin/cmake --build /home/ubuntu/nemo_ws/build/examples_rclcpp_minimal_publisher -- -j4 -l4
[68.202s] Invoking command in '/home/ubuntu/nemo_ws/build/examples_rclcpp_minimal_publisher': CMAKE_PREFIX_PATH=/opt/ros/foxy /usr/bin/cmake --install /home/ubuntu/nemo_ws/build/examples_rclcpp_minimal_publisher
[68.254s] -- Install configuration: ""
[68.257s] -- Installing: /home/ubuntu/nemo_ws/install/examples_rclcpp_minimal_publisher/lib/examples_rclcpp_minimal_publisher/publisher_lambda
[68.265s] -- Set runtime path of "/home/ubuntu/nemo_ws/install/examples_rclcpp_minimal_publisher/lib/examples_rclcpp_minimal_publisher/publisher_lambda" to ""
[68.268s] -- Installing: /home/ubuntu/nemo_ws/install/examples_rclcpp_minimal_publisher/lib/examples_rclcpp_minimal_publisher/publisher_member_function
[68.276s] -- Set runtime path of "/home/ubuntu/nemo_ws/install/examples_rclcpp_minimal_publisher/lib/examples_rclcpp_minimal_publisher/publisher_member_function" to ""
[68.278s] -- Installing: /home/ubuntu/nemo_ws/install/examples_rclcpp_minimal_publisher/lib/examples_rclcpp_minimal_publisher/publisher_not_composable
[68.286s] -- Set runtime path of "/home/ubuntu/nemo_ws/install/examples_rclcpp_minimal_publisher/lib/examples_rclcpp_minimal_publisher/publisher_not_composable" to ""
[68.289s] -- Installing: /home/ubuntu/nemo_ws/install/examples_rclcpp_minimal_publisher/share/ament_index/resource_index/package_run_dependencies/examples_rclcpp_minimal_publisher
[68.292s] -- Installing: /home/ubuntu/nemo_ws/install/examples_rclcpp_minimal_publisher/share/ament_index/resource_index/parent_prefix_path/examples_rclcpp_minimal_publisher
[68.296s] -- Installing: /home/ubuntu/nemo_ws/install/examples_rclcpp_minimal_publisher/share/examples_rclcpp_minimal_publisher/environment/ament_prefix_path.sh
[68.299s] -- Installing: /home/ubuntu/nemo_ws/install/examples_rclcpp_minimal_publisher/share/examples_rclcpp_minimal_publisher/environment/ament_prefix_path.dsv
[68.302s] -- Installing: /home/ubuntu/nemo_ws/install/examples_rclcpp_minimal_publisher/share/examples_rclcpp_minimal_publisher/environment/path.sh
[68.305s] -- Installing: /home/ubuntu/nemo_ws/install/examples_rclcpp_minimal_publisher/share/examples_rclcpp_minimal_publisher/environment/path.dsv
[68.308s] -- Installing: /home/ubuntu/nemo_ws/install/examples_rclcpp_minimal_publisher/share/examples_rclcpp_minimal_publisher/local_setup.bash
[68.311s] -- Installing: /home/ubuntu/nemo_ws/install/examples_rclcpp_minimal_publisher/share/examples_rclcpp_minimal_publisher/local_setup.sh
[68.313s] -- Installing: /home/ubuntu/nemo_ws/install/examples_rclcpp_minimal_publisher/share/examples_rclcpp_minimal_publisher/local_setup.zsh
[68.316s] -- Installing: /home/ubuntu/nemo_ws/install/examples_rclcpp_minimal_publisher/share/examples_rclcpp_minimal_publisher/local_setup.dsv
[68.319s] -- Installing: /home/ubuntu/nemo_ws/install/examples_rclcpp_minimal_publisher/share/examples_rclcpp_minimal_publisher/package.dsv
[68.322s] -- Installing: /home/ubuntu/nemo_ws/install/examples_rclcpp_minimal_publisher/share/ament_index/resource_index/packages/examples_rclcpp_minimal_publisher
[68.326s] -- Installing: /home/ubuntu/nemo_ws/install/examples_rclcpp_minimal_publisher/share/examples_rclcpp_minimal_publisher/cmake/examples_rclcpp_minimal_publisherConfig.cmake
[68.328s] -- Installing: /home/ubuntu/nemo_ws/install/examples_rclcpp_minimal_publisher/share/examples_rclcpp_minimal_publisher/cmake/examples_rclcpp_minimal_publisherConfig-version.cmake
[68.331s] -- Installing: /home/ubuntu/nemo_ws/install/examples_rclcpp_minimal_publisher/share/examples_rclcpp_minimal_publisher/package.xml
[68.353s] Invoked command in '/home/ubuntu/nemo_ws/build/examples_rclcpp_minimal_publisher' returned '0': CMAKE_PREFIX_PATH=/opt/ros/foxy /usr/bin/cmake --install /home/ubuntu/nemo_ws/build/examples_rclcpp_minimal_publisher
