[0.128s] Invoking command in '/home/ubuntu/nemo_ws/build/v4l2_camera': AMENT_PREFIX_PATH=/home/ubuntu/nemo_ws/install/camera_info_manager:/home/ubuntu/nemo_ws/install/image_transport:/home/ubuntu/nemo_ws/install/camera_calibration_parsers:${AMENT_PREFIX_PATH} CMAKE_PREFIX_PATH=/home/ubuntu/nemo_ws/install/camera_info_manager:/home/ubuntu/nemo_ws/install/image_transport:/home/ubuntu/nemo_ws/install/camera_calibration_parsers:/home/ubuntu/nemo_ws/install/examples_rclcpp_multithreaded_executor:/home/ubuntu/nemo_ws/install/examples_rclcpp_minimal_timer:/home/ubuntu/nemo_ws/install/examples_rclcpp_minimal_subscriber:/home/ubuntu/nemo_ws/install/examples_rclcpp_minimal_service:/home/ubuntu/nemo_ws/install/examples_rclcpp_minimal_publisher:/home/ubuntu/nemo_ws/install/examples_rclcpp_minimal_composition:/home/ubuntu/nemo_ws/install/examples_rclcpp_minimal_client:/home/ubuntu/nemo_ws/install/examples_rclcpp_minimal_action_server:/home/ubuntu/nemo_ws/install/examples_rclcpp_minimal_action_client:/home/ubuntu/nemo_ws/install/img_basics:/home/ubuntu/nemo_ws/install/examples_rclpy_minimal_subscriber:/home/ubuntu/nemo_ws/install/examples_rclpy_minimal_service:/home/ubuntu/nemo_ws/install/examples_rclpy_minimal_publisher:/home/ubuntu/nemo_ws/install/examples_rclpy_minimal_client:/home/ubuntu/nemo_ws/install/examples_rclpy_minimal_action_server:/home/ubuntu/nemo_ws/install/examples_rclpy_minimal_action_client:/home/ubuntu/nemo_ws/install/examples_rclpy_executors:/opt/ros/foxy LD_LIBRARY_PATH=/home/ubuntu/nemo_ws/install/camera_info_manager/lib:/home/ubuntu/nemo_ws/install/image_transport/lib:/home/ubuntu/nemo_ws/install/camera_calibration_parsers/lib:${LD_LIBRARY_PATH} /usr/bin/cmake /home/ubuntu/nemo_ws/src/ros2_v4l2_camera -DCMAKE_INSTALL_PREFIX=/home/ubuntu/nemo_ws/install/v4l2_camera
[0.509s] -- The C compiler identification is GNU 9.4.0
[0.873s] -- The CXX compiler identification is GNU 9.4.0
[0.904s] -- Check for working C compiler: /usr/bin/cc
[1.342s] -- Check for working C compiler: /usr/bin/cc -- works
[1.347s] -- Detecting C compiler ABI info
[1.800s] -- Detecting C compiler ABI info - done
[1.844s] -- Detecting C compile features
[1.847s] -- Detecting C compile features - done
[1.858s] -- Check for working CXX compiler: /usr/bin/c++
[2.347s] -- Check for working CXX compiler: /usr/bin/c++ -- works
[2.351s] -- Detecting CXX compiler ABI info
[2.852s] -- Detecting CXX compiler ABI info - done
[2.896s] -- Detecting CXX compile features
[2.899s] -- Detecting CXX compile features - done
[2.936s] -- Found ament_cmake: 0.9.9 (/opt/ros/foxy/share/ament_cmake/cmake)
[3.189s] -- Found PythonInterp: /usr/bin/python3 (found suitable version "3.8.10", minimum required is "3") 
[3.190s] -- Using PYTHON_EXECUTABLE: /usr/bin/python3
[4.874s] -- Found ament_cmake_ros: 0.9.2 (/opt/ros/foxy/share/ament_cmake_ros/cmake)
[4.997s] -- Found rclcpp: 2.4.1 (/opt/ros/foxy/share/rclcpp/cmake)
[5.472s] -- Using all available rosidl_typesupport_c: rosidl_typesupport_fastrtps_c;rosidl_typesupport_introspection_c
[5.568s] -- Found rosidl_adapter: 1.2.1 (/opt/ros/foxy/share/rosidl_adapter/cmake)
[6.291s] -- Found OpenSSL: /usr/lib/aarch64-linux-gnu/libcrypto.so (found version "1.1.1f")  
[6.581s] -- Found FastRTPS: /opt/ros/foxy/include  
[7.306s] -- Using all available rosidl_typesupport_cpp: rosidl_typesupport_fastrtps_cpp;rosidl_typesupport_introspection_cpp
[7.737s] -- Found rmw_implementation_cmake: 1.0.3 (/opt/ros/foxy/share/rmw_implementation_cmake/cmake)
[7.752s] -- Using RMW implementation 'rmw_fastrtps_cpp' as default
[7.757s] -- Looking for pthread.h
[8.220s] -- Looking for pthread.h - found
[8.224s] -- Performing Test CMAKE_HAVE_LIBC_PTHREAD
[8.696s] -- Performing Test CMAKE_HAVE_LIBC_PTHREAD - Failed
[8.697s] -- Looking for pthread_create in pthreads
[9.050s] -- Looking for pthread_create in pthreads - not found
[9.051s] -- Looking for pthread_create in pthread
[9.465s] -- Looking for pthread_create in pthread - found
[9.469s] -- Found Threads: TRUE  
[10.266s] -- Found rclcpp_components: 2.4.1 (/opt/ros/foxy/share/rclcpp_components/cmake)
[10.611s] -- Found image_transport: 2.3.0 (/home/ubuntu/nemo_ws/install/image_transport/share/image_transport/cmake)
[11.516s] -- Found camera_info_manager: 2.3.0 (/home/ubuntu/nemo_ws/install/camera_info_manager/share/camera_info_manager/cmake)
[11.618s] -- Setting yaml-cpp_DIR to: '/opt/ros/foxy/share/yaml_cpp_vendor/cmake/../../../opt/yaml_cpp_vendor/lib/cmake/yaml-cpp'
[12.017s] -- Found ament_lint_auto: 0.9.6 (/opt/ros/foxy/share/ament_lint_auto/cmake)
[12.728s] -- Added test 'cppcheck' to perform static code analysis on C / C++ code
[12.740s] -- Configured cppcheck include dirs: $<BUILD_INTERFACE:/home/ubuntu/nemo_ws/src/ros2_v4l2_camera/include>
[12.741s] -- Configured cppcheck exclude dirs and/or files: 
[12.782s] -- Added test 'cpplint' to check C / C++ code against the Google style
[12.783s] -- Configured cpplint exclude dirs and/or files: 
[12.821s] -- Added test 'lint_cmake' to check CMake code style
[12.894s] -- Added test 'uncrustify' to check C / C++ code style
[12.895s] -- Configured uncrustify additional arguments: 
[12.920s] -- Added test 'xmllint' to check XML markup files
[13.021s] -- Configuring done
[13.516s] -- Generating done
[13.526s] -- Build files have been written to: /home/ubuntu/nemo_ws/build/v4l2_camera
[13.641s] Invoked command in '/home/ubuntu/nemo_ws/build/v4l2_camera' returned '0': AMENT_PREFIX_PATH=/home/ubuntu/nemo_ws/install/camera_info_manager:/home/ubuntu/nemo_ws/install/image_transport:/home/ubuntu/nemo_ws/install/camera_calibration_parsers:${AMENT_PREFIX_PATH} CMAKE_PREFIX_PATH=/home/ubuntu/nemo_ws/install/camera_info_manager:/home/ubuntu/nemo_ws/install/image_transport:/home/ubuntu/nemo_ws/install/camera_calibration_parsers:/home/ubuntu/nemo_ws/install/examples_rclcpp_multithreaded_executor:/home/ubuntu/nemo_ws/install/examples_rclcpp_minimal_timer:/home/ubuntu/nemo_ws/install/examples_rclcpp_minimal_subscriber:/home/ubuntu/nemo_ws/install/examples_rclcpp_minimal_service:/home/ubuntu/nemo_ws/install/examples_rclcpp_minimal_publisher:/home/ubuntu/nemo_ws/install/examples_rclcpp_minimal_composition:/home/ubuntu/nemo_ws/install/examples_rclcpp_minimal_client:/home/ubuntu/nemo_ws/install/examples_rclcpp_minimal_action_server:/home/ubuntu/nemo_ws/install/examples_rclcpp_minimal_action_client:/home/ubuntu/nemo_ws/install/img_basics:/home/ubuntu/nemo_ws/install/examples_rclpy_minimal_subscriber:/home/ubuntu/nemo_ws/install/examples_rclpy_minimal_service:/home/ubuntu/nemo_ws/install/examples_rclpy_minimal_publisher:/home/ubuntu/nemo_ws/install/examples_rclpy_minimal_client:/home/ubuntu/nemo_ws/install/examples_rclpy_minimal_action_server:/home/ubuntu/nemo_ws/install/examples_rclpy_minimal_action_client:/home/ubuntu/nemo_ws/install/examples_rclpy_executors:/opt/ros/foxy LD_LIBRARY_PATH=/home/ubuntu/nemo_ws/install/camera_info_manager/lib:/home/ubuntu/nemo_ws/install/image_transport/lib:/home/ubuntu/nemo_ws/install/camera_calibration_parsers/lib:${LD_LIBRARY_PATH} /usr/bin/cmake /home/ubuntu/nemo_ws/src/ros2_v4l2_camera -DCMAKE_INSTALL_PREFIX=/home/ubuntu/nemo_ws/install/v4l2_camera
[13.657s] Invoking command in '/home/ubuntu/nemo_ws/build/v4l2_camera': AMENT_PREFIX_PATH=/home/ubuntu/nemo_ws/install/camera_info_manager:/home/ubuntu/nemo_ws/install/image_transport:/home/ubuntu/nemo_ws/install/camera_calibration_parsers:${AMENT_PREFIX_PATH} CMAKE_PREFIX_PATH=/home/ubuntu/nemo_ws/install/camera_info_manager:/home/ubuntu/nemo_ws/install/image_transport:/home/ubuntu/nemo_ws/install/camera_calibration_parsers:/home/ubuntu/nemo_ws/install/examples_rclcpp_multithreaded_executor:/home/ubuntu/nemo_ws/install/examples_rclcpp_minimal_timer:/home/ubuntu/nemo_ws/install/examples_rclcpp_minimal_subscriber:/home/ubuntu/nemo_ws/install/examples_rclcpp_minimal_service:/home/ubuntu/nemo_ws/install/examples_rclcpp_minimal_publisher:/home/ubuntu/nemo_ws/install/examples_rclcpp_minimal_composition:/home/ubuntu/nemo_ws/install/examples_rclcpp_minimal_client:/home/ubuntu/nemo_ws/install/examples_rclcpp_minimal_action_server:/home/ubuntu/nemo_ws/install/examples_rclcpp_minimal_action_client:/home/ubuntu/nemo_ws/install/img_basics:/home/ubuntu/nemo_ws/install/examples_rclpy_minimal_subscriber:/home/ubuntu/nemo_ws/install/examples_rclpy_minimal_service:/home/ubuntu/nemo_ws/install/examples_rclpy_minimal_publisher:/home/ubuntu/nemo_ws/install/examples_rclpy_minimal_client:/home/ubuntu/nemo_ws/install/examples_rclpy_minimal_action_server:/home/ubuntu/nemo_ws/install/examples_rclpy_minimal_action_client:/home/ubuntu/nemo_ws/install/examples_rclpy_executors:/opt/ros/foxy LD_LIBRARY_PATH=/home/ubuntu/nemo_ws/install/camera_info_manager/lib:/home/ubuntu/nemo_ws/install/image_transport/lib:/home/ubuntu/nemo_ws/install/camera_calibration_parsers/lib:${LD_LIBRARY_PATH} /usr/bin/cmake --build /home/ubuntu/nemo_ws/build/v4l2_camera -- -j4 -l4
[14.318s] [35m[1mScanning dependencies of target v4l2_camera[0m
[14.981s] [ 14%] [32mBuilding CXX object CMakeFiles/v4l2_camera.dir/src/v4l2_camera.cpp.o[0m
[15.007s] [ 28%] [32mBuilding CXX object CMakeFiles/v4l2_camera.dir/src/v4l2_camera_device.cpp.o[0m
[51.920s] [ 42%] [32m[1mLinking CXX shared library libv4l2_camera.so[0m
[54.983s] [ 42%] Built target v4l2_camera
[55.052s] [35m[1mScanning dependencies of target v4l2_camera_compose_test[0m
[55.369s] [ 57%] [32mBuilding CXX object CMakeFiles/v4l2_camera_compose_test.dir/src/v4l2_camera_compose_test.cpp.o[0m
[84.224s] [ 71%] [32m[1mLinking CXX executable v4l2_camera_compose_test[0m
[87.069s] [ 71%] Built target v4l2_camera_compose_test
[87.162s] [35m[1mScanning dependencies of target v4l2_camera_node[0m
[87.562s] [ 85%] [32mBuilding CXX object CMakeFiles/v4l2_camera_node.dir/src/v4l2_camera_node.cpp.o[0m
[100.511s] [100%] [32m[1mLinking CXX executable v4l2_camera_node[0m
[101.761s] [100%] Built target v4l2_camera_node
[101.808s] Invoked command in '/home/ubuntu/nemo_ws/build/v4l2_camera' returned '0': AMENT_PREFIX_PATH=/home/ubuntu/nemo_ws/install/camera_info_manager:/home/ubuntu/nemo_ws/install/image_transport:/home/ubuntu/nemo_ws/install/camera_calibration_parsers:${AMENT_PREFIX_PATH} CMAKE_PREFIX_PATH=/home/ubuntu/nemo_ws/install/camera_info_manager:/home/ubuntu/nemo_ws/install/image_transport:/home/ubuntu/nemo_ws/install/camera_calibration_parsers:/home/ubuntu/nemo_ws/install/examples_rclcpp_multithreaded_executor:/home/ubuntu/nemo_ws/install/examples_rclcpp_minimal_timer:/home/ubuntu/nemo_ws/install/examples_rclcpp_minimal_subscriber:/home/ubuntu/nemo_ws/install/examples_rclcpp_minimal_service:/home/ubuntu/nemo_ws/install/examples_rclcpp_minimal_publisher:/home/ubuntu/nemo_ws/install/examples_rclcpp_minimal_composition:/home/ubuntu/nemo_ws/install/examples_rclcpp_minimal_client:/home/ubuntu/nemo_ws/install/examples_rclcpp_minimal_action_server:/home/ubuntu/nemo_ws/install/examples_rclcpp_minimal_action_client:/home/ubuntu/nemo_ws/install/img_basics:/home/ubuntu/nemo_ws/install/examples_rclpy_minimal_subscriber:/home/ubuntu/nemo_ws/install/examples_rclpy_minimal_service:/home/ubuntu/nemo_ws/install/examples_rclpy_minimal_publisher:/home/ubuntu/nemo_ws/install/examples_rclpy_minimal_client:/home/ubuntu/nemo_ws/install/examples_rclpy_minimal_action_server:/home/ubuntu/nemo_ws/install/examples_rclpy_minimal_action_client:/home/ubuntu/nemo_ws/install/examples_rclpy_executors:/opt/ros/foxy LD_LIBRARY_PATH=/home/ubuntu/nemo_ws/install/camera_info_manager/lib:/home/ubuntu/nemo_ws/install/image_transport/lib:/home/ubuntu/nemo_ws/install/camera_calibration_parsers/lib:${LD_LIBRARY_PATH} /usr/bin/cmake --build /home/ubuntu/nemo_ws/build/v4l2_camera -- -j4 -l4
[101.972s] Invoking command in '/home/ubuntu/nemo_ws/build/v4l2_camera': AMENT_PREFIX_PATH=/home/ubuntu/nemo_ws/install/camera_info_manager:/home/ubuntu/nemo_ws/install/image_transport:/home/ubuntu/nemo_ws/install/camera_calibration_parsers:${AMENT_PREFIX_PATH} CMAKE_PREFIX_PATH=/home/ubuntu/nemo_ws/install/camera_info_manager:/home/ubuntu/nemo_ws/install/image_transport:/home/ubuntu/nemo_ws/install/camera_calibration_parsers:/home/ubuntu/nemo_ws/install/examples_rclcpp_multithreaded_executor:/home/ubuntu/nemo_ws/install/examples_rclcpp_minimal_timer:/home/ubuntu/nemo_ws/install/examples_rclcpp_minimal_subscriber:/home/ubuntu/nemo_ws/install/examples_rclcpp_minimal_service:/home/ubuntu/nemo_ws/install/examples_rclcpp_minimal_publisher:/home/ubuntu/nemo_ws/install/examples_rclcpp_minimal_composition:/home/ubuntu/nemo_ws/install/examples_rclcpp_minimal_client:/home/ubuntu/nemo_ws/install/examples_rclcpp_minimal_action_server:/home/ubuntu/nemo_ws/install/examples_rclcpp_minimal_action_client:/home/ubuntu/nemo_ws/install/img_basics:/home/ubuntu/nemo_ws/install/examples_rclpy_minimal_subscriber:/home/ubuntu/nemo_ws/install/examples_rclpy_minimal_service:/home/ubuntu/nemo_ws/install/examples_rclpy_minimal_publisher:/home/ubuntu/nemo_ws/install/examples_rclpy_minimal_client:/home/ubuntu/nemo_ws/install/examples_rclpy_minimal_action_server:/home/ubuntu/nemo_ws/install/examples_rclpy_minimal_action_client:/home/ubuntu/nemo_ws/install/examples_rclpy_executors:/opt/ros/foxy LD_LIBRARY_PATH=/home/ubuntu/nemo_ws/install/camera_info_manager/lib:/home/ubuntu/nemo_ws/install/image_transport/lib:/home/ubuntu/nemo_ws/install/camera_calibration_parsers/lib:${LD_LIBRARY_PATH} /usr/bin/cmake --install /home/ubuntu/nemo_ws/build/v4l2_camera
[102.016s] -- Install configuration: ""
[102.016s] -- Installing: /home/ubuntu/nemo_ws/install/v4l2_camera/include
[102.017s] -- Installing: /home/ubuntu/nemo_ws/install/v4l2_camera/include/v4l2_camera
[102.017s] -- Installing: /home/ubuntu/nemo_ws/install/v4l2_camera/include/v4l2_camera/fourcc.hpp
[102.018s] -- Installing: /home/ubuntu/nemo_ws/install/v4l2_camera/include/v4l2_camera/visibility_control.h
[102.019s] -- Installing: /home/ubuntu/nemo_ws/install/v4l2_camera/include/v4l2_camera/v4l2_camera_device.hpp
[102.019s] -- Installing: /home/ubuntu/nemo_ws/install/v4l2_camera/include/v4l2_camera/pixel_format.hpp
[102.020s] -- Installing: /home/ubuntu/nemo_ws/install/v4l2_camera/include/v4l2_camera/image_format.hpp
[102.021s] -- Installing: /home/ubuntu/nemo_ws/install/v4l2_camera/include/v4l2_camera/control.hpp
[102.022s] -- Installing: /home/ubuntu/nemo_ws/install/v4l2_camera/include/v4l2_camera/v4l2_camera.hpp
[102.023s] -- Installing: /home/ubuntu/nemo_ws/install/v4l2_camera/lib/libv4l2_camera.so
[102.039s] -- Set runtime path of "/home/ubuntu/nemo_ws/install/v4l2_camera/lib/libv4l2_camera.so" to ""
[102.040s] -- Installing: /home/ubuntu/nemo_ws/install/v4l2_camera/lib/v4l2_camera/v4l2_camera_node
[102.043s] -- Set runtime path of "/home/ubuntu/nemo_ws/install/v4l2_camera/lib/v4l2_camera/v4l2_camera_node" to ""
[102.043s] -- Installing: /home/ubuntu/nemo_ws/install/v4l2_camera/lib/v4l2_camera/v4l2_camera_compose_test
[102.059s] -- Set runtime path of "/home/ubuntu/nemo_ws/install/v4l2_camera/lib/v4l2_camera/v4l2_camera_compose_test" to ""
[102.060s] -- Installing: /home/ubuntu/nemo_ws/install/v4l2_camera/share/v4l2_camera/environment/library_path.sh
[102.061s] -- Installing: /home/ubuntu/nemo_ws/install/v4l2_camera/share/v4l2_camera/environment/library_path.dsv
[102.062s] -- Installing: /home/ubuntu/nemo_ws/install/v4l2_camera/share/ament_index/resource_index/package_run_dependencies/v4l2_camera
[102.064s] -- Installing: /home/ubuntu/nemo_ws/install/v4l2_camera/share/ament_index/resource_index/parent_prefix_path/v4l2_camera
[102.065s] -- Installing: /home/ubuntu/nemo_ws/install/v4l2_camera/share/v4l2_camera/environment/ament_prefix_path.sh
[102.066s] -- Installing: /home/ubuntu/nemo_ws/install/v4l2_camera/share/v4l2_camera/environment/ament_prefix_path.dsv
[102.067s] -- Installing: /home/ubuntu/nemo_ws/install/v4l2_camera/share/v4l2_camera/environment/path.sh
[102.068s] -- Installing: /home/ubuntu/nemo_ws/install/v4l2_camera/share/v4l2_camera/environment/path.dsv
[102.069s] -- Installing: /home/ubuntu/nemo_ws/install/v4l2_camera/share/v4l2_camera/local_setup.bash
[102.070s] -- Installing: /home/ubuntu/nemo_ws/install/v4l2_camera/share/v4l2_camera/local_setup.sh
[102.071s] -- Installing: /home/ubuntu/nemo_ws/install/v4l2_camera/share/v4l2_camera/local_setup.zsh
[102.072s] -- Installing: /home/ubuntu/nemo_ws/install/v4l2_camera/share/v4l2_camera/local_setup.dsv
[102.073s] -- Installing: /home/ubuntu/nemo_ws/install/v4l2_camera/share/v4l2_camera/package.dsv
[102.074s] -- Installing: /home/ubuntu/nemo_ws/install/v4l2_camera/share/ament_index/resource_index/packages/v4l2_camera
[102.076s] -- Installing: /home/ubuntu/nemo_ws/install/v4l2_camera/share/ament_index/resource_index/rclcpp_components/v4l2_camera
[102.077s] -- Installing: /home/ubuntu/nemo_ws/install/v4l2_camera/share/v4l2_camera/cmake/export_v4l2_cameraExport.cmake
[102.078s] -- Installing: /home/ubuntu/nemo_ws/install/v4l2_camera/share/v4l2_camera/cmake/export_v4l2_cameraExport-noconfig.cmake
[102.079s] -- Installing: /home/ubuntu/nemo_ws/install/v4l2_camera/share/v4l2_camera/cmake/ament_cmake_export_include_directories-extras.cmake
[102.081s] -- Installing: /home/ubuntu/nemo_ws/install/v4l2_camera/share/v4l2_camera/cmake/ament_cmake_export_targets-extras.cmake
[102.082s] -- Installing: /home/ubuntu/nemo_ws/install/v4l2_camera/share/v4l2_camera/cmake/ament_cmake_export_libraries-extras.cmake
[102.083s] -- Installing: /home/ubuntu/nemo_ws/install/v4l2_camera/share/v4l2_camera/cmake/ament_cmake_export_dependencies-extras.cmake
[102.084s] -- Installing: /home/ubuntu/nemo_ws/install/v4l2_camera/share/v4l2_camera/cmake/v4l2_cameraConfig.cmake
[102.085s] -- Installing: /home/ubuntu/nemo_ws/install/v4l2_camera/share/v4l2_camera/cmake/v4l2_cameraConfig-version.cmake
[102.086s] -- Installing: /home/ubuntu/nemo_ws/install/v4l2_camera/share/v4l2_camera/package.xml
[102.102s] Invoked command in '/home/ubuntu/nemo_ws/build/v4l2_camera' returned '0': AMENT_PREFIX_PATH=/home/ubuntu/nemo_ws/install/camera_info_manager:/home/ubuntu/nemo_ws/install/image_transport:/home/ubuntu/nemo_ws/install/camera_calibration_parsers:${AMENT_PREFIX_PATH} CMAKE_PREFIX_PATH=/home/ubuntu/nemo_ws/install/camera_info_manager:/home/ubuntu/nemo_ws/install/image_transport:/home/ubuntu/nemo_ws/install/camera_calibration_parsers:/home/ubuntu/nemo_ws/install/examples_rclcpp_multithreaded_executor:/home/ubuntu/nemo_ws/install/examples_rclcpp_minimal_timer:/home/ubuntu/nemo_ws/install/examples_rclcpp_minimal_subscriber:/home/ubuntu/nemo_ws/install/examples_rclcpp_minimal_service:/home/ubuntu/nemo_ws/install/examples_rclcpp_minimal_publisher:/home/ubuntu/nemo_ws/install/examples_rclcpp_minimal_composition:/home/ubuntu/nemo_ws/install/examples_rclcpp_minimal_client:/home/ubuntu/nemo_ws/install/examples_rclcpp_minimal_action_server:/home/ubuntu/nemo_ws/install/examples_rclcpp_minimal_action_client:/home/ubuntu/nemo_ws/install/img_basics:/home/ubuntu/nemo_ws/install/examples_rclpy_minimal_subscriber:/home/ubuntu/nemo_ws/install/examples_rclpy_minimal_service:/home/ubuntu/nemo_ws/install/examples_rclpy_minimal_publisher:/home/ubuntu/nemo_ws/install/examples_rclpy_minimal_client:/home/ubuntu/nemo_ws/install/examples_rclpy_minimal_action_server:/home/ubuntu/nemo_ws/install/examples_rclpy_minimal_action_client:/home/ubuntu/nemo_ws/install/examples_rclpy_executors:/opt/ros/foxy LD_LIBRARY_PATH=/home/ubuntu/nemo_ws/install/camera_info_manager/lib:/home/ubuntu/nemo_ws/install/image_transport/lib:/home/ubuntu/nemo_ws/install/camera_calibration_parsers/lib:${LD_LIBRARY_PATH} /usr/bin/cmake --install /home/ubuntu/nemo_ws/build/v4l2_camera
