[0.106s] Invoking command in '/home/ubuntu/nemo_ws/src/build/examples_rclcpp_minimal_action_server': CMAKE_PREFIX_PATH=${CMAKE_PREFIX_PATH}:/home/ubuntu/nemo_ws/install/img_basics:/home/ubuntu/nemo_ws/install/examples_rclpy_minimal_subscriber:/home/ubuntu/nemo_ws/install/examples_rclpy_minimal_service:/home/ubuntu/nemo_ws/install/examples_rclpy_minimal_publisher:/home/ubuntu/nemo_ws/install/examples_rclpy_minimal_client:/home/ubuntu/nemo_ws/install/examples_rclpy_minimal_action_server:/home/ubuntu/nemo_ws/install/examples_rclpy_minimal_action_client:/home/ubuntu/nemo_ws/install/examples_rclpy_executors:/opt/ros/foxy /usr/bin/cmake /home/ubuntu/nemo_ws/src/examples/rclcpp/actions/minimal_action_server -DCMAKE_INSTALL_PREFIX=/home/ubuntu/nemo_ws/src/install/examples_rclcpp_minimal_action_server
[0.497s] -- The C compiler identification is GNU 9.4.0
[0.802s] -- The CXX compiler identification is GNU 9.4.0
[0.835s] -- Check for working C compiler: /usr/bin/cc
[1.263s] -- Check for working C compiler: /usr/bin/cc -- works
[1.267s] -- Detecting C compiler ABI info
[1.716s] -- Detecting C compiler ABI info - done
[1.764s] -- Detecting C compile features
[1.767s] -- Detecting C compile features - done
[1.781s] -- Check for working CXX compiler: /usr/bin/c++
[2.263s] -- Check for working CXX compiler: /usr/bin/c++ -- works
[2.270s] -- Detecting CXX compiler ABI info
[2.761s] -- Detecting CXX compiler ABI info - done
[2.812s] -- Detecting CXX compile features
[2.815s] -- Detecting CXX compile features - done
[2.864s] -- Found ament_cmake: 0.9.9 (/opt/ros/foxy/share/ament_cmake/cmake)
[3.104s] -- Found PythonInterp: /usr/bin/python3 (found suitable version "3.8.10", minimum required is "3") 
[3.106s] -- Using PYTHON_EXECUTABLE: /usr/bin/python3
[5.349s] -- Found example_interfaces: 0.9.1 (/opt/ros/foxy/share/example_interfaces/cmake)
[5.835s] -- Using all available rosidl_typesupport_c: rosidl_typesupport_fastrtps_c;rosidl_typesupport_introspection_c
[5.970s] -- Found rosidl_adapter: 1.2.1 (/opt/ros/foxy/share/rosidl_adapter/cmake)
[6.833s] -- Found OpenSSL: /usr/lib/aarch64-linux-gnu/libcrypto.so (found version "1.1.1f")  
[7.161s] -- Found FastRTPS: /opt/ros/foxy/include  
[8.032s] -- Using all available rosidl_typesupport_cpp: rosidl_typesupport_fastrtps_cpp;rosidl_typesupport_introspection_cpp
[8.901s] -- Found rclcpp: 2.4.1 (/opt/ros/foxy/share/rclcpp/cmake)
[9.414s] -- Found rmw_implementation_cmake: 1.0.3 (/opt/ros/foxy/share/rmw_implementation_cmake/cmake)
[9.430s] -- Using RMW implementation 'rmw_fastrtps_cpp' as default
[9.437s] -- Looking for pthread.h
[9.900s] -- Looking for pthread.h - found
[9.901s] -- Performing Test CMAKE_HAVE_LIBC_PTHREAD
[10.355s] -- Performing Test CMAKE_HAVE_LIBC_PTHREAD - Failed
[10.356s] -- Looking for pthread_create in pthreads
[10.736s] -- Looking for pthread_create in pthreads - not found
[10.738s] -- Looking for pthread_create in pthread
[11.188s] -- Looking for pthread_create in pthread - found
[11.194s] -- Found Threads: TRUE  
[12.245s] -- Found rclcpp_action: 2.4.1 (/opt/ros/foxy/share/rclcpp_action/cmake)
[12.515s] -- Found ament_lint_auto: 0.9.6 (/opt/ros/foxy/share/ament_lint_auto/cmake)
[13.382s] -- Added test 'copyright' to check source files copyright and LICENSE
[13.393s] -- Added test 'cppcheck' to perform static code analysis on C / C++ code
[13.395s] -- Configured cppcheck include dirs: 
[13.396s] -- Configured cppcheck exclude dirs and/or files: 
[13.405s] -- Added test 'cpplint' to check C / C++ code against the Google style
[13.405s] -- Configured cpplint exclude dirs and/or files: 
[13.415s] -- Added test 'lint_cmake' to check CMake code style
[13.426s] -- Added test 'uncrustify' to check C / C++ code style
[13.428s] -- Configured uncrustify additional arguments: 
[13.435s] -- Added test 'xmllint' to check XML markup files
[13.467s] -- Configuring done
[13.538s] -- Generating done
[13.548s] -- Build files have been written to: /home/ubuntu/nemo_ws/src/build/examples_rclcpp_minimal_action_server
[13.608s] Invoked command in '/home/ubuntu/nemo_ws/src/build/examples_rclcpp_minimal_action_server' returned '0': CMAKE_PREFIX_PATH=${CMAKE_PREFIX_PATH}:/home/ubuntu/nemo_ws/install/img_basics:/home/ubuntu/nemo_ws/install/examples_rclpy_minimal_subscriber:/home/ubuntu/nemo_ws/install/examples_rclpy_minimal_service:/home/ubuntu/nemo_ws/install/examples_rclpy_minimal_publisher:/home/ubuntu/nemo_ws/install/examples_rclpy_minimal_client:/home/ubuntu/nemo_ws/install/examples_rclpy_minimal_action_server:/home/ubuntu/nemo_ws/install/examples_rclpy_minimal_action_client:/home/ubuntu/nemo_ws/install/examples_rclpy_executors:/opt/ros/foxy /usr/bin/cmake /home/ubuntu/nemo_ws/src/examples/rclcpp/actions/minimal_action_server -DCMAKE_INSTALL_PREFIX=/home/ubuntu/nemo_ws/src/install/examples_rclcpp_minimal_action_server
[13.612s] Invoking command in '/home/ubuntu/nemo_ws/src/build/examples_rclcpp_minimal_action_server': CMAKE_PREFIX_PATH=${CMAKE_PREFIX_PATH}:/home/ubuntu/nemo_ws/install/img_basics:/home/ubuntu/nemo_ws/install/examples_rclpy_minimal_subscriber:/home/ubuntu/nemo_ws/install/examples_rclpy_minimal_service:/home/ubuntu/nemo_ws/install/examples_rclpy_minimal_publisher:/home/ubuntu/nemo_ws/install/examples_rclpy_minimal_client:/home/ubuntu/nemo_ws/install/examples_rclpy_minimal_action_server:/home/ubuntu/nemo_ws/install/examples_rclpy_minimal_action_client:/home/ubuntu/nemo_ws/install/examples_rclpy_executors:/opt/ros/foxy /usr/bin/cmake --build /home/ubuntu/nemo_ws/src/build/examples_rclcpp_minimal_action_server -- -j4 -l4
[13.898s] [35m[1mScanning dependencies of target action_server_not_composable[0m
[14.192s] [ 25%] [32mBuilding CXX object CMakeFiles/action_server_not_composable.dir/not_composable.cpp.o[0m
[31.621s] [ 50%] [32m[1mLinking CXX executable action_server_not_composable[0m
[32.655s] [ 50%] Built target action_server_not_composable
[32.730s] [35m[1mScanning dependencies of target action_server_member_functions[0m
[33.022s] [ 75%] [32mBuilding CXX object CMakeFiles/action_server_member_functions.dir/member_functions.cpp.o[0m
[52.415s] [100%] [32m[1mLinking CXX executable action_server_member_functions[0m
[53.528s] [100%] Built target action_server_member_functions
[53.609s] Invoked command in '/home/ubuntu/nemo_ws/src/build/examples_rclcpp_minimal_action_server' returned '0': CMAKE_PREFIX_PATH=${CMAKE_PREFIX_PATH}:/home/ubuntu/nemo_ws/install/img_basics:/home/ubuntu/nemo_ws/install/examples_rclpy_minimal_subscriber:/home/ubuntu/nemo_ws/install/examples_rclpy_minimal_service:/home/ubuntu/nemo_ws/install/examples_rclpy_minimal_publisher:/home/ubuntu/nemo_ws/install/examples_rclpy_minimal_client:/home/ubuntu/nemo_ws/install/examples_rclpy_minimal_action_server:/home/ubuntu/nemo_ws/install/examples_rclpy_minimal_action_client:/home/ubuntu/nemo_ws/install/examples_rclpy_executors:/opt/ros/foxy /usr/bin/cmake --build /home/ubuntu/nemo_ws/src/build/examples_rclcpp_minimal_action_server -- -j4 -l4
[53.850s] Invoking command in '/home/ubuntu/nemo_ws/src/build/examples_rclcpp_minimal_action_server': CMAKE_PREFIX_PATH=${CMAKE_PREFIX_PATH}:/home/ubuntu/nemo_ws/install/img_basics:/home/ubuntu/nemo_ws/install/examples_rclpy_minimal_subscriber:/home/ubuntu/nemo_ws/install/examples_rclpy_minimal_service:/home/ubuntu/nemo_ws/install/examples_rclpy_minimal_publisher:/home/ubuntu/nemo_ws/install/examples_rclpy_minimal_client:/home/ubuntu/nemo_ws/install/examples_rclpy_minimal_action_server:/home/ubuntu/nemo_ws/install/examples_rclpy_minimal_action_client:/home/ubuntu/nemo_ws/install/examples_rclpy_executors:/opt/ros/foxy /usr/bin/cmake --install /home/ubuntu/nemo_ws/src/build/examples_rclcpp_minimal_action_server
[53.927s] -- Install configuration: ""
[53.930s] -- Installing: /home/ubuntu/nemo_ws/src/install/examples_rclcpp_minimal_action_server/lib/examples_rclcpp_minimal_action_server/action_server_not_composable
[53.938s] -- Set runtime path of "/home/ubuntu/nemo_ws/src/install/examples_rclcpp_minimal_action_server/lib/examples_rclcpp_minimal_action_server/action_server_not_composable" to ""
[53.941s] -- Installing: /home/ubuntu/nemo_ws/src/install/examples_rclcpp_minimal_action_server/lib/examples_rclcpp_minimal_action_server/action_server_member_functions
[53.949s] -- Set runtime path of "/home/ubuntu/nemo_ws/src/install/examples_rclcpp_minimal_action_server/lib/examples_rclcpp_minimal_action_server/action_server_member_functions" to ""
[53.952s] -- Installing: /home/ubuntu/nemo_ws/src/install/examples_rclcpp_minimal_action_server/share/ament_index/resource_index/package_run_dependencies/examples_rclcpp_minimal_action_server
[53.956s] -- Installing: /home/ubuntu/nemo_ws/src/install/examples_rclcpp_minimal_action_server/share/ament_index/resource_index/parent_prefix_path/examples_rclcpp_minimal_action_server
[53.960s] -- Installing: /home/ubuntu/nemo_ws/src/install/examples_rclcpp_minimal_action_server/share/examples_rclcpp_minimal_action_server/environment/ament_prefix_path.sh
[53.963s] -- Installing: /home/ubuntu/nemo_ws/src/install/examples_rclcpp_minimal_action_server/share/examples_rclcpp_minimal_action_server/environment/ament_prefix_path.dsv
[53.966s] -- Installing: /home/ubuntu/nemo_ws/src/install/examples_rclcpp_minimal_action_server/share/examples_rclcpp_minimal_action_server/environment/path.sh
[53.969s] -- Installing: /home/ubuntu/nemo_ws/src/install/examples_rclcpp_minimal_action_server/share/examples_rclcpp_minimal_action_server/environment/path.dsv
[53.972s] -- Installing: /home/ubuntu/nemo_ws/src/install/examples_rclcpp_minimal_action_server/share/examples_rclcpp_minimal_action_server/local_setup.bash
[53.976s] -- Installing: /home/ubuntu/nemo_ws/src/install/examples_rclcpp_minimal_action_server/share/examples_rclcpp_minimal_action_server/local_setup.sh
[53.979s] -- Installing: /home/ubuntu/nemo_ws/src/install/examples_rclcpp_minimal_action_server/share/examples_rclcpp_minimal_action_server/local_setup.zsh
[53.983s] -- Installing: /home/ubuntu/nemo_ws/src/install/examples_rclcpp_minimal_action_server/share/examples_rclcpp_minimal_action_server/local_setup.dsv
[53.987s] -- Installing: /home/ubuntu/nemo_ws/src/install/examples_rclcpp_minimal_action_server/share/examples_rclcpp_minimal_action_server/package.dsv
[53.991s] -- Installing: /home/ubuntu/nemo_ws/src/install/examples_rclcpp_minimal_action_server/share/ament_index/resource_index/packages/examples_rclcpp_minimal_action_server
[53.994s] -- Installing: /home/ubuntu/nemo_ws/src/install/examples_rclcpp_minimal_action_server/share/examples_rclcpp_minimal_action_server/cmake/examples_rclcpp_minimal_action_serverConfig.cmake
[53.997s] -- Installing: /home/ubuntu/nemo_ws/src/install/examples_rclcpp_minimal_action_server/share/examples_rclcpp_minimal_action_server/cmake/examples_rclcpp_minimal_action_serverConfig-version.cmake
[54.000s] -- Installing: /home/ubuntu/nemo_ws/src/install/examples_rclcpp_minimal_action_server/share/examples_rclcpp_minimal_action_server/package.xml
[54.025s] Invoked command in '/home/ubuntu/nemo_ws/src/build/examples_rclcpp_minimal_action_server' returned '0': CMAKE_PREFIX_PATH=${CMAKE_PREFIX_PATH}:/home/ubuntu/nemo_ws/install/img_basics:/home/ubuntu/nemo_ws/install/examples_rclpy_minimal_subscriber:/home/ubuntu/nemo_ws/install/examples_rclpy_minimal_service:/home/ubuntu/nemo_ws/install/examples_rclpy_minimal_publisher:/home/ubuntu/nemo_ws/install/examples_rclpy_minimal_client:/home/ubuntu/nemo_ws/install/examples_rclpy_minimal_action_server:/home/ubuntu/nemo_ws/install/examples_rclpy_minimal_action_client:/home/ubuntu/nemo_ws/install/examples_rclpy_executors:/opt/ros/foxy /usr/bin/cmake --install /home/ubuntu/nemo_ws/src/build/examples_rclcpp_minimal_action_server
