[4.492s] Invoking command in '/home/ubuntu/nemo_ws/src/examples/rclpy/services/minimal_service': PYTHONPATH=/home/ubuntu/nemo_ws/src/install/examples_rclpy_minimal_service/lib/python3.8/site-packages:${PYTHONPATH} /usr/bin/python3 setup.py egg_info --egg-base ../../../../build/examples_rclpy_minimal_service build --build-base /home/ubuntu/nemo_ws/src/build/examples_rclpy_minimal_service/build install --prefix /home/ubuntu/nemo_ws/src/install/examples_rclpy_minimal_service --record /home/ubuntu/nemo_ws/src/build/examples_rclpy_minimal_service/install.log --single-version-externally-managed
[6.338s] running egg_info
[6.341s] creating ../../../../build/examples_rclpy_minimal_service/examples_rclpy_minimal_service.egg-info
[6.343s] writing ../../../../build/examples_rclpy_minimal_service/examples_rclpy_minimal_service.egg-info/PKG-INFO
[6.345s] writing dependency_links to ../../../../build/examples_rclpy_minimal_service/examples_rclpy_minimal_service.egg-info/dependency_links.txt
[6.346s] writing entry points to ../../../../build/examples_rclpy_minimal_service/examples_rclpy_minimal_service.egg-info/entry_points.txt
[6.347s] writing requirements to ../../../../build/examples_rclpy_minimal_service/examples_rclpy_minimal_service.egg-info/requires.txt
[6.348s] writing top-level names to ../../../../build/examples_rclpy_minimal_service/examples_rclpy_minimal_service.egg-info/top_level.txt
[6.359s] writing manifest file '../../../../build/examples_rclpy_minimal_service/examples_rclpy_minimal_service.egg-info/SOURCES.txt'
[6.556s] reading manifest file '../../../../build/examples_rclpy_minimal_service/examples_rclpy_minimal_service.egg-info/SOURCES.txt'
[6.563s] writing manifest file '../../../../build/examples_rclpy_minimal_service/examples_rclpy_minimal_service.egg-info/SOURCES.txt'
[6.564s] running build
[6.565s] running build_py
[6.566s] creating /home/ubuntu/nemo_ws/src/build/examples_rclpy_minimal_service/build
[6.567s] creating /home/ubuntu/nemo_ws/src/build/examples_rclpy_minimal_service/build/lib
[6.569s] creating /home/ubuntu/nemo_ws/src/build/examples_rclpy_minimal_service/build/lib/examples_rclpy_minimal_service
[6.569s] copying examples_rclpy_minimal_service/service.py -> /home/ubuntu/nemo_ws/src/build/examples_rclpy_minimal_service/build/lib/examples_rclpy_minimal_service
[6.572s] copying examples_rclpy_minimal_service/__init__.py -> /home/ubuntu/nemo_ws/src/build/examples_rclpy_minimal_service/build/lib/examples_rclpy_minimal_service
[6.573s] copying examples_rclpy_minimal_service/service_member_function.py -> /home/ubuntu/nemo_ws/src/build/examples_rclpy_minimal_service/build/lib/examples_rclpy_minimal_service
[6.577s] running install
[6.586s] running install_lib
[6.595s] creating /home/ubuntu/nemo_ws/src/install/examples_rclpy_minimal_service/lib/python3.8/site-packages/examples_rclpy_minimal_service
[6.597s] copying /home/ubuntu/nemo_ws/src/build/examples_rclpy_minimal_service/build/lib/examples_rclpy_minimal_service/service.py -> /home/ubuntu/nemo_ws/src/install/examples_rclpy_minimal_service/lib/python3.8/site-packages/examples_rclpy_minimal_service
[6.599s] copying /home/ubuntu/nemo_ws/src/build/examples_rclpy_minimal_service/build/lib/examples_rclpy_minimal_service/__init__.py -> /home/ubuntu/nemo_ws/src/install/examples_rclpy_minimal_service/lib/python3.8/site-packages/examples_rclpy_minimal_service
[6.601s] copying /home/ubuntu/nemo_ws/src/build/examples_rclpy_minimal_service/build/lib/examples_rclpy_minimal_service/service_member_function.py -> /home/ubuntu/nemo_ws/src/install/examples_rclpy_minimal_service/lib/python3.8/site-packages/examples_rclpy_minimal_service
[6.606s] byte-compiling /home/ubuntu/nemo_ws/src/install/examples_rclpy_minimal_service/lib/python3.8/site-packages/examples_rclpy_minimal_service/service.py to service.cpython-38.pyc
[6.614s] byte-compiling /home/ubuntu/nemo_ws/src/install/examples_rclpy_minimal_service/lib/python3.8/site-packages/examples_rclpy_minimal_service/__init__.py to __init__.cpython-38.pyc
[6.616s] byte-compiling /home/ubuntu/nemo_ws/src/install/examples_rclpy_minimal_service/lib/python3.8/site-packages/examples_rclpy_minimal_service/service_member_function.py to service_member_function.cpython-38.pyc
[6.620s] running install_data
[6.625s] creating /home/ubuntu/nemo_ws/src/install/examples_rclpy_minimal_service/share/ament_index
[6.626s] creating /home/ubuntu/nemo_ws/src/install/examples_rclpy_minimal_service/share/ament_index/resource_index
[6.628s] creating /home/ubuntu/nemo_ws/src/install/examples_rclpy_minimal_service/share/ament_index/resource_index/packages
[6.629s] copying resource/examples_rclpy_minimal_service -> /home/ubuntu/nemo_ws/src/install/examples_rclpy_minimal_service/share/ament_index/resource_index/packages
[6.632s] copying package.xml -> /home/ubuntu/nemo_ws/src/install/examples_rclpy_minimal_service/share/examples_rclpy_minimal_service
[6.634s] running install_egg_info
[6.646s] Copying ../../../../build/examples_rclpy_minimal_service/examples_rclpy_minimal_service.egg-info to /home/ubuntu/nemo_ws/src/install/examples_rclpy_minimal_service/lib/python3.8/site-packages/examples_rclpy_minimal_service-0.9.4-py3.8.egg-info
[6.658s] running install_scripts
[6.759s] Installing service script to /home/ubuntu/nemo_ws/src/install/examples_rclpy_minimal_service/lib/examples_rclpy_minimal_service
[6.761s] Installing service_member_function script to /home/ubuntu/nemo_ws/src/install/examples_rclpy_minimal_service/lib/examples_rclpy_minimal_service
[6.763s] writing list of installed files to '/home/ubuntu/nemo_ws/src/build/examples_rclpy_minimal_service/install.log'
[6.909s] Invoked command in '/home/ubuntu/nemo_ws/src/examples/rclpy/services/minimal_service' returned '0': PYTHONPATH=/home/ubuntu/nemo_ws/src/install/examples_rclpy_minimal_service/lib/python3.8/site-packages:${PYTHONPATH} /usr/bin/python3 setup.py egg_info --egg-base ../../../../build/examples_rclpy_minimal_service build --build-base /home/ubuntu/nemo_ws/src/build/examples_rclpy_minimal_service/build install --prefix /home/ubuntu/nemo_ws/src/install/examples_rclpy_minimal_service --record /home/ubuntu/nemo_ws/src/build/examples_rclpy_minimal_service/install.log --single-version-externally-managed
