[0.262s] Invoking command in '/home/ubuntu/nemo_ws/src/build/camera_calibration_parsers': CMAKE_PREFIX_PATH=${CMAKE_PREFIX_PATH}:/home/ubuntu/nemo_ws/install/path_finder:/home/ubuntu/nemo_ws/install/opencv_tests:/home/ubuntu/nemo_ws/install/img_basics:/home/ubuntu/nemo_ws/install/examples_rclpy_minimal_subscriber:/home/ubuntu/nemo_ws/install/examples_rclpy_minimal_service:/home/ubuntu/nemo_ws/install/examples_rclpy_minimal_publisher:/home/ubuntu/nemo_ws/install/examples_rclpy_minimal_client:/home/ubuntu/nemo_ws/install/examples_rclpy_minimal_action_server:/home/ubuntu/nemo_ws/install/examples_rclpy_minimal_action_client:/home/ubuntu/nemo_ws/install/examples_rclpy_executors:/opt/ros/foxy /usr/bin/cmake --build /home/ubuntu/nemo_ws/src/build/camera_calibration_parsers -- -j4 -l4
[0.929s] [ 14%] Built target gtest
[1.092s] [ 28%] Built target gtest_main
[1.365s] [ 57%] Built target camera_calibration_parsers
[1.622s] [ 71%] Built target camera_calibration_parsers-parse_yml
[1.868s] [ 85%] Built target convert
[2.105s] [100%] Built target camera_calibration_parsers-parse_ini
[2.227s] Invoked command in '/home/ubuntu/nemo_ws/src/build/camera_calibration_parsers' returned '0': CMAKE_PREFIX_PATH=${CMAKE_PREFIX_PATH}:/home/ubuntu/nemo_ws/install/path_finder:/home/ubuntu/nemo_ws/install/opencv_tests:/home/ubuntu/nemo_ws/install/img_basics:/home/ubuntu/nemo_ws/install/examples_rclpy_minimal_subscriber:/home/ubuntu/nemo_ws/install/examples_rclpy_minimal_service:/home/ubuntu/nemo_ws/install/examples_rclpy_minimal_publisher:/home/ubuntu/nemo_ws/install/examples_rclpy_minimal_client:/home/ubuntu/nemo_ws/install/examples_rclpy_minimal_action_server:/home/ubuntu/nemo_ws/install/examples_rclpy_minimal_action_client:/home/ubuntu/nemo_ws/install/examples_rclpy_executors:/opt/ros/foxy /usr/bin/cmake --build /home/ubuntu/nemo_ws/src/build/camera_calibration_parsers -- -j4 -l4
[2.941s] Invoking command in '/home/ubuntu/nemo_ws/src/build/camera_calibration_parsers': CMAKE_PREFIX_PATH=${CMAKE_PREFIX_PATH}:/home/ubuntu/nemo_ws/install/path_finder:/home/ubuntu/nemo_ws/install/opencv_tests:/home/ubuntu/nemo_ws/install/img_basics:/home/ubuntu/nemo_ws/install/examples_rclpy_minimal_subscriber:/home/ubuntu/nemo_ws/install/examples_rclpy_minimal_service:/home/ubuntu/nemo_ws/install/examples_rclpy_minimal_publisher:/home/ubuntu/nemo_ws/install/examples_rclpy_minimal_client:/home/ubuntu/nemo_ws/install/examples_rclpy_minimal_action_server:/home/ubuntu/nemo_ws/install/examples_rclpy_minimal_action_client:/home/ubuntu/nemo_ws/install/examples_rclpy_executors:/opt/ros/foxy /usr/bin/cmake --install /home/ubuntu/nemo_ws/src/build/camera_calibration_parsers
[3.050s] -- Install configuration: ""
[3.054s] -- Up-to-date: /home/ubuntu/nemo_ws/src/install/camera_calibration_parsers/lib/libcamera_calibration_parsers.so
[3.058s] -- Up-to-date: /home/ubuntu/nemo_ws/src/install/camera_calibration_parsers/lib/camera_calibration_parsers/convert
[3.060s] -- Up-to-date: /home/ubuntu/nemo_ws/src/install/camera_calibration_parsers/include
[3.061s] -- Up-to-date: /home/ubuntu/nemo_ws/src/install/camera_calibration_parsers/include/camera_calibration_parsers
[3.062s] -- Up-to-date: /home/ubuntu/nemo_ws/src/install/camera_calibration_parsers/include/camera_calibration_parsers/parse_yml.hpp
[3.062s] -- Up-to-date: /home/ubuntu/nemo_ws/src/install/camera_calibration_parsers/include/camera_calibration_parsers/parse_ini.h
[3.062s] -- Up-to-date: /home/ubuntu/nemo_ws/src/install/camera_calibration_parsers/include/camera_calibration_parsers/parse.h
[3.066s] -- Up-to-date: /home/ubuntu/nemo_ws/src/install/camera_calibration_parsers/include/camera_calibration_parsers/parse_ini.hpp
[3.067s] -- Up-to-date: /home/ubuntu/nemo_ws/src/install/camera_calibration_parsers/include/camera_calibration_parsers/visibility_control.hpp
[3.067s] -- Up-to-date: /home/ubuntu/nemo_ws/src/install/camera_calibration_parsers/include/camera_calibration_parsers/parse_yml.h
[3.068s] -- Up-to-date: /home/ubuntu/nemo_ws/src/install/camera_calibration_parsers/include/camera_calibration_parsers/parse.hpp
[3.069s] -- Up-to-date: /home/ubuntu/nemo_ws/src/install/camera_calibration_parsers/share/camera_calibration_parsers/environment/library_path.sh
[3.069s] -- Up-to-date: /home/ubuntu/nemo_ws/src/install/camera_calibration_parsers/share/camera_calibration_parsers/environment/library_path.dsv
[3.070s] -- Up-to-date: /home/ubuntu/nemo_ws/src/install/camera_calibration_parsers/share/ament_index/resource_index/package_run_dependencies/camera_calibration_parsers
[3.070s] -- Up-to-date: /home/ubuntu/nemo_ws/src/install/camera_calibration_parsers/share/ament_index/resource_index/parent_prefix_path/camera_calibration_parsers
[3.073s] -- Up-to-date: /home/ubuntu/nemo_ws/src/install/camera_calibration_parsers/share/camera_calibration_parsers/environment/ament_prefix_path.sh
[3.074s] -- Up-to-date: /home/ubuntu/nemo_ws/src/install/camera_calibration_parsers/share/camera_calibration_parsers/environment/ament_prefix_path.dsv
[3.074s] -- Up-to-date: /home/ubuntu/nemo_ws/src/install/camera_calibration_parsers/share/camera_calibration_parsers/environment/path.sh
[3.075s] -- Up-to-date: /home/ubuntu/nemo_ws/src/install/camera_calibration_parsers/share/camera_calibration_parsers/environment/path.dsv
[3.076s] -- Up-to-date: /home/ubuntu/nemo_ws/src/install/camera_calibration_parsers/share/camera_calibration_parsers/local_setup.bash
[3.082s] -- Up-to-date: /home/ubuntu/nemo_ws/src/install/camera_calibration_parsers/share/camera_calibration_parsers/local_setup.sh
[3.084s] -- Up-to-date: /home/ubuntu/nemo_ws/src/install/camera_calibration_parsers/share/camera_calibration_parsers/local_setup.zsh
[3.085s] -- Up-to-date: /home/ubuntu/nemo_ws/src/install/camera_calibration_parsers/share/camera_calibration_parsers/local_setup.dsv
[3.087s] -- Installing: /home/ubuntu/nemo_ws/src/install/camera_calibration_parsers/share/camera_calibration_parsers/package.dsv
[3.088s] -- Up-to-date: /home/ubuntu/nemo_ws/src/install/camera_calibration_parsers/share/ament_index/resource_index/packages/camera_calibration_parsers
[3.089s] -- Up-to-date: /home/ubuntu/nemo_ws/src/install/camera_calibration_parsers/share/camera_calibration_parsers/cmake/ament_cmake_export_include_directories-extras.cmake
[3.090s] -- Up-to-date: /home/ubuntu/nemo_ws/src/install/camera_calibration_parsers/share/camera_calibration_parsers/cmake/ament_cmake_export_libraries-extras.cmake
[3.091s] -- Up-to-date: /home/ubuntu/nemo_ws/src/install/camera_calibration_parsers/share/camera_calibration_parsers/cmake/ament_cmake_export_dependencies-extras.cmake
[3.091s] -- Up-to-date: /home/ubuntu/nemo_ws/src/install/camera_calibration_parsers/share/camera_calibration_parsers/cmake/camera_calibration_parsersConfig.cmake
[3.092s] -- Up-to-date: /home/ubuntu/nemo_ws/src/install/camera_calibration_parsers/share/camera_calibration_parsers/cmake/camera_calibration_parsersConfig-version.cmake
[3.094s] -- Up-to-date: /home/ubuntu/nemo_ws/src/install/camera_calibration_parsers/share/camera_calibration_parsers/package.xml
[3.113s] Invoked command in '/home/ubuntu/nemo_ws/src/build/camera_calibration_parsers' returned '0': CMAKE_PREFIX_PATH=${CMAKE_PREFIX_PATH}:/home/ubuntu/nemo_ws/install/path_finder:/home/ubuntu/nemo_ws/install/opencv_tests:/home/ubuntu/nemo_ws/install/img_basics:/home/ubuntu/nemo_ws/install/examples_rclpy_minimal_subscriber:/home/ubuntu/nemo_ws/install/examples_rclpy_minimal_service:/home/ubuntu/nemo_ws/install/examples_rclpy_minimal_publisher:/home/ubuntu/nemo_ws/install/examples_rclpy_minimal_client:/home/ubuntu/nemo_ws/install/examples_rclpy_minimal_action_server:/home/ubuntu/nemo_ws/install/examples_rclpy_minimal_action_client:/home/ubuntu/nemo_ws/install/examples_rclpy_executors:/opt/ros/foxy /usr/bin/cmake --install /home/ubuntu/nemo_ws/src/build/camera_calibration_parsers
