[5.795s] Invoking command in '/home/ubuntu/nemo_ws/src/examples/rclpy/executors': PYTHONPATH=/home/ubuntu/nemo_ws/install/examples_rclpy_executors/lib/python3.8/site-packages:${PYTHONPATH} /usr/bin/python3 setup.py egg_info --egg-base ../../../../build/examples_rclpy_executors build --build-base /home/ubuntu/nemo_ws/build/examples_rclpy_executors/build install --prefix /home/ubuntu/nemo_ws/install/examples_rclpy_executors --record /home/ubuntu/nemo_ws/build/examples_rclpy_executors/install.log --single-version-externally-managed
[7.136s] running egg_info
[7.140s] writing ../../../../build/examples_rclpy_executors/examples_rclpy_executors.egg-info/PKG-INFO
[7.142s] writing dependency_links to ../../../../build/examples_rclpy_executors/examples_rclpy_executors.egg-info/dependency_links.txt
[7.145s] writing entry points to ../../../../build/examples_rclpy_executors/examples_rclpy_executors.egg-info/entry_points.txt
[7.147s] writing requirements to ../../../../build/examples_rclpy_executors/examples_rclpy_executors.egg-info/requires.txt
[7.149s] writing top-level names to ../../../../build/examples_rclpy_executors/examples_rclpy_executors.egg-info/top_level.txt
[7.326s] reading manifest file '../../../../build/examples_rclpy_executors/examples_rclpy_executors.egg-info/SOURCES.txt'
[7.331s] writing manifest file '../../../../build/examples_rclpy_executors/examples_rclpy_executors.egg-info/SOURCES.txt'
[7.333s] running build
[7.333s] running build_py
[7.341s] running install
[7.348s] running install_lib
[7.361s] running install_data
[7.365s] running install_egg_info
[7.375s] removing '/home/ubuntu/nemo_ws/install/examples_rclpy_executors/lib/python3.8/site-packages/examples_rclpy_executors-0.9.4-py3.8.egg-info' (and everything under it)
[7.379s] Copying ../../../../build/examples_rclpy_executors/examples_rclpy_executors.egg-info to /home/ubuntu/nemo_ws/install/examples_rclpy_executors/lib/python3.8/site-packages/examples_rclpy_executors-0.9.4-py3.8.egg-info
[7.388s] running install_scripts
[7.545s] Installing callback_group script to /home/ubuntu/nemo_ws/install/examples_rclpy_executors/lib/examples_rclpy_executors
[7.553s] Installing composed script to /home/ubuntu/nemo_ws/install/examples_rclpy_executors/lib/examples_rclpy_executors
[7.560s] Installing custom_callback_group script to /home/ubuntu/nemo_ws/install/examples_rclpy_executors/lib/examples_rclpy_executors
[7.567s] Installing custom_executor script to /home/ubuntu/nemo_ws/install/examples_rclpy_executors/lib/examples_rclpy_executors
[7.574s] Installing listener script to /home/ubuntu/nemo_ws/install/examples_rclpy_executors/lib/examples_rclpy_executors
[7.581s] Installing talker script to /home/ubuntu/nemo_ws/install/examples_rclpy_executors/lib/examples_rclpy_executors
[7.590s] writing list of installed files to '/home/ubuntu/nemo_ws/build/examples_rclpy_executors/install.log'
[7.896s] Invoked command in '/home/ubuntu/nemo_ws/src/examples/rclpy/executors' returned '0': PYTHONPATH=/home/ubuntu/nemo_ws/install/examples_rclpy_executors/lib/python3.8/site-packages:${PYTHONPATH} /usr/bin/python3 setup.py egg_info --egg-base ../../../../build/examples_rclpy_executors build --build-base /home/ubuntu/nemo_ws/build/examples_rclpy_executors/build install --prefix /home/ubuntu/nemo_ws/install/examples_rclpy_executors --record /home/ubuntu/nemo_ws/build/examples_rclpy_executors/install.log --single-version-externally-managed
