[0.173s] Invoking command in '/home/ubuntu/nemo_ws/src/build/cv_bridge': CMAKE_PREFIX_PATH=${CMAKE_PREFIX_PATH}:/home/ubuntu/nemo_ws/install/img_basics:/home/ubuntu/nemo_ws/install/examples_rclpy_minimal_subscriber:/home/ubuntu/nemo_ws/install/examples_rclpy_minimal_service:/home/ubuntu/nemo_ws/install/examples_rclpy_minimal_publisher:/home/ubuntu/nemo_ws/install/examples_rclpy_minimal_client:/home/ubuntu/nemo_ws/install/examples_rclpy_minimal_action_server:/home/ubuntu/nemo_ws/install/examples_rclpy_minimal_action_client:/home/ubuntu/nemo_ws/install/examples_rclpy_executors:/opt/ros/foxy /usr/bin/cmake /home/ubuntu/nemo_ws/src/vision_opencv/cv_bridge -DCMAKE_INSTALL_PREFIX=/home/ubuntu/nemo_ws/src/install/cv_bridge
[1.295s] -- The C compiler identification is GNU 9.4.0
[2.255s] -- The CXX compiler identification is GNU 9.4.0
[2.294s] -- Check for working C compiler: /usr/bin/cc
[2.773s] -- Check for working C compiler: /usr/bin/cc -- works
[2.784s] -- Detecting C compiler ABI info
[3.246s] -- Detecting C compiler ABI info - done
[3.276s] -- Detecting C compile features
[3.277s] -- Detecting C compile features - done
[3.287s] -- Check for working CXX compiler: /usr/bin/c++
[3.782s] -- Check for working CXX compiler: /usr/bin/c++ -- works
[3.791s] -- Detecting CXX compiler ABI info
[4.294s] -- Detecting CXX compiler ABI info - done
[4.343s] -- Detecting CXX compile features
[4.346s] -- Detecting CXX compile features - done
[4.393s] -- Found ament_cmake_ros: 0.9.2 (/opt/ros/foxy/share/ament_cmake_ros/cmake)
[4.749s] -- Found PythonInterp: /usr/bin/python3 (found suitable version "3.8.10", minimum required is "3") 
[4.749s] -- Using PYTHON_EXECUTABLE: /usr/bin/python3
[9.765s] -- Found Python3: /usr/lib/aarch64-linux-gnu/libpython3.8.so (found version "3.8.10") found components: Development NumPy Interpreter 
[9.933s] -- Found Boost: /usr/lib/aarch64-linux-gnu/cmake/Boost-1.71.0/BoostConfig.cmake (found version "1.71.0") found components: python38 
[9.970s] -- Found rcpputils: 1.3.2 (/opt/ros/foxy/share/rcpputils/cmake)
[10.106s] -- Found sensor_msgs: 2.0.5 (/opt/ros/foxy/share/sensor_msgs/cmake)
[10.370s] -- Using all available rosidl_typesupport_c: rosidl_typesupport_fastrtps_c;rosidl_typesupport_introspection_c
[10.492s] -- Found rosidl_adapter: 1.2.1 (/opt/ros/foxy/share/rosidl_adapter/cmake)
[11.394s] -- Found OpenSSL: /usr/lib/aarch64-linux-gnu/libcrypto.so (found version "1.1.1f")  
[11.712s] -- Found FastRTPS: /opt/ros/foxy/include  
[12.453s] -- Using all available rosidl_typesupport_cpp: rosidl_typesupport_fastrtps_cpp;rosidl_typesupport_introspection_cpp
[13.980s] -- Performing Test COMPILER_HAS_HIDDEN_VISIBILITY
[15.188s] -- Performing Test COMPILER_HAS_HIDDEN_VISIBILITY - Success
[15.201s] -- Performing Test COMPILER_HAS_HIDDEN_INLINE_VISIBILITY
[16.219s] -- Performing Test COMPILER_HAS_HIDDEN_INLINE_VISIBILITY - Success
[16.221s] -- Performing Test COMPILER_HAS_DEPRECATED_ATTR
[17.661s] -- Performing Test COMPILER_HAS_DEPRECATED_ATTR - Success
[17.832s] -- Found ament_lint_auto: 0.9.6 (/opt/ros/foxy/share/ament_lint_auto/cmake)
[21.152s] -- Found gtest sources under '/opt/ros/foxy/src/gtest_vendor': C++ tests using 'Google Test' will be built
[21.188s] -- Looking for pthread.h
[22.885s] -- Looking for pthread.h - found
[22.887s] -- Performing Test CMAKE_HAVE_LIBC_PTHREAD
[24.504s] -- Performing Test CMAKE_HAVE_LIBC_PTHREAD - Failed
[24.505s] -- Check if compiler accepts -pthread
[26.161s] -- Check if compiler accepts -pthread - yes
[26.182s] -- Found Threads: TRUE  
[54.925s] -- Configuring done
[55.144s] -- Generating done
[55.173s] -- Build files have been written to: /home/ubuntu/nemo_ws/src/build/cv_bridge
[55.257s] Invoked command in '/home/ubuntu/nemo_ws/src/build/cv_bridge' returned '0': CMAKE_PREFIX_PATH=${CMAKE_PREFIX_PATH}:/home/ubuntu/nemo_ws/install/img_basics:/home/ubuntu/nemo_ws/install/examples_rclpy_minimal_subscriber:/home/ubuntu/nemo_ws/install/examples_rclpy_minimal_service:/home/ubuntu/nemo_ws/install/examples_rclpy_minimal_publisher:/home/ubuntu/nemo_ws/install/examples_rclpy_minimal_client:/home/ubuntu/nemo_ws/install/examples_rclpy_minimal_action_server:/home/ubuntu/nemo_ws/install/examples_rclpy_minimal_action_client:/home/ubuntu/nemo_ws/install/examples_rclpy_executors:/opt/ros/foxy /usr/bin/cmake /home/ubuntu/nemo_ws/src/vision_opencv/cv_bridge -DCMAKE_INSTALL_PREFIX=/home/ubuntu/nemo_ws/src/install/cv_bridge
[55.267s] Invoking command in '/home/ubuntu/nemo_ws/src/build/cv_bridge': CMAKE_PREFIX_PATH=${CMAKE_PREFIX_PATH}:/home/ubuntu/nemo_ws/install/img_basics:/home/ubuntu/nemo_ws/install/examples_rclpy_minimal_subscriber:/home/ubuntu/nemo_ws/install/examples_rclpy_minimal_service:/home/ubuntu/nemo_ws/install/examples_rclpy_minimal_publisher:/home/ubuntu/nemo_ws/install/examples_rclpy_minimal_client:/home/ubuntu/nemo_ws/install/examples_rclpy_minimal_action_server:/home/ubuntu/nemo_ws/install/examples_rclpy_minimal_action_client:/home/ubuntu/nemo_ws/install/examples_rclpy_executors:/opt/ros/foxy /usr/bin/cmake --build /home/ubuntu/nemo_ws/src/build/cv_bridge -- -j4 -l4
[55.844s] [35m[1mScanning dependencies of target cv_bridge[0m
[56.221s] [  6%] [32mBuilding CXX object src/CMakeFiles/cv_bridge.dir/cv_bridge.cpp.o[0m
[83.244s] [ 12%] [32mBuilding CXX object src/CMakeFiles/cv_bridge.dir/rgb_colors.cpp.o[0m
[97.146s] [ 18%] [32m[1mLinking CXX shared library libcv_bridge.so[0m
[98.073s] [ 18%] Built target cv_bridge
[98.160s] [35m[1mScanning dependencies of target gtest_main[0m
[98.253s] [ 25%] [32mBuilding CXX object gtest/CMakeFiles/gtest_main.dir/src/gtest_main.cc.o[0m
[102.690s] [ 31%] [32m[1mLinking CXX static library libgtest_main.a[0m
[102.900s] [ 31%] Built target gtest_main
[102.971s] [35m[1mScanning dependencies of target cv_bridge_boost[0m
[103.361s] [ 37%] [32mBuilding CXX object src/CMakeFiles/cv_bridge_boost.dir/module.cpp.o[0m
[122.833s] [ 43%] [32mBuilding CXX object src/CMakeFiles/cv_bridge_boost.dir/module_opencv3.cpp.o[0m
[140.857s] [ 50%] [32m[1mLinking CXX shared module boost/cv_bridge_boost.so[0m
[141.531s] [ 50%] Built target cv_bridge_boost
[141.609s] [35m[1mScanning dependencies of target gtest[0m
[141.720s] [ 56%] [32mBuilding CXX object gtest/CMakeFiles/gtest.dir/src/gtest-all.cc.o[0m
[162.227s] [ 62%] [32m[1mLinking CXX static library libgtest.a[0m
[162.609s] [ 62%] Built target gtest
[162.687s] [35m[1mScanning dependencies of target cv_bridge-utest[0m
[162.972s] [ 68%] [32mBuilding CXX object test/CMakeFiles/cv_bridge-utest.dir/test_endian.cpp.o[0m
[172.953s] [ 75%] [32mBuilding CXX object test/CMakeFiles/cv_bridge-utest.dir/utest2.cpp.o[0m
[182.566s] [ 81%] [32mBuilding CXX object test/CMakeFiles/cv_bridge-utest.dir/test_rgb_colors.cpp.o[0m
[199.446s] [ 87%] [32mBuilding CXX object test/CMakeFiles/cv_bridge-utest.dir/utest.cpp.o[0m
[209.881s] [ 93%] [32mBuilding CXX object test/CMakeFiles/cv_bridge-utest.dir/test_compression.cpp.o[0m
[219.117s] [100%] [32m[1mLinking CXX executable cv_bridge-utest[0m
[221.687s] [100%] Built target cv_bridge-utest
[221.785s] Invoked command in '/home/ubuntu/nemo_ws/src/build/cv_bridge' returned '0': CMAKE_PREFIX_PATH=${CMAKE_PREFIX_PATH}:/home/ubuntu/nemo_ws/install/img_basics:/home/ubuntu/nemo_ws/install/examples_rclpy_minimal_subscriber:/home/ubuntu/nemo_ws/install/examples_rclpy_minimal_service:/home/ubuntu/nemo_ws/install/examples_rclpy_minimal_publisher:/home/ubuntu/nemo_ws/install/examples_rclpy_minimal_client:/home/ubuntu/nemo_ws/install/examples_rclpy_minimal_action_server:/home/ubuntu/nemo_ws/install/examples_rclpy_minimal_action_client:/home/ubuntu/nemo_ws/install/examples_rclpy_executors:/opt/ros/foxy /usr/bin/cmake --build /home/ubuntu/nemo_ws/src/build/cv_bridge -- -j4 -l4
[222.048s] Invoking command in '/home/ubuntu/nemo_ws/src/build/cv_bridge': CMAKE_PREFIX_PATH=${CMAKE_PREFIX_PATH}:/home/ubuntu/nemo_ws/install/img_basics:/home/ubuntu/nemo_ws/install/examples_rclpy_minimal_subscriber:/home/ubuntu/nemo_ws/install/examples_rclpy_minimal_service:/home/ubuntu/nemo_ws/install/examples_rclpy_minimal_publisher:/home/ubuntu/nemo_ws/install/examples_rclpy_minimal_client:/home/ubuntu/nemo_ws/install/examples_rclpy_minimal_action_server:/home/ubuntu/nemo_ws/install/examples_rclpy_minimal_action_client:/home/ubuntu/nemo_ws/install/examples_rclpy_executors:/opt/ros/foxy /usr/bin/cmake --install /home/ubuntu/nemo_ws/src/build/cv_bridge
[222.129s] -- Install configuration: ""
[222.133s] -- Installing: /home/ubuntu/nemo_ws/src/install/cv_bridge/share/cv_bridge/environment/pythonpath.sh
[222.137s] -- Installing: /home/ubuntu/nemo_ws/src/install/cv_bridge/share/cv_bridge/environment/pythonpath.dsv
[222.141s] -- Installing: /home/ubuntu/nemo_ws/src/install/cv_bridge/lib/python3.8/site-packages/cv_bridge
[222.144s] -- Installing: /home/ubuntu/nemo_ws/src/install/cv_bridge/lib/python3.8/site-packages/cv_bridge/core.py
[222.148s] -- Installing: /home/ubuntu/nemo_ws/src/install/cv_bridge/lib/python3.8/site-packages/cv_bridge/__init__.py
[222.422s] Listing '/home/ubuntu/nemo_ws/src/install/cv_bridge/lib/python3.8/site-packages/cv_bridge'...
[222.423s] Compiling '/home/ubuntu/nemo_ws/src/install/cv_bridge/lib/python3.8/site-packages/cv_bridge/__init__.py'...
[222.424s] Compiling '/home/ubuntu/nemo_ws/src/install/cv_bridge/lib/python3.8/site-packages/cv_bridge/core.py'...
[222.466s] -- Installing: /home/ubuntu/nemo_ws/src/install/cv_bridge/lib/libcv_bridge.so
[222.478s] -- Set runtime path of "/home/ubuntu/nemo_ws/src/install/cv_bridge/lib/libcv_bridge.so" to ""
[222.480s] -- Installing: /home/ubuntu/nemo_ws/src/install/cv_bridge/include/cv_bridge/cv_bridge/cv_bridge_export.h
[222.483s] -- Installing: /home/ubuntu/nemo_ws/src/install/cv_bridge/lib/python3.8/site-packages/cv_bridge/boost/cv_bridge_boost.so
[222.489s] -- Set runtime path of "/home/ubuntu/nemo_ws/src/install/cv_bridge/lib/python3.8/site-packages/cv_bridge/boost/cv_bridge_boost.so" to ""
[222.493s] -- Up-to-date: /home/ubuntu/nemo_ws/src/install/cv_bridge/include/cv_bridge
[222.495s] -- Up-to-date: /home/ubuntu/nemo_ws/src/install/cv_bridge/include/cv_bridge/cv_bridge
[222.497s] -- Installing: /home/ubuntu/nemo_ws/src/install/cv_bridge/include/cv_bridge/cv_bridge/cv_bridge.h
[222.500s] -- Installing: /home/ubuntu/nemo_ws/src/install/cv_bridge/include/cv_bridge/cv_bridge/rgb_colors.h
[222.504s] -- Up-to-date: /home/ubuntu/nemo_ws/src/install/cv_bridge/lib/libcv_bridge.so
[222.508s] -- Installing: /home/ubuntu/nemo_ws/src/install/cv_bridge/share/ament_index/resource_index/package_run_dependencies/cv_bridge
[222.511s] -- Installing: /home/ubuntu/nemo_ws/src/install/cv_bridge/share/ament_index/resource_index/parent_prefix_path/cv_bridge
[222.516s] -- Installing: /home/ubuntu/nemo_ws/src/install/cv_bridge/share/cv_bridge/environment/ament_prefix_path.sh
[222.519s] -- Installing: /home/ubuntu/nemo_ws/src/install/cv_bridge/share/cv_bridge/environment/ament_prefix_path.dsv
[222.522s] -- Installing: /home/ubuntu/nemo_ws/src/install/cv_bridge/share/cv_bridge/environment/path.sh
[222.525s] -- Installing: /home/ubuntu/nemo_ws/src/install/cv_bridge/share/cv_bridge/environment/path.dsv
[222.529s] -- Installing: /home/ubuntu/nemo_ws/src/install/cv_bridge/share/cv_bridge/local_setup.bash
[222.532s] -- Installing: /home/ubuntu/nemo_ws/src/install/cv_bridge/share/cv_bridge/local_setup.sh
[222.534s] -- Installing: /home/ubuntu/nemo_ws/src/install/cv_bridge/share/cv_bridge/local_setup.zsh
[222.535s] -- Installing: /home/ubuntu/nemo_ws/src/install/cv_bridge/share/cv_bridge/local_setup.dsv
[222.537s] -- Installing: /home/ubuntu/nemo_ws/src/install/cv_bridge/share/cv_bridge/package.dsv
[222.539s] -- Installing: /home/ubuntu/nemo_ws/src/install/cv_bridge/share/ament_index/resource_index/packages/cv_bridge
[222.541s] -- Installing: /home/ubuntu/nemo_ws/src/install/cv_bridge/share/cv_bridge/cmake/export_cv_bridgeExport.cmake
[222.543s] -- Installing: /home/ubuntu/nemo_ws/src/install/cv_bridge/share/cv_bridge/cmake/export_cv_bridgeExport-noconfig.cmake
[222.545s] -- Installing: /home/ubuntu/nemo_ws/src/install/cv_bridge/share/cv_bridge/cmake/cv_bridge-extras.cmake
[222.546s] -- Installing: /home/ubuntu/nemo_ws/src/install/cv_bridge/share/cv_bridge/cmake/ament_cmake_export_dependencies-extras.cmake
[222.548s] -- Installing: /home/ubuntu/nemo_ws/src/install/cv_bridge/share/cv_bridge/cmake/ament_cmake_export_targets-extras.cmake
[222.550s] -- Installing: /home/ubuntu/nemo_ws/src/install/cv_bridge/share/cv_bridge/cmake/cv_bridgeConfig.cmake
[222.551s] -- Installing: /home/ubuntu/nemo_ws/src/install/cv_bridge/share/cv_bridge/cmake/cv_bridgeConfig-version.cmake
[222.553s] -- Installing: /home/ubuntu/nemo_ws/src/install/cv_bridge/share/cv_bridge/package.xml
[222.574s] Invoked command in '/home/ubuntu/nemo_ws/src/build/cv_bridge' returned '0': CMAKE_PREFIX_PATH=${CMAKE_PREFIX_PATH}:/home/ubuntu/nemo_ws/install/img_basics:/home/ubuntu/nemo_ws/install/examples_rclpy_minimal_subscriber:/home/ubuntu/nemo_ws/install/examples_rclpy_minimal_service:/home/ubuntu/nemo_ws/install/examples_rclpy_minimal_publisher:/home/ubuntu/nemo_ws/install/examples_rclpy_minimal_client:/home/ubuntu/nemo_ws/install/examples_rclpy_minimal_action_server:/home/ubuntu/nemo_ws/install/examples_rclpy_minimal_action_client:/home/ubuntu/nemo_ws/install/examples_rclpy_executors:/opt/ros/foxy /usr/bin/cmake --install /home/ubuntu/nemo_ws/src/build/cv_bridge
