[0.131s] Invoking command in '/home/ubuntu/nemo_ws/src/build/examples_rclcpp_minimal_publisher': CMAKE_PREFIX_PATH=${CMAKE_PREFIX_PATH}:/home/ubuntu/nemo_ws/install/img_basics:/home/ubuntu/nemo_ws/install/examples_rclpy_minimal_subscriber:/home/ubuntu/nemo_ws/install/examples_rclpy_minimal_service:/home/ubuntu/nemo_ws/install/examples_rclpy_minimal_publisher:/home/ubuntu/nemo_ws/install/examples_rclpy_minimal_client:/home/ubuntu/nemo_ws/install/examples_rclpy_minimal_action_server:/home/ubuntu/nemo_ws/install/examples_rclpy_minimal_action_client:/home/ubuntu/nemo_ws/install/examples_rclpy_executors:/opt/ros/foxy /usr/bin/cmake /home/ubuntu/nemo_ws/src/examples/rclcpp/topics/minimal_publisher -DCMAKE_INSTALL_PREFIX=/home/ubuntu/nemo_ws/src/install/examples_rclcpp_minimal_publisher
[0.568s] -- The C compiler identification is GNU 9.4.0
[0.924s] -- The CXX compiler identification is GNU 9.4.0
[0.959s] -- Check for working C compiler: /usr/bin/cc
[1.395s] -- Check for working C compiler: /usr/bin/cc -- works
[1.400s] -- Detecting C compiler ABI info
[1.850s] -- Detecting C compiler ABI info - done
[1.896s] -- Detecting C compile features
[1.898s] -- Detecting C compile features - done
[1.910s] -- Check for working CXX compiler: /usr/bin/c++
[2.398s] -- Check for working CXX compiler: /usr/bin/c++ -- works
[2.404s] -- Detecting CXX compiler ABI info
[2.921s] -- Detecting CXX compiler ABI info - done
[2.973s] -- Detecting CXX compile features
[2.976s] -- Detecting CXX compile features - done
[3.026s] -- Found ament_cmake: 0.9.9 (/opt/ros/foxy/share/ament_cmake/cmake)
[3.274s] -- Found PythonInterp: /usr/bin/python3 (found suitable version "3.8.10", minimum required is "3") 
[3.276s] -- Using PYTHON_EXECUTABLE: /usr/bin/python3
[5.495s] -- Found rclcpp: 2.4.1 (/opt/ros/foxy/share/rclcpp/cmake)
[6.133s] -- Using all available rosidl_typesupport_c: rosidl_typesupport_fastrtps_c;rosidl_typesupport_introspection_c
[6.267s] -- Found rosidl_adapter: 1.2.1 (/opt/ros/foxy/share/rosidl_adapter/cmake)
[7.152s] -- Found OpenSSL: /usr/lib/aarch64-linux-gnu/libcrypto.so (found version "1.1.1f")  
[7.484s] -- Found FastRTPS: /opt/ros/foxy/include  
[8.340s] -- Using all available rosidl_typesupport_cpp: rosidl_typesupport_fastrtps_cpp;rosidl_typesupport_introspection_cpp
[8.874s] -- Found rmw_implementation_cmake: 1.0.3 (/opt/ros/foxy/share/rmw_implementation_cmake/cmake)
[8.890s] -- Using RMW implementation 'rmw_fastrtps_cpp' as default
[8.896s] -- Looking for pthread.h
[9.362s] -- Looking for pthread.h - found
[9.363s] -- Performing Test CMAKE_HAVE_LIBC_PTHREAD
[9.850s] -- Performing Test CMAKE_HAVE_LIBC_PTHREAD - Failed
[9.851s] -- Looking for pthread_create in pthreads
[10.216s] -- Looking for pthread_create in pthreads - not found
[10.218s] -- Looking for pthread_create in pthread
[10.664s] -- Looking for pthread_create in pthread - found
[10.669s] -- Found Threads: TRUE  
[11.755s] -- Found ament_lint_auto: 0.9.6 (/opt/ros/foxy/share/ament_lint_auto/cmake)
[12.577s] -- Added test 'copyright' to check source files copyright and LICENSE
[12.588s] -- Added test 'cppcheck' to perform static code analysis on C / C++ code
[12.590s] -- Configured cppcheck include dirs: 
[12.591s] -- Configured cppcheck exclude dirs and/or files: 
[12.600s] -- Added test 'cpplint' to check C / C++ code against the Google style
[12.601s] -- Configured cpplint exclude dirs and/or files: 
[12.608s] -- Added test 'lint_cmake' to check CMake code style
[12.618s] -- Added test 'uncrustify' to check C / C++ code style
[12.619s] -- Configured uncrustify additional arguments: 
[12.625s] -- Added test 'xmllint' to check XML markup files
[12.657s] -- Configuring done
[12.742s] -- Generating done
[12.753s] -- Build files have been written to: /home/ubuntu/nemo_ws/src/build/examples_rclcpp_minimal_publisher
[12.792s] Invoked command in '/home/ubuntu/nemo_ws/src/build/examples_rclcpp_minimal_publisher' returned '0': CMAKE_PREFIX_PATH=${CMAKE_PREFIX_PATH}:/home/ubuntu/nemo_ws/install/img_basics:/home/ubuntu/nemo_ws/install/examples_rclpy_minimal_subscriber:/home/ubuntu/nemo_ws/install/examples_rclpy_minimal_service:/home/ubuntu/nemo_ws/install/examples_rclpy_minimal_publisher:/home/ubuntu/nemo_ws/install/examples_rclpy_minimal_client:/home/ubuntu/nemo_ws/install/examples_rclpy_minimal_action_server:/home/ubuntu/nemo_ws/install/examples_rclpy_minimal_action_client:/home/ubuntu/nemo_ws/install/examples_rclpy_executors:/opt/ros/foxy /usr/bin/cmake /home/ubuntu/nemo_ws/src/examples/rclcpp/topics/minimal_publisher -DCMAKE_INSTALL_PREFIX=/home/ubuntu/nemo_ws/src/install/examples_rclcpp_minimal_publisher
[12.797s] Invoking command in '/home/ubuntu/nemo_ws/src/build/examples_rclcpp_minimal_publisher': CMAKE_PREFIX_PATH=${CMAKE_PREFIX_PATH}:/home/ubuntu/nemo_ws/install/img_basics:/home/ubuntu/nemo_ws/install/examples_rclpy_minimal_subscriber:/home/ubuntu/nemo_ws/install/examples_rclpy_minimal_service:/home/ubuntu/nemo_ws/install/examples_rclpy_minimal_publisher:/home/ubuntu/nemo_ws/install/examples_rclpy_minimal_client:/home/ubuntu/nemo_ws/install/examples_rclpy_minimal_action_server:/home/ubuntu/nemo_ws/install/examples_rclpy_minimal_action_client:/home/ubuntu/nemo_ws/install/examples_rclpy_executors:/opt/ros/foxy /usr/bin/cmake --build /home/ubuntu/nemo_ws/src/build/examples_rclcpp_minimal_publisher -- -j4 -l4
[13.084s] [35m[1mScanning dependencies of target publisher_not_composable[0m
[13.342s] [ 16%] [32mBuilding CXX object CMakeFiles/publisher_not_composable.dir/not_composable.cpp.o[0m
[29.787s] [ 33%] [32m[1mLinking CXX executable publisher_not_composable[0m
[30.735s] [ 33%] Built target publisher_not_composable
[30.805s] [35m[1mScanning dependencies of target publisher_lambda[0m
[31.025s] [ 50%] [32mBuilding CXX object CMakeFiles/publisher_lambda.dir/lambda.cpp.o[0m
[49.161s] [ 66%] [32m[1mLinking CXX executable publisher_lambda[0m
[50.239s] [ 66%] Built target publisher_lambda
[50.331s] [35m[1mScanning dependencies of target publisher_member_function[0m
[50.649s] [ 83%] [32mBuilding CXX object CMakeFiles/publisher_member_function.dir/member_function.cpp.o[0m
[68.377s] [100%] [32m[1mLinking CXX executable publisher_member_function[0m
[69.256s] [100%] Built target publisher_member_function
[69.330s] Invoked command in '/home/ubuntu/nemo_ws/src/build/examples_rclcpp_minimal_publisher' returned '0': CMAKE_PREFIX_PATH=${CMAKE_PREFIX_PATH}:/home/ubuntu/nemo_ws/install/img_basics:/home/ubuntu/nemo_ws/install/examples_rclpy_minimal_subscriber:/home/ubuntu/nemo_ws/install/examples_rclpy_minimal_service:/home/ubuntu/nemo_ws/install/examples_rclpy_minimal_publisher:/home/ubuntu/nemo_ws/install/examples_rclpy_minimal_client:/home/ubuntu/nemo_ws/install/examples_rclpy_minimal_action_server:/home/ubuntu/nemo_ws/install/examples_rclpy_minimal_action_client:/home/ubuntu/nemo_ws/install/examples_rclpy_executors:/opt/ros/foxy /usr/bin/cmake --build /home/ubuntu/nemo_ws/src/build/examples_rclcpp_minimal_publisher -- -j4 -l4
[69.575s] Invoking command in '/home/ubuntu/nemo_ws/src/build/examples_rclcpp_minimal_publisher': CMAKE_PREFIX_PATH=${CMAKE_PREFIX_PATH}:/home/ubuntu/nemo_ws/install/img_basics:/home/ubuntu/nemo_ws/install/examples_rclpy_minimal_subscriber:/home/ubuntu/nemo_ws/install/examples_rclpy_minimal_service:/home/ubuntu/nemo_ws/install/examples_rclpy_minimal_publisher:/home/ubuntu/nemo_ws/install/examples_rclpy_minimal_client:/home/ubuntu/nemo_ws/install/examples_rclpy_minimal_action_server:/home/ubuntu/nemo_ws/install/examples_rclpy_minimal_action_client:/home/ubuntu/nemo_ws/install/examples_rclpy_executors:/opt/ros/foxy /usr/bin/cmake --install /home/ubuntu/nemo_ws/src/build/examples_rclcpp_minimal_publisher
[69.638s] -- Install configuration: ""
[69.641s] -- Installing: /home/ubuntu/nemo_ws/src/install/examples_rclcpp_minimal_publisher/lib/examples_rclcpp_minimal_publisher/publisher_lambda
[69.649s] -- Set runtime path of "/home/ubuntu/nemo_ws/src/install/examples_rclcpp_minimal_publisher/lib/examples_rclcpp_minimal_publisher/publisher_lambda" to ""
[69.651s] -- Installing: /home/ubuntu/nemo_ws/src/install/examples_rclcpp_minimal_publisher/lib/examples_rclcpp_minimal_publisher/publisher_member_function
[69.661s] -- Set runtime path of "/home/ubuntu/nemo_ws/src/install/examples_rclcpp_minimal_publisher/lib/examples_rclcpp_minimal_publisher/publisher_member_function" to ""
[69.664s] -- Installing: /home/ubuntu/nemo_ws/src/install/examples_rclcpp_minimal_publisher/lib/examples_rclcpp_minimal_publisher/publisher_not_composable
[69.672s] -- Set runtime path of "/home/ubuntu/nemo_ws/src/install/examples_rclcpp_minimal_publisher/lib/examples_rclcpp_minimal_publisher/publisher_not_composable" to ""
[69.675s] -- Installing: /home/ubuntu/nemo_ws/src/install/examples_rclcpp_minimal_publisher/share/ament_index/resource_index/package_run_dependencies/examples_rclcpp_minimal_publisher
[69.678s] -- Installing: /home/ubuntu/nemo_ws/src/install/examples_rclcpp_minimal_publisher/share/ament_index/resource_index/parent_prefix_path/examples_rclcpp_minimal_publisher
[69.682s] -- Installing: /home/ubuntu/nemo_ws/src/install/examples_rclcpp_minimal_publisher/share/examples_rclcpp_minimal_publisher/environment/ament_prefix_path.sh
[69.685s] -- Installing: /home/ubuntu/nemo_ws/src/install/examples_rclcpp_minimal_publisher/share/examples_rclcpp_minimal_publisher/environment/ament_prefix_path.dsv
[69.688s] -- Installing: /home/ubuntu/nemo_ws/src/install/examples_rclcpp_minimal_publisher/share/examples_rclcpp_minimal_publisher/environment/path.sh
[69.691s] -- Installing: /home/ubuntu/nemo_ws/src/install/examples_rclcpp_minimal_publisher/share/examples_rclcpp_minimal_publisher/environment/path.dsv
[69.694s] -- Installing: /home/ubuntu/nemo_ws/src/install/examples_rclcpp_minimal_publisher/share/examples_rclcpp_minimal_publisher/local_setup.bash
[69.697s] -- Installing: /home/ubuntu/nemo_ws/src/install/examples_rclcpp_minimal_publisher/share/examples_rclcpp_minimal_publisher/local_setup.sh
[69.700s] -- Installing: /home/ubuntu/nemo_ws/src/install/examples_rclcpp_minimal_publisher/share/examples_rclcpp_minimal_publisher/local_setup.zsh
[69.703s] -- Installing: /home/ubuntu/nemo_ws/src/install/examples_rclcpp_minimal_publisher/share/examples_rclcpp_minimal_publisher/local_setup.dsv
[69.706s] -- Installing: /home/ubuntu/nemo_ws/src/install/examples_rclcpp_minimal_publisher/share/examples_rclcpp_minimal_publisher/package.dsv
[69.709s] -- Installing: /home/ubuntu/nemo_ws/src/install/examples_rclcpp_minimal_publisher/share/ament_index/resource_index/packages/examples_rclcpp_minimal_publisher
[69.712s] -- Installing: /home/ubuntu/nemo_ws/src/install/examples_rclcpp_minimal_publisher/share/examples_rclcpp_minimal_publisher/cmake/examples_rclcpp_minimal_publisherConfig.cmake
[69.715s] -- Installing: /home/ubuntu/nemo_ws/src/install/examples_rclcpp_minimal_publisher/share/examples_rclcpp_minimal_publisher/cmake/examples_rclcpp_minimal_publisherConfig-version.cmake
[69.718s] -- Installing: /home/ubuntu/nemo_ws/src/install/examples_rclcpp_minimal_publisher/share/examples_rclcpp_minimal_publisher/package.xml
[69.744s] Invoked command in '/home/ubuntu/nemo_ws/src/build/examples_rclcpp_minimal_publisher' returned '0': CMAKE_PREFIX_PATH=${CMAKE_PREFIX_PATH}:/home/ubuntu/nemo_ws/install/img_basics:/home/ubuntu/nemo_ws/install/examples_rclpy_minimal_subscriber:/home/ubuntu/nemo_ws/install/examples_rclpy_minimal_service:/home/ubuntu/nemo_ws/install/examples_rclpy_minimal_publisher:/home/ubuntu/nemo_ws/install/examples_rclpy_minimal_client:/home/ubuntu/nemo_ws/install/examples_rclpy_minimal_action_server:/home/ubuntu/nemo_ws/install/examples_rclpy_minimal_action_client:/home/ubuntu/nemo_ws/install/examples_rclpy_executors:/opt/ros/foxy /usr/bin/cmake --install /home/ubuntu/nemo_ws/src/build/examples_rclcpp_minimal_publisher
