[0.131s] Invoking command in '/home/ubuntu/nemo_ws/build/cv_bridge': CMAKE_PREFIX_PATH=${CMAKE_PREFIX_PATH}:/home/ubuntu/nemo_ws/install/img_basics:/home/ubuntu/nemo_ws/install/examples_rclpy_minimal_subscriber:/home/ubuntu/nemo_ws/install/examples_rclpy_minimal_service:/home/ubuntu/nemo_ws/install/examples_rclpy_minimal_publisher:/home/ubuntu/nemo_ws/install/examples_rclpy_minimal_client:/home/ubuntu/nemo_ws/install/examples_rclpy_minimal_action_server:/home/ubuntu/nemo_ws/install/examples_rclpy_minimal_action_client:/home/ubuntu/nemo_ws/install/examples_rclpy_executors:/opt/ros/foxy /usr/bin/cmake --build /home/ubuntu/nemo_ws/build/cv_bridge -- -j4 -l4
[0.484s] [ 12%] Built target gtest
[0.491s] [ 25%] Built target gtest_main
[0.536s] [ 43%] Built target cv_bridge
[0.767s] [ 62%] Built target cv_bridge_boost
[0.777s] [100%] Built target cv_bridge-utest
[0.872s] Invoked command in '/home/ubuntu/nemo_ws/build/cv_bridge' returned '0': CMAKE_PREFIX_PATH=${CMAKE_PREFIX_PATH}:/home/ubuntu/nemo_ws/install/img_basics:/home/ubuntu/nemo_ws/install/examples_rclpy_minimal_subscriber:/home/ubuntu/nemo_ws/install/examples_rclpy_minimal_service:/home/ubuntu/nemo_ws/install/examples_rclpy_minimal_publisher:/home/ubuntu/nemo_ws/install/examples_rclpy_minimal_client:/home/ubuntu/nemo_ws/install/examples_rclpy_minimal_action_server:/home/ubuntu/nemo_ws/install/examples_rclpy_minimal_action_client:/home/ubuntu/nemo_ws/install/examples_rclpy_executors:/opt/ros/foxy /usr/bin/cmake --build /home/ubuntu/nemo_ws/build/cv_bridge -- -j4 -l4
[1.156s] Invoking command in '/home/ubuntu/nemo_ws/build/cv_bridge': CMAKE_PREFIX_PATH=${CMAKE_PREFIX_PATH}:/home/ubuntu/nemo_ws/install/img_basics:/home/ubuntu/nemo_ws/install/examples_rclpy_minimal_subscriber:/home/ubuntu/nemo_ws/install/examples_rclpy_minimal_service:/home/ubuntu/nemo_ws/install/examples_rclpy_minimal_publisher:/home/ubuntu/nemo_ws/install/examples_rclpy_minimal_client:/home/ubuntu/nemo_ws/install/examples_rclpy_minimal_action_server:/home/ubuntu/nemo_ws/install/examples_rclpy_minimal_action_client:/home/ubuntu/nemo_ws/install/examples_rclpy_executors:/opt/ros/foxy /usr/bin/cmake --install /home/ubuntu/nemo_ws/build/cv_bridge
[1.222s] -- Install configuration: ""
[1.224s] -- Up-to-date: /home/ubuntu/nemo_ws/install/cv_bridge/share/cv_bridge/environment/pythonpath.sh
[1.224s] -- Up-to-date: /home/ubuntu/nemo_ws/install/cv_bridge/share/cv_bridge/environment/pythonpath.dsv
[1.225s] -- Up-to-date: /home/ubuntu/nemo_ws/install/cv_bridge/lib/python3.8/site-packages/cv_bridge
[1.226s] -- Up-to-date: /home/ubuntu/nemo_ws/install/cv_bridge/lib/python3.8/site-packages/cv_bridge/core.py
[1.226s] -- Up-to-date: /home/ubuntu/nemo_ws/install/cv_bridge/lib/python3.8/site-packages/cv_bridge/__init__.py
[1.383s] Listing '/home/ubuntu/nemo_ws/install/cv_bridge/lib/python3.8/site-packages/cv_bridge'...
[1.385s] Listing '/home/ubuntu/nemo_ws/install/cv_bridge/lib/python3.8/site-packages/cv_bridge/boost'...
[1.411s] -- Up-to-date: /home/ubuntu/nemo_ws/install/cv_bridge/lib/libcv_bridge.so
[1.413s] -- Up-to-date: /home/ubuntu/nemo_ws/install/cv_bridge/include/cv_bridge/cv_bridge/cv_bridge_export.h
[1.416s] -- Up-to-date: /home/ubuntu/nemo_ws/install/cv_bridge/lib/python3.8/site-packages/cv_bridge/boost/cv_bridge_boost.so
[1.421s] -- Up-to-date: /home/ubuntu/nemo_ws/install/cv_bridge/include/cv_bridge
[1.422s] -- Up-to-date: /home/ubuntu/nemo_ws/install/cv_bridge/include/cv_bridge/cv_bridge
[1.423s] -- Up-to-date: /home/ubuntu/nemo_ws/install/cv_bridge/include/cv_bridge/cv_bridge/cv_bridge.h
[1.424s] -- Up-to-date: /home/ubuntu/nemo_ws/install/cv_bridge/include/cv_bridge/cv_bridge/rgb_colors.h
[1.430s] -- Up-to-date: /home/ubuntu/nemo_ws/install/cv_bridge/lib/libcv_bridge.so
[1.433s] -- Up-to-date: /home/ubuntu/nemo_ws/install/cv_bridge/share/ament_index/resource_index/package_run_dependencies/cv_bridge
[1.433s] -- Up-to-date: /home/ubuntu/nemo_ws/install/cv_bridge/share/ament_index/resource_index/parent_prefix_path/cv_bridge
[1.446s] -- Up-to-date: /home/ubuntu/nemo_ws/install/cv_bridge/share/cv_bridge/environment/ament_prefix_path.sh
[1.447s] -- Up-to-date: /home/ubuntu/nemo_ws/install/cv_bridge/share/cv_bridge/environment/ament_prefix_path.dsv
[1.448s] -- Up-to-date: /home/ubuntu/nemo_ws/install/cv_bridge/share/cv_bridge/environment/path.sh
[1.448s] -- Up-to-date: /home/ubuntu/nemo_ws/install/cv_bridge/share/cv_bridge/environment/path.dsv
[1.449s] -- Up-to-date: /home/ubuntu/nemo_ws/install/cv_bridge/share/cv_bridge/local_setup.bash
[1.449s] -- Up-to-date: /home/ubuntu/nemo_ws/install/cv_bridge/share/cv_bridge/local_setup.sh
[1.450s] -- Up-to-date: /home/ubuntu/nemo_ws/install/cv_bridge/share/cv_bridge/local_setup.zsh
[1.450s] -- Up-to-date: /home/ubuntu/nemo_ws/install/cv_bridge/share/cv_bridge/local_setup.dsv
[1.451s] -- Installing: /home/ubuntu/nemo_ws/install/cv_bridge/share/cv_bridge/package.dsv
[1.452s] -- Up-to-date: /home/ubuntu/nemo_ws/install/cv_bridge/share/ament_index/resource_index/packages/cv_bridge
[1.452s] -- Up-to-date: /home/ubuntu/nemo_ws/install/cv_bridge/share/cv_bridge/cmake/export_cv_bridgeExport.cmake
[1.453s] -- Up-to-date: /home/ubuntu/nemo_ws/install/cv_bridge/share/cv_bridge/cmake/export_cv_bridgeExport-noconfig.cmake
[1.455s] -- Up-to-date: /home/ubuntu/nemo_ws/install/cv_bridge/share/cv_bridge/cmake/cv_bridge-extras.cmake
[1.457s] -- Up-to-date: /home/ubuntu/nemo_ws/install/cv_bridge/share/cv_bridge/cmake/ament_cmake_export_dependencies-extras.cmake
[1.462s] -- Up-to-date: /home/ubuntu/nemo_ws/install/cv_bridge/share/cv_bridge/cmake/ament_cmake_export_targets-extras.cmake
[1.462s] -- Up-to-date: /home/ubuntu/nemo_ws/install/cv_bridge/share/cv_bridge/cmake/cv_bridgeConfig.cmake
[1.463s] -- Up-to-date: /home/ubuntu/nemo_ws/install/cv_bridge/share/cv_bridge/cmake/cv_bridgeConfig-version.cmake
[1.464s] -- Up-to-date: /home/ubuntu/nemo_ws/install/cv_bridge/share/cv_bridge/package.xml
[1.465s] Invoked command in '/home/ubuntu/nemo_ws/build/cv_bridge' returned '0': CMAKE_PREFIX_PATH=${CMAKE_PREFIX_PATH}:/home/ubuntu/nemo_ws/install/img_basics:/home/ubuntu/nemo_ws/install/examples_rclpy_minimal_subscriber:/home/ubuntu/nemo_ws/install/examples_rclpy_minimal_service:/home/ubuntu/nemo_ws/install/examples_rclpy_minimal_publisher:/home/ubuntu/nemo_ws/install/examples_rclpy_minimal_client:/home/ubuntu/nemo_ws/install/examples_rclpy_minimal_action_server:/home/ubuntu/nemo_ws/install/examples_rclpy_minimal_action_client:/home/ubuntu/nemo_ws/install/examples_rclpy_executors:/opt/ros/foxy /usr/bin/cmake --install /home/ubuntu/nemo_ws/build/cv_bridge
