[8.353s] Invoking command in '/home/ubuntu/nemo_ws/src/examples/rclpy/services/minimal_client': PYTHONPATH=/home/ubuntu/nemo_ws/install/examples_rclpy_minimal_client/lib/python3.8/site-packages:${PYTHONPATH} /usr/bin/python3 setup.py egg_info --egg-base ../../../../../build/examples_rclpy_minimal_client build --build-base /home/ubuntu/nemo_ws/build/examples_rclpy_minimal_client/build install --prefix /home/ubuntu/nemo_ws/install/examples_rclpy_minimal_client --record /home/ubuntu/nemo_ws/build/examples_rclpy_minimal_client/install.log --single-version-externally-managed
[10.013s] running egg_info
[10.017s] writing ../../../../../build/examples_rclpy_minimal_client/examples_rclpy_minimal_client.egg-info/PKG-INFO
[10.020s] writing dependency_links to ../../../../../build/examples_rclpy_minimal_client/examples_rclpy_minimal_client.egg-info/dependency_links.txt
[10.022s] writing entry points to ../../../../../build/examples_rclpy_minimal_client/examples_rclpy_minimal_client.egg-info/entry_points.txt
[10.023s] writing requirements to ../../../../../build/examples_rclpy_minimal_client/examples_rclpy_minimal_client.egg-info/requires.txt
[10.024s] writing top-level names to ../../../../../build/examples_rclpy_minimal_client/examples_rclpy_minimal_client.egg-info/top_level.txt
[10.206s] reading manifest file '../../../../../build/examples_rclpy_minimal_client/examples_rclpy_minimal_client.egg-info/SOURCES.txt'
[10.212s] writing manifest file '../../../../../build/examples_rclpy_minimal_client/examples_rclpy_minimal_client.egg-info/SOURCES.txt'
[10.214s] running build
[10.214s] running build_py
[10.220s] running install
[10.226s] running install_lib
[10.238s] running install_data
[10.242s] running install_egg_info
[10.253s] removing '/home/ubuntu/nemo_ws/install/examples_rclpy_minimal_client/lib/python3.8/site-packages/examples_rclpy_minimal_client-0.9.4-py3.8.egg-info' (and everything under it)
[10.256s] Copying ../../../../../build/examples_rclpy_minimal_client/examples_rclpy_minimal_client.egg-info to /home/ubuntu/nemo_ws/install/examples_rclpy_minimal_client/lib/python3.8/site-packages/examples_rclpy_minimal_client-0.9.4-py3.8.egg-info
[10.266s] running install_scripts
[10.364s] Installing client script to /home/ubuntu/nemo_ws/install/examples_rclpy_minimal_client/lib/examples_rclpy_minimal_client
[10.368s] Installing client_async script to /home/ubuntu/nemo_ws/install/examples_rclpy_minimal_client/lib/examples_rclpy_minimal_client
[10.370s] Installing client_async_callback script to /home/ubuntu/nemo_ws/install/examples_rclpy_minimal_client/lib/examples_rclpy_minimal_client
[10.372s] Installing client_async_member_function script to /home/ubuntu/nemo_ws/install/examples_rclpy_minimal_client/lib/examples_rclpy_minimal_client
[10.375s] writing list of installed files to '/home/ubuntu/nemo_ws/build/examples_rclpy_minimal_client/install.log'
[10.527s] Invoked command in '/home/ubuntu/nemo_ws/src/examples/rclpy/services/minimal_client' returned '0': PYTHONPATH=/home/ubuntu/nemo_ws/install/examples_rclpy_minimal_client/lib/python3.8/site-packages:${PYTHONPATH} /usr/bin/python3 setup.py egg_info --egg-base ../../../../../build/examples_rclpy_minimal_client build --build-base /home/ubuntu/nemo_ws/build/examples_rclpy_minimal_client/build install --prefix /home/ubuntu/nemo_ws/install/examples_rclpy_minimal_client --record /home/ubuntu/nemo_ws/build/examples_rclpy_minimal_client/install.log --single-version-externally-managed
