[5.913s] Invoking command in '/home/ubuntu/nemo_ws/src/examples/rclpy/services/minimal_service': PYTHONPATH=/home/ubuntu/nemo_ws/install/examples_rclpy_minimal_service/lib/python3.8/site-packages:${PYTHONPATH} /usr/bin/python3 setup.py egg_info --egg-base ../../../../../build/examples_rclpy_minimal_service build --build-base /home/ubuntu/nemo_ws/build/examples_rclpy_minimal_service/build install --prefix /home/ubuntu/nemo_ws/install/examples_rclpy_minimal_service --record /home/ubuntu/nemo_ws/build/examples_rclpy_minimal_service/install.log --single-version-externally-managed
[7.370s] running egg_info
[7.373s] writing ../../../../../build/examples_rclpy_minimal_service/examples_rclpy_minimal_service.egg-info/PKG-INFO
[7.375s] writing dependency_links to ../../../../../build/examples_rclpy_minimal_service/examples_rclpy_minimal_service.egg-info/dependency_links.txt
[7.377s] writing entry points to ../../../../../build/examples_rclpy_minimal_service/examples_rclpy_minimal_service.egg-info/entry_points.txt
[7.378s] writing requirements to ../../../../../build/examples_rclpy_minimal_service/examples_rclpy_minimal_service.egg-info/requires.txt
[7.379s] writing top-level names to ../../../../../build/examples_rclpy_minimal_service/examples_rclpy_minimal_service.egg-info/top_level.txt
[7.582s] reading manifest file '../../../../../build/examples_rclpy_minimal_service/examples_rclpy_minimal_service.egg-info/SOURCES.txt'
[7.589s] writing manifest file '../../../../../build/examples_rclpy_minimal_service/examples_rclpy_minimal_service.egg-info/SOURCES.txt'
[7.591s] running build
[7.592s] running build_py
[7.598s] running install
[7.613s] running install_lib
[7.624s] running install_data
[7.627s] running install_egg_info
[7.643s] removing '/home/ubuntu/nemo_ws/install/examples_rclpy_minimal_service/lib/python3.8/site-packages/examples_rclpy_minimal_service-0.9.4-py3.8.egg-info' (and everything under it)
[7.646s] Copying ../../../../../build/examples_rclpy_minimal_service/examples_rclpy_minimal_service.egg-info to /home/ubuntu/nemo_ws/install/examples_rclpy_minimal_service/lib/python3.8/site-packages/examples_rclpy_minimal_service-0.9.4-py3.8.egg-info
[7.687s] running install_scripts
[7.788s] Installing service script to /home/ubuntu/nemo_ws/install/examples_rclpy_minimal_service/lib/examples_rclpy_minimal_service
[7.791s] Installing service_member_function script to /home/ubuntu/nemo_ws/install/examples_rclpy_minimal_service/lib/examples_rclpy_minimal_service
[7.794s] writing list of installed files to '/home/ubuntu/nemo_ws/build/examples_rclpy_minimal_service/install.log'
[7.949s] Invoked command in '/home/ubuntu/nemo_ws/src/examples/rclpy/services/minimal_service' returned '0': PYTHONPATH=/home/ubuntu/nemo_ws/install/examples_rclpy_minimal_service/lib/python3.8/site-packages:${PYTHONPATH} /usr/bin/python3 setup.py egg_info --egg-base ../../../../../build/examples_rclpy_minimal_service build --build-base /home/ubuntu/nemo_ws/build/examples_rclpy_minimal_service/build install --prefix /home/ubuntu/nemo_ws/install/examples_rclpy_minimal_service --record /home/ubuntu/nemo_ws/build/examples_rclpy_minimal_service/install.log --single-version-externally-managed
