[4.428s] Invoking command in '/home/ubuntu/nemo_ws/src/examples/rclpy/topics/minimal_publisher': PYTHONPATH=/home/ubuntu/nemo_ws/src/install/examples_rclpy_minimal_publisher/lib/python3.8/site-packages:${PYTHONPATH} /usr/bin/python3 setup.py egg_info --egg-base ../../../../build/examples_rclpy_minimal_publisher build --build-base /home/ubuntu/nemo_ws/src/build/examples_rclpy_minimal_publisher/build install --prefix /home/ubuntu/nemo_ws/src/install/examples_rclpy_minimal_publisher --record /home/ubuntu/nemo_ws/src/build/examples_rclpy_minimal_publisher/install.log --single-version-externally-managed
[6.104s] running egg_info
[6.107s] creating ../../../../build/examples_rclpy_minimal_publisher/examples_rclpy_minimal_publisher.egg-info
[6.109s] writing ../../../../build/examples_rclpy_minimal_publisher/examples_rclpy_minimal_publisher.egg-info/PKG-INFO
[6.111s] writing dependency_links to ../../../../build/examples_rclpy_minimal_publisher/examples_rclpy_minimal_publisher.egg-info/dependency_links.txt
[6.112s] writing entry points to ../../../../build/examples_rclpy_minimal_publisher/examples_rclpy_minimal_publisher.egg-info/entry_points.txt
[6.113s] writing requirements to ../../../../build/examples_rclpy_minimal_publisher/examples_rclpy_minimal_publisher.egg-info/requires.txt
[6.114s] writing top-level names to ../../../../build/examples_rclpy_minimal_publisher/examples_rclpy_minimal_publisher.egg-info/top_level.txt
[6.125s] writing manifest file '../../../../build/examples_rclpy_minimal_publisher/examples_rclpy_minimal_publisher.egg-info/SOURCES.txt'
[6.301s] reading manifest file '../../../../build/examples_rclpy_minimal_publisher/examples_rclpy_minimal_publisher.egg-info/SOURCES.txt'
[6.306s] writing manifest file '../../../../build/examples_rclpy_minimal_publisher/examples_rclpy_minimal_publisher.egg-info/SOURCES.txt'
[6.307s] running build
[6.308s] running build_py
[6.310s] creating /home/ubuntu/nemo_ws/src/build/examples_rclpy_minimal_publisher/build
[6.310s] creating /home/ubuntu/nemo_ws/src/build/examples_rclpy_minimal_publisher/build/lib
[6.311s] creating /home/ubuntu/nemo_ws/src/build/examples_rclpy_minimal_publisher/build/lib/examples_rclpy_minimal_publisher
[6.312s] copying examples_rclpy_minimal_publisher/publisher_old_school.py -> /home/ubuntu/nemo_ws/src/build/examples_rclpy_minimal_publisher/build/lib/examples_rclpy_minimal_publisher
[6.314s] copying examples_rclpy_minimal_publisher/__init__.py -> /home/ubuntu/nemo_ws/src/build/examples_rclpy_minimal_publisher/build/lib/examples_rclpy_minimal_publisher
[6.315s] copying examples_rclpy_minimal_publisher/publisher_member_function.py -> /home/ubuntu/nemo_ws/src/build/examples_rclpy_minimal_publisher/build/lib/examples_rclpy_minimal_publisher
[6.317s] copying examples_rclpy_minimal_publisher/publisher_local_function.py -> /home/ubuntu/nemo_ws/src/build/examples_rclpy_minimal_publisher/build/lib/examples_rclpy_minimal_publisher
[6.320s] running install
[6.326s] running install_lib
[6.331s] creating /home/ubuntu/nemo_ws/src/install/examples_rclpy_minimal_publisher/lib/python3.8/site-packages/examples_rclpy_minimal_publisher
[6.333s] copying /home/ubuntu/nemo_ws/src/build/examples_rclpy_minimal_publisher/build/lib/examples_rclpy_minimal_publisher/publisher_old_school.py -> /home/ubuntu/nemo_ws/src/install/examples_rclpy_minimal_publisher/lib/python3.8/site-packages/examples_rclpy_minimal_publisher
[6.335s] copying /home/ubuntu/nemo_ws/src/build/examples_rclpy_minimal_publisher/build/lib/examples_rclpy_minimal_publisher/__init__.py -> /home/ubuntu/nemo_ws/src/install/examples_rclpy_minimal_publisher/lib/python3.8/site-packages/examples_rclpy_minimal_publisher
[6.337s] copying /home/ubuntu/nemo_ws/src/build/examples_rclpy_minimal_publisher/build/lib/examples_rclpy_minimal_publisher/publisher_member_function.py -> /home/ubuntu/nemo_ws/src/install/examples_rclpy_minimal_publisher/lib/python3.8/site-packages/examples_rclpy_minimal_publisher
[6.339s] copying /home/ubuntu/nemo_ws/src/build/examples_rclpy_minimal_publisher/build/lib/examples_rclpy_minimal_publisher/publisher_local_function.py -> /home/ubuntu/nemo_ws/src/install/examples_rclpy_minimal_publisher/lib/python3.8/site-packages/examples_rclpy_minimal_publisher
[6.344s] byte-compiling /home/ubuntu/nemo_ws/src/install/examples_rclpy_minimal_publisher/lib/python3.8/site-packages/examples_rclpy_minimal_publisher/publisher_old_school.py to publisher_old_school.cpython-38.pyc
[6.351s] byte-compiling /home/ubuntu/nemo_ws/src/install/examples_rclpy_minimal_publisher/lib/python3.8/site-packages/examples_rclpy_minimal_publisher/__init__.py to __init__.cpython-38.pyc
[6.354s] byte-compiling /home/ubuntu/nemo_ws/src/install/examples_rclpy_minimal_publisher/lib/python3.8/site-packages/examples_rclpy_minimal_publisher/publisher_member_function.py to publisher_member_function.cpython-38.pyc
[6.357s] byte-compiling /home/ubuntu/nemo_ws/src/install/examples_rclpy_minimal_publisher/lib/python3.8/site-packages/examples_rclpy_minimal_publisher/publisher_local_function.py to publisher_local_function.cpython-38.pyc
[6.360s] running install_data
[6.364s] creating /home/ubuntu/nemo_ws/src/install/examples_rclpy_minimal_publisher/share/ament_index
[6.365s] creating /home/ubuntu/nemo_ws/src/install/examples_rclpy_minimal_publisher/share/ament_index/resource_index
[6.367s] creating /home/ubuntu/nemo_ws/src/install/examples_rclpy_minimal_publisher/share/ament_index/resource_index/packages
[6.372s] copying resource/examples_rclpy_minimal_publisher -> /home/ubuntu/nemo_ws/src/install/examples_rclpy_minimal_publisher/share/ament_index/resource_index/packages
[6.373s] copying package.xml -> /home/ubuntu/nemo_ws/src/install/examples_rclpy_minimal_publisher/share/examples_rclpy_minimal_publisher
[6.374s] running install_egg_info
[6.385s] Copying ../../../../build/examples_rclpy_minimal_publisher/examples_rclpy_minimal_publisher.egg-info to /home/ubuntu/nemo_ws/src/install/examples_rclpy_minimal_publisher/lib/python3.8/site-packages/examples_rclpy_minimal_publisher-0.9.4-py3.8.egg-info
[6.395s] running install_scripts
[6.494s] Installing publisher_local_function script to /home/ubuntu/nemo_ws/src/install/examples_rclpy_minimal_publisher/lib/examples_rclpy_minimal_publisher
[6.496s] Installing publisher_member_function script to /home/ubuntu/nemo_ws/src/install/examples_rclpy_minimal_publisher/lib/examples_rclpy_minimal_publisher
[6.497s] Installing publisher_old_school script to /home/ubuntu/nemo_ws/src/install/examples_rclpy_minimal_publisher/lib/examples_rclpy_minimal_publisher
[6.499s] writing list of installed files to '/home/ubuntu/nemo_ws/src/build/examples_rclpy_minimal_publisher/install.log'
[6.641s] Invoked command in '/home/ubuntu/nemo_ws/src/examples/rclpy/topics/minimal_publisher' returned '0': PYTHONPATH=/home/ubuntu/nemo_ws/src/install/examples_rclpy_minimal_publisher/lib/python3.8/site-packages:${PYTHONPATH} /usr/bin/python3 setup.py egg_info --egg-base ../../../../build/examples_rclpy_minimal_publisher build --build-base /home/ubuntu/nemo_ws/src/build/examples_rclpy_minimal_publisher/build install --prefix /home/ubuntu/nemo_ws/src/install/examples_rclpy_minimal_publisher --record /home/ubuntu/nemo_ws/src/build/examples_rclpy_minimal_publisher/install.log --single-version-externally-managed
