[5.422s] Invoking command in '/home/ubuntu/nemo_ws/src/examples/rclpy/services/minimal_service': PYTHONPATH=/home/ubuntu/nemo_ws/install/examples_rclpy_minimal_service/lib/python3.8/site-packages:${PYTHONPATH} /usr/bin/python3 setup.py egg_info --egg-base ../../../../../build/examples_rclpy_minimal_service build --build-base /home/ubuntu/nemo_ws/build/examples_rclpy_minimal_service/build install --prefix /home/ubuntu/nemo_ws/install/examples_rclpy_minimal_service --record /home/ubuntu/nemo_ws/build/examples_rclpy_minimal_service/install.log --single-version-externally-managed
[6.896s] running egg_info
[6.899s] creating ../../../../../build/examples_rclpy_minimal_service/examples_rclpy_minimal_service.egg-info
[6.900s] writing ../../../../../build/examples_rclpy_minimal_service/examples_rclpy_minimal_service.egg-info/PKG-INFO
[6.902s] writing dependency_links to ../../../../../build/examples_rclpy_minimal_service/examples_rclpy_minimal_service.egg-info/dependency_links.txt
[6.904s] writing entry points to ../../../../../build/examples_rclpy_minimal_service/examples_rclpy_minimal_service.egg-info/entry_points.txt
[6.905s] writing requirements to ../../../../../build/examples_rclpy_minimal_service/examples_rclpy_minimal_service.egg-info/requires.txt
[6.906s] writing top-level names to ../../../../../build/examples_rclpy_minimal_service/examples_rclpy_minimal_service.egg-info/top_level.txt
[6.916s] writing manifest file '../../../../../build/examples_rclpy_minimal_service/examples_rclpy_minimal_service.egg-info/SOURCES.txt'
[7.082s] reading manifest file '../../../../../build/examples_rclpy_minimal_service/examples_rclpy_minimal_service.egg-info/SOURCES.txt'
[7.086s] writing manifest file '../../../../../build/examples_rclpy_minimal_service/examples_rclpy_minimal_service.egg-info/SOURCES.txt'
[7.088s] running build
[7.088s] running build_py
[7.090s] creating /home/ubuntu/nemo_ws/build/examples_rclpy_minimal_service/build
[7.091s] creating /home/ubuntu/nemo_ws/build/examples_rclpy_minimal_service/build/lib
[7.092s] creating /home/ubuntu/nemo_ws/build/examples_rclpy_minimal_service/build/lib/examples_rclpy_minimal_service
[7.092s] copying examples_rclpy_minimal_service/service.py -> /home/ubuntu/nemo_ws/build/examples_rclpy_minimal_service/build/lib/examples_rclpy_minimal_service
[7.094s] copying examples_rclpy_minimal_service/__init__.py -> /home/ubuntu/nemo_ws/build/examples_rclpy_minimal_service/build/lib/examples_rclpy_minimal_service
[7.102s] copying examples_rclpy_minimal_service/service_member_function.py -> /home/ubuntu/nemo_ws/build/examples_rclpy_minimal_service/build/lib/examples_rclpy_minimal_service
[7.103s] running install
[7.104s] running install_lib
[7.106s] creating /home/ubuntu/nemo_ws/install/examples_rclpy_minimal_service/lib/python3.8/site-packages/examples_rclpy_minimal_service
[7.107s] copying /home/ubuntu/nemo_ws/build/examples_rclpy_minimal_service/build/lib/examples_rclpy_minimal_service/service.py -> /home/ubuntu/nemo_ws/install/examples_rclpy_minimal_service/lib/python3.8/site-packages/examples_rclpy_minimal_service
[7.109s] copying /home/ubuntu/nemo_ws/build/examples_rclpy_minimal_service/build/lib/examples_rclpy_minimal_service/__init__.py -> /home/ubuntu/nemo_ws/install/examples_rclpy_minimal_service/lib/python3.8/site-packages/examples_rclpy_minimal_service
[7.110s] copying /home/ubuntu/nemo_ws/build/examples_rclpy_minimal_service/build/lib/examples_rclpy_minimal_service/service_member_function.py -> /home/ubuntu/nemo_ws/install/examples_rclpy_minimal_service/lib/python3.8/site-packages/examples_rclpy_minimal_service
[7.114s] byte-compiling /home/ubuntu/nemo_ws/install/examples_rclpy_minimal_service/lib/python3.8/site-packages/examples_rclpy_minimal_service/service.py to service.cpython-38.pyc
[7.121s] byte-compiling /home/ubuntu/nemo_ws/install/examples_rclpy_minimal_service/lib/python3.8/site-packages/examples_rclpy_minimal_service/__init__.py to __init__.cpython-38.pyc
[7.123s] byte-compiling /home/ubuntu/nemo_ws/install/examples_rclpy_minimal_service/lib/python3.8/site-packages/examples_rclpy_minimal_service/service_member_function.py to service_member_function.cpython-38.pyc
[7.126s] running install_data
[7.129s] creating /home/ubuntu/nemo_ws/install/examples_rclpy_minimal_service/share/ament_index
[7.131s] creating /home/ubuntu/nemo_ws/install/examples_rclpy_minimal_service/share/ament_index/resource_index
[7.132s] creating /home/ubuntu/nemo_ws/install/examples_rclpy_minimal_service/share/ament_index/resource_index/packages
[7.133s] copying resource/examples_rclpy_minimal_service -> /home/ubuntu/nemo_ws/install/examples_rclpy_minimal_service/share/ament_index/resource_index/packages
[7.133s] copying package.xml -> /home/ubuntu/nemo_ws/install/examples_rclpy_minimal_service/share/examples_rclpy_minimal_service
[7.135s] running install_egg_info
[7.145s] Copying ../../../../../build/examples_rclpy_minimal_service/examples_rclpy_minimal_service.egg-info to /home/ubuntu/nemo_ws/install/examples_rclpy_minimal_service/lib/python3.8/site-packages/examples_rclpy_minimal_service-0.9.4-py3.8.egg-info
[7.155s] running install_scripts
[7.253s] Installing service script to /home/ubuntu/nemo_ws/install/examples_rclpy_minimal_service/lib/examples_rclpy_minimal_service
[7.255s] Installing service_member_function script to /home/ubuntu/nemo_ws/install/examples_rclpy_minimal_service/lib/examples_rclpy_minimal_service
[7.258s] writing list of installed files to '/home/ubuntu/nemo_ws/build/examples_rclpy_minimal_service/install.log'
[7.418s] Invoked command in '/home/ubuntu/nemo_ws/src/examples/rclpy/services/minimal_service' returned '0': PYTHONPATH=/home/ubuntu/nemo_ws/install/examples_rclpy_minimal_service/lib/python3.8/site-packages:${PYTHONPATH} /usr/bin/python3 setup.py egg_info --egg-base ../../../../../build/examples_rclpy_minimal_service build --build-base /home/ubuntu/nemo_ws/build/examples_rclpy_minimal_service/build install --prefix /home/ubuntu/nemo_ws/install/examples_rclpy_minimal_service --record /home/ubuntu/nemo_ws/build/examples_rclpy_minimal_service/install.log --single-version-externally-managed
