[0.096s] Invoking command in '/home/ubuntu/nemo_ws/src/build/examples_rclcpp_multithreaded_executor': CMAKE_PREFIX_PATH=${CMAKE_PREFIX_PATH}:/home/ubuntu/nemo_ws/install/img_basics:/home/ubuntu/nemo_ws/install/examples_rclpy_minimal_subscriber:/home/ubuntu/nemo_ws/install/examples_rclpy_minimal_service:/home/ubuntu/nemo_ws/install/examples_rclpy_minimal_publisher:/home/ubuntu/nemo_ws/install/examples_rclpy_minimal_client:/home/ubuntu/nemo_ws/install/examples_rclpy_minimal_action_server:/home/ubuntu/nemo_ws/install/examples_rclpy_minimal_action_client:/home/ubuntu/nemo_ws/install/examples_rclpy_executors:/opt/ros/foxy /usr/bin/cmake /home/ubuntu/nemo_ws/src/examples/rclcpp/executors/multithreaded_executor -DCMAKE_INSTALL_PREFIX=/home/ubuntu/nemo_ws/src/install/examples_rclcpp_multithreaded_executor
[0.430s] -- The C compiler identification is GNU 9.4.0
[0.734s] -- The CXX compiler identification is GNU 9.4.0
[0.765s] -- Check for working C compiler: /usr/bin/cc
[1.184s] -- Check for working C compiler: /usr/bin/cc -- works
[1.189s] -- Detecting C compiler ABI info
[1.654s] -- Detecting C compiler ABI info - done
[1.701s] -- Detecting C compile features
[1.703s] -- Detecting C compile features - done
[1.717s] -- Check for working CXX compiler: /usr/bin/c++
[2.196s] -- Check for working CXX compiler: /usr/bin/c++ -- works
[2.203s] -- Detecting CXX compiler ABI info
[2.681s] -- Detecting CXX compiler ABI info - done
[2.730s] -- Detecting CXX compile features
[2.734s] -- Detecting CXX compile features - done
[2.788s] -- Found ament_cmake: 0.9.9 (/opt/ros/foxy/share/ament_cmake/cmake)
[3.021s] -- Found PythonInterp: /usr/bin/python3 (found suitable version "3.8.10", minimum required is "3") 
[3.022s] -- Using PYTHON_EXECUTABLE: /usr/bin/python3
[4.978s] -- Found rclcpp: 2.4.1 (/opt/ros/foxy/share/rclcpp/cmake)
[5.616s] -- Using all available rosidl_typesupport_c: rosidl_typesupport_fastrtps_c;rosidl_typesupport_introspection_c
[5.742s] -- Found rosidl_adapter: 1.2.1 (/opt/ros/foxy/share/rosidl_adapter/cmake)
[6.604s] -- Found OpenSSL: /usr/lib/aarch64-linux-gnu/libcrypto.so (found version "1.1.1f")  
[6.934s] -- Found FastRTPS: /opt/ros/foxy/include  
[7.827s] -- Using all available rosidl_typesupport_cpp: rosidl_typesupport_fastrtps_cpp;rosidl_typesupport_introspection_cpp
[8.391s] -- Found rmw_implementation_cmake: 1.0.3 (/opt/ros/foxy/share/rmw_implementation_cmake/cmake)
[8.410s] -- Using RMW implementation 'rmw_fastrtps_cpp' as default
[8.417s] -- Looking for pthread.h
[8.885s] -- Looking for pthread.h - found
[8.888s] -- Performing Test CMAKE_HAVE_LIBC_PTHREAD
[9.354s] -- Performing Test CMAKE_HAVE_LIBC_PTHREAD - Failed
[9.356s] -- Looking for pthread_create in pthreads
[9.741s] -- Looking for pthread_create in pthreads - not found
[9.743s] -- Looking for pthread_create in pthread
[10.197s] -- Looking for pthread_create in pthread - found
[10.203s] -- Found Threads: TRUE  
[11.256s] -- Found ament_lint_auto: 0.9.6 (/opt/ros/foxy/share/ament_lint_auto/cmake)
[12.072s] -- Added test 'copyright' to check source files copyright and LICENSE
[12.082s] -- Added test 'cppcheck' to perform static code analysis on C / C++ code
[12.084s] -- Configured cppcheck include dirs: 
[12.086s] -- Configured cppcheck exclude dirs and/or files: 
[12.098s] -- Added test 'cpplint' to check C / C++ code against the Google style
[12.102s] -- Configured cpplint exclude dirs and/or files: 
[12.111s] -- Added test 'lint_cmake' to check CMake code style
[12.121s] -- Added test 'uncrustify' to check C / C++ code style
[12.123s] -- Configured uncrustify additional arguments: 
[12.130s] -- Added test 'xmllint' to check XML markup files
[12.163s] -- Configuring done
[12.205s] -- Generating done
[12.216s] -- Build files have been written to: /home/ubuntu/nemo_ws/src/build/examples_rclcpp_multithreaded_executor
[12.249s] Invoked command in '/home/ubuntu/nemo_ws/src/build/examples_rclcpp_multithreaded_executor' returned '0': CMAKE_PREFIX_PATH=${CMAKE_PREFIX_PATH}:/home/ubuntu/nemo_ws/install/img_basics:/home/ubuntu/nemo_ws/install/examples_rclpy_minimal_subscriber:/home/ubuntu/nemo_ws/install/examples_rclpy_minimal_service:/home/ubuntu/nemo_ws/install/examples_rclpy_minimal_publisher:/home/ubuntu/nemo_ws/install/examples_rclpy_minimal_client:/home/ubuntu/nemo_ws/install/examples_rclpy_minimal_action_server:/home/ubuntu/nemo_ws/install/examples_rclpy_minimal_action_client:/home/ubuntu/nemo_ws/install/examples_rclpy_executors:/opt/ros/foxy /usr/bin/cmake /home/ubuntu/nemo_ws/src/examples/rclcpp/executors/multithreaded_executor -DCMAKE_INSTALL_PREFIX=/home/ubuntu/nemo_ws/src/install/examples_rclcpp_multithreaded_executor
[12.264s] Invoking command in '/home/ubuntu/nemo_ws/src/build/examples_rclcpp_multithreaded_executor': CMAKE_PREFIX_PATH=${CMAKE_PREFIX_PATH}:/home/ubuntu/nemo_ws/install/img_basics:/home/ubuntu/nemo_ws/install/examples_rclpy_minimal_subscriber:/home/ubuntu/nemo_ws/install/examples_rclpy_minimal_service:/home/ubuntu/nemo_ws/install/examples_rclpy_minimal_publisher:/home/ubuntu/nemo_ws/install/examples_rclpy_minimal_client:/home/ubuntu/nemo_ws/install/examples_rclpy_minimal_action_server:/home/ubuntu/nemo_ws/install/examples_rclpy_minimal_action_client:/home/ubuntu/nemo_ws/install/examples_rclpy_executors:/opt/ros/foxy /usr/bin/cmake --build /home/ubuntu/nemo_ws/src/build/examples_rclcpp_multithreaded_executor -- -j4 -l4
[12.552s] [35m[1mScanning dependencies of target multithreaded_executor[0m
[12.836s] [ 50%] [32mBuilding CXX object CMakeFiles/multithreaded_executor.dir/multithreaded_executor.cpp.o[0m
[12.912s] make[2]: *** [CMakeFiles/multithreaded_executor.dir/build.make:63: CMakeFiles/multithreaded_executor.dir/multithreaded_executor.cpp.o] Interrupt
[12.914s] make[1]: *** [CMakeFiles/Makefile2:78: CMakeFiles/multithreaded_executor.dir/all] Interrupt
[12.915s] make: *** [Makefile:141: all] Interrupt
[12.917s] Invoked command in '/home/ubuntu/nemo_ws/src/build/examples_rclcpp_multithreaded_executor' returned '-2': CMAKE_PREFIX_PATH=${CMAKE_PREFIX_PATH}:/home/ubuntu/nemo_ws/install/img_basics:/home/ubuntu/nemo_ws/install/examples_rclpy_minimal_subscriber:/home/ubuntu/nemo_ws/install/examples_rclpy_minimal_service:/home/ubuntu/nemo_ws/install/examples_rclpy_minimal_publisher:/home/ubuntu/nemo_ws/install/examples_rclpy_minimal_client:/home/ubuntu/nemo_ws/install/examples_rclpy_minimal_action_server:/home/ubuntu/nemo_ws/install/examples_rclpy_minimal_action_client:/home/ubuntu/nemo_ws/install/examples_rclpy_executors:/opt/ros/foxy /usr/bin/cmake --build /home/ubuntu/nemo_ws/src/build/examples_rclcpp_multithreaded_executor -- -j4 -l4
