[0.298s] Invoking command in '/home/ubuntu/nemo_ws/src/build/image_geometry': CMAKE_PREFIX_PATH=${CMAKE_PREFIX_PATH}:/home/ubuntu/nemo_ws/install/path_finder:/home/ubuntu/nemo_ws/install/opencv_tests:/home/ubuntu/nemo_ws/install/img_basics:/home/ubuntu/nemo_ws/install/examples_rclpy_minimal_subscriber:/home/ubuntu/nemo_ws/install/examples_rclpy_minimal_service:/home/ubuntu/nemo_ws/install/examples_rclpy_minimal_publisher:/home/ubuntu/nemo_ws/install/examples_rclpy_minimal_client:/home/ubuntu/nemo_ws/install/examples_rclpy_minimal_action_server:/home/ubuntu/nemo_ws/install/examples_rclpy_minimal_action_client:/home/ubuntu/nemo_ws/install/examples_rclpy_executors:/opt/ros/foxy /usr/bin/cmake --build /home/ubuntu/nemo_ws/src/build/image_geometry -- -j4 -l4
[0.966s] [ 33%] Built target image_geometry
[1.144s] [ 55%] Built target gtest
[1.314s] [ 77%] Built target gtest_main
[1.611s] [100%] Built target image_geometry-utest
[1.688s] Invoked command in '/home/ubuntu/nemo_ws/src/build/image_geometry' returned '0': CMAKE_PREFIX_PATH=${CMAKE_PREFIX_PATH}:/home/ubuntu/nemo_ws/install/path_finder:/home/ubuntu/nemo_ws/install/opencv_tests:/home/ubuntu/nemo_ws/install/img_basics:/home/ubuntu/nemo_ws/install/examples_rclpy_minimal_subscriber:/home/ubuntu/nemo_ws/install/examples_rclpy_minimal_service:/home/ubuntu/nemo_ws/install/examples_rclpy_minimal_publisher:/home/ubuntu/nemo_ws/install/examples_rclpy_minimal_client:/home/ubuntu/nemo_ws/install/examples_rclpy_minimal_action_server:/home/ubuntu/nemo_ws/install/examples_rclpy_minimal_action_client:/home/ubuntu/nemo_ws/install/examples_rclpy_executors:/opt/ros/foxy /usr/bin/cmake --build /home/ubuntu/nemo_ws/src/build/image_geometry -- -j4 -l4
[2.091s] Invoking command in '/home/ubuntu/nemo_ws/src/build/image_geometry': CMAKE_PREFIX_PATH=${CMAKE_PREFIX_PATH}:/home/ubuntu/nemo_ws/install/path_finder:/home/ubuntu/nemo_ws/install/opencv_tests:/home/ubuntu/nemo_ws/install/img_basics:/home/ubuntu/nemo_ws/install/examples_rclpy_minimal_subscriber:/home/ubuntu/nemo_ws/install/examples_rclpy_minimal_service:/home/ubuntu/nemo_ws/install/examples_rclpy_minimal_publisher:/home/ubuntu/nemo_ws/install/examples_rclpy_minimal_client:/home/ubuntu/nemo_ws/install/examples_rclpy_minimal_action_server:/home/ubuntu/nemo_ws/install/examples_rclpy_minimal_action_client:/home/ubuntu/nemo_ws/install/examples_rclpy_executors:/opt/ros/foxy /usr/bin/cmake --install /home/ubuntu/nemo_ws/src/build/image_geometry
[2.175s] -- Install configuration: ""
[2.176s] -- Up-to-date: /home/ubuntu/nemo_ws/src/install/image_geometry/share/image_geometry/environment/pythonpath.sh
[2.177s] -- Up-to-date: /home/ubuntu/nemo_ws/src/install/image_geometry/share/image_geometry/environment/pythonpath.dsv
[2.178s] -- Up-to-date: /home/ubuntu/nemo_ws/src/install/image_geometry/lib/python3.8/site-packages/image_geometry
[2.179s] -- Up-to-date: /home/ubuntu/nemo_ws/src/install/image_geometry/lib/python3.8/site-packages/image_geometry/__init__.py
[2.179s] -- Up-to-date: /home/ubuntu/nemo_ws/src/install/image_geometry/lib/python3.8/site-packages/image_geometry/cameramodels.py
[2.435s] Listing '/home/ubuntu/nemo_ws/src/install/image_geometry/lib/python3.8/site-packages/image_geometry'...
[2.476s] -- Up-to-date: /home/ubuntu/nemo_ws/src/install/image_geometry/include/image_geometry
[2.477s] -- Up-to-date: /home/ubuntu/nemo_ws/src/install/image_geometry/include/image_geometry/image_geometry
[2.478s] -- Up-to-date: /home/ubuntu/nemo_ws/src/install/image_geometry/include/image_geometry/image_geometry/pinhole_camera_model.h
[2.480s] -- Up-to-date: /home/ubuntu/nemo_ws/src/install/image_geometry/include/image_geometry/image_geometry/visibility_control.hpp
[2.481s] -- Up-to-date: /home/ubuntu/nemo_ws/src/install/image_geometry/include/image_geometry/image_geometry/stereo_camera_model.h
[2.483s] -- Up-to-date: /home/ubuntu/nemo_ws/src/install/image_geometry/lib/libimage_geometry.so
[2.492s] -- Up-to-date: /home/ubuntu/nemo_ws/src/install/image_geometry/share/ament_index/resource_index/package_run_dependencies/image_geometry
[2.499s] -- Up-to-date: /home/ubuntu/nemo_ws/src/install/image_geometry/share/ament_index/resource_index/parent_prefix_path/image_geometry
[2.503s] -- Up-to-date: /home/ubuntu/nemo_ws/src/install/image_geometry/share/image_geometry/environment/ament_prefix_path.sh
[2.507s] -- Up-to-date: /home/ubuntu/nemo_ws/src/install/image_geometry/share/image_geometry/environment/ament_prefix_path.dsv
[2.512s] -- Up-to-date: /home/ubuntu/nemo_ws/src/install/image_geometry/share/image_geometry/environment/path.sh
[2.515s] -- Up-to-date: /home/ubuntu/nemo_ws/src/install/image_geometry/share/image_geometry/environment/path.dsv
[2.532s] -- Up-to-date: /home/ubuntu/nemo_ws/src/install/image_geometry/share/image_geometry/local_setup.bash
[2.534s] -- Up-to-date: /home/ubuntu/nemo_ws/src/install/image_geometry/share/image_geometry/local_setup.sh
[2.537s] -- Up-to-date: /home/ubuntu/nemo_ws/src/install/image_geometry/share/image_geometry/local_setup.zsh
[2.544s] -- Up-to-date: /home/ubuntu/nemo_ws/src/install/image_geometry/share/image_geometry/local_setup.dsv
[2.546s] -- Installing: /home/ubuntu/nemo_ws/src/install/image_geometry/share/image_geometry/package.dsv
[2.546s] -- Up-to-date: /home/ubuntu/nemo_ws/src/install/image_geometry/share/ament_index/resource_index/packages/image_geometry
[2.547s] -- Up-to-date: /home/ubuntu/nemo_ws/src/install/image_geometry/share/image_geometry/cmake/export_image_geometryExport.cmake
[2.548s] -- Up-to-date: /home/ubuntu/nemo_ws/src/install/image_geometry/share/image_geometry/cmake/export_image_geometryExport-noconfig.cmake
[2.548s] -- Up-to-date: /home/ubuntu/nemo_ws/src/install/image_geometry/share/image_geometry/cmake/ament_cmake_export_targets-extras.cmake
[2.552s] -- Up-to-date: /home/ubuntu/nemo_ws/src/install/image_geometry/share/image_geometry/cmake/ament_cmake_export_dependencies-extras.cmake
[2.555s] -- Up-to-date: /home/ubuntu/nemo_ws/src/install/image_geometry/share/image_geometry/cmake/image_geometryConfig.cmake
[2.571s] -- Up-to-date: /home/ubuntu/nemo_ws/src/install/image_geometry/share/image_geometry/cmake/image_geometryConfig-version.cmake
[2.572s] -- Up-to-date: /home/ubuntu/nemo_ws/src/install/image_geometry/share/image_geometry/package.xml
[2.576s] Invoked command in '/home/ubuntu/nemo_ws/src/build/image_geometry' returned '0': CMAKE_PREFIX_PATH=${CMAKE_PREFIX_PATH}:/home/ubuntu/nemo_ws/install/path_finder:/home/ubuntu/nemo_ws/install/opencv_tests:/home/ubuntu/nemo_ws/install/img_basics:/home/ubuntu/nemo_ws/install/examples_rclpy_minimal_subscriber:/home/ubuntu/nemo_ws/install/examples_rclpy_minimal_service:/home/ubuntu/nemo_ws/install/examples_rclpy_minimal_publisher:/home/ubuntu/nemo_ws/install/examples_rclpy_minimal_client:/home/ubuntu/nemo_ws/install/examples_rclpy_minimal_action_server:/home/ubuntu/nemo_ws/install/examples_rclpy_minimal_action_client:/home/ubuntu/nemo_ws/install/examples_rclpy_executors:/opt/ros/foxy /usr/bin/cmake --install /home/ubuntu/nemo_ws/src/build/image_geometry
