[ 12%] Built target gtest
[ 25%] Built target gtest_main
[ 43%] Built target cv_bridge
[ 62%] Built target cv_bridge_boost
[100%] Built target cv_bridge-utest
-- Install configuration: ""
-- Up-to-date: /home/ubuntu/nemo_ws/src/install/cv_bridge/share/cv_bridge/environment/pythonpath.sh
-- Up-to-date: /home/ubuntu/nemo_ws/src/install/cv_bridge/share/cv_bridge/environment/pythonpath.dsv
-- Up-to-date: /home/ubuntu/nemo_ws/src/install/cv_bridge/lib/python3.8/site-packages/cv_bridge
-- Up-to-date: /home/ubuntu/nemo_ws/src/install/cv_bridge/lib/python3.8/site-packages/cv_bridge/core.py
-- Up-to-date: /home/ubuntu/nemo_ws/src/install/cv_bridge/lib/python3.8/site-packages/cv_bridge/__init__.py
Listing '/home/ubuntu/nemo_ws/src/install/cv_bridge/lib/python3.8/site-packages/cv_bridge'...
Listing '/home/ubuntu/nemo_ws/src/install/cv_bridge/lib/python3.8/site-packages/cv_bridge/boost'...
-- Up-to-date: /home/ubuntu/nemo_ws/src/install/cv_bridge/lib/libcv_bridge.so
-- Up-to-date: /home/ubuntu/nemo_ws/src/install/cv_bridge/include/cv_bridge/cv_bridge/cv_bridge_export.h
-- Up-to-date: /home/ubuntu/nemo_ws/src/install/cv_bridge/lib/python3.8/site-packages/cv_bridge/boost/cv_bridge_boost.so
-- Up-to-date: /home/ubuntu/nemo_ws/src/install/cv_bridge/include/cv_bridge
-- Up-to-date: /home/ubuntu/nemo_ws/src/install/cv_bridge/include/cv_bridge/cv_bridge
-- Up-to-date: /home/ubuntu/nemo_ws/src/install/cv_bridge/include/cv_bridge/cv_bridge/cv_bridge.h
-- Up-to-date: /home/ubuntu/nemo_ws/src/install/cv_bridge/include/cv_bridge/cv_bridge/rgb_colors.h
-- Up-to-date: /home/ubuntu/nemo_ws/src/install/cv_bridge/lib/libcv_bridge.so
-- Up-to-date: /home/ubuntu/nemo_ws/src/install/cv_bridge/share/ament_index/resource_index/package_run_dependencies/cv_bridge
-- Up-to-date: /home/ubuntu/nemo_ws/src/install/cv_bridge/share/ament_index/resource_index/parent_prefix_path/cv_bridge
-- Up-to-date: /home/ubuntu/nemo_ws/src/install/cv_bridge/share/cv_bridge/environment/ament_prefix_path.sh
-- Up-to-date: /home/ubuntu/nemo_ws/src/install/cv_bridge/share/cv_bridge/environment/ament_prefix_path.dsv
-- Up-to-date: /home/ubuntu/nemo_ws/src/install/cv_bridge/share/cv_bridge/environment/path.sh
-- Up-to-date: /home/ubuntu/nemo_ws/src/install/cv_bridge/share/cv_bridge/environment/path.dsv
-- Up-to-date: /home/ubuntu/nemo_ws/src/install/cv_bridge/share/cv_bridge/local_setup.bash
-- Up-to-date: /home/ubuntu/nemo_ws/src/install/cv_bridge/share/cv_bridge/local_setup.sh
-- Up-to-date: /home/ubuntu/nemo_ws/src/install/cv_bridge/share/cv_bridge/local_setup.zsh
-- Up-to-date: /home/ubuntu/nemo_ws/src/install/cv_bridge/share/cv_bridge/local_setup.dsv
-- Installing: /home/ubuntu/nemo_ws/src/install/cv_bridge/share/cv_bridge/package.dsv
-- Up-to-date: /home/ubuntu/nemo_ws/src/install/cv_bridge/share/ament_index/resource_index/packages/cv_bridge
-- Up-to-date: /home/ubuntu/nemo_ws/src/install/cv_bridge/share/cv_bridge/cmake/export_cv_bridgeExport.cmake
-- Up-to-date: /home/ubuntu/nemo_ws/src/install/cv_bridge/share/cv_bridge/cmake/export_cv_bridgeExport-noconfig.cmake
-- Up-to-date: /home/ubuntu/nemo_ws/src/install/cv_bridge/share/cv_bridge/cmake/cv_bridge-extras.cmake
-- Up-to-date: /home/ubuntu/nemo_ws/src/install/cv_bridge/share/cv_bridge/cmake/ament_cmake_export_dependencies-extras.cmake
-- Up-to-date: /home/ubuntu/nemo_ws/src/install/cv_bridge/share/cv_bridge/cmake/ament_cmake_export_targets-extras.cmake
-- Up-to-date: /home/ubuntu/nemo_ws/src/install/cv_bridge/share/cv_bridge/cmake/cv_bridgeConfig.cmake
-- Up-to-date: /home/ubuntu/nemo_ws/src/install/cv_bridge/share/cv_bridge/cmake/cv_bridgeConfig-version.cmake
-- Up-to-date: /home/ubuntu/nemo_ws/src/install/cv_bridge/share/cv_bridge/package.xml
