[0.188s] Invoking command in '/home/ubuntu/nemo_ws/src/build/cv_bridge': CMAKE_PREFIX_PATH=${CMAKE_PREFIX_PATH}:/home/ubuntu/nemo_ws/install/img_basics:/home/ubuntu/nemo_ws/install/examples_rclpy_minimal_subscriber:/home/ubuntu/nemo_ws/install/examples_rclpy_minimal_service:/home/ubuntu/nemo_ws/install/examples_rclpy_minimal_publisher:/home/ubuntu/nemo_ws/install/examples_rclpy_minimal_client:/home/ubuntu/nemo_ws/install/examples_rclpy_minimal_action_server:/home/ubuntu/nemo_ws/install/examples_rclpy_minimal_action_client:/home/ubuntu/nemo_ws/install/examples_rclpy_executors:/opt/ros/foxy /usr/bin/cmake --build /home/ubuntu/nemo_ws/src/build/cv_bridge -- -j4 -l4
[0.927s] [ 12%] Built target gtest
[1.003s] [ 25%] Built target gtest_main
[1.084s] [ 43%] Built target cv_bridge
[1.450s] [ 62%] Built target cv_bridge_boost
[1.523s] [100%] Built target cv_bridge-utest
[1.661s] Invoked command in '/home/ubuntu/nemo_ws/src/build/cv_bridge' returned '0': CMAKE_PREFIX_PATH=${CMAKE_PREFIX_PATH}:/home/ubuntu/nemo_ws/install/img_basics:/home/ubuntu/nemo_ws/install/examples_rclpy_minimal_subscriber:/home/ubuntu/nemo_ws/install/examples_rclpy_minimal_service:/home/ubuntu/nemo_ws/install/examples_rclpy_minimal_publisher:/home/ubuntu/nemo_ws/install/examples_rclpy_minimal_client:/home/ubuntu/nemo_ws/install/examples_rclpy_minimal_action_server:/home/ubuntu/nemo_ws/install/examples_rclpy_minimal_action_client:/home/ubuntu/nemo_ws/install/examples_rclpy_executors:/opt/ros/foxy /usr/bin/cmake --build /home/ubuntu/nemo_ws/src/build/cv_bridge -- -j4 -l4
[2.045s] Invoking command in '/home/ubuntu/nemo_ws/src/build/cv_bridge': CMAKE_PREFIX_PATH=${CMAKE_PREFIX_PATH}:/home/ubuntu/nemo_ws/install/img_basics:/home/ubuntu/nemo_ws/install/examples_rclpy_minimal_subscriber:/home/ubuntu/nemo_ws/install/examples_rclpy_minimal_service:/home/ubuntu/nemo_ws/install/examples_rclpy_minimal_publisher:/home/ubuntu/nemo_ws/install/examples_rclpy_minimal_client:/home/ubuntu/nemo_ws/install/examples_rclpy_minimal_action_server:/home/ubuntu/nemo_ws/install/examples_rclpy_minimal_action_client:/home/ubuntu/nemo_ws/install/examples_rclpy_executors:/opt/ros/foxy /usr/bin/cmake --install /home/ubuntu/nemo_ws/src/build/cv_bridge
[2.142s] -- Install configuration: ""
[2.154s] -- Up-to-date: /home/ubuntu/nemo_ws/src/install/cv_bridge/share/cv_bridge/environment/pythonpath.sh
[2.154s] -- Up-to-date: /home/ubuntu/nemo_ws/src/install/cv_bridge/share/cv_bridge/environment/pythonpath.dsv
[2.157s] -- Up-to-date: /home/ubuntu/nemo_ws/src/install/cv_bridge/lib/python3.8/site-packages/cv_bridge
[2.158s] -- Up-to-date: /home/ubuntu/nemo_ws/src/install/cv_bridge/lib/python3.8/site-packages/cv_bridge/core.py
[2.158s] -- Up-to-date: /home/ubuntu/nemo_ws/src/install/cv_bridge/lib/python3.8/site-packages/cv_bridge/__init__.py
[2.391s] Listing '/home/ubuntu/nemo_ws/src/install/cv_bridge/lib/python3.8/site-packages/cv_bridge'...
[2.393s] Listing '/home/ubuntu/nemo_ws/src/install/cv_bridge/lib/python3.8/site-packages/cv_bridge/boost'...
[2.439s] -- Up-to-date: /home/ubuntu/nemo_ws/src/install/cv_bridge/lib/libcv_bridge.so
[2.462s] -- Up-to-date: /home/ubuntu/nemo_ws/src/install/cv_bridge/include/cv_bridge/cv_bridge/cv_bridge_export.h
[2.462s] -- Up-to-date: /home/ubuntu/nemo_ws/src/install/cv_bridge/lib/python3.8/site-packages/cv_bridge/boost/cv_bridge_boost.so
[2.468s] -- Up-to-date: /home/ubuntu/nemo_ws/src/install/cv_bridge/include/cv_bridge
[2.469s] -- Up-to-date: /home/ubuntu/nemo_ws/src/install/cv_bridge/include/cv_bridge/cv_bridge
[2.470s] -- Up-to-date: /home/ubuntu/nemo_ws/src/install/cv_bridge/include/cv_bridge/cv_bridge/cv_bridge.h
[2.470s] -- Up-to-date: /home/ubuntu/nemo_ws/src/install/cv_bridge/include/cv_bridge/cv_bridge/rgb_colors.h
[2.473s] -- Up-to-date: /home/ubuntu/nemo_ws/src/install/cv_bridge/lib/libcv_bridge.so
[2.477s] -- Up-to-date: /home/ubuntu/nemo_ws/src/install/cv_bridge/share/ament_index/resource_index/package_run_dependencies/cv_bridge
[2.483s] -- Up-to-date: /home/ubuntu/nemo_ws/src/install/cv_bridge/share/ament_index/resource_index/parent_prefix_path/cv_bridge
[2.508s] -- Up-to-date: /home/ubuntu/nemo_ws/src/install/cv_bridge/share/cv_bridge/environment/ament_prefix_path.sh
[2.510s] -- Up-to-date: /home/ubuntu/nemo_ws/src/install/cv_bridge/share/cv_bridge/environment/ament_prefix_path.dsv
[2.520s] -- Up-to-date: /home/ubuntu/nemo_ws/src/install/cv_bridge/share/cv_bridge/environment/path.sh
[2.523s] -- Up-to-date: /home/ubuntu/nemo_ws/src/install/cv_bridge/share/cv_bridge/environment/path.dsv
[2.528s] -- Up-to-date: /home/ubuntu/nemo_ws/src/install/cv_bridge/share/cv_bridge/local_setup.bash
[2.530s] -- Up-to-date: /home/ubuntu/nemo_ws/src/install/cv_bridge/share/cv_bridge/local_setup.sh
[2.531s] -- Up-to-date: /home/ubuntu/nemo_ws/src/install/cv_bridge/share/cv_bridge/local_setup.zsh
[2.551s] -- Up-to-date: /home/ubuntu/nemo_ws/src/install/cv_bridge/share/cv_bridge/local_setup.dsv
[2.551s] -- Installing: /home/ubuntu/nemo_ws/src/install/cv_bridge/share/cv_bridge/package.dsv
[2.556s] -- Up-to-date: /home/ubuntu/nemo_ws/src/install/cv_bridge/share/ament_index/resource_index/packages/cv_bridge
[2.558s] -- Up-to-date: /home/ubuntu/nemo_ws/src/install/cv_bridge/share/cv_bridge/cmake/export_cv_bridgeExport.cmake
[2.559s] -- Up-to-date: /home/ubuntu/nemo_ws/src/install/cv_bridge/share/cv_bridge/cmake/export_cv_bridgeExport-noconfig.cmake
[2.560s] -- Up-to-date: /home/ubuntu/nemo_ws/src/install/cv_bridge/share/cv_bridge/cmake/cv_bridge-extras.cmake
[2.561s] -- Up-to-date: /home/ubuntu/nemo_ws/src/install/cv_bridge/share/cv_bridge/cmake/ament_cmake_export_dependencies-extras.cmake
[2.565s] -- Up-to-date: /home/ubuntu/nemo_ws/src/install/cv_bridge/share/cv_bridge/cmake/ament_cmake_export_targets-extras.cmake
[2.566s] -- Up-to-date: /home/ubuntu/nemo_ws/src/install/cv_bridge/share/cv_bridge/cmake/cv_bridgeConfig.cmake
[2.567s] -- Up-to-date: /home/ubuntu/nemo_ws/src/install/cv_bridge/share/cv_bridge/cmake/cv_bridgeConfig-version.cmake
[2.567s] -- Up-to-date: /home/ubuntu/nemo_ws/src/install/cv_bridge/share/cv_bridge/package.xml
[2.688s] Invoked command in '/home/ubuntu/nemo_ws/src/build/cv_bridge' returned '0': CMAKE_PREFIX_PATH=${CMAKE_PREFIX_PATH}:/home/ubuntu/nemo_ws/install/img_basics:/home/ubuntu/nemo_ws/install/examples_rclpy_minimal_subscriber:/home/ubuntu/nemo_ws/install/examples_rclpy_minimal_service:/home/ubuntu/nemo_ws/install/examples_rclpy_minimal_publisher:/home/ubuntu/nemo_ws/install/examples_rclpy_minimal_client:/home/ubuntu/nemo_ws/install/examples_rclpy_minimal_action_server:/home/ubuntu/nemo_ws/install/examples_rclpy_minimal_action_client:/home/ubuntu/nemo_ws/install/examples_rclpy_executors:/opt/ros/foxy /usr/bin/cmake --install /home/ubuntu/nemo_ws/src/build/cv_bridge
