[5.581s] Invoking command in '/home/ubuntu/nemo_ws/src/examples/rclpy/actions/minimal_action_server': PYTHONPATH=/home/ubuntu/nemo_ws/install/examples_rclpy_minimal_action_server/lib/python3.8/site-packages:${PYTHONPATH} /usr/bin/python3 setup.py egg_info --egg-base ../../../../../build/examples_rclpy_minimal_action_server build --build-base /home/ubuntu/nemo_ws/build/examples_rclpy_minimal_action_server/build install --prefix /home/ubuntu/nemo_ws/install/examples_rclpy_minimal_action_server --record /home/ubuntu/nemo_ws/build/examples_rclpy_minimal_action_server/install.log --single-version-externally-managed
[7.022s] running egg_info
[7.026s] creating ../../../../../build/examples_rclpy_minimal_action_server/examples_rclpy_minimal_action_server.egg-info
[7.027s] writing ../../../../../build/examples_rclpy_minimal_action_server/examples_rclpy_minimal_action_server.egg-info/PKG-INFO
[7.029s] writing dependency_links to ../../../../../build/examples_rclpy_minimal_action_server/examples_rclpy_minimal_action_server.egg-info/dependency_links.txt
[7.031s] writing entry points to ../../../../../build/examples_rclpy_minimal_action_server/examples_rclpy_minimal_action_server.egg-info/entry_points.txt
[7.032s] writing requirements to ../../../../../build/examples_rclpy_minimal_action_server/examples_rclpy_minimal_action_server.egg-info/requires.txt
[7.033s] writing top-level names to ../../../../../build/examples_rclpy_minimal_action_server/examples_rclpy_minimal_action_server.egg-info/top_level.txt
[7.042s] writing manifest file '../../../../../build/examples_rclpy_minimal_action_server/examples_rclpy_minimal_action_server.egg-info/SOURCES.txt'
[7.210s] reading manifest file '../../../../../build/examples_rclpy_minimal_action_server/examples_rclpy_minimal_action_server.egg-info/SOURCES.txt'
[7.215s] writing manifest file '../../../../../build/examples_rclpy_minimal_action_server/examples_rclpy_minimal_action_server.egg-info/SOURCES.txt'
[7.217s] running build
[7.217s] running build_py
[7.220s] creating /home/ubuntu/nemo_ws/build/examples_rclpy_minimal_action_server/build
[7.222s] creating /home/ubuntu/nemo_ws/build/examples_rclpy_minimal_action_server/build/lib
[7.224s] creating /home/ubuntu/nemo_ws/build/examples_rclpy_minimal_action_server/build/lib/examples_rclpy_minimal_action_server
[7.226s] copying examples_rclpy_minimal_action_server/server.py -> /home/ubuntu/nemo_ws/build/examples_rclpy_minimal_action_server/build/lib/examples_rclpy_minimal_action_server
[7.229s] copying examples_rclpy_minimal_action_server/server_not_composable.py -> /home/ubuntu/nemo_ws/build/examples_rclpy_minimal_action_server/build/lib/examples_rclpy_minimal_action_server
[7.232s] copying examples_rclpy_minimal_action_server/__init__.py -> /home/ubuntu/nemo_ws/build/examples_rclpy_minimal_action_server/build/lib/examples_rclpy_minimal_action_server
[7.235s] copying examples_rclpy_minimal_action_server/server_defer.py -> /home/ubuntu/nemo_ws/build/examples_rclpy_minimal_action_server/build/lib/examples_rclpy_minimal_action_server
[7.238s] copying examples_rclpy_minimal_action_server/server_single_goal.py -> /home/ubuntu/nemo_ws/build/examples_rclpy_minimal_action_server/build/lib/examples_rclpy_minimal_action_server
[7.240s] copying examples_rclpy_minimal_action_server/server_queue_goals.py -> /home/ubuntu/nemo_ws/build/examples_rclpy_minimal_action_server/build/lib/examples_rclpy_minimal_action_server
[7.244s] running install
[7.249s] running install_lib
[7.257s] creating /home/ubuntu/nemo_ws/install/examples_rclpy_minimal_action_server/lib/python3.8/site-packages/examples_rclpy_minimal_action_server
[7.259s] copying /home/ubuntu/nemo_ws/build/examples_rclpy_minimal_action_server/build/lib/examples_rclpy_minimal_action_server/server.py -> /home/ubuntu/nemo_ws/install/examples_rclpy_minimal_action_server/lib/python3.8/site-packages/examples_rclpy_minimal_action_server
[7.262s] copying /home/ubuntu/nemo_ws/build/examples_rclpy_minimal_action_server/build/lib/examples_rclpy_minimal_action_server/server_not_composable.py -> /home/ubuntu/nemo_ws/install/examples_rclpy_minimal_action_server/lib/python3.8/site-packages/examples_rclpy_minimal_action_server
[7.265s] copying /home/ubuntu/nemo_ws/build/examples_rclpy_minimal_action_server/build/lib/examples_rclpy_minimal_action_server/__init__.py -> /home/ubuntu/nemo_ws/install/examples_rclpy_minimal_action_server/lib/python3.8/site-packages/examples_rclpy_minimal_action_server
[7.267s] copying /home/ubuntu/nemo_ws/build/examples_rclpy_minimal_action_server/build/lib/examples_rclpy_minimal_action_server/server_defer.py -> /home/ubuntu/nemo_ws/install/examples_rclpy_minimal_action_server/lib/python3.8/site-packages/examples_rclpy_minimal_action_server
[7.270s] copying /home/ubuntu/nemo_ws/build/examples_rclpy_minimal_action_server/build/lib/examples_rclpy_minimal_action_server/server_single_goal.py -> /home/ubuntu/nemo_ws/install/examples_rclpy_minimal_action_server/lib/python3.8/site-packages/examples_rclpy_minimal_action_server
[7.273s] copying /home/ubuntu/nemo_ws/build/examples_rclpy_minimal_action_server/build/lib/examples_rclpy_minimal_action_server/server_queue_goals.py -> /home/ubuntu/nemo_ws/install/examples_rclpy_minimal_action_server/lib/python3.8/site-packages/examples_rclpy_minimal_action_server
[7.278s] byte-compiling /home/ubuntu/nemo_ws/install/examples_rclpy_minimal_action_server/lib/python3.8/site-packages/examples_rclpy_minimal_action_server/server.py to server.cpython-38.pyc
[7.287s] byte-compiling /home/ubuntu/nemo_ws/install/examples_rclpy_minimal_action_server/lib/python3.8/site-packages/examples_rclpy_minimal_action_server/server_not_composable.py to server_not_composable.cpython-38.pyc
[7.292s] byte-compiling /home/ubuntu/nemo_ws/install/examples_rclpy_minimal_action_server/lib/python3.8/site-packages/examples_rclpy_minimal_action_server/__init__.py to __init__.cpython-38.pyc
[7.295s] byte-compiling /home/ubuntu/nemo_ws/install/examples_rclpy_minimal_action_server/lib/python3.8/site-packages/examples_rclpy_minimal_action_server/server_defer.py to server_defer.cpython-38.pyc
[7.299s] byte-compiling /home/ubuntu/nemo_ws/install/examples_rclpy_minimal_action_server/lib/python3.8/site-packages/examples_rclpy_minimal_action_server/server_single_goal.py to server_single_goal.cpython-38.pyc
[7.304s] byte-compiling /home/ubuntu/nemo_ws/install/examples_rclpy_minimal_action_server/lib/python3.8/site-packages/examples_rclpy_minimal_action_server/server_queue_goals.py to server_queue_goals.cpython-38.pyc
[7.309s] running install_data
[7.314s] creating /home/ubuntu/nemo_ws/install/examples_rclpy_minimal_action_server/share/ament_index
[7.316s] creating /home/ubuntu/nemo_ws/install/examples_rclpy_minimal_action_server/share/ament_index/resource_index
[7.318s] creating /home/ubuntu/nemo_ws/install/examples_rclpy_minimal_action_server/share/ament_index/resource_index/packages
[7.320s] copying resource/examples_rclpy_minimal_action_server -> /home/ubuntu/nemo_ws/install/examples_rclpy_minimal_action_server/share/ament_index/resource_index/packages
[7.322s] copying package.xml -> /home/ubuntu/nemo_ws/install/examples_rclpy_minimal_action_server/share/examples_rclpy_minimal_action_server
[7.324s] running install_egg_info
[7.335s] Copying ../../../../../build/examples_rclpy_minimal_action_server/examples_rclpy_minimal_action_server.egg-info to /home/ubuntu/nemo_ws/install/examples_rclpy_minimal_action_server/lib/python3.8/site-packages/examples_rclpy_minimal_action_server-0.9.4-py3.8.egg-info
[7.347s] running install_scripts
[7.443s] Installing server script to /home/ubuntu/nemo_ws/install/examples_rclpy_minimal_action_server/lib/examples_rclpy_minimal_action_server
[7.445s] Installing server_defer script to /home/ubuntu/nemo_ws/install/examples_rclpy_minimal_action_server/lib/examples_rclpy_minimal_action_server
[7.448s] Installing server_not_composable script to /home/ubuntu/nemo_ws/install/examples_rclpy_minimal_action_server/lib/examples_rclpy_minimal_action_server
[7.450s] Installing server_queue_goals script to /home/ubuntu/nemo_ws/install/examples_rclpy_minimal_action_server/lib/examples_rclpy_minimal_action_server
[7.452s] Installing server_single_goal script to /home/ubuntu/nemo_ws/install/examples_rclpy_minimal_action_server/lib/examples_rclpy_minimal_action_server
[7.456s] writing list of installed files to '/home/ubuntu/nemo_ws/build/examples_rclpy_minimal_action_server/install.log'
[7.601s] Invoked command in '/home/ubuntu/nemo_ws/src/examples/rclpy/actions/minimal_action_server' returned '0': PYTHONPATH=/home/ubuntu/nemo_ws/install/examples_rclpy_minimal_action_server/lib/python3.8/site-packages:${PYTHONPATH} /usr/bin/python3 setup.py egg_info --egg-base ../../../../../build/examples_rclpy_minimal_action_server build --build-base /home/ubuntu/nemo_ws/build/examples_rclpy_minimal_action_server/build install --prefix /home/ubuntu/nemo_ws/install/examples_rclpy_minimal_action_server --record /home/ubuntu/nemo_ws/build/examples_rclpy_minimal_action_server/install.log --single-version-externally-managed
