[0.146s] Invoking command in '/home/ubuntu/nemo_ws/src/build/v4l2_camera': AMENT_PREFIX_PATH=/home/ubuntu/nemo_ws/src/install/camera_info_manager:/home/ubuntu/nemo_ws/src/install/image_transport:/home/ubuntu/nemo_ws/src/install/camera_calibration_parsers:${AMENT_PREFIX_PATH} CMAKE_PREFIX_PATH=/home/ubuntu/nemo_ws/src/install/camera_info_manager:/home/ubuntu/nemo_ws/src/install/image_transport:/home/ubuntu/nemo_ws/src/install/camera_calibration_parsers:/home/ubuntu/nemo_ws/install/v4l2_camera:/home/ubuntu/nemo_ws/install/image_transport_plugins:/home/ubuntu/nemo_ws/install/theora_image_transport:/home/ubuntu/nemo_ws/install/compressed_image_transport:/home/ubuntu/nemo_ws/install/compressed_depth_image_transport:/home/ubuntu/nemo_ws/install/image_transport:/home/ubuntu/nemo_ws/install/examples_rclcpp_multithreaded_executor:/home/ubuntu/nemo_ws/install/examples_rclcpp_minimal_timer:/home/ubuntu/nemo_ws/install/examples_rclcpp_minimal_subscriber:/home/ubuntu/nemo_ws/install/examples_rclcpp_minimal_service:/home/ubuntu/nemo_ws/install/examples_rclcpp_minimal_publisher:/home/ubuntu/nemo_ws/install/examples_rclcpp_minimal_composition:/home/ubuntu/nemo_ws/install/examples_rclcpp_minimal_client:/home/ubuntu/nemo_ws/install/examples_rclcpp_minimal_action_server:/home/ubuntu/nemo_ws/install/examples_rclcpp_minimal_action_client:/home/ubuntu/nemo_ws/install/cv_bridge:/home/ubuntu/nemo_ws/install/camera_info_manager:/home/ubuntu/nemo_ws/install/camera_calibration_parsers:/home/ubuntu/nemo_ws/install/img_basics:/home/ubuntu/nemo_ws/install/examples_rclpy_minimal_subscriber:/home/ubuntu/nemo_ws/install/examples_rclpy_minimal_service:/home/ubuntu/nemo_ws/install/examples_rclpy_minimal_publisher:/home/ubuntu/nemo_ws/install/examples_rclpy_minimal_client:/home/ubuntu/nemo_ws/install/examples_rclpy_minimal_action_server:/home/ubuntu/nemo_ws/install/examples_rclpy_minimal_action_client:/home/ubuntu/nemo_ws/install/examples_rclpy_executors:/opt/ros/foxy LD_LIBRARY_PATH=/home/ubuntu/nemo_ws/src/install/camera_info_manager/lib:/home/ubuntu/nemo_ws/src/install/image_transport/lib:/home/ubuntu/nemo_ws/src/install/camera_calibration_parsers/lib:${LD_LIBRARY_PATH} /usr/bin/cmake /home/ubuntu/nemo_ws/src/ros2_v4l2_camera -DCMAKE_INSTALL_PREFIX=/home/ubuntu/nemo_ws/src/install/v4l2_camera
[0.532s] -- The C compiler identification is GNU 9.4.0
[0.888s] -- The CXX compiler identification is GNU 9.4.0
[0.923s] -- Check for working C compiler: /usr/bin/cc
[1.374s] -- Check for working C compiler: /usr/bin/cc -- works
[1.378s] -- Detecting C compiler ABI info
[1.829s] -- Detecting C compiler ABI info - done
[1.885s] -- Detecting C compile features
[1.887s] -- Detecting C compile features - done
[1.900s] -- Check for working CXX compiler: /usr/bin/c++
[2.336s] -- Check for working CXX compiler: /usr/bin/c++ -- works
[2.341s] -- Detecting CXX compiler ABI info
[2.859s] -- Detecting CXX compiler ABI info - done
[2.915s] -- Detecting CXX compile features
[2.918s] -- Detecting CXX compile features - done
[2.963s] -- Found ament_cmake: 0.9.9 (/opt/ros/foxy/share/ament_cmake/cmake)
[3.185s] -- Found PythonInterp: /usr/bin/python3 (found suitable version "3.8.10", minimum required is "3") 
[3.186s] -- Using PYTHON_EXECUTABLE: /usr/bin/python3
[4.890s] -- Found ament_cmake_ros: 0.9.2 (/opt/ros/foxy/share/ament_cmake_ros/cmake)
[5.042s] -- Found rclcpp: 2.4.1 (/opt/ros/foxy/share/rclcpp/cmake)
[5.596s] -- Using all available rosidl_typesupport_c: rosidl_typesupport_fastrtps_c;rosidl_typesupport_introspection_c
[5.718s] -- Found rosidl_adapter: 1.2.1 (/opt/ros/foxy/share/rosidl_adapter/cmake)
[6.515s] -- Found OpenSSL: /usr/lib/aarch64-linux-gnu/libcrypto.so (found version "1.1.1f")  
[6.809s] -- Found FastRTPS: /opt/ros/foxy/include  
[7.571s] -- Using all available rosidl_typesupport_cpp: rosidl_typesupport_fastrtps_cpp;rosidl_typesupport_introspection_cpp
[8.022s] -- Found rmw_implementation_cmake: 1.0.3 (/opt/ros/foxy/share/rmw_implementation_cmake/cmake)
[8.033s] -- Using RMW implementation 'rmw_fastrtps_cpp' as default
[8.037s] -- Looking for pthread.h
[8.416s] -- Looking for pthread.h - found
[8.417s] -- Performing Test CMAKE_HAVE_LIBC_PTHREAD
[8.789s] -- Performing Test CMAKE_HAVE_LIBC_PTHREAD - Failed
[8.790s] -- Looking for pthread_create in pthreads
[9.144s] -- Looking for pthread_create in pthreads - not found
[9.144s] -- Looking for pthread_create in pthread
[9.510s] -- Looking for pthread_create in pthread - found
[9.514s] -- Found Threads: TRUE  
[10.358s] -- Found rclcpp_components: 2.4.1 (/opt/ros/foxy/share/rclcpp_components/cmake)
[10.726s] -- Found image_transport: 2.3.0 (/home/ubuntu/nemo_ws/src/install/image_transport/share/image_transport/cmake)
[11.623s] -- Found camera_info_manager: 2.3.0 (/home/ubuntu/nemo_ws/src/install/camera_info_manager/share/camera_info_manager/cmake)
[11.735s] -- Setting yaml-cpp_DIR to: '/opt/ros/foxy/share/yaml_cpp_vendor/cmake/../../../opt/yaml_cpp_vendor/lib/cmake/yaml-cpp'
[12.077s] -- Found ament_lint_auto: 0.9.6 (/opt/ros/foxy/share/ament_lint_auto/cmake)
[12.756s] -- Added test 'cppcheck' to perform static code analysis on C / C++ code
[12.757s] -- Configured cppcheck include dirs: $<BUILD_INTERFACE:/home/ubuntu/nemo_ws/src/ros2_v4l2_camera/include>
[12.758s] -- Configured cppcheck exclude dirs and/or files: 
[12.789s] -- Added test 'cpplint' to check C / C++ code against the Google style
[12.789s] -- Configured cpplint exclude dirs and/or files: 
[12.803s] -- Added test 'lint_cmake' to check CMake code style
[12.838s] -- Added test 'uncrustify' to check C / C++ code style
[12.839s] -- Configured uncrustify additional arguments: 
[12.846s] -- Added test 'xmllint' to check XML markup files
[12.895s] -- Configuring done
[13.104s] -- Generating done
[13.113s] -- Build files have been written to: /home/ubuntu/nemo_ws/src/build/v4l2_camera
[13.153s] Invoked command in '/home/ubuntu/nemo_ws/src/build/v4l2_camera' returned '0': AMENT_PREFIX_PATH=/home/ubuntu/nemo_ws/src/install/camera_info_manager:/home/ubuntu/nemo_ws/src/install/image_transport:/home/ubuntu/nemo_ws/src/install/camera_calibration_parsers:${AMENT_PREFIX_PATH} CMAKE_PREFIX_PATH=/home/ubuntu/nemo_ws/src/install/camera_info_manager:/home/ubuntu/nemo_ws/src/install/image_transport:/home/ubuntu/nemo_ws/src/install/camera_calibration_parsers:/home/ubuntu/nemo_ws/install/v4l2_camera:/home/ubuntu/nemo_ws/install/image_transport_plugins:/home/ubuntu/nemo_ws/install/theora_image_transport:/home/ubuntu/nemo_ws/install/compressed_image_transport:/home/ubuntu/nemo_ws/install/compressed_depth_image_transport:/home/ubuntu/nemo_ws/install/image_transport:/home/ubuntu/nemo_ws/install/examples_rclcpp_multithreaded_executor:/home/ubuntu/nemo_ws/install/examples_rclcpp_minimal_timer:/home/ubuntu/nemo_ws/install/examples_rclcpp_minimal_subscriber:/home/ubuntu/nemo_ws/install/examples_rclcpp_minimal_service:/home/ubuntu/nemo_ws/install/examples_rclcpp_minimal_publisher:/home/ubuntu/nemo_ws/install/examples_rclcpp_minimal_composition:/home/ubuntu/nemo_ws/install/examples_rclcpp_minimal_client:/home/ubuntu/nemo_ws/install/examples_rclcpp_minimal_action_server:/home/ubuntu/nemo_ws/install/examples_rclcpp_minimal_action_client:/home/ubuntu/nemo_ws/install/cv_bridge:/home/ubuntu/nemo_ws/install/camera_info_manager:/home/ubuntu/nemo_ws/install/camera_calibration_parsers:/home/ubuntu/nemo_ws/install/img_basics:/home/ubuntu/nemo_ws/install/examples_rclpy_minimal_subscriber:/home/ubuntu/nemo_ws/install/examples_rclpy_minimal_service:/home/ubuntu/nemo_ws/install/examples_rclpy_minimal_publisher:/home/ubuntu/nemo_ws/install/examples_rclpy_minimal_client:/home/ubuntu/nemo_ws/install/examples_rclpy_minimal_action_server:/home/ubuntu/nemo_ws/install/examples_rclpy_minimal_action_client:/home/ubuntu/nemo_ws/install/examples_rclpy_executors:/opt/ros/foxy LD_LIBRARY_PATH=/home/ubuntu/nemo_ws/src/install/camera_info_manager/lib:/home/ubuntu/nemo_ws/src/install/image_transport/lib:/home/ubuntu/nemo_ws/src/install/camera_calibration_parsers/lib:${LD_LIBRARY_PATH} /usr/bin/cmake /home/ubuntu/nemo_ws/src/ros2_v4l2_camera -DCMAKE_INSTALL_PREFIX=/home/ubuntu/nemo_ws/src/install/v4l2_camera
[13.163s] Invoking command in '/home/ubuntu/nemo_ws/src/build/v4l2_camera': AMENT_PREFIX_PATH=/home/ubuntu/nemo_ws/src/install/camera_info_manager:/home/ubuntu/nemo_ws/src/install/image_transport:/home/ubuntu/nemo_ws/src/install/camera_calibration_parsers:${AMENT_PREFIX_PATH} CMAKE_PREFIX_PATH=/home/ubuntu/nemo_ws/src/install/camera_info_manager:/home/ubuntu/nemo_ws/src/install/image_transport:/home/ubuntu/nemo_ws/src/install/camera_calibration_parsers:/home/ubuntu/nemo_ws/install/v4l2_camera:/home/ubuntu/nemo_ws/install/image_transport_plugins:/home/ubuntu/nemo_ws/install/theora_image_transport:/home/ubuntu/nemo_ws/install/compressed_image_transport:/home/ubuntu/nemo_ws/install/compressed_depth_image_transport:/home/ubuntu/nemo_ws/install/image_transport:/home/ubuntu/nemo_ws/install/examples_rclcpp_multithreaded_executor:/home/ubuntu/nemo_ws/install/examples_rclcpp_minimal_timer:/home/ubuntu/nemo_ws/install/examples_rclcpp_minimal_subscriber:/home/ubuntu/nemo_ws/install/examples_rclcpp_minimal_service:/home/ubuntu/nemo_ws/install/examples_rclcpp_minimal_publisher:/home/ubuntu/nemo_ws/install/examples_rclcpp_minimal_composition:/home/ubuntu/nemo_ws/install/examples_rclcpp_minimal_client:/home/ubuntu/nemo_ws/install/examples_rclcpp_minimal_action_server:/home/ubuntu/nemo_ws/install/examples_rclcpp_minimal_action_client:/home/ubuntu/nemo_ws/install/cv_bridge:/home/ubuntu/nemo_ws/install/camera_info_manager:/home/ubuntu/nemo_ws/install/camera_calibration_parsers:/home/ubuntu/nemo_ws/install/img_basics:/home/ubuntu/nemo_ws/install/examples_rclpy_minimal_subscriber:/home/ubuntu/nemo_ws/install/examples_rclpy_minimal_service:/home/ubuntu/nemo_ws/install/examples_rclpy_minimal_publisher:/home/ubuntu/nemo_ws/install/examples_rclpy_minimal_client:/home/ubuntu/nemo_ws/install/examples_rclpy_minimal_action_server:/home/ubuntu/nemo_ws/install/examples_rclpy_minimal_action_client:/home/ubuntu/nemo_ws/install/examples_rclpy_executors:/opt/ros/foxy LD_LIBRARY_PATH=/home/ubuntu/nemo_ws/src/install/camera_info_manager/lib:/home/ubuntu/nemo_ws/src/install/image_transport/lib:/home/ubuntu/nemo_ws/src/install/camera_calibration_parsers/lib:${LD_LIBRARY_PATH} /usr/bin/cmake --build /home/ubuntu/nemo_ws/src/build/v4l2_camera -- -j4 -l4
[13.406s] [35m[1mScanning dependencies of target v4l2_camera[0m
[13.683s] [ 14%] [32mBuilding CXX object CMakeFiles/v4l2_camera.dir/src/v4l2_camera.cpp.o[0m
[32.097s] [ 28%] [32mBuilding CXX object CMakeFiles/v4l2_camera.dir/src/v4l2_camera_device.cpp.o[0m
[44.915s] [ 42%] [32m[1mLinking CXX shared library libv4l2_camera.so[0m
[47.009s] [ 42%] Built target v4l2_camera
[47.067s] [35m[1mScanning dependencies of target v4l2_camera_node[0m
[47.068s] [35m[1mScanning dependencies of target v4l2_camera_compose_test[0m
[47.286s] [ 57%] [32mBuilding CXX object CMakeFiles/v4l2_camera_node.dir/src/v4l2_camera_node.cpp.o[0m
[47.287s] [ 71%] [32mBuilding CXX object CMakeFiles/v4l2_camera_compose_test.dir/src/v4l2_camera_compose_test.cpp.o[0m
[55.810s] [ 85%] [32m[1mLinking CXX executable v4l2_camera_node[0m
[56.995s] [ 85%] Built target v4l2_camera_node
[65.997s] [100%] [32m[1mLinking CXX executable v4l2_camera_compose_test[0m
[67.702s] [100%] Built target v4l2_camera_compose_test
[67.753s] Invoked command in '/home/ubuntu/nemo_ws/src/build/v4l2_camera' returned '0': AMENT_PREFIX_PATH=/home/ubuntu/nemo_ws/src/install/camera_info_manager:/home/ubuntu/nemo_ws/src/install/image_transport:/home/ubuntu/nemo_ws/src/install/camera_calibration_parsers:${AMENT_PREFIX_PATH} CMAKE_PREFIX_PATH=/home/ubuntu/nemo_ws/src/install/camera_info_manager:/home/ubuntu/nemo_ws/src/install/image_transport:/home/ubuntu/nemo_ws/src/install/camera_calibration_parsers:/home/ubuntu/nemo_ws/install/v4l2_camera:/home/ubuntu/nemo_ws/install/image_transport_plugins:/home/ubuntu/nemo_ws/install/theora_image_transport:/home/ubuntu/nemo_ws/install/compressed_image_transport:/home/ubuntu/nemo_ws/install/compressed_depth_image_transport:/home/ubuntu/nemo_ws/install/image_transport:/home/ubuntu/nemo_ws/install/examples_rclcpp_multithreaded_executor:/home/ubuntu/nemo_ws/install/examples_rclcpp_minimal_timer:/home/ubuntu/nemo_ws/install/examples_rclcpp_minimal_subscriber:/home/ubuntu/nemo_ws/install/examples_rclcpp_minimal_service:/home/ubuntu/nemo_ws/install/examples_rclcpp_minimal_publisher:/home/ubuntu/nemo_ws/install/examples_rclcpp_minimal_composition:/home/ubuntu/nemo_ws/install/examples_rclcpp_minimal_client:/home/ubuntu/nemo_ws/install/examples_rclcpp_minimal_action_server:/home/ubuntu/nemo_ws/install/examples_rclcpp_minimal_action_client:/home/ubuntu/nemo_ws/install/cv_bridge:/home/ubuntu/nemo_ws/install/camera_info_manager:/home/ubuntu/nemo_ws/install/camera_calibration_parsers:/home/ubuntu/nemo_ws/install/img_basics:/home/ubuntu/nemo_ws/install/examples_rclpy_minimal_subscriber:/home/ubuntu/nemo_ws/install/examples_rclpy_minimal_service:/home/ubuntu/nemo_ws/install/examples_rclpy_minimal_publisher:/home/ubuntu/nemo_ws/install/examples_rclpy_minimal_client:/home/ubuntu/nemo_ws/install/examples_rclpy_minimal_action_server:/home/ubuntu/nemo_ws/install/examples_rclpy_minimal_action_client:/home/ubuntu/nemo_ws/install/examples_rclpy_executors:/opt/ros/foxy LD_LIBRARY_PATH=/home/ubuntu/nemo_ws/src/install/camera_info_manager/lib:/home/ubuntu/nemo_ws/src/install/image_transport/lib:/home/ubuntu/nemo_ws/src/install/camera_calibration_parsers/lib:${LD_LIBRARY_PATH} /usr/bin/cmake --build /home/ubuntu/nemo_ws/src/build/v4l2_camera -- -j4 -l4
[67.952s] Invoking command in '/home/ubuntu/nemo_ws/src/build/v4l2_camera': AMENT_PREFIX_PATH=/home/ubuntu/nemo_ws/src/install/camera_info_manager:/home/ubuntu/nemo_ws/src/install/image_transport:/home/ubuntu/nemo_ws/src/install/camera_calibration_parsers:${AMENT_PREFIX_PATH} CMAKE_PREFIX_PATH=/home/ubuntu/nemo_ws/src/install/camera_info_manager:/home/ubuntu/nemo_ws/src/install/image_transport:/home/ubuntu/nemo_ws/src/install/camera_calibration_parsers:/home/ubuntu/nemo_ws/install/v4l2_camera:/home/ubuntu/nemo_ws/install/image_transport_plugins:/home/ubuntu/nemo_ws/install/theora_image_transport:/home/ubuntu/nemo_ws/install/compressed_image_transport:/home/ubuntu/nemo_ws/install/compressed_depth_image_transport:/home/ubuntu/nemo_ws/install/image_transport:/home/ubuntu/nemo_ws/install/examples_rclcpp_multithreaded_executor:/home/ubuntu/nemo_ws/install/examples_rclcpp_minimal_timer:/home/ubuntu/nemo_ws/install/examples_rclcpp_minimal_subscriber:/home/ubuntu/nemo_ws/install/examples_rclcpp_minimal_service:/home/ubuntu/nemo_ws/install/examples_rclcpp_minimal_publisher:/home/ubuntu/nemo_ws/install/examples_rclcpp_minimal_composition:/home/ubuntu/nemo_ws/install/examples_rclcpp_minimal_client:/home/ubuntu/nemo_ws/install/examples_rclcpp_minimal_action_server:/home/ubuntu/nemo_ws/install/examples_rclcpp_minimal_action_client:/home/ubuntu/nemo_ws/install/cv_bridge:/home/ubuntu/nemo_ws/install/camera_info_manager:/home/ubuntu/nemo_ws/install/camera_calibration_parsers:/home/ubuntu/nemo_ws/install/img_basics:/home/ubuntu/nemo_ws/install/examples_rclpy_minimal_subscriber:/home/ubuntu/nemo_ws/install/examples_rclpy_minimal_service:/home/ubuntu/nemo_ws/install/examples_rclpy_minimal_publisher:/home/ubuntu/nemo_ws/install/examples_rclpy_minimal_client:/home/ubuntu/nemo_ws/install/examples_rclpy_minimal_action_server:/home/ubuntu/nemo_ws/install/examples_rclpy_minimal_action_client:/home/ubuntu/nemo_ws/install/examples_rclpy_executors:/opt/ros/foxy LD_LIBRARY_PATH=/home/ubuntu/nemo_ws/src/install/camera_info_manager/lib:/home/ubuntu/nemo_ws/src/install/image_transport/lib:/home/ubuntu/nemo_ws/src/install/camera_calibration_parsers/lib:${LD_LIBRARY_PATH} /usr/bin/cmake --install /home/ubuntu/nemo_ws/src/build/v4l2_camera
[67.997s] -- Install configuration: ""
[67.997s] -- Installing: /home/ubuntu/nemo_ws/src/install/v4l2_camera/include
[67.998s] -- Installing: /home/ubuntu/nemo_ws/src/install/v4l2_camera/include/v4l2_camera
[67.998s] -- Installing: /home/ubuntu/nemo_ws/src/install/v4l2_camera/include/v4l2_camera/fourcc.hpp
[67.998s] -- Installing: /home/ubuntu/nemo_ws/src/install/v4l2_camera/include/v4l2_camera/visibility_control.h
[67.999s] -- Installing: /home/ubuntu/nemo_ws/src/install/v4l2_camera/include/v4l2_camera/v4l2_camera_device.hpp
[68.000s] -- Installing: /home/ubuntu/nemo_ws/src/install/v4l2_camera/include/v4l2_camera/pixel_format.hpp
[68.001s] -- Installing: /home/ubuntu/nemo_ws/src/install/v4l2_camera/include/v4l2_camera/image_format.hpp
[68.001s] -- Installing: /home/ubuntu/nemo_ws/src/install/v4l2_camera/include/v4l2_camera/control.hpp
[68.002s] -- Installing: /home/ubuntu/nemo_ws/src/install/v4l2_camera/include/v4l2_camera/v4l2_camera.hpp
[68.003s] -- Installing: /home/ubuntu/nemo_ws/src/install/v4l2_camera/lib/libv4l2_camera.so
[68.018s] -- Set runtime path of "/home/ubuntu/nemo_ws/src/install/v4l2_camera/lib/libv4l2_camera.so" to ""
[68.019s] -- Installing: /home/ubuntu/nemo_ws/src/install/v4l2_camera/lib/v4l2_camera/v4l2_camera_node
[68.022s] -- Set runtime path of "/home/ubuntu/nemo_ws/src/install/v4l2_camera/lib/v4l2_camera/v4l2_camera_node" to ""
[68.022s] -- Installing: /home/ubuntu/nemo_ws/src/install/v4l2_camera/lib/v4l2_camera/v4l2_camera_compose_test
[68.037s] -- Set runtime path of "/home/ubuntu/nemo_ws/src/install/v4l2_camera/lib/v4l2_camera/v4l2_camera_compose_test" to ""
[68.038s] -- Installing: /home/ubuntu/nemo_ws/src/install/v4l2_camera/share/v4l2_camera/environment/library_path.sh
[68.039s] -- Installing: /home/ubuntu/nemo_ws/src/install/v4l2_camera/share/v4l2_camera/environment/library_path.dsv
[68.040s] -- Installing: /home/ubuntu/nemo_ws/src/install/v4l2_camera/share/ament_index/resource_index/package_run_dependencies/v4l2_camera
[68.041s] -- Installing: /home/ubuntu/nemo_ws/src/install/v4l2_camera/share/ament_index/resource_index/parent_prefix_path/v4l2_camera
[68.043s] -- Installing: /home/ubuntu/nemo_ws/src/install/v4l2_camera/share/v4l2_camera/environment/ament_prefix_path.sh
[68.043s] -- Installing: /home/ubuntu/nemo_ws/src/install/v4l2_camera/share/v4l2_camera/environment/ament_prefix_path.dsv
[68.044s] -- Installing: /home/ubuntu/nemo_ws/src/install/v4l2_camera/share/v4l2_camera/environment/path.sh
[68.045s] -- Installing: /home/ubuntu/nemo_ws/src/install/v4l2_camera/share/v4l2_camera/environment/path.dsv
[68.046s] -- Installing: /home/ubuntu/nemo_ws/src/install/v4l2_camera/share/v4l2_camera/local_setup.bash
[68.047s] -- Installing: /home/ubuntu/nemo_ws/src/install/v4l2_camera/share/v4l2_camera/local_setup.sh
[68.048s] -- Installing: /home/ubuntu/nemo_ws/src/install/v4l2_camera/share/v4l2_camera/local_setup.zsh
[68.049s] -- Installing: /home/ubuntu/nemo_ws/src/install/v4l2_camera/share/v4l2_camera/local_setup.dsv
[68.050s] -- Installing: /home/ubuntu/nemo_ws/src/install/v4l2_camera/share/v4l2_camera/package.dsv
[68.051s] -- Installing: /home/ubuntu/nemo_ws/src/install/v4l2_camera/share/ament_index/resource_index/packages/v4l2_camera
[68.052s] -- Installing: /home/ubuntu/nemo_ws/src/install/v4l2_camera/share/ament_index/resource_index/rclcpp_components/v4l2_camera
[68.054s] -- Installing: /home/ubuntu/nemo_ws/src/install/v4l2_camera/share/v4l2_camera/cmake/export_v4l2_cameraExport.cmake
[68.055s] -- Installing: /home/ubuntu/nemo_ws/src/install/v4l2_camera/share/v4l2_camera/cmake/export_v4l2_cameraExport-noconfig.cmake
[68.056s] -- Installing: /home/ubuntu/nemo_ws/src/install/v4l2_camera/share/v4l2_camera/cmake/ament_cmake_export_include_directories-extras.cmake
[68.057s] -- Installing: /home/ubuntu/nemo_ws/src/install/v4l2_camera/share/v4l2_camera/cmake/ament_cmake_export_targets-extras.cmake
[68.058s] -- Installing: /home/ubuntu/nemo_ws/src/install/v4l2_camera/share/v4l2_camera/cmake/ament_cmake_export_libraries-extras.cmake
[68.059s] -- Installing: /home/ubuntu/nemo_ws/src/install/v4l2_camera/share/v4l2_camera/cmake/ament_cmake_export_dependencies-extras.cmake
[68.060s] -- Installing: /home/ubuntu/nemo_ws/src/install/v4l2_camera/share/v4l2_camera/cmake/v4l2_cameraConfig.cmake
[68.061s] -- Installing: /home/ubuntu/nemo_ws/src/install/v4l2_camera/share/v4l2_camera/cmake/v4l2_cameraConfig-version.cmake
[68.062s] -- Installing: /home/ubuntu/nemo_ws/src/install/v4l2_camera/share/v4l2_camera/package.xml
[68.076s] Invoked command in '/home/ubuntu/nemo_ws/src/build/v4l2_camera' returned '0': AMENT_PREFIX_PATH=/home/ubuntu/nemo_ws/src/install/camera_info_manager:/home/ubuntu/nemo_ws/src/install/image_transport:/home/ubuntu/nemo_ws/src/install/camera_calibration_parsers:${AMENT_PREFIX_PATH} CMAKE_PREFIX_PATH=/home/ubuntu/nemo_ws/src/install/camera_info_manager:/home/ubuntu/nemo_ws/src/install/image_transport:/home/ubuntu/nemo_ws/src/install/camera_calibration_parsers:/home/ubuntu/nemo_ws/install/v4l2_camera:/home/ubuntu/nemo_ws/install/image_transport_plugins:/home/ubuntu/nemo_ws/install/theora_image_transport:/home/ubuntu/nemo_ws/install/compressed_image_transport:/home/ubuntu/nemo_ws/install/compressed_depth_image_transport:/home/ubuntu/nemo_ws/install/image_transport:/home/ubuntu/nemo_ws/install/examples_rclcpp_multithreaded_executor:/home/ubuntu/nemo_ws/install/examples_rclcpp_minimal_timer:/home/ubuntu/nemo_ws/install/examples_rclcpp_minimal_subscriber:/home/ubuntu/nemo_ws/install/examples_rclcpp_minimal_service:/home/ubuntu/nemo_ws/install/examples_rclcpp_minimal_publisher:/home/ubuntu/nemo_ws/install/examples_rclcpp_minimal_composition:/home/ubuntu/nemo_ws/install/examples_rclcpp_minimal_client:/home/ubuntu/nemo_ws/install/examples_rclcpp_minimal_action_server:/home/ubuntu/nemo_ws/install/examples_rclcpp_minimal_action_client:/home/ubuntu/nemo_ws/install/cv_bridge:/home/ubuntu/nemo_ws/install/camera_info_manager:/home/ubuntu/nemo_ws/install/camera_calibration_parsers:/home/ubuntu/nemo_ws/install/img_basics:/home/ubuntu/nemo_ws/install/examples_rclpy_minimal_subscriber:/home/ubuntu/nemo_ws/install/examples_rclpy_minimal_service:/home/ubuntu/nemo_ws/install/examples_rclpy_minimal_publisher:/home/ubuntu/nemo_ws/install/examples_rclpy_minimal_client:/home/ubuntu/nemo_ws/install/examples_rclpy_minimal_action_server:/home/ubuntu/nemo_ws/install/examples_rclpy_minimal_action_client:/home/ubuntu/nemo_ws/install/examples_rclpy_executors:/opt/ros/foxy LD_LIBRARY_PATH=/home/ubuntu/nemo_ws/src/install/camera_info_manager/lib:/home/ubuntu/nemo_ws/src/install/image_transport/lib:/home/ubuntu/nemo_ws/src/install/camera_calibration_parsers/lib:${LD_LIBRARY_PATH} /usr/bin/cmake --install /home/ubuntu/nemo_ws/src/build/v4l2_camera
