[  6%] Built target gtest_main
[ 13%] Built target gtest
[ 40%] Built target image_transport
[35m[1mScanning dependencies of target list_transports[0m
[ 43%] [32mBuilding CXX object CMakeFiles/image_transport_plugins.dir/src/manifest.cpp.o[0m
[ 50%] Built target image_transport-remapping
[ 56%] Built target republish
[ 60%] [32mBuilding CXX object CMakeFiles/list_transports.dir/src/list_transports.cpp.o[0m
[ 66%] Built target image_transport-camera_common
[ 73%] Built target image_transport-subscriber
[ 80%] Built target image_transport-message_passing
[ 86%] Built target image_transport-publisher
[ 93%] Built target image_transport-single_subscriber_publisher
[ 96%] [32m[1mLinking CXX executable list_transports[0m
[ 96%] Built target list_transports
[100%] [32m[1mLinking CXX shared library libimage_transport_plugins.so[0m
[100%] Built target image_transport_plugins
-- Install configuration: ""
-- Installing: /home/ubuntu/nemo_ws/src/install/image_transport/share/image_transport/default_plugins.xml
-- Installing: /home/ubuntu/nemo_ws/src/install/image_transport/lib/libimage_transport.so
-- Set runtime path of "/home/ubuntu/nemo_ws/src/install/image_transport/lib/libimage_transport.so" to ""
-- Installing: /home/ubuntu/nemo_ws/src/install/image_transport/lib/libimage_transport_plugins.so
-- Set runtime path of "/home/ubuntu/nemo_ws/src/install/image_transport/lib/libimage_transport_plugins.so" to ""
-- Installing: /home/ubuntu/nemo_ws/src/install/image_transport/lib/image_transport/list_transports
-- Set runtime path of "/home/ubuntu/nemo_ws/src/install/image_transport/lib/image_transport/list_transports" to ""
-- Installing: /home/ubuntu/nemo_ws/src/install/image_transport/lib/image_transport/republish
-- Set runtime path of "/home/ubuntu/nemo_ws/src/install/image_transport/lib/image_transport/republish" to ""
-- Installing: /home/ubuntu/nemo_ws/src/install/image_transport/include
-- Installing: /home/ubuntu/nemo_ws/src/install/image_transport/include/image_transport
-- Installing: /home/ubuntu/nemo_ws/src/install/image_transport/include/image_transport/exception.hpp
-- Installing: /home/ubuntu/nemo_ws/src/install/image_transport/include/image_transport/image_transport.h
-- Installing: /home/ubuntu/nemo_ws/src/install/image_transport/include/image_transport/subscriber_filter.h
-- Installing: /home/ubuntu/nemo_ws/src/install/image_transport/include/image_transport/image_transport.hpp
-- Installing: /home/ubuntu/nemo_ws/src/install/image_transport/include/image_transport/publisher_plugin.h
-- Installing: /home/ubuntu/nemo_ws/src/install/image_transport/include/image_transport/simple_subscriber_plugin.hpp
-- Installing: /home/ubuntu/nemo_ws/src/install/image_transport/include/image_transport/simple_publisher_plugin.hpp
-- Installing: /home/ubuntu/nemo_ws/src/install/image_transport/include/image_transport/subscriber_plugin.hpp
-- Installing: /home/ubuntu/nemo_ws/src/install/image_transport/include/image_transport/transport_hints.h
-- Installing: /home/ubuntu/nemo_ws/src/install/image_transport/include/image_transport/camera_common.h
-- Installing: /home/ubuntu/nemo_ws/src/install/image_transport/include/image_transport/raw_publisher.hpp
-- Installing: /home/ubuntu/nemo_ws/src/install/image_transport/include/image_transport/single_subscriber_publisher.hpp
-- Installing: /home/ubuntu/nemo_ws/src/install/image_transport/include/image_transport/single_subscriber_publisher.h
-- Installing: /home/ubuntu/nemo_ws/src/install/image_transport/include/image_transport/camera_subscriber.h
-- Installing: /home/ubuntu/nemo_ws/src/install/image_transport/include/image_transport/publisher_plugin.hpp
-- Installing: /home/ubuntu/nemo_ws/src/install/image_transport/include/image_transport/raw_subscriber.h
-- Installing: /home/ubuntu/nemo_ws/src/install/image_transport/include/image_transport/raw_subscriber.hpp
-- Installing: /home/ubuntu/nemo_ws/src/install/image_transport/include/image_transport/subscriber.hpp
-- Installing: /home/ubuntu/nemo_ws/src/install/image_transport/include/image_transport/camera_publisher.hpp
-- Installing: /home/ubuntu/nemo_ws/src/install/image_transport/include/image_transport/camera_publisher.h
-- Installing: /home/ubuntu/nemo_ws/src/install/image_transport/include/image_transport/exception.h
-- Installing: /home/ubuntu/nemo_ws/src/install/image_transport/include/image_transport/loader_fwds.hpp
-- Installing: /home/ubuntu/nemo_ws/src/install/image_transport/include/image_transport/visibility_control.hpp
-- Installing: /home/ubuntu/nemo_ws/src/install/image_transport/include/image_transport/subscriber.h
-- Installing: /home/ubuntu/nemo_ws/src/install/image_transport/include/image_transport/transport_hints.hpp
-- Installing: /home/ubuntu/nemo_ws/src/install/image_transport/include/image_transport/camera_subscriber.hpp
-- Installing: /home/ubuntu/nemo_ws/src/install/image_transport/include/image_transport/subscriber_filter.hpp
-- Installing: /home/ubuntu/nemo_ws/src/install/image_transport/include/image_transport/simple_subscriber_plugin.h
-- Installing: /home/ubuntu/nemo_ws/src/install/image_transport/include/image_transport/simple_publisher_plugin.h
-- Installing: /home/ubuntu/nemo_ws/src/install/image_transport/include/image_transport/subscriber_plugin.h
-- Installing: /home/ubuntu/nemo_ws/src/install/image_transport/include/image_transport/camera_common.hpp
-- Installing: /home/ubuntu/nemo_ws/src/install/image_transport/include/image_transport/publisher.hpp
-- Installing: /home/ubuntu/nemo_ws/src/install/image_transport/include/image_transport/raw_publisher.h
-- Installing: /home/ubuntu/nemo_ws/src/install/image_transport/include/image_transport/publisher.h
-- Installing: /home/ubuntu/nemo_ws/src/install/image_transport/include/image_transport/loader_fwds.h
-- Installing: /home/ubuntu/nemo_ws/src/install/image_transport/share/image_transport/environment/library_path.sh
-- Installing: /home/ubuntu/nemo_ws/src/install/image_transport/share/image_transport/environment/library_path.dsv
-- Installing: /home/ubuntu/nemo_ws/src/install/image_transport/share/ament_index/resource_index/package_run_dependencies/image_transport
-- Installing: /home/ubuntu/nemo_ws/src/install/image_transport/share/ament_index/resource_index/parent_prefix_path/image_transport
-- Installing: /home/ubuntu/nemo_ws/src/install/image_transport/share/image_transport/environment/ament_prefix_path.sh
-- Installing: /home/ubuntu/nemo_ws/src/install/image_transport/share/image_transport/environment/ament_prefix_path.dsv
-- Installing: /home/ubuntu/nemo_ws/src/install/image_transport/share/image_transport/environment/path.sh
-- Installing: /home/ubuntu/nemo_ws/src/install/image_transport/share/image_transport/environment/path.dsv
-- Installing: /home/ubuntu/nemo_ws/src/install/image_transport/share/image_transport/local_setup.bash
-- Installing: /home/ubuntu/nemo_ws/src/install/image_transport/share/image_transport/local_setup.sh
-- Installing: /home/ubuntu/nemo_ws/src/install/image_transport/share/image_transport/local_setup.zsh
-- Installing: /home/ubuntu/nemo_ws/src/install/image_transport/share/image_transport/local_setup.dsv
-- Installing: /home/ubuntu/nemo_ws/src/install/image_transport/share/image_transport/package.dsv
-- Installing: /home/ubuntu/nemo_ws/src/install/image_transport/share/ament_index/resource_index/packages/image_transport
-- Installing: /home/ubuntu/nemo_ws/src/install/image_transport/share/ament_index/resource_index/image_transport__pluginlib__plugin/image_transport
-- Installing: /home/ubuntu/nemo_ws/src/install/image_transport/share/image_transport/cmake/ament_cmake_export_include_directories-extras.cmake
-- Installing: /home/ubuntu/nemo_ws/src/install/image_transport/share/image_transport/cmake/ament_cmake_export_libraries-extras.cmake
-- Installing: /home/ubuntu/nemo_ws/src/install/image_transport/share/image_transport/cmake/ament_cmake_export_dependencies-extras.cmake
-- Installing: /home/ubuntu/nemo_ws/src/install/image_transport/share/image_transport/cmake/image_transportConfig.cmake
-- Installing: /home/ubuntu/nemo_ws/src/install/image_transport/share/image_transport/cmake/image_transportConfig-version.cmake
-- Installing: /home/ubuntu/nemo_ws/src/install/image_transport/share/image_transport/package.xml
