[4.770s] Invoking command in '/home/ubuntu/nemo_ws/src/ros2_aruco/ros2_aruco': PYTHONPATH=/home/ubuntu/nemo_ws/src/install/ros2_aruco/lib/python3.8/site-packages:${PYTHONPATH} /usr/bin/python3 setup.py egg_info --egg-base ../../build/ros2_aruco build --build-base /home/ubuntu/nemo_ws/src/build/ros2_aruco/build install --prefix /home/ubuntu/nemo_ws/src/install/ros2_aruco --record /home/ubuntu/nemo_ws/src/build/ros2_aruco/install.log --single-version-externally-managed
[6.550s] running egg_info
[6.555s] writing ../../build/ros2_aruco/ros2_aruco.egg-info/PKG-INFO
[6.558s] writing dependency_links to ../../build/ros2_aruco/ros2_aruco.egg-info/dependency_links.txt
[6.561s] writing entry points to ../../build/ros2_aruco/ros2_aruco.egg-info/entry_points.txt
[6.564s] writing requirements to ../../build/ros2_aruco/ros2_aruco.egg-info/requires.txt
[6.566s] writing top-level names to ../../build/ros2_aruco/ros2_aruco.egg-info/top_level.txt
[6.761s] reading manifest file '../../build/ros2_aruco/ros2_aruco.egg-info/SOURCES.txt'
[6.768s] writing manifest file '../../build/ros2_aruco/ros2_aruco.egg-info/SOURCES.txt'
[6.770s] running build
[6.771s] running build_py
[6.775s] running install
[6.781s] running install_lib
[6.792s] running install_data
[6.796s] running install_egg_info
[6.809s] removing '/home/ubuntu/nemo_ws/src/install/ros2_aruco/lib/python3.8/site-packages/ros2_aruco-0.1.0-py3.8.egg-info' (and everything under it)
[6.812s] Copying ../../build/ros2_aruco/ros2_aruco.egg-info to /home/ubuntu/nemo_ws/src/install/ros2_aruco/lib/python3.8/site-packages/ros2_aruco-0.1.0-py3.8.egg-info
[6.823s] running install_scripts
[6.932s] Installing aruco_generate_marker script to /home/ubuntu/nemo_ws/src/install/ros2_aruco/lib/ros2_aruco
[6.935s] Installing aruco_node script to /home/ubuntu/nemo_ws/src/install/ros2_aruco/lib/ros2_aruco
[6.940s] writing list of installed files to '/home/ubuntu/nemo_ws/src/build/ros2_aruco/install.log'
[7.100s] Invoked command in '/home/ubuntu/nemo_ws/src/ros2_aruco/ros2_aruco' returned '0': PYTHONPATH=/home/ubuntu/nemo_ws/src/install/ros2_aruco/lib/python3.8/site-packages:${PYTHONPATH} /usr/bin/python3 setup.py egg_info --egg-base ../../build/ros2_aruco build --build-base /home/ubuntu/nemo_ws/src/build/ros2_aruco/build install --prefix /home/ubuntu/nemo_ws/src/install/ros2_aruco --record /home/ubuntu/nemo_ws/src/build/ros2_aruco/install.log --single-version-externally-managed
