[0.106s] Invoking command in '/home/ubuntu/nemo_ws/src/build/compressed_image_transport': AMENT_PREFIX_PATH=/home/ubuntu/nemo_ws/src/install/image_transport:/home/ubuntu/nemo_ws/src/install/cv_bridge:${AMENT_PREFIX_PATH} CMAKE_PREFIX_PATH=/home/ubuntu/nemo_ws/src/install/image_transport:/home/ubuntu/nemo_ws/src/install/cv_bridge:/home/ubuntu/nemo_ws/install/v4l2_camera:/home/ubuntu/nemo_ws/install/image_transport_plugins:/home/ubuntu/nemo_ws/install/theora_image_transport:/home/ubuntu/nemo_ws/install/compressed_image_transport:/home/ubuntu/nemo_ws/install/compressed_depth_image_transport:/home/ubuntu/nemo_ws/install/image_transport:/home/ubuntu/nemo_ws/install/examples_rclcpp_multithreaded_executor:/home/ubuntu/nemo_ws/install/examples_rclcpp_minimal_timer:/home/ubuntu/nemo_ws/install/examples_rclcpp_minimal_subscriber:/home/ubuntu/nemo_ws/install/examples_rclcpp_minimal_service:/home/ubuntu/nemo_ws/install/examples_rclcpp_minimal_publisher:/home/ubuntu/nemo_ws/install/examples_rclcpp_minimal_composition:/home/ubuntu/nemo_ws/install/examples_rclcpp_minimal_client:/home/ubuntu/nemo_ws/install/examples_rclcpp_minimal_action_server:/home/ubuntu/nemo_ws/install/examples_rclcpp_minimal_action_client:/home/ubuntu/nemo_ws/install/cv_bridge:/home/ubuntu/nemo_ws/install/camera_info_manager:/home/ubuntu/nemo_ws/install/camera_calibration_parsers:/home/ubuntu/nemo_ws/install/img_basics:/home/ubuntu/nemo_ws/install/examples_rclpy_minimal_subscriber:/home/ubuntu/nemo_ws/install/examples_rclpy_minimal_service:/home/ubuntu/nemo_ws/install/examples_rclpy_minimal_publisher:/home/ubuntu/nemo_ws/install/examples_rclpy_minimal_client:/home/ubuntu/nemo_ws/install/examples_rclpy_minimal_action_server:/home/ubuntu/nemo_ws/install/examples_rclpy_minimal_action_client:/home/ubuntu/nemo_ws/install/examples_rclpy_executors:/opt/ros/foxy LD_LIBRARY_PATH=/home/ubuntu/nemo_ws/src/install/image_transport/lib:/home/ubuntu/nemo_ws/src/install/cv_bridge/lib:${LD_LIBRARY_PATH} PYTHONPATH=/home/ubuntu/nemo_ws/src/install/cv_bridge/lib/python3.8/site-packages:${PYTHONPATH} /usr/bin/cmake /home/ubuntu/nemo_ws/src/image_transport_plugins/compressed_image_transport -DCMAKE_INSTALL_PREFIX=/home/ubuntu/nemo_ws/src/install/compressed_image_transport
[0.504s] -- The C compiler identification is GNU 9.4.0
[0.839s] -- The CXX compiler identification is GNU 9.4.0
[0.873s] -- Check for working C compiler: /usr/bin/cc
[1.327s] -- Check for working C compiler: /usr/bin/cc -- works
[1.330s] -- Detecting C compiler ABI info
[1.758s] -- Detecting C compiler ABI info - done
[1.818s] -- Detecting C compile features
[1.821s] -- Detecting C compile features - done
[1.836s] -- Check for working CXX compiler: /usr/bin/c++
[2.320s] -- Check for working CXX compiler: /usr/bin/c++ -- works
[2.326s] -- Detecting CXX compiler ABI info
[2.888s] -- Detecting CXX compiler ABI info - done
[2.951s] -- Detecting CXX compile features
[2.954s] -- Detecting CXX compile features - done
[3.004s] -- Found ament_cmake: 0.9.9 (/opt/ros/foxy/share/ament_cmake/cmake)
[3.288s] -- Found PythonInterp: /usr/bin/python3 (found suitable version "3.8.10", minimum required is "3") 
[3.290s] -- Using PYTHON_EXECUTABLE: /usr/bin/python3
[5.221s] -- Found image_transport: 2.3.0 (/home/ubuntu/nemo_ws/src/install/image_transport/share/image_transport/cmake)
[5.913s] -- Using all available rosidl_typesupport_c: rosidl_typesupport_fastrtps_c;rosidl_typesupport_introspection_c
[6.035s] -- Found rosidl_adapter: 1.2.1 (/opt/ros/foxy/share/rosidl_adapter/cmake)
[6.864s] -- Found OpenSSL: /usr/lib/aarch64-linux-gnu/libcrypto.so (found version "1.1.1f")  
[7.162s] -- Found FastRTPS: /opt/ros/foxy/include  
[7.955s] -- Using all available rosidl_typesupport_cpp: rosidl_typesupport_fastrtps_cpp;rosidl_typesupport_introspection_cpp
[8.501s] -- Found rmw_implementation_cmake: 1.0.3 (/opt/ros/foxy/share/rmw_implementation_cmake/cmake)
[8.518s] -- Using RMW implementation 'rmw_fastrtps_cpp' as default
[8.523s] -- Looking for pthread.h
[8.960s] -- Looking for pthread.h - found
[8.962s] -- Performing Test CMAKE_HAVE_LIBC_PTHREAD
[9.393s] -- Performing Test CMAKE_HAVE_LIBC_PTHREAD - Failed
[9.396s] -- Looking for pthread_create in pthreads
[9.755s] -- Looking for pthread_create in pthreads - not found
[9.756s] -- Looking for pthread_create in pthread
[10.222s] -- Looking for pthread_create in pthread - found
[10.233s] -- Found Threads: TRUE  
[12.284s] -- Found cv_bridge: 3.0.3 (/home/ubuntu/nemo_ws/src/install/cv_bridge/share/cv_bridge/cmake)
[12.452s] -- Found OpenCV: /usr (found version "4.2.0") 
[12.936s] -- Configuring done
[13.101s] -- Generating done
[13.112s] -- Build files have been written to: /home/ubuntu/nemo_ws/src/build/compressed_image_transport
[13.207s] Invoked command in '/home/ubuntu/nemo_ws/src/build/compressed_image_transport' returned '0': AMENT_PREFIX_PATH=/home/ubuntu/nemo_ws/src/install/image_transport:/home/ubuntu/nemo_ws/src/install/cv_bridge:${AMENT_PREFIX_PATH} CMAKE_PREFIX_PATH=/home/ubuntu/nemo_ws/src/install/image_transport:/home/ubuntu/nemo_ws/src/install/cv_bridge:/home/ubuntu/nemo_ws/install/v4l2_camera:/home/ubuntu/nemo_ws/install/image_transport_plugins:/home/ubuntu/nemo_ws/install/theora_image_transport:/home/ubuntu/nemo_ws/install/compressed_image_transport:/home/ubuntu/nemo_ws/install/compressed_depth_image_transport:/home/ubuntu/nemo_ws/install/image_transport:/home/ubuntu/nemo_ws/install/examples_rclcpp_multithreaded_executor:/home/ubuntu/nemo_ws/install/examples_rclcpp_minimal_timer:/home/ubuntu/nemo_ws/install/examples_rclcpp_minimal_subscriber:/home/ubuntu/nemo_ws/install/examples_rclcpp_minimal_service:/home/ubuntu/nemo_ws/install/examples_rclcpp_minimal_publisher:/home/ubuntu/nemo_ws/install/examples_rclcpp_minimal_composition:/home/ubuntu/nemo_ws/install/examples_rclcpp_minimal_client:/home/ubuntu/nemo_ws/install/examples_rclcpp_minimal_action_server:/home/ubuntu/nemo_ws/install/examples_rclcpp_minimal_action_client:/home/ubuntu/nemo_ws/install/cv_bridge:/home/ubuntu/nemo_ws/install/camera_info_manager:/home/ubuntu/nemo_ws/install/camera_calibration_parsers:/home/ubuntu/nemo_ws/install/img_basics:/home/ubuntu/nemo_ws/install/examples_rclpy_minimal_subscriber:/home/ubuntu/nemo_ws/install/examples_rclpy_minimal_service:/home/ubuntu/nemo_ws/install/examples_rclpy_minimal_publisher:/home/ubuntu/nemo_ws/install/examples_rclpy_minimal_client:/home/ubuntu/nemo_ws/install/examples_rclpy_minimal_action_server:/home/ubuntu/nemo_ws/install/examples_rclpy_minimal_action_client:/home/ubuntu/nemo_ws/install/examples_rclpy_executors:/opt/ros/foxy LD_LIBRARY_PATH=/home/ubuntu/nemo_ws/src/install/image_transport/lib:/home/ubuntu/nemo_ws/src/install/cv_bridge/lib:${LD_LIBRARY_PATH} PYTHONPATH=/home/ubuntu/nemo_ws/src/install/cv_bridge/lib/python3.8/site-packages:${PYTHONPATH} /usr/bin/cmake /home/ubuntu/nemo_ws/src/image_transport_plugins/compressed_image_transport -DCMAKE_INSTALL_PREFIX=/home/ubuntu/nemo_ws/src/install/compressed_image_transport
[13.210s] Invoking command in '/home/ubuntu/nemo_ws/src/build/compressed_image_transport': AMENT_PREFIX_PATH=/home/ubuntu/nemo_ws/src/install/image_transport:/home/ubuntu/nemo_ws/src/install/cv_bridge:${AMENT_PREFIX_PATH} CMAKE_PREFIX_PATH=/home/ubuntu/nemo_ws/src/install/image_transport:/home/ubuntu/nemo_ws/src/install/cv_bridge:/home/ubuntu/nemo_ws/install/v4l2_camera:/home/ubuntu/nemo_ws/install/image_transport_plugins:/home/ubuntu/nemo_ws/install/theora_image_transport:/home/ubuntu/nemo_ws/install/compressed_image_transport:/home/ubuntu/nemo_ws/install/compressed_depth_image_transport:/home/ubuntu/nemo_ws/install/image_transport:/home/ubuntu/nemo_ws/install/examples_rclcpp_multithreaded_executor:/home/ubuntu/nemo_ws/install/examples_rclcpp_minimal_timer:/home/ubuntu/nemo_ws/install/examples_rclcpp_minimal_subscriber:/home/ubuntu/nemo_ws/install/examples_rclcpp_minimal_service:/home/ubuntu/nemo_ws/install/examples_rclcpp_minimal_publisher:/home/ubuntu/nemo_ws/install/examples_rclcpp_minimal_composition:/home/ubuntu/nemo_ws/install/examples_rclcpp_minimal_client:/home/ubuntu/nemo_ws/install/examples_rclcpp_minimal_action_server:/home/ubuntu/nemo_ws/install/examples_rclcpp_minimal_action_client:/home/ubuntu/nemo_ws/install/cv_bridge:/home/ubuntu/nemo_ws/install/camera_info_manager:/home/ubuntu/nemo_ws/install/camera_calibration_parsers:/home/ubuntu/nemo_ws/install/img_basics:/home/ubuntu/nemo_ws/install/examples_rclpy_minimal_subscriber:/home/ubuntu/nemo_ws/install/examples_rclpy_minimal_service:/home/ubuntu/nemo_ws/install/examples_rclpy_minimal_publisher:/home/ubuntu/nemo_ws/install/examples_rclpy_minimal_client:/home/ubuntu/nemo_ws/install/examples_rclpy_minimal_action_server:/home/ubuntu/nemo_ws/install/examples_rclpy_minimal_action_client:/home/ubuntu/nemo_ws/install/examples_rclpy_executors:/opt/ros/foxy LD_LIBRARY_PATH=/home/ubuntu/nemo_ws/src/install/image_transport/lib:/home/ubuntu/nemo_ws/src/install/cv_bridge/lib:${LD_LIBRARY_PATH} PYTHONPATH=/home/ubuntu/nemo_ws/src/install/cv_bridge/lib/python3.8/site-packages:${PYTHONPATH} /usr/bin/cmake --build /home/ubuntu/nemo_ws/src/build/compressed_image_transport -- -j4 -l4
[13.464s] [35m[1mScanning dependencies of target compressed_image_transport[0m
[13.905s] [ 25%] [32mBuilding CXX object CMakeFiles/compressed_image_transport.dir/src/compressed_publisher.cpp.o[0m
[33.358s] [ 50%] [32mBuilding CXX object CMakeFiles/compressed_image_transport.dir/src/manifest.cpp.o[0m
[60.317s] [ 75%] [32mBuilding CXX object CMakeFiles/compressed_image_transport.dir/src/compressed_subscriber.cpp.o[0m
[92.111s] [100%] [32m[1mLinking CXX shared library libcompressed_image_transport.so[0m
[95.522s] [100%] Built target compressed_image_transport
[97.194s] Invoked command in '/home/ubuntu/nemo_ws/src/build/compressed_image_transport' returned '0': AMENT_PREFIX_PATH=/home/ubuntu/nemo_ws/src/install/image_transport:/home/ubuntu/nemo_ws/src/install/cv_bridge:${AMENT_PREFIX_PATH} CMAKE_PREFIX_PATH=/home/ubuntu/nemo_ws/src/install/image_transport:/home/ubuntu/nemo_ws/src/install/cv_bridge:/home/ubuntu/nemo_ws/install/v4l2_camera:/home/ubuntu/nemo_ws/install/image_transport_plugins:/home/ubuntu/nemo_ws/install/theora_image_transport:/home/ubuntu/nemo_ws/install/compressed_image_transport:/home/ubuntu/nemo_ws/install/compressed_depth_image_transport:/home/ubuntu/nemo_ws/install/image_transport:/home/ubuntu/nemo_ws/install/examples_rclcpp_multithreaded_executor:/home/ubuntu/nemo_ws/install/examples_rclcpp_minimal_timer:/home/ubuntu/nemo_ws/install/examples_rclcpp_minimal_subscriber:/home/ubuntu/nemo_ws/install/examples_rclcpp_minimal_service:/home/ubuntu/nemo_ws/install/examples_rclcpp_minimal_publisher:/home/ubuntu/nemo_ws/install/examples_rclcpp_minimal_composition:/home/ubuntu/nemo_ws/install/examples_rclcpp_minimal_client:/home/ubuntu/nemo_ws/install/examples_rclcpp_minimal_action_server:/home/ubuntu/nemo_ws/install/examples_rclcpp_minimal_action_client:/home/ubuntu/nemo_ws/install/cv_bridge:/home/ubuntu/nemo_ws/install/camera_info_manager:/home/ubuntu/nemo_ws/install/camera_calibration_parsers:/home/ubuntu/nemo_ws/install/img_basics:/home/ubuntu/nemo_ws/install/examples_rclpy_minimal_subscriber:/home/ubuntu/nemo_ws/install/examples_rclpy_minimal_service:/home/ubuntu/nemo_ws/install/examples_rclpy_minimal_publisher:/home/ubuntu/nemo_ws/install/examples_rclpy_minimal_client:/home/ubuntu/nemo_ws/install/examples_rclpy_minimal_action_server:/home/ubuntu/nemo_ws/install/examples_rclpy_minimal_action_client:/home/ubuntu/nemo_ws/install/examples_rclpy_executors:/opt/ros/foxy LD_LIBRARY_PATH=/home/ubuntu/nemo_ws/src/install/image_transport/lib:/home/ubuntu/nemo_ws/src/install/cv_bridge/lib:${LD_LIBRARY_PATH} PYTHONPATH=/home/ubuntu/nemo_ws/src/install/cv_bridge/lib/python3.8/site-packages:${PYTHONPATH} /usr/bin/cmake --build /home/ubuntu/nemo_ws/src/build/compressed_image_transport -- -j4 -l4
[97.448s] Invoking command in '/home/ubuntu/nemo_ws/src/build/compressed_image_transport': AMENT_PREFIX_PATH=/home/ubuntu/nemo_ws/src/install/image_transport:/home/ubuntu/nemo_ws/src/install/cv_bridge:${AMENT_PREFIX_PATH} CMAKE_PREFIX_PATH=/home/ubuntu/nemo_ws/src/install/image_transport:/home/ubuntu/nemo_ws/src/install/cv_bridge:/home/ubuntu/nemo_ws/install/v4l2_camera:/home/ubuntu/nemo_ws/install/image_transport_plugins:/home/ubuntu/nemo_ws/install/theora_image_transport:/home/ubuntu/nemo_ws/install/compressed_image_transport:/home/ubuntu/nemo_ws/install/compressed_depth_image_transport:/home/ubuntu/nemo_ws/install/image_transport:/home/ubuntu/nemo_ws/install/examples_rclcpp_multithreaded_executor:/home/ubuntu/nemo_ws/install/examples_rclcpp_minimal_timer:/home/ubuntu/nemo_ws/install/examples_rclcpp_minimal_subscriber:/home/ubuntu/nemo_ws/install/examples_rclcpp_minimal_service:/home/ubuntu/nemo_ws/install/examples_rclcpp_minimal_publisher:/home/ubuntu/nemo_ws/install/examples_rclcpp_minimal_composition:/home/ubuntu/nemo_ws/install/examples_rclcpp_minimal_client:/home/ubuntu/nemo_ws/install/examples_rclcpp_minimal_action_server:/home/ubuntu/nemo_ws/install/examples_rclcpp_minimal_action_client:/home/ubuntu/nemo_ws/install/cv_bridge:/home/ubuntu/nemo_ws/install/camera_info_manager:/home/ubuntu/nemo_ws/install/camera_calibration_parsers:/home/ubuntu/nemo_ws/install/img_basics:/home/ubuntu/nemo_ws/install/examples_rclpy_minimal_subscriber:/home/ubuntu/nemo_ws/install/examples_rclpy_minimal_service:/home/ubuntu/nemo_ws/install/examples_rclpy_minimal_publisher:/home/ubuntu/nemo_ws/install/examples_rclpy_minimal_client:/home/ubuntu/nemo_ws/install/examples_rclpy_minimal_action_server:/home/ubuntu/nemo_ws/install/examples_rclpy_minimal_action_client:/home/ubuntu/nemo_ws/install/examples_rclpy_executors:/opt/ros/foxy LD_LIBRARY_PATH=/home/ubuntu/nemo_ws/src/install/image_transport/lib:/home/ubuntu/nemo_ws/src/install/cv_bridge/lib:${LD_LIBRARY_PATH} PYTHONPATH=/home/ubuntu/nemo_ws/src/install/cv_bridge/lib/python3.8/site-packages:${PYTHONPATH} /usr/bin/cmake --install /home/ubuntu/nemo_ws/src/build/compressed_image_transport
[97.519s] -- Install configuration: ""
[97.521s] -- Installing: /home/ubuntu/nemo_ws/src/install/compressed_image_transport/lib/libcompressed_image_transport.so
[97.546s] -- Set runtime path of "/home/ubuntu/nemo_ws/src/install/compressed_image_transport/lib/libcompressed_image_transport.so" to ""
[97.548s] -- Installing: /home/ubuntu/nemo_ws/src/install/compressed_image_transport/include
[97.549s] -- Installing: /home/ubuntu/nemo_ws/src/install/compressed_image_transport/include/compressed_image_transport
[97.551s] -- Installing: /home/ubuntu/nemo_ws/src/install/compressed_image_transport/include/compressed_image_transport/compression_common.h
[97.553s] -- Installing: /home/ubuntu/nemo_ws/src/install/compressed_image_transport/include/compressed_image_transport/compressed_publisher.h
[97.555s] -- Installing: /home/ubuntu/nemo_ws/src/install/compressed_image_transport/include/compressed_image_transport/compressed_subscriber.h
[97.558s] -- Installing: /home/ubuntu/nemo_ws/src/install/compressed_image_transport/share/compressed_image_transport/compressed_plugins.xml
[97.562s] -- Installing: /home/ubuntu/nemo_ws/src/install/compressed_image_transport/share/ament_index/resource_index/package_run_dependencies/compressed_image_transport
[97.565s] -- Installing: /home/ubuntu/nemo_ws/src/install/compressed_image_transport/share/ament_index/resource_index/parent_prefix_path/compressed_image_transport
[97.568s] -- Installing: /home/ubuntu/nemo_ws/src/install/compressed_image_transport/share/compressed_image_transport/environment/ament_prefix_path.sh
[97.572s] -- Installing: /home/ubuntu/nemo_ws/src/install/compressed_image_transport/share/compressed_image_transport/environment/ament_prefix_path.dsv
[97.575s] -- Installing: /home/ubuntu/nemo_ws/src/install/compressed_image_transport/share/compressed_image_transport/environment/path.sh
[97.577s] -- Installing: /home/ubuntu/nemo_ws/src/install/compressed_image_transport/share/compressed_image_transport/environment/path.dsv
[97.580s] -- Installing: /home/ubuntu/nemo_ws/src/install/compressed_image_transport/share/compressed_image_transport/local_setup.bash
[97.583s] -- Installing: /home/ubuntu/nemo_ws/src/install/compressed_image_transport/share/compressed_image_transport/local_setup.sh
[97.586s] -- Installing: /home/ubuntu/nemo_ws/src/install/compressed_image_transport/share/compressed_image_transport/local_setup.zsh
[97.589s] -- Installing: /home/ubuntu/nemo_ws/src/install/compressed_image_transport/share/compressed_image_transport/local_setup.dsv
[97.591s] -- Installing: /home/ubuntu/nemo_ws/src/install/compressed_image_transport/share/compressed_image_transport/package.dsv
[97.594s] -- Installing: /home/ubuntu/nemo_ws/src/install/compressed_image_transport/share/ament_index/resource_index/packages/compressed_image_transport
[97.598s] -- Installing: /home/ubuntu/nemo_ws/src/install/compressed_image_transport/share/ament_index/resource_index/image_transport__pluginlib__plugin/compressed_image_transport
[97.601s] -- Installing: /home/ubuntu/nemo_ws/src/install/compressed_image_transport/share/compressed_image_transport/cmake/compressed_image_transportConfig.cmake
[97.604s] -- Installing: /home/ubuntu/nemo_ws/src/install/compressed_image_transport/share/compressed_image_transport/cmake/compressed_image_transportConfig-version.cmake
[97.606s] -- Installing: /home/ubuntu/nemo_ws/src/install/compressed_image_transport/share/compressed_image_transport/package.xml
[97.628s] Invoked command in '/home/ubuntu/nemo_ws/src/build/compressed_image_transport' returned '0': AMENT_PREFIX_PATH=/home/ubuntu/nemo_ws/src/install/image_transport:/home/ubuntu/nemo_ws/src/install/cv_bridge:${AMENT_PREFIX_PATH} CMAKE_PREFIX_PATH=/home/ubuntu/nemo_ws/src/install/image_transport:/home/ubuntu/nemo_ws/src/install/cv_bridge:/home/ubuntu/nemo_ws/install/v4l2_camera:/home/ubuntu/nemo_ws/install/image_transport_plugins:/home/ubuntu/nemo_ws/install/theora_image_transport:/home/ubuntu/nemo_ws/install/compressed_image_transport:/home/ubuntu/nemo_ws/install/compressed_depth_image_transport:/home/ubuntu/nemo_ws/install/image_transport:/home/ubuntu/nemo_ws/install/examples_rclcpp_multithreaded_executor:/home/ubuntu/nemo_ws/install/examples_rclcpp_minimal_timer:/home/ubuntu/nemo_ws/install/examples_rclcpp_minimal_subscriber:/home/ubuntu/nemo_ws/install/examples_rclcpp_minimal_service:/home/ubuntu/nemo_ws/install/examples_rclcpp_minimal_publisher:/home/ubuntu/nemo_ws/install/examples_rclcpp_minimal_composition:/home/ubuntu/nemo_ws/install/examples_rclcpp_minimal_client:/home/ubuntu/nemo_ws/install/examples_rclcpp_minimal_action_server:/home/ubuntu/nemo_ws/install/examples_rclcpp_minimal_action_client:/home/ubuntu/nemo_ws/install/cv_bridge:/home/ubuntu/nemo_ws/install/camera_info_manager:/home/ubuntu/nemo_ws/install/camera_calibration_parsers:/home/ubuntu/nemo_ws/install/img_basics:/home/ubuntu/nemo_ws/install/examples_rclpy_minimal_subscriber:/home/ubuntu/nemo_ws/install/examples_rclpy_minimal_service:/home/ubuntu/nemo_ws/install/examples_rclpy_minimal_publisher:/home/ubuntu/nemo_ws/install/examples_rclpy_minimal_client:/home/ubuntu/nemo_ws/install/examples_rclpy_minimal_action_server:/home/ubuntu/nemo_ws/install/examples_rclpy_minimal_action_client:/home/ubuntu/nemo_ws/install/examples_rclpy_executors:/opt/ros/foxy LD_LIBRARY_PATH=/home/ubuntu/nemo_ws/src/install/image_transport/lib:/home/ubuntu/nemo_ws/src/install/cv_bridge/lib:${LD_LIBRARY_PATH} PYTHONPATH=/home/ubuntu/nemo_ws/src/install/cv_bridge/lib/python3.8/site-packages:${PYTHONPATH} /usr/bin/cmake --install /home/ubuntu/nemo_ws/src/build/compressed_image_transport
