[5.580s] Invoking command in '/home/ubuntu/nemo_ws/src/examples/rclpy/actions/minimal_action_client': PYTHONPATH=/home/ubuntu/nemo_ws/src/install/examples_rclpy_minimal_action_client/lib/python3.8/site-packages:${PYTHONPATH} /usr/bin/python3 setup.py egg_info --egg-base ../../../../build/examples_rclpy_minimal_action_client build --build-base /home/ubuntu/nemo_ws/src/build/examples_rclpy_minimal_action_client/build install --prefix /home/ubuntu/nemo_ws/src/install/examples_rclpy_minimal_action_client --record /home/ubuntu/nemo_ws/src/build/examples_rclpy_minimal_action_client/install.log --single-version-externally-managed
[6.997s] running egg_info
[7.000s] writing ../../../../build/examples_rclpy_minimal_action_client/examples_rclpy_minimal_action_client.egg-info/PKG-INFO
[7.002s] writing dependency_links to ../../../../build/examples_rclpy_minimal_action_client/examples_rclpy_minimal_action_client.egg-info/dependency_links.txt
[7.003s] writing entry points to ../../../../build/examples_rclpy_minimal_action_client/examples_rclpy_minimal_action_client.egg-info/entry_points.txt
[7.004s] writing requirements to ../../../../build/examples_rclpy_minimal_action_client/examples_rclpy_minimal_action_client.egg-info/requires.txt
[7.005s] writing top-level names to ../../../../build/examples_rclpy_minimal_action_client/examples_rclpy_minimal_action_client.egg-info/top_level.txt
[7.194s] reading manifest file '../../../../build/examples_rclpy_minimal_action_client/examples_rclpy_minimal_action_client.egg-info/SOURCES.txt'
[7.202s] writing manifest file '../../../../build/examples_rclpy_minimal_action_client/examples_rclpy_minimal_action_client.egg-info/SOURCES.txt'
[7.203s] running build
[7.204s] running build_py
[7.207s] running install
[7.213s] running install_lib
[7.236s] running install_data
[7.237s] running install_egg_info
[7.237s] removing '/home/ubuntu/nemo_ws/src/install/examples_rclpy_minimal_action_client/lib/python3.8/site-packages/examples_rclpy_minimal_action_client-0.9.4-py3.8.egg-info' (and everything under it)
[7.238s] Copying ../../../../build/examples_rclpy_minimal_action_client/examples_rclpy_minimal_action_client.egg-info to /home/ubuntu/nemo_ws/src/install/examples_rclpy_minimal_action_client/lib/python3.8/site-packages/examples_rclpy_minimal_action_client-0.9.4-py3.8.egg-info
[7.255s] running install_scripts
[7.338s] Installing client script to /home/ubuntu/nemo_ws/src/install/examples_rclpy_minimal_action_client/lib/examples_rclpy_minimal_action_client
[7.339s] Installing client_cancel script to /home/ubuntu/nemo_ws/src/install/examples_rclpy_minimal_action_client/lib/examples_rclpy_minimal_action_client
[7.340s] Installing client_not_composable script to /home/ubuntu/nemo_ws/src/install/examples_rclpy_minimal_action_client/lib/examples_rclpy_minimal_action_client
[7.343s] writing list of installed files to '/home/ubuntu/nemo_ws/src/build/examples_rclpy_minimal_action_client/install.log'
[7.515s] Invoked command in '/home/ubuntu/nemo_ws/src/examples/rclpy/actions/minimal_action_client' returned '0': PYTHONPATH=/home/ubuntu/nemo_ws/src/install/examples_rclpy_minimal_action_client/lib/python3.8/site-packages:${PYTHONPATH} /usr/bin/python3 setup.py egg_info --egg-base ../../../../build/examples_rclpy_minimal_action_client build --build-base /home/ubuntu/nemo_ws/src/build/examples_rclpy_minimal_action_client/build install --prefix /home/ubuntu/nemo_ws/src/install/examples_rclpy_minimal_action_client --record /home/ubuntu/nemo_ws/src/build/examples_rclpy_minimal_action_client/install.log --single-version-externally-managed
