-- The C compiler identification is GNU 9.4.0
-- The CXX compiler identification is GNU 9.4.0
-- Check for working C compiler: /usr/bin/cc
-- Check for working C compiler: /usr/bin/cc -- works
-- Detecting C compiler ABI info
-- Detecting C compiler ABI info - done
-- Detecting C compile features
-- Detecting C compile features - done
-- Check for working CXX compiler: /usr/bin/c++
-- Check for working CXX compiler: /usr/bin/c++ -- works
-- Detecting CXX compiler ABI info
-- Detecting CXX compiler ABI info - done
-- Detecting CXX compile features
-- Detecting CXX compile features - done
-- Found ament_cmake_python: 0.9.9 (/opt/ros/foxy/share/ament_cmake_python/cmake)
-- Found ament_cmake_ros: 0.9.2 (/opt/ros/foxy/share/ament_cmake_ros/cmake)
-- Found PythonInterp: /usr/bin/python3 (found suitable version "3.8.10", minimum required is "3") 
-- Using PYTHON_EXECUTABLE: /usr/bin/python3
-- Found OpenCV: /usr (found version "4.2.0") found components: calib3d core highgui imgproc 
-- Found sensor_msgs: 2.0.5 (/opt/ros/foxy/share/sensor_msgs/cmake)
-- Using all available rosidl_typesupport_c: rosidl_typesupport_fastrtps_c;rosidl_typesupport_introspection_c
-- Found rosidl_adapter: 1.2.1 (/opt/ros/foxy/share/rosidl_adapter/cmake)
-- Found OpenSSL: /usr/lib/aarch64-linux-gnu/libcrypto.so (found version "1.1.1f")  
-- Found FastRTPS: /opt/ros/foxy/include  
-- Using all available rosidl_typesupport_cpp: rosidl_typesupport_fastrtps_cpp;rosidl_typesupport_introspection_cpp
-- Found gtest sources under '/opt/ros/foxy/src/gtest_vendor': C++ tests using 'Google Test' will be built
-- Looking for pthread.h
-- Looking for pthread.h - found
-- Performing Test CMAKE_HAVE_LIBC_PTHREAD
-- Performing Test CMAKE_HAVE_LIBC_PTHREAD - Failed
-- Check if compiler accepts -pthread
-- Check if compiler accepts -pthread - yes
-- Found Threads: TRUE  
-- Configuring done
-- Generating done
-- Build files have been written to: /home/ubuntu/nemo_ws/build/image_geometry
[35m[1mScanning dependencies of target image_geometry[0m
[35m[1mScanning dependencies of target gtest_main[0m
[35m[1mScanning dependencies of target gtest[0m
[ 11%] [32mBuilding CXX object gtest/CMakeFiles/gtest_main.dir/src/gtest_main.cc.o[0m
[ 22%] [32mBuilding CXX object gtest/CMakeFiles/gtest.dir/src/gtest-all.cc.o[0m
[ 33%] [32mBuilding CXX object CMakeFiles/image_geometry.dir/src/pinhole_camera_model.cpp.o[0m
[ 44%] [32mBuilding CXX object CMakeFiles/image_geometry.dir/src/stereo_camera_model.cpp.o[0m
[ 55%] [32m[1mLinking CXX static library libgtest_main.a[0m
[ 55%] Built target gtest_main
[ 66%] [32m[1mLinking CXX shared library libimage_geometry.so[0m
[ 66%] Built target image_geometry
[ 77%] [32m[1mLinking CXX static library libgtest.a[0m
[ 77%] Built target gtest
[35m[1mScanning dependencies of target image_geometry-utest[0m
[ 88%] [32mBuilding CXX object CMakeFiles/image_geometry-utest.dir/test/utest.cpp.o[0m
[100%] [32m[1mLinking CXX executable image_geometry-utest[0m
[100%] Built target image_geometry-utest
-- Install configuration: ""
-- Installing: /home/ubuntu/nemo_ws/install/image_geometry/share/image_geometry/environment/pythonpath.sh
-- Installing: /home/ubuntu/nemo_ws/install/image_geometry/share/image_geometry/environment/pythonpath.dsv
-- Installing: /home/ubuntu/nemo_ws/install/image_geometry/lib/python3.8/site-packages/image_geometry
-- Installing: /home/ubuntu/nemo_ws/install/image_geometry/lib/python3.8/site-packages/image_geometry/__init__.py
-- Installing: /home/ubuntu/nemo_ws/install/image_geometry/lib/python3.8/site-packages/image_geometry/cameramodels.py
Listing '/home/ubuntu/nemo_ws/install/image_geometry/lib/python3.8/site-packages/image_geometry'...
Compiling '/home/ubuntu/nemo_ws/install/image_geometry/lib/python3.8/site-packages/image_geometry/__init__.py'...
Compiling '/home/ubuntu/nemo_ws/install/image_geometry/lib/python3.8/site-packages/image_geometry/cameramodels.py'...
-- Installing: /home/ubuntu/nemo_ws/install/image_geometry/include/image_geometry
-- Installing: /home/ubuntu/nemo_ws/install/image_geometry/include/image_geometry/image_geometry
-- Installing: /home/ubuntu/nemo_ws/install/image_geometry/include/image_geometry/image_geometry/pinhole_camera_model.h
-- Installing: /home/ubuntu/nemo_ws/install/image_geometry/include/image_geometry/image_geometry/visibility_control.hpp
-- Installing: /home/ubuntu/nemo_ws/install/image_geometry/include/image_geometry/image_geometry/stereo_camera_model.h
-- Installing: /home/ubuntu/nemo_ws/install/image_geometry/lib/libimage_geometry.so
-- Set runtime path of "/home/ubuntu/nemo_ws/install/image_geometry/lib/libimage_geometry.so" to ""
-- Installing: /home/ubuntu/nemo_ws/install/image_geometry/share/ament_index/resource_index/package_run_dependencies/image_geometry
-- Installing: /home/ubuntu/nemo_ws/install/image_geometry/share/ament_index/resource_index/parent_prefix_path/image_geometry
-- Installing: /home/ubuntu/nemo_ws/install/image_geometry/share/image_geometry/environment/ament_prefix_path.sh
-- Installing: /home/ubuntu/nemo_ws/install/image_geometry/share/image_geometry/environment/ament_prefix_path.dsv
-- Installing: /home/ubuntu/nemo_ws/install/image_geometry/share/image_geometry/environment/path.sh
-- Installing: /home/ubuntu/nemo_ws/install/image_geometry/share/image_geometry/environment/path.dsv
-- Installing: /home/ubuntu/nemo_ws/install/image_geometry/share/image_geometry/local_setup.bash
-- Installing: /home/ubuntu/nemo_ws/install/image_geometry/share/image_geometry/local_setup.sh
-- Installing: /home/ubuntu/nemo_ws/install/image_geometry/share/image_geometry/local_setup.zsh
-- Installing: /home/ubuntu/nemo_ws/install/image_geometry/share/image_geometry/local_setup.dsv
-- Installing: /home/ubuntu/nemo_ws/install/image_geometry/share/image_geometry/package.dsv
-- Installing: /home/ubuntu/nemo_ws/install/image_geometry/share/ament_index/resource_index/packages/image_geometry
-- Installing: /home/ubuntu/nemo_ws/install/image_geometry/share/image_geometry/cmake/export_image_geometryExport.cmake
-- Installing: /home/ubuntu/nemo_ws/install/image_geometry/share/image_geometry/cmake/export_image_geometryExport-noconfig.cmake
-- Installing: /home/ubuntu/nemo_ws/install/image_geometry/share/image_geometry/cmake/ament_cmake_export_targets-extras.cmake
-- Installing: /home/ubuntu/nemo_ws/install/image_geometry/share/image_geometry/cmake/ament_cmake_export_dependencies-extras.cmake
-- Installing: /home/ubuntu/nemo_ws/install/image_geometry/share/image_geometry/cmake/image_geometryConfig.cmake
-- Installing: /home/ubuntu/nemo_ws/install/image_geometry/share/image_geometry/cmake/image_geometryConfig-version.cmake
-- Installing: /home/ubuntu/nemo_ws/install/image_geometry/share/image_geometry/package.xml
