running egg_info
creating ../build/img_basics/img_basics.egg-info
writing ../build/img_basics/img_basics.egg-info/PKG-INFO
writing dependency_links to ../build/img_basics/img_basics.egg-info/dependency_links.txt
writing entry points to ../build/img_basics/img_basics.egg-info/entry_points.txt
writing requirements to ../build/img_basics/img_basics.egg-info/requires.txt
writing top-level names to ../build/img_basics/img_basics.egg-info/top_level.txt
writing manifest file '../build/img_basics/img_basics.egg-info/SOURCES.txt'
reading manifest file '../build/img_basics/img_basics.egg-info/SOURCES.txt'
writing manifest file '../build/img_basics/img_basics.egg-info/SOURCES.txt'
running build
running build_py
creating /home/ubuntu/nemo_ws/src/build/img_basics/build
creating /home/ubuntu/nemo_ws/src/build/img_basics/build/lib
creating /home/ubuntu/nemo_ws/src/build/img_basics/build/lib/img_basics
copying img_basics/__init__.py -> /home/ubuntu/nemo_ws/src/build/img_basics/build/lib/img_basics
copying img_basics/cam_sub.py -> /home/ubuntu/nemo_ws/src/build/img_basics/build/lib/img_basics
running install
running install_lib
creating /home/ubuntu/nemo_ws/src/install/img_basics/lib/python3.8/site-packages/img_basics
copying /home/ubuntu/nemo_ws/src/build/img_basics/build/lib/img_basics/__init__.py -> /home/ubuntu/nemo_ws/src/install/img_basics/lib/python3.8/site-packages/img_basics
copying /home/ubuntu/nemo_ws/src/build/img_basics/build/lib/img_basics/cam_sub.py -> /home/ubuntu/nemo_ws/src/install/img_basics/lib/python3.8/site-packages/img_basics
byte-compiling /home/ubuntu/nemo_ws/src/install/img_basics/lib/python3.8/site-packages/img_basics/__init__.py to __init__.cpython-38.pyc
byte-compiling /home/ubuntu/nemo_ws/src/install/img_basics/lib/python3.8/site-packages/img_basics/cam_sub.py to cam_sub.cpython-38.pyc
running install_data
creating /home/ubuntu/nemo_ws/src/install/img_basics/share/ament_index
creating /home/ubuntu/nemo_ws/src/install/img_basics/share/ament_index/resource_index
creating /home/ubuntu/nemo_ws/src/install/img_basics/share/ament_index/resource_index/packages
copying resource/img_basics -> /home/ubuntu/nemo_ws/src/install/img_basics/share/ament_index/resource_index/packages
copying package.xml -> /home/ubuntu/nemo_ws/src/install/img_basics/share/img_basics
running install_egg_info
Copying ../build/img_basics/img_basics.egg-info to /home/ubuntu/nemo_ws/src/install/img_basics/lib/python3.8/site-packages/img_basics-0.0.0-py3.8.egg-info
running install_scripts
Installing img_subscriber script to /home/ubuntu/nemo_ws/src/install/img_basics/lib/img_basics
writing list of installed files to '/home/ubuntu/nemo_ws/src/build/img_basics/install.log'
