[0.270s] Invoking command in '/home/ubuntu/nemo_ws/build/examples_rclcpp_minimal_service': CMAKE_PREFIX_PATH=${CMAKE_PREFIX_PATH}:/home/ubuntu/nemo_ws/install/img_basics:/home/ubuntu/nemo_ws/install/examples_rclpy_minimal_subscriber:/home/ubuntu/nemo_ws/install/examples_rclpy_minimal_service:/home/ubuntu/nemo_ws/install/examples_rclpy_minimal_publisher:/home/ubuntu/nemo_ws/install/examples_rclpy_minimal_client:/home/ubuntu/nemo_ws/install/examples_rclpy_minimal_action_server:/home/ubuntu/nemo_ws/install/examples_rclpy_minimal_action_client:/home/ubuntu/nemo_ws/install/examples_rclpy_executors:/opt/ros/foxy /usr/bin/cmake --build /home/ubuntu/nemo_ws/build/examples_rclcpp_minimal_service -- -j4 -l4
[0.721s] [100%] Built target service_main
[0.809s] Invoked command in '/home/ubuntu/nemo_ws/build/examples_rclcpp_minimal_service' returned '0': CMAKE_PREFIX_PATH=${CMAKE_PREFIX_PATH}:/home/ubuntu/nemo_ws/install/img_basics:/home/ubuntu/nemo_ws/install/examples_rclpy_minimal_subscriber:/home/ubuntu/nemo_ws/install/examples_rclpy_minimal_service:/home/ubuntu/nemo_ws/install/examples_rclpy_minimal_publisher:/home/ubuntu/nemo_ws/install/examples_rclpy_minimal_client:/home/ubuntu/nemo_ws/install/examples_rclpy_minimal_action_server:/home/ubuntu/nemo_ws/install/examples_rclpy_minimal_action_client:/home/ubuntu/nemo_ws/install/examples_rclpy_executors:/opt/ros/foxy /usr/bin/cmake --build /home/ubuntu/nemo_ws/build/examples_rclcpp_minimal_service -- -j4 -l4
[1.039s] Invoking command in '/home/ubuntu/nemo_ws/build/examples_rclcpp_minimal_service': CMAKE_PREFIX_PATH=${CMAKE_PREFIX_PATH}:/home/ubuntu/nemo_ws/install/img_basics:/home/ubuntu/nemo_ws/install/examples_rclpy_minimal_subscriber:/home/ubuntu/nemo_ws/install/examples_rclpy_minimal_service:/home/ubuntu/nemo_ws/install/examples_rclpy_minimal_publisher:/home/ubuntu/nemo_ws/install/examples_rclpy_minimal_client:/home/ubuntu/nemo_ws/install/examples_rclpy_minimal_action_server:/home/ubuntu/nemo_ws/install/examples_rclpy_minimal_action_client:/home/ubuntu/nemo_ws/install/examples_rclpy_executors:/opt/ros/foxy /usr/bin/cmake --install /home/ubuntu/nemo_ws/build/examples_rclcpp_minimal_service
[1.119s] -- Install configuration: ""
[1.123s] -- Up-to-date: /home/ubuntu/nemo_ws/install/examples_rclcpp_minimal_service/lib/examples_rclcpp_minimal_service/service_main
[1.125s] -- Up-to-date: /home/ubuntu/nemo_ws/install/examples_rclcpp_minimal_service/share/ament_index/resource_index/package_run_dependencies/examples_rclcpp_minimal_service
[1.126s] -- Up-to-date: /home/ubuntu/nemo_ws/install/examples_rclcpp_minimal_service/share/ament_index/resource_index/parent_prefix_path/examples_rclcpp_minimal_service
[1.127s] -- Up-to-date: /home/ubuntu/nemo_ws/install/examples_rclcpp_minimal_service/share/examples_rclcpp_minimal_service/environment/ament_prefix_path.sh
[1.128s] -- Up-to-date: /home/ubuntu/nemo_ws/install/examples_rclcpp_minimal_service/share/examples_rclcpp_minimal_service/environment/ament_prefix_path.dsv
[1.129s] -- Up-to-date: /home/ubuntu/nemo_ws/install/examples_rclcpp_minimal_service/share/examples_rclcpp_minimal_service/environment/path.sh
[1.130s] -- Up-to-date: /home/ubuntu/nemo_ws/install/examples_rclcpp_minimal_service/share/examples_rclcpp_minimal_service/environment/path.dsv
[1.131s] -- Up-to-date: /home/ubuntu/nemo_ws/install/examples_rclcpp_minimal_service/share/examples_rclcpp_minimal_service/local_setup.bash
[1.132s] -- Up-to-date: /home/ubuntu/nemo_ws/install/examples_rclcpp_minimal_service/share/examples_rclcpp_minimal_service/local_setup.sh
[1.133s] -- Up-to-date: /home/ubuntu/nemo_ws/install/examples_rclcpp_minimal_service/share/examples_rclcpp_minimal_service/local_setup.zsh
[1.133s] -- Up-to-date: /home/ubuntu/nemo_ws/install/examples_rclcpp_minimal_service/share/examples_rclcpp_minimal_service/local_setup.dsv
[1.134s] -- Installing: /home/ubuntu/nemo_ws/install/examples_rclcpp_minimal_service/share/examples_rclcpp_minimal_service/package.dsv
[1.137s] -- Up-to-date: /home/ubuntu/nemo_ws/install/examples_rclcpp_minimal_service/share/ament_index/resource_index/packages/examples_rclcpp_minimal_service
[1.139s] -- Up-to-date: /home/ubuntu/nemo_ws/install/examples_rclcpp_minimal_service/share/examples_rclcpp_minimal_service/cmake/examples_rclcpp_minimal_serviceConfig.cmake
[1.140s] -- Up-to-date: /home/ubuntu/nemo_ws/install/examples_rclcpp_minimal_service/share/examples_rclcpp_minimal_service/cmake/examples_rclcpp_minimal_serviceConfig-version.cmake
[1.143s] -- Up-to-date: /home/ubuntu/nemo_ws/install/examples_rclcpp_minimal_service/share/examples_rclcpp_minimal_service/package.xml
[1.163s] Invoked command in '/home/ubuntu/nemo_ws/build/examples_rclcpp_minimal_service' returned '0': CMAKE_PREFIX_PATH=${CMAKE_PREFIX_PATH}:/home/ubuntu/nemo_ws/install/img_basics:/home/ubuntu/nemo_ws/install/examples_rclpy_minimal_subscriber:/home/ubuntu/nemo_ws/install/examples_rclpy_minimal_service:/home/ubuntu/nemo_ws/install/examples_rclpy_minimal_publisher:/home/ubuntu/nemo_ws/install/examples_rclpy_minimal_client:/home/ubuntu/nemo_ws/install/examples_rclpy_minimal_action_server:/home/ubuntu/nemo_ws/install/examples_rclpy_minimal_action_client:/home/ubuntu/nemo_ws/install/examples_rclpy_executors:/opt/ros/foxy /usr/bin/cmake --install /home/ubuntu/nemo_ws/build/examples_rclcpp_minimal_service
