[0.110s] Invoking command in '/home/ubuntu/nemo_ws/src/build/theora_image_transport': AMENT_PREFIX_PATH=/home/ubuntu/nemo_ws/src/install/image_transport:/home/ubuntu/nemo_ws/src/install/cv_bridge:${AMENT_PREFIX_PATH} CMAKE_PREFIX_PATH=/home/ubuntu/nemo_ws/src/install/image_transport:/home/ubuntu/nemo_ws/src/install/cv_bridge:/home/ubuntu/nemo_ws/install/v4l2_camera:/home/ubuntu/nemo_ws/install/image_transport_plugins:/home/ubuntu/nemo_ws/install/theora_image_transport:/home/ubuntu/nemo_ws/install/compressed_image_transport:/home/ubuntu/nemo_ws/install/compressed_depth_image_transport:/home/ubuntu/nemo_ws/install/image_transport:/home/ubuntu/nemo_ws/install/examples_rclcpp_multithreaded_executor:/home/ubuntu/nemo_ws/install/examples_rclcpp_minimal_timer:/home/ubuntu/nemo_ws/install/examples_rclcpp_minimal_subscriber:/home/ubuntu/nemo_ws/install/examples_rclcpp_minimal_service:/home/ubuntu/nemo_ws/install/examples_rclcpp_minimal_publisher:/home/ubuntu/nemo_ws/install/examples_rclcpp_minimal_composition:/home/ubuntu/nemo_ws/install/examples_rclcpp_minimal_client:/home/ubuntu/nemo_ws/install/examples_rclcpp_minimal_action_server:/home/ubuntu/nemo_ws/install/examples_rclcpp_minimal_action_client:/home/ubuntu/nemo_ws/install/cv_bridge:/home/ubuntu/nemo_ws/install/camera_info_manager:/home/ubuntu/nemo_ws/install/camera_calibration_parsers:/home/ubuntu/nemo_ws/install/img_basics:/home/ubuntu/nemo_ws/install/examples_rclpy_minimal_subscriber:/home/ubuntu/nemo_ws/install/examples_rclpy_minimal_service:/home/ubuntu/nemo_ws/install/examples_rclpy_minimal_publisher:/home/ubuntu/nemo_ws/install/examples_rclpy_minimal_client:/home/ubuntu/nemo_ws/install/examples_rclpy_minimal_action_server:/home/ubuntu/nemo_ws/install/examples_rclpy_minimal_action_client:/home/ubuntu/nemo_ws/install/examples_rclpy_executors:/opt/ros/foxy LD_LIBRARY_PATH=/home/ubuntu/nemo_ws/src/install/image_transport/lib:/home/ubuntu/nemo_ws/src/install/cv_bridge/lib:${LD_LIBRARY_PATH} PYTHONPATH=/home/ubuntu/nemo_ws/src/install/cv_bridge/lib/python3.8/site-packages:${PYTHONPATH} /usr/bin/cmake /home/ubuntu/nemo_ws/src/image_transport_plugins/theora_image_transport -DCMAKE_INSTALL_PREFIX=/home/ubuntu/nemo_ws/src/install/theora_image_transport
[0.459s] -- The C compiler identification is GNU 9.4.0
[0.839s] -- The CXX compiler identification is GNU 9.4.0
[0.885s] -- Check for working C compiler: /usr/bin/cc
[1.363s] -- Check for working C compiler: /usr/bin/cc -- works
[1.368s] -- Detecting C compiler ABI info
[1.923s] -- Detecting C compiler ABI info - done
[1.972s] -- Detecting C compile features
[1.974s] -- Detecting C compile features - done
[1.987s] -- Check for working CXX compiler: /usr/bin/c++
[2.507s] -- Check for working CXX compiler: /usr/bin/c++ -- works
[2.513s] -- Detecting CXX compiler ABI info
[2.958s] -- Detecting CXX compiler ABI info - done
[2.993s] -- Detecting CXX compile features
[2.996s] -- Detecting CXX compile features - done
[3.041s] -- Found ament_cmake: 0.9.9 (/opt/ros/foxy/share/ament_cmake/cmake)
[3.256s] -- Found PythonInterp: /usr/bin/python3 (found suitable version "3.8.10", minimum required is "3") 
[3.256s] -- Using PYTHON_EXECUTABLE: /usr/bin/python3
[4.725s] -- Found image_transport: 2.3.0 (/home/ubuntu/nemo_ws/src/install/image_transport/share/image_transport/cmake)
[5.387s] -- Using all available rosidl_typesupport_c: rosidl_typesupport_fastrtps_c;rosidl_typesupport_introspection_c
[5.508s] -- Found rosidl_adapter: 1.2.1 (/opt/ros/foxy/share/rosidl_adapter/cmake)
[6.357s] -- Found OpenSSL: /usr/lib/aarch64-linux-gnu/libcrypto.so (found version "1.1.1f")  
[6.668s] -- Found FastRTPS: /opt/ros/foxy/include  
[7.526s] -- Using all available rosidl_typesupport_cpp: rosidl_typesupport_fastrtps_cpp;rosidl_typesupport_introspection_cpp
[8.046s] -- Found rmw_implementation_cmake: 1.0.3 (/opt/ros/foxy/share/rmw_implementation_cmake/cmake)
[8.061s] -- Using RMW implementation 'rmw_fastrtps_cpp' as default
[8.065s] -- Looking for pthread.h
[8.537s] -- Looking for pthread.h - found
[8.539s] -- Performing Test CMAKE_HAVE_LIBC_PTHREAD
[8.974s] -- Performing Test CMAKE_HAVE_LIBC_PTHREAD - Failed
[8.977s] -- Looking for pthread_create in pthreads
[9.325s] -- Looking for pthread_create in pthreads - not found
[9.327s] -- Looking for pthread_create in pthread
[9.732s] -- Looking for pthread_create in pthread - found
[9.736s] -- Found Threads: TRUE  
[11.721s] -- Found cv_bridge: 3.0.3 (/home/ubuntu/nemo_ws/src/install/cv_bridge/share/cv_bridge/cmake)
[11.917s] -- Found rosidl_default_generators: 1.0.1 (/opt/ros/foxy/share/rosidl_default_generators/cmake)
[12.072s] -- Found OpenCV: /usr (found version "4.2.0") found components: imgproc 
[12.093s] -- Found PkgConfig: /usr/bin/pkg-config (found version "0.29.1") 
[12.097s] -- Checking for module 'ogg'
[12.242s] --   Found ogg, version 1.3.4
[12.551s] -- Checking for module 'theora'
[12.693s] --   Found theora, version 1.1.1
[13.004s] -- Checking for module 'theoraenc'
[13.141s] --   Found theoraenc, version 1.1.1
[13.463s] -- Checking for module 'theoradec'
[13.596s] --   Found theoradec, version 1.1.1
[14.151s] -- Found PythonInterp: /usr/bin/python3 (found version "3.8.10") 
[15.677s] -- Found ament_cmake_cppcheck: 0.9.6 (/opt/ros/foxy/share/ament_cmake_cppcheck/cmake)
[15.726s] -- Found ament_cmake_cpplint: 0.9.6 (/opt/ros/foxy/share/ament_cmake_cpplint/cmake)
[15.777s] -- Found ament_cmake_uncrustify: 0.9.6 (/opt/ros/foxy/share/ament_cmake_uncrustify/cmake)
[15.828s] -- Found ament_cmake_ros: 0.9.2 (/opt/ros/foxy/share/ament_cmake_ros/cmake)
[18.281s] -- Using all available rosidl_typesupport_c: rosidl_typesupport_fastrtps_c;rosidl_typesupport_introspection_c
[19.303s] -- Using all available rosidl_typesupport_cpp: rosidl_typesupport_fastrtps_cpp;rosidl_typesupport_introspection_cpp
[19.519s] -- Found PythonInterp: /usr/bin/python3 (found suitable version "3.8.10", minimum required is "3.5") 
[19.815s] -- Found python_cmake_module: 0.8.1 (/opt/ros/foxy/share/python_cmake_module/cmake)
[20.028s] -- Found PythonLibs: /usr/lib/aarch64-linux-gnu/libpython3.8.so (found suitable version "3.8.10", minimum required is "3.5") 
[20.030s] -- Using PYTHON_EXECUTABLE: /usr/bin/python3
[20.032s] -- Using PYTHON_INCLUDE_DIRS: /usr/include/python3.8
[20.033s] -- Using PYTHON_LIBRARIES: /usr/lib/aarch64-linux-gnu/libpython3.8.so
[20.195s] -- Found PythonExtra: .so  
[20.931s] -- Found ament_cmake_flake8: 0.9.6 (/opt/ros/foxy/share/ament_cmake_flake8/cmake)
[20.991s] -- Found ament_cmake_pep257: 0.9.6 (/opt/ros/foxy/share/ament_cmake_pep257/cmake)
[21.113s] -- Configuring done
[21.826s] -- Generating done
[21.849s] -- Build files have been written to: /home/ubuntu/nemo_ws/src/build/theora_image_transport
[23.162s] Invoked command in '/home/ubuntu/nemo_ws/src/build/theora_image_transport' returned '0': AMENT_PREFIX_PATH=/home/ubuntu/nemo_ws/src/install/image_transport:/home/ubuntu/nemo_ws/src/install/cv_bridge:${AMENT_PREFIX_PATH} CMAKE_PREFIX_PATH=/home/ubuntu/nemo_ws/src/install/image_transport:/home/ubuntu/nemo_ws/src/install/cv_bridge:/home/ubuntu/nemo_ws/install/v4l2_camera:/home/ubuntu/nemo_ws/install/image_transport_plugins:/home/ubuntu/nemo_ws/install/theora_image_transport:/home/ubuntu/nemo_ws/install/compressed_image_transport:/home/ubuntu/nemo_ws/install/compressed_depth_image_transport:/home/ubuntu/nemo_ws/install/image_transport:/home/ubuntu/nemo_ws/install/examples_rclcpp_multithreaded_executor:/home/ubuntu/nemo_ws/install/examples_rclcpp_minimal_timer:/home/ubuntu/nemo_ws/install/examples_rclcpp_minimal_subscriber:/home/ubuntu/nemo_ws/install/examples_rclcpp_minimal_service:/home/ubuntu/nemo_ws/install/examples_rclcpp_minimal_publisher:/home/ubuntu/nemo_ws/install/examples_rclcpp_minimal_composition:/home/ubuntu/nemo_ws/install/examples_rclcpp_minimal_client:/home/ubuntu/nemo_ws/install/examples_rclcpp_minimal_action_server:/home/ubuntu/nemo_ws/install/examples_rclcpp_minimal_action_client:/home/ubuntu/nemo_ws/install/cv_bridge:/home/ubuntu/nemo_ws/install/camera_info_manager:/home/ubuntu/nemo_ws/install/camera_calibration_parsers:/home/ubuntu/nemo_ws/install/img_basics:/home/ubuntu/nemo_ws/install/examples_rclpy_minimal_subscriber:/home/ubuntu/nemo_ws/install/examples_rclpy_minimal_service:/home/ubuntu/nemo_ws/install/examples_rclpy_minimal_publisher:/home/ubuntu/nemo_ws/install/examples_rclpy_minimal_client:/home/ubuntu/nemo_ws/install/examples_rclpy_minimal_action_server:/home/ubuntu/nemo_ws/install/examples_rclpy_minimal_action_client:/home/ubuntu/nemo_ws/install/examples_rclpy_executors:/opt/ros/foxy LD_LIBRARY_PATH=/home/ubuntu/nemo_ws/src/install/image_transport/lib:/home/ubuntu/nemo_ws/src/install/cv_bridge/lib:${LD_LIBRARY_PATH} PYTHONPATH=/home/ubuntu/nemo_ws/src/install/cv_bridge/lib/python3.8/site-packages:${PYTHONPATH} /usr/bin/cmake /home/ubuntu/nemo_ws/src/image_transport_plugins/theora_image_transport -DCMAKE_INSTALL_PREFIX=/home/ubuntu/nemo_ws/src/install/theora_image_transport
[23.166s] Invoking command in '/home/ubuntu/nemo_ws/src/build/theora_image_transport': AMENT_PREFIX_PATH=/home/ubuntu/nemo_ws/src/install/image_transport:/home/ubuntu/nemo_ws/src/install/cv_bridge:${AMENT_PREFIX_PATH} CMAKE_PREFIX_PATH=/home/ubuntu/nemo_ws/src/install/image_transport:/home/ubuntu/nemo_ws/src/install/cv_bridge:/home/ubuntu/nemo_ws/install/v4l2_camera:/home/ubuntu/nemo_ws/install/image_transport_plugins:/home/ubuntu/nemo_ws/install/theora_image_transport:/home/ubuntu/nemo_ws/install/compressed_image_transport:/home/ubuntu/nemo_ws/install/compressed_depth_image_transport:/home/ubuntu/nemo_ws/install/image_transport:/home/ubuntu/nemo_ws/install/examples_rclcpp_multithreaded_executor:/home/ubuntu/nemo_ws/install/examples_rclcpp_minimal_timer:/home/ubuntu/nemo_ws/install/examples_rclcpp_minimal_subscriber:/home/ubuntu/nemo_ws/install/examples_rclcpp_minimal_service:/home/ubuntu/nemo_ws/install/examples_rclcpp_minimal_publisher:/home/ubuntu/nemo_ws/install/examples_rclcpp_minimal_composition:/home/ubuntu/nemo_ws/install/examples_rclcpp_minimal_client:/home/ubuntu/nemo_ws/install/examples_rclcpp_minimal_action_server:/home/ubuntu/nemo_ws/install/examples_rclcpp_minimal_action_client:/home/ubuntu/nemo_ws/install/cv_bridge:/home/ubuntu/nemo_ws/install/camera_info_manager:/home/ubuntu/nemo_ws/install/camera_calibration_parsers:/home/ubuntu/nemo_ws/install/img_basics:/home/ubuntu/nemo_ws/install/examples_rclpy_minimal_subscriber:/home/ubuntu/nemo_ws/install/examples_rclpy_minimal_service:/home/ubuntu/nemo_ws/install/examples_rclpy_minimal_publisher:/home/ubuntu/nemo_ws/install/examples_rclpy_minimal_client:/home/ubuntu/nemo_ws/install/examples_rclpy_minimal_action_server:/home/ubuntu/nemo_ws/install/examples_rclpy_minimal_action_client:/home/ubuntu/nemo_ws/install/examples_rclpy_executors:/opt/ros/foxy LD_LIBRARY_PATH=/home/ubuntu/nemo_ws/src/install/image_transport/lib:/home/ubuntu/nemo_ws/src/install/cv_bridge/lib:${LD_LIBRARY_PATH} PYTHONPATH=/home/ubuntu/nemo_ws/src/install/cv_bridge/lib/python3.8/site-packages:${PYTHONPATH} /usr/bin/cmake --build /home/ubuntu/nemo_ws/src/build/theora_image_transport -- -j4 -l4
[23.468s] [35m[1mScanning dependencies of target theora_image_transport__cpp[0m
[23.551s] [  2%] [34m[1mGenerating C++ code for ROS interfaces[0m
[26.231s] [  2%] Built target theora_image_transport__cpp
[26.316s] [  5%] [34m[1mGenerating C code for ROS interfaces[0m
[28.276s] [35m[1mScanning dependencies of target theora_image_transport__rosidl_generator_c[0m
[28.378s] [  8%] [32mBuilding C object CMakeFiles/theora_image_transport__rosidl_generator_c.dir/rosidl_generator_c/theora_image_transport/msg/detail/packet__functions.c.o[0m
[28.637s] [ 10%] [32m[1mLinking C shared library libtheora_image_transport__rosidl_generator_c.so[0m
[28.911s] [ 10%] Built target theora_image_transport__rosidl_generator_c
[28.996s] [ 13%] [34m[1mGenerating C++ type support for eProsima Fast-RTPS[0m
[30.667s] [35m[1mScanning dependencies of target theora_image_transport__rosidl_typesupport_fastrtps_cpp[0m
[31.135s] [ 16%] [32mBuilding CXX object CMakeFiles/theora_image_transport__rosidl_typesupport_fastrtps_cpp.dir/rosidl_typesupport_fastrtps_cpp/theora_image_transport/msg/detail/dds_fastrtps/packet__type_support.cpp.o[0m
[34.027s] [ 18%] [32m[1mLinking CXX shared library libtheora_image_transport__rosidl_typesupport_fastrtps_cpp.so[0m
[34.576s] [ 18%] Built target theora_image_transport__rosidl_typesupport_fastrtps_cpp
[34.661s] [ 21%] [34m[1mGenerating C introspection for ROS interfaces[0m
[36.400s] [35m[1mScanning dependencies of target theora_image_transport__rosidl_typesupport_introspection_c[0m
[36.515s] [ 24%] [32mBuilding C object CMakeFiles/theora_image_transport__rosidl_typesupport_introspection_c.dir/rosidl_typesupport_introspection_c/theora_image_transport/msg/detail/packet__type_support.c.o[0m
[36.731s] [ 27%] [32m[1mLinking C shared library libtheora_image_transport__rosidl_typesupport_introspection_c.so[0m
[36.950s] [ 27%] Built target theora_image_transport__rosidl_typesupport_introspection_c
[37.030s] [ 29%] [34m[1mGenerating C type support dispatch for ROS interfaces[0m
[38.562s] [35m[1mScanning dependencies of target theora_image_transport__rosidl_typesupport_c[0m
[38.675s] [ 32%] [32mBuilding CXX object CMakeFiles/theora_image_transport__rosidl_typesupport_c.dir/rosidl_typesupport_c/theora_image_transport/msg/packet__type_support.cpp.o[0m
[38.871s] [ 35%] [32m[1mLinking CXX shared library libtheora_image_transport__rosidl_typesupport_c.so[0m
[39.132s] [ 35%] Built target theora_image_transport__rosidl_typesupport_c
[39.215s] [ 37%] [34m[1mGenerating C type support for eProsima Fast-RTPS[0m
[40.890s] [35m[1mScanning dependencies of target theora_image_transport__rosidl_typesupport_fastrtps_c[0m
[41.055s] [ 40%] [32mBuilding CXX object CMakeFiles/theora_image_transport__rosidl_typesupport_fastrtps_c.dir/rosidl_typesupport_fastrtps_c/theora_image_transport/msg/detail/packet__type_support_c.cpp.o[0m
[43.414s] [ 43%] [32m[1mLinking CXX shared library libtheora_image_transport__rosidl_typesupport_fastrtps_c.so[0m
[43.930s] [ 43%] Built target theora_image_transport__rosidl_typesupport_fastrtps_c
[44.020s] [ 45%] [34m[1mGenerating C++ type support dispatch for ROS interfaces[0m
[45.571s] [35m[1mScanning dependencies of target theora_image_transport__rosidl_typesupport_cpp[0m
[45.671s] [ 48%] [32mBuilding CXX object CMakeFiles/theora_image_transport__rosidl_typesupport_cpp.dir/rosidl_typesupport_cpp/theora_image_transport/msg/packet__type_support.cpp.o[0m
[47.684s] [ 51%] [32m[1mLinking CXX shared library libtheora_image_transport__rosidl_typesupport_cpp.so[0m
[47.917s] [ 51%] Built target theora_image_transport__rosidl_typesupport_cpp
[47.993s] [ 54%] [34m[1mGenerating C++ introspection for ROS interfaces[0m
[49.550s] [35m[1mScanning dependencies of target theora_image_transport__rosidl_typesupport_introspection_cpp[0m
[49.650s] [ 56%] [32mBuilding CXX object CMakeFiles/theora_image_transport__rosidl_typesupport_introspection_cpp.dir/rosidl_typesupport_introspection_cpp/theora_image_transport/msg/detail/packet__type_support.cpp.o[0m
[51.695s] [ 59%] [32m[1mLinking CXX shared library libtheora_image_transport__rosidl_typesupport_introspection_cpp.so[0m
[52.124s] [ 59%] Built target theora_image_transport__rosidl_typesupport_introspection_cpp
[52.198s] [35m[1mScanning dependencies of target theora_image_transport[0m
[52.276s] [ 59%] Built target theora_image_transport
[52.354s] [35m[1mScanning dependencies of target theora_image_transport__py[0m
[52.440s] [ 62%] [34m[1mGenerating Python code for ROS interfaces[0m
[55.496s] [ 62%] Built target theora_image_transport__py
[55.568s] [35m[1mScanning dependencies of target ogg_saver[0m
[55.828s] [ 64%] [32mBuilding CXX object CMakeFiles/ogg_saver.dir/src/ogg_saver.cpp.o[0m
[82.033s] [ 67%] [32m[1mLinking CXX executable ogg_saver[0m
[84.192s] [ 67%] Built target ogg_saver
[84.272s] [35m[1mScanning dependencies of target theora_image_transport__python[0m
[84.522s] [ 70%] [32mBuilding C object CMakeFiles/theora_image_transport__python.dir/rosidl_generator_py/theora_image_transport/msg/_packet_s.c.o[0m
[85.201s] [ 72%] [32m[1mLinking C shared library rosidl_generator_py/theora_image_transport/libtheora_image_transport__python.so[0m
[85.580s] [ 72%] Built target theora_image_transport__python
[85.683s] [35m[1mScanning dependencies of target theora_image_transport_component[0m
[86.139s] [ 75%] [32mBuilding CXX object CMakeFiles/theora_image_transport_component.dir/src/theora_publisher.cpp.o[0m
[108.736s] [ 78%] [32mBuilding CXX object CMakeFiles/theora_image_transport_component.dir/src/theora_subscriber.cpp.o[0m
[129.048s] [ 81%] [32mBuilding CXX object CMakeFiles/theora_image_transport_component.dir/src/manifest.cpp.o[0m
[137.796s] [ 83%] [32m[1mLinking CXX shared library libtheora_image_transport_component.so[0m
[140.804s] [ 83%] Built target theora_image_transport_component
[140.870s] [35m[1mScanning dependencies of target theora_image_transport__rosidl_typesupport_fastrtps_c__pyext[0m
[140.872s] [35m[1mScanning dependencies of target theora_image_transport__rosidl_typesupport_introspection_c__pyext[0m
[140.874s] [35m[1mScanning dependencies of target theora_image_transport__rosidl_typesupport_c__pyext[0m
[141.013s] [ 86%] [32mBuilding C object CMakeFiles/theora_image_transport__rosidl_typesupport_c__pyext.dir/rosidl_generator_py/theora_image_transport/_theora_image_transport_s.ep.rosidl_typesupport_c.c.o[0m
[141.036s] [ 89%] [32mBuilding C object CMakeFiles/theora_image_transport__rosidl_typesupport_introspection_c__pyext.dir/rosidl_generator_py/theora_image_transport/_theora_image_transport_s.ep.rosidl_typesupport_introspection_c.c.o[0m
[141.038s] [ 91%] [32mBuilding C object CMakeFiles/theora_image_transport__rosidl_typesupport_fastrtps_c__pyext.dir/rosidl_generator_py/theora_image_transport/_theora_image_transport_s.ep.rosidl_typesupport_fastrtps_c.c.o[0m
[141.458s] [ 94%] [32m[1mLinking C shared library rosidl_generator_py/theora_image_transport/theora_image_transport_s__rosidl_typesupport_c.cpython-38-aarch64-linux-gnu.so[0m
[141.483s] [ 97%] [32m[1mLinking C shared library rosidl_generator_py/theora_image_transport/theora_image_transport_s__rosidl_typesupport_introspection_c.cpython-38-aarch64-linux-gnu.so[0m
[141.510s] [100%] [32m[1mLinking CXX shared library rosidl_generator_py/theora_image_transport/theora_image_transport_s__rosidl_typesupport_fastrtps_c.cpython-38-aarch64-linux-gnu.so[0m
[141.815s] [100%] Built target theora_image_transport__rosidl_typesupport_c__pyext
[141.850s] [100%] Built target theora_image_transport__rosidl_typesupport_introspection_c__pyext
[141.989s] [100%] Built target theora_image_transport__rosidl_typesupport_fastrtps_c__pyext
[142.047s] Invoked command in '/home/ubuntu/nemo_ws/src/build/theora_image_transport' returned '0': AMENT_PREFIX_PATH=/home/ubuntu/nemo_ws/src/install/image_transport:/home/ubuntu/nemo_ws/src/install/cv_bridge:${AMENT_PREFIX_PATH} CMAKE_PREFIX_PATH=/home/ubuntu/nemo_ws/src/install/image_transport:/home/ubuntu/nemo_ws/src/install/cv_bridge:/home/ubuntu/nemo_ws/install/v4l2_camera:/home/ubuntu/nemo_ws/install/image_transport_plugins:/home/ubuntu/nemo_ws/install/theora_image_transport:/home/ubuntu/nemo_ws/install/compressed_image_transport:/home/ubuntu/nemo_ws/install/compressed_depth_image_transport:/home/ubuntu/nemo_ws/install/image_transport:/home/ubuntu/nemo_ws/install/examples_rclcpp_multithreaded_executor:/home/ubuntu/nemo_ws/install/examples_rclcpp_minimal_timer:/home/ubuntu/nemo_ws/install/examples_rclcpp_minimal_subscriber:/home/ubuntu/nemo_ws/install/examples_rclcpp_minimal_service:/home/ubuntu/nemo_ws/install/examples_rclcpp_minimal_publisher:/home/ubuntu/nemo_ws/install/examples_rclcpp_minimal_composition:/home/ubuntu/nemo_ws/install/examples_rclcpp_minimal_client:/home/ubuntu/nemo_ws/install/examples_rclcpp_minimal_action_server:/home/ubuntu/nemo_ws/install/examples_rclcpp_minimal_action_client:/home/ubuntu/nemo_ws/install/cv_bridge:/home/ubuntu/nemo_ws/install/camera_info_manager:/home/ubuntu/nemo_ws/install/camera_calibration_parsers:/home/ubuntu/nemo_ws/install/img_basics:/home/ubuntu/nemo_ws/install/examples_rclpy_minimal_subscriber:/home/ubuntu/nemo_ws/install/examples_rclpy_minimal_service:/home/ubuntu/nemo_ws/install/examples_rclpy_minimal_publisher:/home/ubuntu/nemo_ws/install/examples_rclpy_minimal_client:/home/ubuntu/nemo_ws/install/examples_rclpy_minimal_action_server:/home/ubuntu/nemo_ws/install/examples_rclpy_minimal_action_client:/home/ubuntu/nemo_ws/install/examples_rclpy_executors:/opt/ros/foxy LD_LIBRARY_PATH=/home/ubuntu/nemo_ws/src/install/image_transport/lib:/home/ubuntu/nemo_ws/src/install/cv_bridge/lib:${LD_LIBRARY_PATH} PYTHONPATH=/home/ubuntu/nemo_ws/src/install/cv_bridge/lib/python3.8/site-packages:${PYTHONPATH} /usr/bin/cmake --build /home/ubuntu/nemo_ws/src/build/theora_image_transport -- -j4 -l4
[142.506s] Invoking command in '/home/ubuntu/nemo_ws/src/build/theora_image_transport': AMENT_PREFIX_PATH=/home/ubuntu/nemo_ws/src/install/image_transport:/home/ubuntu/nemo_ws/src/install/cv_bridge:${AMENT_PREFIX_PATH} CMAKE_PREFIX_PATH=/home/ubuntu/nemo_ws/src/install/image_transport:/home/ubuntu/nemo_ws/src/install/cv_bridge:/home/ubuntu/nemo_ws/install/v4l2_camera:/home/ubuntu/nemo_ws/install/image_transport_plugins:/home/ubuntu/nemo_ws/install/theora_image_transport:/home/ubuntu/nemo_ws/install/compressed_image_transport:/home/ubuntu/nemo_ws/install/compressed_depth_image_transport:/home/ubuntu/nemo_ws/install/image_transport:/home/ubuntu/nemo_ws/install/examples_rclcpp_multithreaded_executor:/home/ubuntu/nemo_ws/install/examples_rclcpp_minimal_timer:/home/ubuntu/nemo_ws/install/examples_rclcpp_minimal_subscriber:/home/ubuntu/nemo_ws/install/examples_rclcpp_minimal_service:/home/ubuntu/nemo_ws/install/examples_rclcpp_minimal_publisher:/home/ubuntu/nemo_ws/install/examples_rclcpp_minimal_composition:/home/ubuntu/nemo_ws/install/examples_rclcpp_minimal_client:/home/ubuntu/nemo_ws/install/examples_rclcpp_minimal_action_server:/home/ubuntu/nemo_ws/install/examples_rclcpp_minimal_action_client:/home/ubuntu/nemo_ws/install/cv_bridge:/home/ubuntu/nemo_ws/install/camera_info_manager:/home/ubuntu/nemo_ws/install/camera_calibration_parsers:/home/ubuntu/nemo_ws/install/img_basics:/home/ubuntu/nemo_ws/install/examples_rclpy_minimal_subscriber:/home/ubuntu/nemo_ws/install/examples_rclpy_minimal_service:/home/ubuntu/nemo_ws/install/examples_rclpy_minimal_publisher:/home/ubuntu/nemo_ws/install/examples_rclpy_minimal_client:/home/ubuntu/nemo_ws/install/examples_rclpy_minimal_action_server:/home/ubuntu/nemo_ws/install/examples_rclpy_minimal_action_client:/home/ubuntu/nemo_ws/install/examples_rclpy_executors:/opt/ros/foxy LD_LIBRARY_PATH=/home/ubuntu/nemo_ws/src/install/image_transport/lib:/home/ubuntu/nemo_ws/src/install/cv_bridge/lib:${LD_LIBRARY_PATH} PYTHONPATH=/home/ubuntu/nemo_ws/src/install/cv_bridge/lib/python3.8/site-packages:${PYTHONPATH} /usr/bin/cmake --install /home/ubuntu/nemo_ws/src/build/theora_image_transport
[142.554s] -- Install configuration: ""
[142.556s] -- Installing: /home/ubuntu/nemo_ws/src/install/theora_image_transport/share/ament_index/resource_index/rosidl_interfaces/theora_image_transport
[142.557s] -- Installing: /home/ubuntu/nemo_ws/src/install/theora_image_transport/include/theora_image_transport
[142.558s] -- Installing: /home/ubuntu/nemo_ws/src/install/theora_image_transport/include/theora_image_transport/msg
[142.558s] -- Installing: /home/ubuntu/nemo_ws/src/install/theora_image_transport/include/theora_image_transport/msg/rosidl_generator_c__visibility_control.h
[142.559s] -- Installing: /home/ubuntu/nemo_ws/src/install/theora_image_transport/include/theora_image_transport/msg/detail
[142.560s] -- Installing: /home/ubuntu/nemo_ws/src/install/theora_image_transport/include/theora_image_transport/msg/detail/packet__functions.c
[142.561s] -- Installing: /home/ubuntu/nemo_ws/src/install/theora_image_transport/include/theora_image_transport/msg/detail/packet__functions.h
[142.562s] -- Installing: /home/ubuntu/nemo_ws/src/install/theora_image_transport/include/theora_image_transport/msg/detail/packet__type_support.h
[142.563s] -- Installing: /home/ubuntu/nemo_ws/src/install/theora_image_transport/include/theora_image_transport/msg/detail/packet__struct.h
[142.564s] -- Installing: /home/ubuntu/nemo_ws/src/install/theora_image_transport/include/theora_image_transport/msg/packet.h
[142.566s] -- Installing: /home/ubuntu/nemo_ws/src/install/theora_image_transport/share/theora_image_transport/environment/library_path.sh
[142.567s] -- Installing: /home/ubuntu/nemo_ws/src/install/theora_image_transport/share/theora_image_transport/environment/library_path.dsv
[142.569s] -- Installing: /home/ubuntu/nemo_ws/src/install/theora_image_transport/lib/libtheora_image_transport__rosidl_generator_c.so
[142.571s] -- Set runtime path of "/home/ubuntu/nemo_ws/src/install/theora_image_transport/lib/libtheora_image_transport__rosidl_generator_c.so" to ""
[142.572s] -- Up-to-date: /home/ubuntu/nemo_ws/src/install/theora_image_transport/include/theora_image_transport
[142.573s] -- Up-to-date: /home/ubuntu/nemo_ws/src/install/theora_image_transport/include/theora_image_transport/msg
[142.573s] -- Up-to-date: /home/ubuntu/nemo_ws/src/install/theora_image_transport/include/theora_image_transport/msg/detail
[142.574s] -- Installing: /home/ubuntu/nemo_ws/src/install/theora_image_transport/include/theora_image_transport/msg/detail/packet__rosidl_typesupport_fastrtps_c.h
[142.574s] -- Installing: /home/ubuntu/nemo_ws/src/install/theora_image_transport/include/theora_image_transport/msg/rosidl_typesupport_fastrtps_c__visibility_control.h
[142.575s] -- Installing: /home/ubuntu/nemo_ws/src/install/theora_image_transport/lib/libtheora_image_transport__rosidl_typesupport_fastrtps_c.so
[142.578s] -- Set runtime path of "/home/ubuntu/nemo_ws/src/install/theora_image_transport/lib/libtheora_image_transport__rosidl_typesupport_fastrtps_c.so" to ""
[142.579s] -- Up-to-date: /home/ubuntu/nemo_ws/src/install/theora_image_transport/include/theora_image_transport
[142.579s] -- Up-to-date: /home/ubuntu/nemo_ws/src/install/theora_image_transport/include/theora_image_transport/msg
[142.580s] -- Up-to-date: /home/ubuntu/nemo_ws/src/install/theora_image_transport/include/theora_image_transport/msg/detail
[142.581s] -- Installing: /home/ubuntu/nemo_ws/src/install/theora_image_transport/include/theora_image_transport/msg/detail/dds_fastrtps
[142.581s] -- Installing: /home/ubuntu/nemo_ws/src/install/theora_image_transport/include/theora_image_transport/msg/detail/packet__rosidl_typesupport_fastrtps_cpp.hpp
[142.582s] -- Installing: /home/ubuntu/nemo_ws/src/install/theora_image_transport/include/theora_image_transport/msg/rosidl_typesupport_fastrtps_cpp__visibility_control.h
[142.583s] -- Installing: /home/ubuntu/nemo_ws/src/install/theora_image_transport/lib/libtheora_image_transport__rosidl_typesupport_fastrtps_cpp.so
[142.586s] -- Set runtime path of "/home/ubuntu/nemo_ws/src/install/theora_image_transport/lib/libtheora_image_transport__rosidl_typesupport_fastrtps_cpp.so" to ""
[142.587s] -- Up-to-date: /home/ubuntu/nemo_ws/src/install/theora_image_transport/include/theora_image_transport
[142.587s] -- Up-to-date: /home/ubuntu/nemo_ws/src/install/theora_image_transport/include/theora_image_transport/msg
[142.588s] -- Installing: /home/ubuntu/nemo_ws/src/install/theora_image_transport/include/theora_image_transport/msg/rosidl_typesupport_introspection_c__visibility_control.h
[142.588s] -- Up-to-date: /home/ubuntu/nemo_ws/src/install/theora_image_transport/include/theora_image_transport/msg/detail
[142.589s] -- Installing: /home/ubuntu/nemo_ws/src/install/theora_image_transport/include/theora_image_transport/msg/detail/packet__type_support.c
[142.590s] -- Installing: /home/ubuntu/nemo_ws/src/install/theora_image_transport/include/theora_image_transport/msg/detail/packet__rosidl_typesupport_introspection_c.h
[142.592s] -- Installing: /home/ubuntu/nemo_ws/src/install/theora_image_transport/lib/libtheora_image_transport__rosidl_typesupport_introspection_c.so
[142.594s] -- Set runtime path of "/home/ubuntu/nemo_ws/src/install/theora_image_transport/lib/libtheora_image_transport__rosidl_typesupport_introspection_c.so" to ""
[142.595s] -- Installing: /home/ubuntu/nemo_ws/src/install/theora_image_transport/lib/libtheora_image_transport__rosidl_typesupport_c.so
[142.597s] -- Set runtime path of "/home/ubuntu/nemo_ws/src/install/theora_image_transport/lib/libtheora_image_transport__rosidl_typesupport_c.so" to ""
[142.598s] -- Up-to-date: /home/ubuntu/nemo_ws/src/install/theora_image_transport/include/theora_image_transport
[142.598s] -- Up-to-date: /home/ubuntu/nemo_ws/src/install/theora_image_transport/include/theora_image_transport/msg
[142.599s] -- Up-to-date: /home/ubuntu/nemo_ws/src/install/theora_image_transport/include/theora_image_transport/msg/detail
[142.599s] -- Installing: /home/ubuntu/nemo_ws/src/install/theora_image_transport/include/theora_image_transport/msg/detail/packet__builder.hpp
[142.600s] -- Installing: /home/ubuntu/nemo_ws/src/install/theora_image_transport/include/theora_image_transport/msg/detail/packet__struct.hpp
[142.600s] -- Installing: /home/ubuntu/nemo_ws/src/install/theora_image_transport/include/theora_image_transport/msg/detail/packet__traits.hpp
[142.601s] -- Installing: /home/ubuntu/nemo_ws/src/install/theora_image_transport/include/theora_image_transport/msg/packet.hpp
[142.603s] -- Up-to-date: /home/ubuntu/nemo_ws/src/install/theora_image_transport/include/theora_image_transport
[142.603s] -- Up-to-date: /home/ubuntu/nemo_ws/src/install/theora_image_transport/include/theora_image_transport/msg
[142.604s] -- Up-to-date: /home/ubuntu/nemo_ws/src/install/theora_image_transport/include/theora_image_transport/msg/detail
[142.604s] -- Installing: /home/ubuntu/nemo_ws/src/install/theora_image_transport/include/theora_image_transport/msg/detail/packet__type_support.cpp
[142.605s] -- Installing: /home/ubuntu/nemo_ws/src/install/theora_image_transport/include/theora_image_transport/msg/detail/packet__rosidl_typesupport_introspection_cpp.hpp
[142.607s] -- Installing: /home/ubuntu/nemo_ws/src/install/theora_image_transport/lib/libtheora_image_transport__rosidl_typesupport_introspection_cpp.so
[142.609s] -- Set runtime path of "/home/ubuntu/nemo_ws/src/install/theora_image_transport/lib/libtheora_image_transport__rosidl_typesupport_introspection_cpp.so" to ""
[142.610s] -- Installing: /home/ubuntu/nemo_ws/src/install/theora_image_transport/lib/libtheora_image_transport__rosidl_typesupport_cpp.so
[142.612s] -- Set runtime path of "/home/ubuntu/nemo_ws/src/install/theora_image_transport/lib/libtheora_image_transport__rosidl_typesupport_cpp.so" to ""
[142.613s] -- Installing: /home/ubuntu/nemo_ws/src/install/theora_image_transport/share/theora_image_transport/environment/pythonpath.sh
[142.614s] -- Installing: /home/ubuntu/nemo_ws/src/install/theora_image_transport/share/theora_image_transport/environment/pythonpath.dsv
[142.616s] -- Installing: /home/ubuntu/nemo_ws/src/install/theora_image_transport/lib/python3.8/site-packages/theora_image_transport/__init__.py
[142.795s] Compiling '/home/ubuntu/nemo_ws/src/install/theora_image_transport/lib/python3.8/site-packages/theora_image_transport/__init__.py'...
[142.819s] -- Installing: /home/ubuntu/nemo_ws/src/install/theora_image_transport/lib/python3.8/site-packages/theora_image_transport/msg
[142.820s] -- Installing: /home/ubuntu/nemo_ws/src/install/theora_image_transport/lib/python3.8/site-packages/theora_image_transport/msg/_packet.py
[142.821s] -- Installing: /home/ubuntu/nemo_ws/src/install/theora_image_transport/lib/python3.8/site-packages/theora_image_transport/msg/__init__.py
[142.822s] -- Installing: /home/ubuntu/nemo_ws/src/install/theora_image_transport/lib/python3.8/site-packages/theora_image_transport/msg/_packet_s.c
[142.824s] -- Installing: /home/ubuntu/nemo_ws/src/install/theora_image_transport/lib/python3.8/site-packages/theora_image_transport/theora_image_transport_s__rosidl_typesupport_fastrtps_c.cpython-38-aarch64-linux-gnu.so
[142.827s] -- Set runtime path of "/home/ubuntu/nemo_ws/src/install/theora_image_transport/lib/python3.8/site-packages/theora_image_transport/theora_image_transport_s__rosidl_typesupport_fastrtps_c.cpython-38-aarch64-linux-gnu.so" to ""
[142.828s] -- Installing: /home/ubuntu/nemo_ws/src/install/theora_image_transport/lib/python3.8/site-packages/theora_image_transport/theora_image_transport_s__rosidl_typesupport_introspection_c.cpython-38-aarch64-linux-gnu.so
[142.831s] -- Set runtime path of "/home/ubuntu/nemo_ws/src/install/theora_image_transport/lib/python3.8/site-packages/theora_image_transport/theora_image_transport_s__rosidl_typesupport_introspection_c.cpython-38-aarch64-linux-gnu.so" to ""
[142.832s] -- Installing: /home/ubuntu/nemo_ws/src/install/theora_image_transport/lib/python3.8/site-packages/theora_image_transport/theora_image_transport_s__rosidl_typesupport_c.cpython-38-aarch64-linux-gnu.so
[142.835s] -- Set runtime path of "/home/ubuntu/nemo_ws/src/install/theora_image_transport/lib/python3.8/site-packages/theora_image_transport/theora_image_transport_s__rosidl_typesupport_c.cpython-38-aarch64-linux-gnu.so" to ""
[142.836s] -- Installing: /home/ubuntu/nemo_ws/src/install/theora_image_transport/lib/libtheora_image_transport__python.so
[142.839s] -- Set runtime path of "/home/ubuntu/nemo_ws/src/install/theora_image_transport/lib/libtheora_image_transport__python.so" to ""
[142.839s] -- Installing: /home/ubuntu/nemo_ws/src/install/theora_image_transport/share/theora_image_transport/msg/Packet.idl
[142.841s] -- Installing: /home/ubuntu/nemo_ws/src/install/theora_image_transport/share/theora_image_transport/msg/Packet.msg
[142.842s] -- Installing: /home/ubuntu/nemo_ws/src/install/theora_image_transport/lib/theora_image_transport/libtheora_image_transport_component.so
[142.865s] -- Set runtime path of "/home/ubuntu/nemo_ws/src/install/theora_image_transport/lib/theora_image_transport/libtheora_image_transport_component.so" to ""
[142.865s] -- Installing: /home/ubuntu/nemo_ws/src/install/theora_image_transport/bin/ogg_saver
[142.878s] -- Set runtime path of "/home/ubuntu/nemo_ws/src/install/theora_image_transport/bin/ogg_saver" to ""
[142.878s] -- Up-to-date: /home/ubuntu/nemo_ws/src/install/theora_image_transport/include
[142.879s] -- Up-to-date: /home/ubuntu/nemo_ws/src/install/theora_image_transport/include/theora_image_transport
[142.879s] -- Installing: /home/ubuntu/nemo_ws/src/install/theora_image_transport/include/theora_image_transport/theora_publisher.h
[142.880s] -- Installing: /home/ubuntu/nemo_ws/src/install/theora_image_transport/include/theora_image_transport/theora_subscriber.h
[142.881s] -- Installing: /home/ubuntu/nemo_ws/src/install/theora_image_transport/share/theora_image_transport/theora_plugins.xml
[142.883s] -- Installing: /home/ubuntu/nemo_ws/src/install/theora_image_transport/share/ament_index/resource_index/package_run_dependencies/theora_image_transport
[142.885s] -- Installing: /home/ubuntu/nemo_ws/src/install/theora_image_transport/share/ament_index/resource_index/parent_prefix_path/theora_image_transport
[142.887s] -- Installing: /home/ubuntu/nemo_ws/src/install/theora_image_transport/share/theora_image_transport/environment/ament_prefix_path.sh
[142.888s] -- Installing: /home/ubuntu/nemo_ws/src/install/theora_image_transport/share/theora_image_transport/environment/ament_prefix_path.dsv
[142.889s] -- Installing: /home/ubuntu/nemo_ws/src/install/theora_image_transport/share/theora_image_transport/environment/path.sh
[142.890s] -- Installing: /home/ubuntu/nemo_ws/src/install/theora_image_transport/share/theora_image_transport/environment/path.dsv
[142.892s] -- Installing: /home/ubuntu/nemo_ws/src/install/theora_image_transport/share/theora_image_transport/local_setup.bash
[142.893s] -- Installing: /home/ubuntu/nemo_ws/src/install/theora_image_transport/share/theora_image_transport/local_setup.sh
[142.894s] -- Installing: /home/ubuntu/nemo_ws/src/install/theora_image_transport/share/theora_image_transport/local_setup.zsh
[142.895s] -- Installing: /home/ubuntu/nemo_ws/src/install/theora_image_transport/share/theora_image_transport/local_setup.dsv
[142.897s] -- Installing: /home/ubuntu/nemo_ws/src/install/theora_image_transport/share/theora_image_transport/package.dsv
[142.898s] -- Installing: /home/ubuntu/nemo_ws/src/install/theora_image_transport/share/ament_index/resource_index/packages/theora_image_transport
[142.900s] -- Installing: /home/ubuntu/nemo_ws/src/install/theora_image_transport/share/ament_index/resource_index/image_transport__pluginlib__plugin/theora_image_transport
[142.902s] -- Installing: /home/ubuntu/nemo_ws/src/install/theora_image_transport/share/theora_image_transport/cmake/theora_image_transport__rosidl_generator_cExport.cmake
[142.903s] -- Installing: /home/ubuntu/nemo_ws/src/install/theora_image_transport/share/theora_image_transport/cmake/theora_image_transport__rosidl_generator_cExport-noconfig.cmake
[142.905s] -- Installing: /home/ubuntu/nemo_ws/src/install/theora_image_transport/share/theora_image_transport/cmake/theora_image_transport__rosidl_typesupport_introspection_cExport.cmake
[142.907s] -- Installing: /home/ubuntu/nemo_ws/src/install/theora_image_transport/share/theora_image_transport/cmake/theora_image_transport__rosidl_typesupport_introspection_cExport-noconfig.cmake
[142.908s] -- Installing: /home/ubuntu/nemo_ws/src/install/theora_image_transport/share/theora_image_transport/cmake/theora_image_transport__rosidl_typesupport_cExport.cmake
[142.910s] -- Installing: /home/ubuntu/nemo_ws/src/install/theora_image_transport/share/theora_image_transport/cmake/theora_image_transport__rosidl_typesupport_cExport-noconfig.cmake
[142.911s] -- Installing: /home/ubuntu/nemo_ws/src/install/theora_image_transport/share/theora_image_transport/cmake/theora_image_transport__rosidl_generator_cppExport.cmake
[142.913s] -- Installing: /home/ubuntu/nemo_ws/src/install/theora_image_transport/share/theora_image_transport/cmake/theora_image_transport__rosidl_typesupport_introspection_cppExport.cmake
[142.915s] -- Installing: /home/ubuntu/nemo_ws/src/install/theora_image_transport/share/theora_image_transport/cmake/theora_image_transport__rosidl_typesupport_introspection_cppExport-noconfig.cmake
[142.916s] -- Installing: /home/ubuntu/nemo_ws/src/install/theora_image_transport/share/theora_image_transport/cmake/theora_image_transport__rosidl_typesupport_cppExport.cmake
[142.918s] -- Installing: /home/ubuntu/nemo_ws/src/install/theora_image_transport/share/theora_image_transport/cmake/theora_image_transport__rosidl_typesupport_cppExport-noconfig.cmake
[142.919s] -- Installing: /home/ubuntu/nemo_ws/src/install/theora_image_transport/share/theora_image_transport/cmake/rosidl_cmake-extras.cmake
[142.921s] -- Installing: /home/ubuntu/nemo_ws/src/install/theora_image_transport/share/theora_image_transport/cmake/ament_cmake_export_dependencies-extras.cmake
[142.922s] -- Installing: /home/ubuntu/nemo_ws/src/install/theora_image_transport/share/theora_image_transport/cmake/ament_cmake_export_libraries-extras.cmake
[142.923s] -- Installing: /home/ubuntu/nemo_ws/src/install/theora_image_transport/share/theora_image_transport/cmake/ament_cmake_export_targets-extras.cmake
[142.925s] -- Installing: /home/ubuntu/nemo_ws/src/install/theora_image_transport/share/theora_image_transport/cmake/ament_cmake_export_include_directories-extras.cmake
[142.926s] -- Installing: /home/ubuntu/nemo_ws/src/install/theora_image_transport/share/theora_image_transport/cmake/rosidl_cmake_export_typesupport_libraries-extras.cmake
[142.928s] -- Installing: /home/ubuntu/nemo_ws/src/install/theora_image_transport/share/theora_image_transport/cmake/rosidl_cmake_export_typesupport_targets-extras.cmake
[142.929s] -- Installing: /home/ubuntu/nemo_ws/src/install/theora_image_transport/share/theora_image_transport/cmake/theora_image_transportConfig.cmake
[142.930s] -- Installing: /home/ubuntu/nemo_ws/src/install/theora_image_transport/share/theora_image_transport/cmake/theora_image_transportConfig-version.cmake
[142.931s] -- Installing: /home/ubuntu/nemo_ws/src/install/theora_image_transport/share/theora_image_transport/package.xml
[142.949s] Invoked command in '/home/ubuntu/nemo_ws/src/build/theora_image_transport' returned '0': AMENT_PREFIX_PATH=/home/ubuntu/nemo_ws/src/install/image_transport:/home/ubuntu/nemo_ws/src/install/cv_bridge:${AMENT_PREFIX_PATH} CMAKE_PREFIX_PATH=/home/ubuntu/nemo_ws/src/install/image_transport:/home/ubuntu/nemo_ws/src/install/cv_bridge:/home/ubuntu/nemo_ws/install/v4l2_camera:/home/ubuntu/nemo_ws/install/image_transport_plugins:/home/ubuntu/nemo_ws/install/theora_image_transport:/home/ubuntu/nemo_ws/install/compressed_image_transport:/home/ubuntu/nemo_ws/install/compressed_depth_image_transport:/home/ubuntu/nemo_ws/install/image_transport:/home/ubuntu/nemo_ws/install/examples_rclcpp_multithreaded_executor:/home/ubuntu/nemo_ws/install/examples_rclcpp_minimal_timer:/home/ubuntu/nemo_ws/install/examples_rclcpp_minimal_subscriber:/home/ubuntu/nemo_ws/install/examples_rclcpp_minimal_service:/home/ubuntu/nemo_ws/install/examples_rclcpp_minimal_publisher:/home/ubuntu/nemo_ws/install/examples_rclcpp_minimal_composition:/home/ubuntu/nemo_ws/install/examples_rclcpp_minimal_client:/home/ubuntu/nemo_ws/install/examples_rclcpp_minimal_action_server:/home/ubuntu/nemo_ws/install/examples_rclcpp_minimal_action_client:/home/ubuntu/nemo_ws/install/cv_bridge:/home/ubuntu/nemo_ws/install/camera_info_manager:/home/ubuntu/nemo_ws/install/camera_calibration_parsers:/home/ubuntu/nemo_ws/install/img_basics:/home/ubuntu/nemo_ws/install/examples_rclpy_minimal_subscriber:/home/ubuntu/nemo_ws/install/examples_rclpy_minimal_service:/home/ubuntu/nemo_ws/install/examples_rclpy_minimal_publisher:/home/ubuntu/nemo_ws/install/examples_rclpy_minimal_client:/home/ubuntu/nemo_ws/install/examples_rclpy_minimal_action_server:/home/ubuntu/nemo_ws/install/examples_rclpy_minimal_action_client:/home/ubuntu/nemo_ws/install/examples_rclpy_executors:/opt/ros/foxy LD_LIBRARY_PATH=/home/ubuntu/nemo_ws/src/install/image_transport/lib:/home/ubuntu/nemo_ws/src/install/cv_bridge/lib:${LD_LIBRARY_PATH} PYTHONPATH=/home/ubuntu/nemo_ws/src/install/cv_bridge/lib/python3.8/site-packages:${PYTHONPATH} /usr/bin/cmake --install /home/ubuntu/nemo_ws/src/build/theora_image_transport
