[5.455s] Invoking command in '/home/ubuntu/nemo_ws/src/examples/rclpy/services/minimal_service': PYTHONPATH=/home/ubuntu/nemo_ws/install/examples_rclpy_minimal_service/lib/python3.8/site-packages:${PYTHONPATH} /usr/bin/python3 setup.py egg_info --egg-base ../../../../../build/examples_rclpy_minimal_service build --build-base /home/ubuntu/nemo_ws/build/examples_rclpy_minimal_service/build install --prefix /home/ubuntu/nemo_ws/install/examples_rclpy_minimal_service --record /home/ubuntu/nemo_ws/build/examples_rclpy_minimal_service/install.log --single-version-externally-managed
[6.875s] running egg_info
[6.878s] writing ../../../../../build/examples_rclpy_minimal_service/examples_rclpy_minimal_service.egg-info/PKG-INFO
[6.880s] writing dependency_links to ../../../../../build/examples_rclpy_minimal_service/examples_rclpy_minimal_service.egg-info/dependency_links.txt
[6.882s] writing entry points to ../../../../../build/examples_rclpy_minimal_service/examples_rclpy_minimal_service.egg-info/entry_points.txt
[6.883s] writing requirements to ../../../../../build/examples_rclpy_minimal_service/examples_rclpy_minimal_service.egg-info/requires.txt
[6.884s] writing top-level names to ../../../../../build/examples_rclpy_minimal_service/examples_rclpy_minimal_service.egg-info/top_level.txt
[7.052s] reading manifest file '../../../../../build/examples_rclpy_minimal_service/examples_rclpy_minimal_service.egg-info/SOURCES.txt'
[7.058s] writing manifest file '../../../../../build/examples_rclpy_minimal_service/examples_rclpy_minimal_service.egg-info/SOURCES.txt'
[7.060s] running build
[7.061s] running build_py
[7.064s] running install
[7.068s] running install_lib
[7.080s] running install_data
[7.083s] running install_egg_info
[7.094s] removing '/home/ubuntu/nemo_ws/install/examples_rclpy_minimal_service/lib/python3.8/site-packages/examples_rclpy_minimal_service-0.9.4-py3.8.egg-info' (and everything under it)
[7.096s] Copying ../../../../../build/examples_rclpy_minimal_service/examples_rclpy_minimal_service.egg-info to /home/ubuntu/nemo_ws/install/examples_rclpy_minimal_service/lib/python3.8/site-packages/examples_rclpy_minimal_service-0.9.4-py3.8.egg-info
[7.105s] running install_scripts
[7.222s] Installing service script to /home/ubuntu/nemo_ws/install/examples_rclpy_minimal_service/lib/examples_rclpy_minimal_service
[7.225s] Installing service_member_function script to /home/ubuntu/nemo_ws/install/examples_rclpy_minimal_service/lib/examples_rclpy_minimal_service
[7.229s] writing list of installed files to '/home/ubuntu/nemo_ws/build/examples_rclpy_minimal_service/install.log'
[7.409s] Invoked command in '/home/ubuntu/nemo_ws/src/examples/rclpy/services/minimal_service' returned '0': PYTHONPATH=/home/ubuntu/nemo_ws/install/examples_rclpy_minimal_service/lib/python3.8/site-packages:${PYTHONPATH} /usr/bin/python3 setup.py egg_info --egg-base ../../../../../build/examples_rclpy_minimal_service build --build-base /home/ubuntu/nemo_ws/build/examples_rclpy_minimal_service/build install --prefix /home/ubuntu/nemo_ws/install/examples_rclpy_minimal_service --record /home/ubuntu/nemo_ws/build/examples_rclpy_minimal_service/install.log --single-version-externally-managed
