[0.196s] Invoking command in '/home/ubuntu/nemo_ws/build/image_transport': CMAKE_PREFIX_PATH=${CMAKE_PREFIX_PATH}:/home/ubuntu/nemo_ws/install/img_basics:/home/ubuntu/nemo_ws/install/examples_rclpy_minimal_subscriber:/home/ubuntu/nemo_ws/install/examples_rclpy_minimal_service:/home/ubuntu/nemo_ws/install/examples_rclpy_minimal_publisher:/home/ubuntu/nemo_ws/install/examples_rclpy_minimal_client:/home/ubuntu/nemo_ws/install/examples_rclpy_minimal_action_server:/home/ubuntu/nemo_ws/install/examples_rclpy_minimal_action_client:/home/ubuntu/nemo_ws/install/examples_rclpy_executors:/opt/ros/foxy /usr/bin/cmake --build /home/ubuntu/nemo_ws/build/image_transport -- -j4 -l4
[0.903s] [  6%] Built target gtest
[0.906s] [ 13%] Built target gtest_main
[1.112s] [ 40%] Built target image_transport
[1.564s] [ 46%] Built target image_transport-remapping
[1.634s] [ 53%] Built target list_transports
[1.636s] [ 60%] Built target image_transport_plugins
[1.641s] [ 66%] Built target republish
[1.839s] [ 73%] Built target image_transport-camera_common
[1.960s] [ 80%] Built target image_transport-subscriber
[1.961s] [ 86%] Built target image_transport-message_passing
[1.998s] [ 93%] Built target image_transport-publisher
[2.113s] [100%] Built target image_transport-single_subscriber_publisher
[2.175s] Invoked command in '/home/ubuntu/nemo_ws/build/image_transport' returned '0': CMAKE_PREFIX_PATH=${CMAKE_PREFIX_PATH}:/home/ubuntu/nemo_ws/install/img_basics:/home/ubuntu/nemo_ws/install/examples_rclpy_minimal_subscriber:/home/ubuntu/nemo_ws/install/examples_rclpy_minimal_service:/home/ubuntu/nemo_ws/install/examples_rclpy_minimal_publisher:/home/ubuntu/nemo_ws/install/examples_rclpy_minimal_client:/home/ubuntu/nemo_ws/install/examples_rclpy_minimal_action_server:/home/ubuntu/nemo_ws/install/examples_rclpy_minimal_action_client:/home/ubuntu/nemo_ws/install/examples_rclpy_executors:/opt/ros/foxy /usr/bin/cmake --build /home/ubuntu/nemo_ws/build/image_transport -- -j4 -l4
[2.913s] Invoking command in '/home/ubuntu/nemo_ws/build/image_transport': CMAKE_PREFIX_PATH=${CMAKE_PREFIX_PATH}:/home/ubuntu/nemo_ws/install/img_basics:/home/ubuntu/nemo_ws/install/examples_rclpy_minimal_subscriber:/home/ubuntu/nemo_ws/install/examples_rclpy_minimal_service:/home/ubuntu/nemo_ws/install/examples_rclpy_minimal_publisher:/home/ubuntu/nemo_ws/install/examples_rclpy_minimal_client:/home/ubuntu/nemo_ws/install/examples_rclpy_minimal_action_server:/home/ubuntu/nemo_ws/install/examples_rclpy_minimal_action_client:/home/ubuntu/nemo_ws/install/examples_rclpy_executors:/opt/ros/foxy /usr/bin/cmake --install /home/ubuntu/nemo_ws/build/image_transport
[2.975s] -- Install configuration: ""
[2.975s] -- Up-to-date: /home/ubuntu/nemo_ws/install/image_transport/share/image_transport/default_plugins.xml
[2.976s] -- Up-to-date: /home/ubuntu/nemo_ws/install/image_transport/lib/libimage_transport.so
[2.976s] -- Up-to-date: /home/ubuntu/nemo_ws/install/image_transport/lib/libimage_transport_plugins.so
[2.977s] -- Up-to-date: /home/ubuntu/nemo_ws/install/image_transport/lib/image_transport/list_transports
[2.978s] -- Up-to-date: /home/ubuntu/nemo_ws/install/image_transport/lib/image_transport/republish
[2.979s] -- Up-to-date: /home/ubuntu/nemo_ws/install/image_transport/include
[2.982s] -- Up-to-date: /home/ubuntu/nemo_ws/install/image_transport/include/image_transport
[2.983s] -- Up-to-date: /home/ubuntu/nemo_ws/install/image_transport/include/image_transport/exception.hpp
[2.984s] -- Up-to-date: /home/ubuntu/nemo_ws/install/image_transport/include/image_transport/image_transport.h
[2.986s] -- Up-to-date: /home/ubuntu/nemo_ws/install/image_transport/include/image_transport/subscriber_filter.h
[2.987s] -- Up-to-date: /home/ubuntu/nemo_ws/install/image_transport/include/image_transport/image_transport.hpp
[2.988s] -- Up-to-date: /home/ubuntu/nemo_ws/install/image_transport/include/image_transport/publisher_plugin.h
[2.989s] -- Up-to-date: /home/ubuntu/nemo_ws/install/image_transport/include/image_transport/simple_subscriber_plugin.hpp
[2.999s] -- Up-to-date: /home/ubuntu/nemo_ws/install/image_transport/include/image_transport/simple_publisher_plugin.hpp
[3.003s] -- Up-to-date: /home/ubuntu/nemo_ws/install/image_transport/include/image_transport/subscriber_plugin.hpp
[3.006s] -- Up-to-date: /home/ubuntu/nemo_ws/install/image_transport/include/image_transport/transport_hints.h
[3.011s] -- Up-to-date: /home/ubuntu/nemo_ws/install/image_transport/include/image_transport/camera_common.h
[3.012s] -- Up-to-date: /home/ubuntu/nemo_ws/install/image_transport/include/image_transport/raw_publisher.hpp
[3.012s] -- Up-to-date: /home/ubuntu/nemo_ws/install/image_transport/include/image_transport/single_subscriber_publisher.hpp
[3.013s] -- Up-to-date: /home/ubuntu/nemo_ws/install/image_transport/include/image_transport/single_subscriber_publisher.h
[3.014s] -- Up-to-date: /home/ubuntu/nemo_ws/install/image_transport/include/image_transport/camera_subscriber.h
[3.015s] -- Up-to-date: /home/ubuntu/nemo_ws/install/image_transport/include/image_transport/publisher_plugin.hpp
[3.016s] -- Up-to-date: /home/ubuntu/nemo_ws/install/image_transport/include/image_transport/raw_subscriber.h
[3.017s] -- Up-to-date: /home/ubuntu/nemo_ws/install/image_transport/include/image_transport/raw_subscriber.hpp
[3.020s] -- Up-to-date: /home/ubuntu/nemo_ws/install/image_transport/include/image_transport/subscriber.hpp
[3.021s] -- Up-to-date: /home/ubuntu/nemo_ws/install/image_transport/include/image_transport/camera_publisher.hpp
[3.022s] -- Up-to-date: /home/ubuntu/nemo_ws/install/image_transport/include/image_transport/camera_publisher.h
[3.023s] -- Up-to-date: /home/ubuntu/nemo_ws/install/image_transport/include/image_transport/exception.h
[3.024s] -- Up-to-date: /home/ubuntu/nemo_ws/install/image_transport/include/image_transport/loader_fwds.hpp
[3.024s] -- Up-to-date: /home/ubuntu/nemo_ws/install/image_transport/include/image_transport/visibility_control.hpp
[3.025s] -- Up-to-date: /home/ubuntu/nemo_ws/install/image_transport/include/image_transport/subscriber.h
[3.025s] -- Up-to-date: /home/ubuntu/nemo_ws/install/image_transport/include/image_transport/transport_hints.hpp
[3.026s] -- Up-to-date: /home/ubuntu/nemo_ws/install/image_transport/include/image_transport/camera_subscriber.hpp
[3.032s] -- Up-to-date: /home/ubuntu/nemo_ws/install/image_transport/include/image_transport/subscriber_filter.hpp
[3.046s] -- Up-to-date: /home/ubuntu/nemo_ws/install/image_transport/include/image_transport/simple_subscriber_plugin.h
[3.048s] -- Up-to-date: /home/ubuntu/nemo_ws/install/image_transport/include/image_transport/simple_publisher_plugin.h
[3.049s] -- Up-to-date: /home/ubuntu/nemo_ws/install/image_transport/include/image_transport/subscriber_plugin.h
[3.050s] -- Up-to-date: /home/ubuntu/nemo_ws/install/image_transport/include/image_transport/camera_common.hpp
[3.051s] -- Up-to-date: /home/ubuntu/nemo_ws/install/image_transport/include/image_transport/publisher.hpp
[3.052s] -- Up-to-date: /home/ubuntu/nemo_ws/install/image_transport/include/image_transport/raw_publisher.h
[3.053s] -- Up-to-date: /home/ubuntu/nemo_ws/install/image_transport/include/image_transport/publisher.h
[3.054s] -- Up-to-date: /home/ubuntu/nemo_ws/install/image_transport/include/image_transport/loader_fwds.h
[3.059s] -- Up-to-date: /home/ubuntu/nemo_ws/install/image_transport/share/image_transport/environment/library_path.sh
[3.059s] -- Up-to-date: /home/ubuntu/nemo_ws/install/image_transport/share/image_transport/environment/library_path.dsv
[3.060s] -- Up-to-date: /home/ubuntu/nemo_ws/install/image_transport/share/ament_index/resource_index/package_run_dependencies/image_transport
[3.060s] -- Up-to-date: /home/ubuntu/nemo_ws/install/image_transport/share/ament_index/resource_index/parent_prefix_path/image_transport
[3.060s] -- Up-to-date: /home/ubuntu/nemo_ws/install/image_transport/share/image_transport/environment/ament_prefix_path.sh
[3.061s] -- Up-to-date: /home/ubuntu/nemo_ws/install/image_transport/share/image_transport/environment/ament_prefix_path.dsv
[3.061s] -- Up-to-date: /home/ubuntu/nemo_ws/install/image_transport/share/image_transport/environment/path.sh
[3.062s] -- Up-to-date: /home/ubuntu/nemo_ws/install/image_transport/share/image_transport/environment/path.dsv
[3.063s] -- Up-to-date: /home/ubuntu/nemo_ws/install/image_transport/share/image_transport/local_setup.bash
[3.063s] -- Up-to-date: /home/ubuntu/nemo_ws/install/image_transport/share/image_transport/local_setup.sh
[3.064s] -- Up-to-date: /home/ubuntu/nemo_ws/install/image_transport/share/image_transport/local_setup.zsh
[3.071s] -- Up-to-date: /home/ubuntu/nemo_ws/install/image_transport/share/image_transport/local_setup.dsv
[3.072s] -- Installing: /home/ubuntu/nemo_ws/install/image_transport/share/image_transport/package.dsv
[3.073s] -- Up-to-date: /home/ubuntu/nemo_ws/install/image_transport/share/ament_index/resource_index/packages/image_transport
[3.074s] -- Up-to-date: /home/ubuntu/nemo_ws/install/image_transport/share/ament_index/resource_index/image_transport__pluginlib__plugin/image_transport
[3.076s] -- Up-to-date: /home/ubuntu/nemo_ws/install/image_transport/share/image_transport/cmake/ament_cmake_export_include_directories-extras.cmake
[3.076s] -- Up-to-date: /home/ubuntu/nemo_ws/install/image_transport/share/image_transport/cmake/ament_cmake_export_libraries-extras.cmake
[3.077s] -- Up-to-date: /home/ubuntu/nemo_ws/install/image_transport/share/image_transport/cmake/ament_cmake_export_dependencies-extras.cmake
[3.078s] -- Up-to-date: /home/ubuntu/nemo_ws/install/image_transport/share/image_transport/cmake/image_transportConfig.cmake
[3.080s] -- Up-to-date: /home/ubuntu/nemo_ws/install/image_transport/share/image_transport/cmake/image_transportConfig-version.cmake
[3.080s] -- Up-to-date: /home/ubuntu/nemo_ws/install/image_transport/share/image_transport/package.xml
[3.081s] Invoked command in '/home/ubuntu/nemo_ws/build/image_transport' returned '0': CMAKE_PREFIX_PATH=${CMAKE_PREFIX_PATH}:/home/ubuntu/nemo_ws/install/img_basics:/home/ubuntu/nemo_ws/install/examples_rclpy_minimal_subscriber:/home/ubuntu/nemo_ws/install/examples_rclpy_minimal_service:/home/ubuntu/nemo_ws/install/examples_rclpy_minimal_publisher:/home/ubuntu/nemo_ws/install/examples_rclpy_minimal_client:/home/ubuntu/nemo_ws/install/examples_rclpy_minimal_action_server:/home/ubuntu/nemo_ws/install/examples_rclpy_minimal_action_client:/home/ubuntu/nemo_ws/install/examples_rclpy_executors:/opt/ros/foxy /usr/bin/cmake --install /home/ubuntu/nemo_ws/build/image_transport
