[0.138s] Invoking command in '/home/ubuntu/nemo_ws/build/examples_rclcpp_minimal_timer': CMAKE_PREFIX_PATH=${CMAKE_PREFIX_PATH}:/home/ubuntu/nemo_ws/install/img_basics:/home/ubuntu/nemo_ws/install/examples_rclpy_minimal_subscriber:/home/ubuntu/nemo_ws/install/examples_rclpy_minimal_service:/home/ubuntu/nemo_ws/install/examples_rclpy_minimal_publisher:/home/ubuntu/nemo_ws/install/examples_rclpy_minimal_client:/home/ubuntu/nemo_ws/install/examples_rclpy_minimal_action_server:/home/ubuntu/nemo_ws/install/examples_rclpy_minimal_action_client:/home/ubuntu/nemo_ws/install/examples_rclpy_executors:/opt/ros/foxy /usr/bin/cmake --build /home/ubuntu/nemo_ws/build/examples_rclcpp_minimal_timer -- -j4 -l4
[0.537s] [ 50%] Built target timer_member_function
[0.642s] [100%] Built target timer_lambda
[0.763s] Invoked command in '/home/ubuntu/nemo_ws/build/examples_rclcpp_minimal_timer' returned '0': CMAKE_PREFIX_PATH=${CMAKE_PREFIX_PATH}:/home/ubuntu/nemo_ws/install/img_basics:/home/ubuntu/nemo_ws/install/examples_rclpy_minimal_subscriber:/home/ubuntu/nemo_ws/install/examples_rclpy_minimal_service:/home/ubuntu/nemo_ws/install/examples_rclpy_minimal_publisher:/home/ubuntu/nemo_ws/install/examples_rclpy_minimal_client:/home/ubuntu/nemo_ws/install/examples_rclpy_minimal_action_server:/home/ubuntu/nemo_ws/install/examples_rclpy_minimal_action_client:/home/ubuntu/nemo_ws/install/examples_rclpy_executors:/opt/ros/foxy /usr/bin/cmake --build /home/ubuntu/nemo_ws/build/examples_rclcpp_minimal_timer -- -j4 -l4
[1.077s] Invoking command in '/home/ubuntu/nemo_ws/build/examples_rclcpp_minimal_timer': CMAKE_PREFIX_PATH=${CMAKE_PREFIX_PATH}:/home/ubuntu/nemo_ws/install/img_basics:/home/ubuntu/nemo_ws/install/examples_rclpy_minimal_subscriber:/home/ubuntu/nemo_ws/install/examples_rclpy_minimal_service:/home/ubuntu/nemo_ws/install/examples_rclpy_minimal_publisher:/home/ubuntu/nemo_ws/install/examples_rclpy_minimal_client:/home/ubuntu/nemo_ws/install/examples_rclpy_minimal_action_server:/home/ubuntu/nemo_ws/install/examples_rclpy_minimal_action_client:/home/ubuntu/nemo_ws/install/examples_rclpy_executors:/opt/ros/foxy /usr/bin/cmake --install /home/ubuntu/nemo_ws/build/examples_rclcpp_minimal_timer
[1.151s] -- Install configuration: ""
[1.158s] -- Up-to-date: /home/ubuntu/nemo_ws/install/examples_rclcpp_minimal_timer/lib/examples_rclcpp_minimal_timer/timer_lambda
[1.160s] -- Up-to-date: /home/ubuntu/nemo_ws/install/examples_rclcpp_minimal_timer/lib/examples_rclcpp_minimal_timer/timer_member_function
[1.160s] -- Up-to-date: /home/ubuntu/nemo_ws/install/examples_rclcpp_minimal_timer/share/ament_index/resource_index/package_run_dependencies/examples_rclcpp_minimal_timer
[1.161s] -- Up-to-date: /home/ubuntu/nemo_ws/install/examples_rclcpp_minimal_timer/share/ament_index/resource_index/parent_prefix_path/examples_rclcpp_minimal_timer
[1.162s] -- Up-to-date: /home/ubuntu/nemo_ws/install/examples_rclcpp_minimal_timer/share/examples_rclcpp_minimal_timer/environment/ament_prefix_path.sh
[1.162s] -- Up-to-date: /home/ubuntu/nemo_ws/install/examples_rclcpp_minimal_timer/share/examples_rclcpp_minimal_timer/environment/ament_prefix_path.dsv
[1.163s] -- Up-to-date: /home/ubuntu/nemo_ws/install/examples_rclcpp_minimal_timer/share/examples_rclcpp_minimal_timer/environment/path.sh
[1.164s] -- Up-to-date: /home/ubuntu/nemo_ws/install/examples_rclcpp_minimal_timer/share/examples_rclcpp_minimal_timer/environment/path.dsv
[1.165s] -- Up-to-date: /home/ubuntu/nemo_ws/install/examples_rclcpp_minimal_timer/share/examples_rclcpp_minimal_timer/local_setup.bash
[1.166s] -- Up-to-date: /home/ubuntu/nemo_ws/install/examples_rclcpp_minimal_timer/share/examples_rclcpp_minimal_timer/local_setup.sh
[1.167s] -- Up-to-date: /home/ubuntu/nemo_ws/install/examples_rclcpp_minimal_timer/share/examples_rclcpp_minimal_timer/local_setup.zsh
[1.168s] -- Up-to-date: /home/ubuntu/nemo_ws/install/examples_rclcpp_minimal_timer/share/examples_rclcpp_minimal_timer/local_setup.dsv
[1.174s] -- Installing: /home/ubuntu/nemo_ws/install/examples_rclcpp_minimal_timer/share/examples_rclcpp_minimal_timer/package.dsv
[1.177s] -- Up-to-date: /home/ubuntu/nemo_ws/install/examples_rclcpp_minimal_timer/share/ament_index/resource_index/packages/examples_rclcpp_minimal_timer
[1.178s] -- Up-to-date: /home/ubuntu/nemo_ws/install/examples_rclcpp_minimal_timer/share/examples_rclcpp_minimal_timer/cmake/examples_rclcpp_minimal_timerConfig.cmake
[1.178s] -- Up-to-date: /home/ubuntu/nemo_ws/install/examples_rclcpp_minimal_timer/share/examples_rclcpp_minimal_timer/cmake/examples_rclcpp_minimal_timerConfig-version.cmake
[1.179s] -- Up-to-date: /home/ubuntu/nemo_ws/install/examples_rclcpp_minimal_timer/share/examples_rclcpp_minimal_timer/package.xml
[1.224s] Invoked command in '/home/ubuntu/nemo_ws/build/examples_rclcpp_minimal_timer' returned '0': CMAKE_PREFIX_PATH=${CMAKE_PREFIX_PATH}:/home/ubuntu/nemo_ws/install/img_basics:/home/ubuntu/nemo_ws/install/examples_rclpy_minimal_subscriber:/home/ubuntu/nemo_ws/install/examples_rclpy_minimal_service:/home/ubuntu/nemo_ws/install/examples_rclpy_minimal_publisher:/home/ubuntu/nemo_ws/install/examples_rclpy_minimal_client:/home/ubuntu/nemo_ws/install/examples_rclpy_minimal_action_server:/home/ubuntu/nemo_ws/install/examples_rclpy_minimal_action_client:/home/ubuntu/nemo_ws/install/examples_rclpy_executors:/opt/ros/foxy /usr/bin/cmake --install /home/ubuntu/nemo_ws/build/examples_rclcpp_minimal_timer
