[3.751s] Invoking command in '/home/ubuntu/nemo_ws/src/img_basics': PYTHONPATH=/home/ubuntu/nemo_ws/install/img_basics/lib/python3.8/site-packages:${PYTHONPATH} /usr/bin/python3 setup.py egg_info --egg-base ../../build/img_basics build --build-base /home/ubuntu/nemo_ws/build/img_basics/build install --prefix /home/ubuntu/nemo_ws/install/img_basics --record /home/ubuntu/nemo_ws/build/img_basics/install.log --single-version-externally-managed
[4.611s] running egg_info
[4.613s] writing ../../build/img_basics/img_basics.egg-info/PKG-INFO
[4.614s] writing dependency_links to ../../build/img_basics/img_basics.egg-info/dependency_links.txt
[4.615s] writing entry points to ../../build/img_basics/img_basics.egg-info/entry_points.txt
[4.616s] writing requirements to ../../build/img_basics/img_basics.egg-info/requires.txt
[4.616s] writing top-level names to ../../build/img_basics/img_basics.egg-info/top_level.txt
[4.741s] reading manifest file '../../build/img_basics/img_basics.egg-info/SOURCES.txt'
[4.744s] writing manifest file '../../build/img_basics/img_basics.egg-info/SOURCES.txt'
[4.745s] running build
[4.745s] running build_py
[4.746s] copying img_basics/cam_sub.py -> /home/ubuntu/nemo_ws/build/img_basics/build/lib/img_basics
[4.747s] running install
[4.750s] running install_lib
[4.753s] copying /home/ubuntu/nemo_ws/build/img_basics/build/lib/img_basics/cam_sub.py -> /home/ubuntu/nemo_ws/install/img_basics/lib/python3.8/site-packages/img_basics
[4.756s] byte-compiling /home/ubuntu/nemo_ws/install/img_basics/lib/python3.8/site-packages/img_basics/cam_sub.py to cam_sub.cpython-38.pyc
[4.761s] running install_data
[4.763s] running install_egg_info
[4.769s] removing '/home/ubuntu/nemo_ws/install/img_basics/lib/python3.8/site-packages/img_basics-0.0.0-py3.8.egg-info' (and everything under it)
[4.770s] Copying ../../build/img_basics/img_basics.egg-info to /home/ubuntu/nemo_ws/install/img_basics/lib/python3.8/site-packages/img_basics-0.0.0-py3.8.egg-info
[4.774s] running install_scripts
[4.835s] Installing img_subscriber script to /home/ubuntu/nemo_ws/install/img_basics/lib/img_basics
[4.837s] writing list of installed files to '/home/ubuntu/nemo_ws/build/img_basics/install.log'
[4.937s] Invoked command in '/home/ubuntu/nemo_ws/src/img_basics' returned '0': PYTHONPATH=/home/ubuntu/nemo_ws/install/img_basics/lib/python3.8/site-packages:${PYTHONPATH} /usr/bin/python3 setup.py egg_info --egg-base ../../build/img_basics build --build-base /home/ubuntu/nemo_ws/build/img_basics/build install --prefix /home/ubuntu/nemo_ws/install/img_basics --record /home/ubuntu/nemo_ws/build/img_basics/install.log --single-version-externally-managed
