running egg_info
writing ../../build/ros2_aruco/ros2_aruco.egg-info/PKG-INFO
writing dependency_links to ../../build/ros2_aruco/ros2_aruco.egg-info/dependency_links.txt
writing entry points to ../../build/ros2_aruco/ros2_aruco.egg-info/entry_points.txt
writing requirements to ../../build/ros2_aruco/ros2_aruco.egg-info/requires.txt
writing top-level names to ../../build/ros2_aruco/ros2_aruco.egg-info/top_level.txt
reading manifest file '../../build/ros2_aruco/ros2_aruco.egg-info/SOURCES.txt'
writing manifest file '../../build/ros2_aruco/ros2_aruco.egg-info/SOURCES.txt'
running build
running build_py
copying ros2_aruco/__init__.py -> /home/ubuntu/nemo_ws/src/build/ros2_aruco/build/lib/ros2_aruco
copying ros2_aruco/transformations.py -> /home/ubuntu/nemo_ws/src/build/ros2_aruco/build/lib/ros2_aruco
copying ros2_aruco/aruco_generate_marker.py -> /home/ubuntu/nemo_ws/src/build/ros2_aruco/build/lib/ros2_aruco
copying ros2_aruco/aruco_node.py -> /home/ubuntu/nemo_ws/src/build/ros2_aruco/build/lib/ros2_aruco
running install
running install_lib
copying /home/ubuntu/nemo_ws/src/build/ros2_aruco/build/lib/ros2_aruco/__init__.py -> /home/ubuntu/nemo_ws/src/install/ros2_aruco/lib/python3.8/site-packages/ros2_aruco
copying /home/ubuntu/nemo_ws/src/build/ros2_aruco/build/lib/ros2_aruco/transformations.py -> /home/ubuntu/nemo_ws/src/install/ros2_aruco/lib/python3.8/site-packages/ros2_aruco
copying /home/ubuntu/nemo_ws/src/build/ros2_aruco/build/lib/ros2_aruco/aruco_generate_marker.py -> /home/ubuntu/nemo_ws/src/install/ros2_aruco/lib/python3.8/site-packages/ros2_aruco
copying /home/ubuntu/nemo_ws/src/build/ros2_aruco/build/lib/ros2_aruco/aruco_node.py -> /home/ubuntu/nemo_ws/src/install/ros2_aruco/lib/python3.8/site-packages/ros2_aruco
byte-compiling /home/ubuntu/nemo_ws/src/install/ros2_aruco/lib/python3.8/site-packages/ros2_aruco/__init__.py to __init__.cpython-38.pyc
byte-compiling /home/ubuntu/nemo_ws/src/install/ros2_aruco/lib/python3.8/site-packages/ros2_aruco/transformations.py to transformations.cpython-38.pyc
byte-compiling /home/ubuntu/nemo_ws/src/install/ros2_aruco/lib/python3.8/site-packages/ros2_aruco/aruco_generate_marker.py to aruco_generate_marker.cpython-38.pyc
byte-compiling /home/ubuntu/nemo_ws/src/install/ros2_aruco/lib/python3.8/site-packages/ros2_aruco/aruco_node.py to aruco_node.cpython-38.pyc
running install_data
copying resource/ros2_aruco -> /home/ubuntu/nemo_ws/src/install/ros2_aruco/share/ament_index/resource_index/packages
copying package.xml -> /home/ubuntu/nemo_ws/src/install/ros2_aruco/share/ros2_aruco
running install_egg_info
removing '/home/ubuntu/nemo_ws/src/install/ros2_aruco/lib/python3.8/site-packages/ros2_aruco-0.1.0-py3.8.egg-info' (and everything under it)
Copying ../../build/ros2_aruco/ros2_aruco.egg-info to /home/ubuntu/nemo_ws/src/install/ros2_aruco/lib/python3.8/site-packages/ros2_aruco-0.1.0-py3.8.egg-info
running install_scripts
Installing aruco_generate_marker script to /home/ubuntu/nemo_ws/src/install/ros2_aruco/lib/ros2_aruco
Installing aruco_node script to /home/ubuntu/nemo_ws/src/install/ros2_aruco/lib/ros2_aruco
writing list of installed files to '/home/ubuntu/nemo_ws/src/build/ros2_aruco/install.log'
