[0.110s] Invoking command in '/home/ubuntu/nemo_ws/build/theora_image_transport': CMAKE_PREFIX_PATH=/home/ubuntu/nemo_ws/install/image_transport:/home/ubuntu/nemo_ws/install/cv_bridge:/home/ubuntu/nemo_ws/install/v4l2_camera:/home/ubuntu/nemo_ws/install/image_transport_plugins:/home/ubuntu/nemo_ws/install/theora_image_transport:/home/ubuntu/nemo_ws/install/compressed_image_transport:/home/ubuntu/nemo_ws/install/compressed_depth_image_transport:/home/ubuntu/nemo_ws/install/examples_rclcpp_multithreaded_executor:/home/ubuntu/nemo_ws/install/examples_rclcpp_minimal_timer:/home/ubuntu/nemo_ws/install/examples_rclcpp_minimal_subscriber:/home/ubuntu/nemo_ws/install/examples_rclcpp_minimal_service:/home/ubuntu/nemo_ws/install/examples_rclcpp_minimal_publisher:/home/ubuntu/nemo_ws/install/examples_rclcpp_minimal_composition:/home/ubuntu/nemo_ws/install/examples_rclcpp_minimal_client:/home/ubuntu/nemo_ws/install/examples_rclcpp_minimal_action_server:/home/ubuntu/nemo_ws/install/examples_rclcpp_minimal_action_client:/home/ubuntu/nemo_ws/install/camera_info_manager:/home/ubuntu/nemo_ws/install/camera_calibration_parsers:/home/ubuntu/nemo_ws/install/img_basics:/home/ubuntu/nemo_ws/install/examples_rclpy_minimal_subscriber:/home/ubuntu/nemo_ws/install/examples_rclpy_minimal_service:/home/ubuntu/nemo_ws/install/examples_rclpy_minimal_publisher:/home/ubuntu/nemo_ws/install/examples_rclpy_minimal_client:/home/ubuntu/nemo_ws/install/examples_rclpy_minimal_action_server:/home/ubuntu/nemo_ws/install/examples_rclpy_minimal_action_client:/home/ubuntu/nemo_ws/install/examples_rclpy_executors:/opt/ros/foxy LD_LIBRARY_PATH=/home/ubuntu/nemo_ws/install/image_transport/lib:/home/ubuntu/nemo_ws/install/cv_bridge/lib:/home/ubuntu/nemo_ws/install/v4l2_camera/lib:/home/ubuntu/nemo_ws/install/theora_image_transport/lib:/home/ubuntu/nemo_ws/install/compressed_image_transport/lib:/home/ubuntu/nemo_ws/install/compressed_depth_image_transport/lib:/home/ubuntu/nemo_ws/install/examples_rclcpp_minimal_composition/lib:/home/ubuntu/nemo_ws/install/camera_info_manager/lib:/home/ubuntu/nemo_ws/install/camera_calibration_parsers/lib:/opt/ros/foxy/opt/yaml_cpp_vendor/lib:/opt/ros/foxy/opt/rviz_ogre_vendor/lib:/opt/ros/foxy/lib/aarch64-linux-gnu:/opt/ros/foxy/lib PYTHONPATH=/home/ubuntu/nemo_ws/install/cv_bridge/lib/python3.8/site-packages:/home/ubuntu/nemo_ws/install/theora_image_transport/lib/python3.8/site-packages:/home/ubuntu/nemo_ws/install/img_basics/lib/python3.8/site-packages:/home/ubuntu/nemo_ws/install/examples_rclpy_minimal_subscriber/lib/python3.8/site-packages:/home/ubuntu/nemo_ws/install/examples_rclpy_minimal_service/lib/python3.8/site-packages:/home/ubuntu/nemo_ws/install/examples_rclpy_minimal_publisher/lib/python3.8/site-packages:/home/ubuntu/nemo_ws/install/examples_rclpy_minimal_client/lib/python3.8/site-packages:/home/ubuntu/nemo_ws/install/examples_rclpy_minimal_action_server/lib/python3.8/site-packages:/home/ubuntu/nemo_ws/install/examples_rclpy_minimal_action_client/lib/python3.8/site-packages:/home/ubuntu/nemo_ws/install/examples_rclpy_executors/lib/python3.8/site-packages:/opt/ros/foxy/lib/python3.8/site-packages /usr/bin/cmake --build /home/ubuntu/nemo_ws/build/theora_image_transport -- -j4 -l4
[0.509s] [  2%] Built target theora_image_transport__cpp
[0.573s] [ 10%] Built target theora_image_transport__rosidl_generator_c
[0.819s] [ 18%] Built target theora_image_transport__rosidl_typesupport_cpp
[0.828s] [ 27%] Built target theora_image_transport__rosidl_typesupport_introspection_cpp
[0.884s] [ 35%] Built target theora_image_transport__rosidl_typesupport_introspection_c
[0.930s] [ 43%] Built target theora_image_transport__rosidl_typesupport_fastrtps_cpp
[1.035s] [ 51%] Built target theora_image_transport__rosidl_typesupport_c
[1.161s] [ 59%] Built target theora_image_transport__rosidl_typesupport_fastrtps_c
[1.307s] [ 59%] Built target theora_image_transport
[1.485s] [ 62%] Built target theora_image_transport__py
[1.572s] [ 67%] Built target ogg_saver
[1.642s] [ 78%] Built target theora_image_transport_component
[1.721s] [ 83%] Built target theora_image_transport__python
[1.998s] [ 89%] Built target theora_image_transport__rosidl_typesupport_c__pyext
[2.061s] [ 94%] Built target theora_image_transport__rosidl_typesupport_fastrtps_c__pyext
[2.093s] [100%] Built target theora_image_transport__rosidl_typesupport_introspection_c__pyext
[2.188s] Invoked command in '/home/ubuntu/nemo_ws/build/theora_image_transport' returned '0': CMAKE_PREFIX_PATH=/home/ubuntu/nemo_ws/install/image_transport:/home/ubuntu/nemo_ws/install/cv_bridge:/home/ubuntu/nemo_ws/install/v4l2_camera:/home/ubuntu/nemo_ws/install/image_transport_plugins:/home/ubuntu/nemo_ws/install/theora_image_transport:/home/ubuntu/nemo_ws/install/compressed_image_transport:/home/ubuntu/nemo_ws/install/compressed_depth_image_transport:/home/ubuntu/nemo_ws/install/examples_rclcpp_multithreaded_executor:/home/ubuntu/nemo_ws/install/examples_rclcpp_minimal_timer:/home/ubuntu/nemo_ws/install/examples_rclcpp_minimal_subscriber:/home/ubuntu/nemo_ws/install/examples_rclcpp_minimal_service:/home/ubuntu/nemo_ws/install/examples_rclcpp_minimal_publisher:/home/ubuntu/nemo_ws/install/examples_rclcpp_minimal_composition:/home/ubuntu/nemo_ws/install/examples_rclcpp_minimal_client:/home/ubuntu/nemo_ws/install/examples_rclcpp_minimal_action_server:/home/ubuntu/nemo_ws/install/examples_rclcpp_minimal_action_client:/home/ubuntu/nemo_ws/install/camera_info_manager:/home/ubuntu/nemo_ws/install/camera_calibration_parsers:/home/ubuntu/nemo_ws/install/img_basics:/home/ubuntu/nemo_ws/install/examples_rclpy_minimal_subscriber:/home/ubuntu/nemo_ws/install/examples_rclpy_minimal_service:/home/ubuntu/nemo_ws/install/examples_rclpy_minimal_publisher:/home/ubuntu/nemo_ws/install/examples_rclpy_minimal_client:/home/ubuntu/nemo_ws/install/examples_rclpy_minimal_action_server:/home/ubuntu/nemo_ws/install/examples_rclpy_minimal_action_client:/home/ubuntu/nemo_ws/install/examples_rclpy_executors:/opt/ros/foxy LD_LIBRARY_PATH=/home/ubuntu/nemo_ws/install/image_transport/lib:/home/ubuntu/nemo_ws/install/cv_bridge/lib:/home/ubuntu/nemo_ws/install/v4l2_camera/lib:/home/ubuntu/nemo_ws/install/theora_image_transport/lib:/home/ubuntu/nemo_ws/install/compressed_image_transport/lib:/home/ubuntu/nemo_ws/install/compressed_depth_image_transport/lib:/home/ubuntu/nemo_ws/install/examples_rclcpp_minimal_composition/lib:/home/ubuntu/nemo_ws/install/camera_info_manager/lib:/home/ubuntu/nemo_ws/install/camera_calibration_parsers/lib:/opt/ros/foxy/opt/yaml_cpp_vendor/lib:/opt/ros/foxy/opt/rviz_ogre_vendor/lib:/opt/ros/foxy/lib/aarch64-linux-gnu:/opt/ros/foxy/lib PYTHONPATH=/home/ubuntu/nemo_ws/install/cv_bridge/lib/python3.8/site-packages:/home/ubuntu/nemo_ws/install/theora_image_transport/lib/python3.8/site-packages:/home/ubuntu/nemo_ws/install/img_basics/lib/python3.8/site-packages:/home/ubuntu/nemo_ws/install/examples_rclpy_minimal_subscriber/lib/python3.8/site-packages:/home/ubuntu/nemo_ws/install/examples_rclpy_minimal_service/lib/python3.8/site-packages:/home/ubuntu/nemo_ws/install/examples_rclpy_minimal_publisher/lib/python3.8/site-packages:/home/ubuntu/nemo_ws/install/examples_rclpy_minimal_client/lib/python3.8/site-packages:/home/ubuntu/nemo_ws/install/examples_rclpy_minimal_action_server/lib/python3.8/site-packages:/home/ubuntu/nemo_ws/install/examples_rclpy_minimal_action_client/lib/python3.8/site-packages:/home/ubuntu/nemo_ws/install/examples_rclpy_executors/lib/python3.8/site-packages:/opt/ros/foxy/lib/python3.8/site-packages /usr/bin/cmake --build /home/ubuntu/nemo_ws/build/theora_image_transport -- -j4 -l4
[2.711s] Invoking command in '/home/ubuntu/nemo_ws/build/theora_image_transport': CMAKE_PREFIX_PATH=/home/ubuntu/nemo_ws/install/image_transport:/home/ubuntu/nemo_ws/install/cv_bridge:/home/ubuntu/nemo_ws/install/v4l2_camera:/home/ubuntu/nemo_ws/install/image_transport_plugins:/home/ubuntu/nemo_ws/install/theora_image_transport:/home/ubuntu/nemo_ws/install/compressed_image_transport:/home/ubuntu/nemo_ws/install/compressed_depth_image_transport:/home/ubuntu/nemo_ws/install/examples_rclcpp_multithreaded_executor:/home/ubuntu/nemo_ws/install/examples_rclcpp_minimal_timer:/home/ubuntu/nemo_ws/install/examples_rclcpp_minimal_subscriber:/home/ubuntu/nemo_ws/install/examples_rclcpp_minimal_service:/home/ubuntu/nemo_ws/install/examples_rclcpp_minimal_publisher:/home/ubuntu/nemo_ws/install/examples_rclcpp_minimal_composition:/home/ubuntu/nemo_ws/install/examples_rclcpp_minimal_client:/home/ubuntu/nemo_ws/install/examples_rclcpp_minimal_action_server:/home/ubuntu/nemo_ws/install/examples_rclcpp_minimal_action_client:/home/ubuntu/nemo_ws/install/camera_info_manager:/home/ubuntu/nemo_ws/install/camera_calibration_parsers:/home/ubuntu/nemo_ws/install/img_basics:/home/ubuntu/nemo_ws/install/examples_rclpy_minimal_subscriber:/home/ubuntu/nemo_ws/install/examples_rclpy_minimal_service:/home/ubuntu/nemo_ws/install/examples_rclpy_minimal_publisher:/home/ubuntu/nemo_ws/install/examples_rclpy_minimal_client:/home/ubuntu/nemo_ws/install/examples_rclpy_minimal_action_server:/home/ubuntu/nemo_ws/install/examples_rclpy_minimal_action_client:/home/ubuntu/nemo_ws/install/examples_rclpy_executors:/opt/ros/foxy LD_LIBRARY_PATH=/home/ubuntu/nemo_ws/install/image_transport/lib:/home/ubuntu/nemo_ws/install/cv_bridge/lib:/home/ubuntu/nemo_ws/install/v4l2_camera/lib:/home/ubuntu/nemo_ws/install/theora_image_transport/lib:/home/ubuntu/nemo_ws/install/compressed_image_transport/lib:/home/ubuntu/nemo_ws/install/compressed_depth_image_transport/lib:/home/ubuntu/nemo_ws/install/examples_rclcpp_minimal_composition/lib:/home/ubuntu/nemo_ws/install/camera_info_manager/lib:/home/ubuntu/nemo_ws/install/camera_calibration_parsers/lib:/opt/ros/foxy/opt/yaml_cpp_vendor/lib:/opt/ros/foxy/opt/rviz_ogre_vendor/lib:/opt/ros/foxy/lib/aarch64-linux-gnu:/opt/ros/foxy/lib PYTHONPATH=/home/ubuntu/nemo_ws/install/cv_bridge/lib/python3.8/site-packages:/home/ubuntu/nemo_ws/install/theora_image_transport/lib/python3.8/site-packages:/home/ubuntu/nemo_ws/install/img_basics/lib/python3.8/site-packages:/home/ubuntu/nemo_ws/install/examples_rclpy_minimal_subscriber/lib/python3.8/site-packages:/home/ubuntu/nemo_ws/install/examples_rclpy_minimal_service/lib/python3.8/site-packages:/home/ubuntu/nemo_ws/install/examples_rclpy_minimal_publisher/lib/python3.8/site-packages:/home/ubuntu/nemo_ws/install/examples_rclpy_minimal_client/lib/python3.8/site-packages:/home/ubuntu/nemo_ws/install/examples_rclpy_minimal_action_server/lib/python3.8/site-packages:/home/ubuntu/nemo_ws/install/examples_rclpy_minimal_action_client/lib/python3.8/site-packages:/home/ubuntu/nemo_ws/install/examples_rclpy_executors/lib/python3.8/site-packages:/opt/ros/foxy/lib/python3.8/site-packages /usr/bin/cmake --install /home/ubuntu/nemo_ws/build/theora_image_transport
[2.765s] -- Install configuration: ""
[2.775s] -- Up-to-date: /home/ubuntu/nemo_ws/install/theora_image_transport/share/ament_index/resource_index/rosidl_interfaces/theora_image_transport
[2.776s] -- Up-to-date: /home/ubuntu/nemo_ws/install/theora_image_transport/include/theora_image_transport
[2.777s] -- Up-to-date: /home/ubuntu/nemo_ws/install/theora_image_transport/include/theora_image_transport/msg
[2.778s] -- Up-to-date: /home/ubuntu/nemo_ws/install/theora_image_transport/include/theora_image_transport/msg/rosidl_generator_c__visibility_control.h
[2.781s] -- Up-to-date: /home/ubuntu/nemo_ws/install/theora_image_transport/include/theora_image_transport/msg/detail
[2.782s] -- Up-to-date: /home/ubuntu/nemo_ws/install/theora_image_transport/include/theora_image_transport/msg/detail/packet__functions.c
[2.782s] -- Up-to-date: /home/ubuntu/nemo_ws/install/theora_image_transport/include/theora_image_transport/msg/detail/packet__functions.h
[2.784s] -- Up-to-date: /home/ubuntu/nemo_ws/install/theora_image_transport/include/theora_image_transport/msg/detail/packet__type_support.h
[2.785s] -- Up-to-date: /home/ubuntu/nemo_ws/install/theora_image_transport/include/theora_image_transport/msg/detail/packet__struct.h
[2.786s] -- Up-to-date: /home/ubuntu/nemo_ws/install/theora_image_transport/include/theora_image_transport/msg/packet.h
[2.786s] -- Up-to-date: /home/ubuntu/nemo_ws/install/theora_image_transport/share/theora_image_transport/environment/library_path.sh
[2.788s] -- Up-to-date: /home/ubuntu/nemo_ws/install/theora_image_transport/share/theora_image_transport/environment/library_path.dsv
[2.789s] -- Up-to-date: /home/ubuntu/nemo_ws/install/theora_image_transport/lib/libtheora_image_transport__rosidl_generator_c.so
[2.790s] -- Up-to-date: /home/ubuntu/nemo_ws/install/theora_image_transport/include/theora_image_transport
[2.792s] -- Up-to-date: /home/ubuntu/nemo_ws/install/theora_image_transport/include/theora_image_transport/msg
[2.793s] -- Up-to-date: /home/ubuntu/nemo_ws/install/theora_image_transport/include/theora_image_transport/msg/detail
[2.794s] -- Up-to-date: /home/ubuntu/nemo_ws/install/theora_image_transport/include/theora_image_transport/msg/detail/packet__rosidl_typesupport_fastrtps_c.h
[2.794s] -- Up-to-date: /home/ubuntu/nemo_ws/install/theora_image_transport/include/theora_image_transport/msg/rosidl_typesupport_fastrtps_c__visibility_control.h
[2.795s] -- Up-to-date: /home/ubuntu/nemo_ws/install/theora_image_transport/lib/libtheora_image_transport__rosidl_typesupport_fastrtps_c.so
[2.796s] -- Up-to-date: /home/ubuntu/nemo_ws/install/theora_image_transport/include/theora_image_transport
[2.796s] -- Up-to-date: /home/ubuntu/nemo_ws/install/theora_image_transport/include/theora_image_transport/msg
[2.797s] -- Up-to-date: /home/ubuntu/nemo_ws/install/theora_image_transport/include/theora_image_transport/msg/detail
[2.799s] -- Up-to-date: /home/ubuntu/nemo_ws/install/theora_image_transport/include/theora_image_transport/msg/detail/dds_fastrtps
[2.801s] -- Up-to-date: /home/ubuntu/nemo_ws/install/theora_image_transport/include/theora_image_transport/msg/detail/packet__rosidl_typesupport_fastrtps_cpp.hpp
[2.807s] -- Up-to-date: /home/ubuntu/nemo_ws/install/theora_image_transport/include/theora_image_transport/msg/rosidl_typesupport_fastrtps_cpp__visibility_control.h
[2.808s] -- Up-to-date: /home/ubuntu/nemo_ws/install/theora_image_transport/lib/libtheora_image_transport__rosidl_typesupport_fastrtps_cpp.so
[2.808s] -- Up-to-date: /home/ubuntu/nemo_ws/install/theora_image_transport/include/theora_image_transport
[2.812s] -- Up-to-date: /home/ubuntu/nemo_ws/install/theora_image_transport/include/theora_image_transport/msg
[2.813s] -- Up-to-date: /home/ubuntu/nemo_ws/install/theora_image_transport/include/theora_image_transport/msg/rosidl_typesupport_introspection_c__visibility_control.h
[2.814s] -- Up-to-date: /home/ubuntu/nemo_ws/install/theora_image_transport/include/theora_image_transport/msg/detail
[2.814s] -- Up-to-date: /home/ubuntu/nemo_ws/install/theora_image_transport/include/theora_image_transport/msg/detail/packet__type_support.c
[2.815s] -- Up-to-date: /home/ubuntu/nemo_ws/install/theora_image_transport/include/theora_image_transport/msg/detail/packet__rosidl_typesupport_introspection_c.h
[2.816s] -- Up-to-date: /home/ubuntu/nemo_ws/install/theora_image_transport/lib/libtheora_image_transport__rosidl_typesupport_introspection_c.so
[2.819s] -- Up-to-date: /home/ubuntu/nemo_ws/install/theora_image_transport/lib/libtheora_image_transport__rosidl_typesupport_c.so
[2.819s] -- Up-to-date: /home/ubuntu/nemo_ws/install/theora_image_transport/include/theora_image_transport
[2.820s] -- Up-to-date: /home/ubuntu/nemo_ws/install/theora_image_transport/include/theora_image_transport/msg
[2.822s] -- Up-to-date: /home/ubuntu/nemo_ws/install/theora_image_transport/include/theora_image_transport/msg/detail
[2.822s] -- Up-to-date: /home/ubuntu/nemo_ws/install/theora_image_transport/include/theora_image_transport/msg/detail/packet__builder.hpp
[2.823s] -- Up-to-date: /home/ubuntu/nemo_ws/install/theora_image_transport/include/theora_image_transport/msg/detail/packet__struct.hpp
[2.824s] -- Up-to-date: /home/ubuntu/nemo_ws/install/theora_image_transport/include/theora_image_transport/msg/detail/packet__traits.hpp
[2.825s] -- Up-to-date: /home/ubuntu/nemo_ws/install/theora_image_transport/include/theora_image_transport/msg/packet.hpp
[2.825s] -- Up-to-date: /home/ubuntu/nemo_ws/install/theora_image_transport/include/theora_image_transport
[2.826s] -- Up-to-date: /home/ubuntu/nemo_ws/install/theora_image_transport/include/theora_image_transport/msg
[2.827s] -- Up-to-date: /home/ubuntu/nemo_ws/install/theora_image_transport/include/theora_image_transport/msg/detail
[2.827s] -- Up-to-date: /home/ubuntu/nemo_ws/install/theora_image_transport/include/theora_image_transport/msg/detail/packet__type_support.cpp
[2.828s] -- Up-to-date: /home/ubuntu/nemo_ws/install/theora_image_transport/include/theora_image_transport/msg/detail/packet__rosidl_typesupport_introspection_cpp.hpp
[2.829s] -- Up-to-date: /home/ubuntu/nemo_ws/install/theora_image_transport/lib/libtheora_image_transport__rosidl_typesupport_introspection_cpp.so
[2.830s] -- Up-to-date: /home/ubuntu/nemo_ws/install/theora_image_transport/lib/libtheora_image_transport__rosidl_typesupport_cpp.so
[2.830s] -- Up-to-date: /home/ubuntu/nemo_ws/install/theora_image_transport/share/theora_image_transport/environment/pythonpath.sh
[2.831s] -- Up-to-date: /home/ubuntu/nemo_ws/install/theora_image_transport/share/theora_image_transport/environment/pythonpath.dsv
[2.832s] -- Up-to-date: /home/ubuntu/nemo_ws/install/theora_image_transport/lib/python3.8/site-packages/theora_image_transport/__init__.py
[3.014s] -- Up-to-date: /home/ubuntu/nemo_ws/install/theora_image_transport/lib/python3.8/site-packages/theora_image_transport/msg
[3.015s] -- Up-to-date: /home/ubuntu/nemo_ws/install/theora_image_transport/lib/python3.8/site-packages/theora_image_transport/msg/_packet.py
[3.016s] -- Up-to-date: /home/ubuntu/nemo_ws/install/theora_image_transport/lib/python3.8/site-packages/theora_image_transport/msg/__init__.py
[3.021s] -- Up-to-date: /home/ubuntu/nemo_ws/install/theora_image_transport/lib/python3.8/site-packages/theora_image_transport/msg/_packet_s.c
[3.025s] -- Up-to-date: /home/ubuntu/nemo_ws/install/theora_image_transport/lib/python3.8/site-packages/theora_image_transport/theora_image_transport_s__rosidl_typesupport_fastrtps_c.cpython-38-aarch64-linux-gnu.so
[3.029s] -- Up-to-date: /home/ubuntu/nemo_ws/install/theora_image_transport/lib/python3.8/site-packages/theora_image_transport/theora_image_transport_s__rosidl_typesupport_introspection_c.cpython-38-aarch64-linux-gnu.so
[3.029s] -- Up-to-date: /home/ubuntu/nemo_ws/install/theora_image_transport/lib/python3.8/site-packages/theora_image_transport/theora_image_transport_s__rosidl_typesupport_c.cpython-38-aarch64-linux-gnu.so
[3.047s] -- Up-to-date: /home/ubuntu/nemo_ws/install/theora_image_transport/lib/libtheora_image_transport__python.so
[3.048s] -- Up-to-date: /home/ubuntu/nemo_ws/install/theora_image_transport/share/theora_image_transport/msg/Packet.idl
[3.048s] -- Up-to-date: /home/ubuntu/nemo_ws/install/theora_image_transport/share/theora_image_transport/msg/Packet.msg
[3.049s] -- Up-to-date: /home/ubuntu/nemo_ws/install/theora_image_transport/lib/theora_image_transport/libtheora_image_transport_component.so
[3.057s] -- Up-to-date: /home/ubuntu/nemo_ws/install/theora_image_transport/bin/ogg_saver
[3.058s] -- Up-to-date: /home/ubuntu/nemo_ws/install/theora_image_transport/include
[3.059s] -- Up-to-date: /home/ubuntu/nemo_ws/install/theora_image_transport/include/theora_image_transport
[3.060s] -- Up-to-date: /home/ubuntu/nemo_ws/install/theora_image_transport/include/theora_image_transport/theora_publisher.h
[3.060s] -- Up-to-date: /home/ubuntu/nemo_ws/install/theora_image_transport/include/theora_image_transport/theora_subscriber.h
[3.061s] -- Up-to-date: /home/ubuntu/nemo_ws/install/theora_image_transport/share/theora_image_transport/theora_plugins.xml
[3.062s] -- Up-to-date: /home/ubuntu/nemo_ws/install/theora_image_transport/share/ament_index/resource_index/package_run_dependencies/theora_image_transport
[3.063s] -- Up-to-date: /home/ubuntu/nemo_ws/install/theora_image_transport/share/ament_index/resource_index/parent_prefix_path/theora_image_transport
[3.064s] -- Up-to-date: /home/ubuntu/nemo_ws/install/theora_image_transport/share/theora_image_transport/environment/ament_prefix_path.sh
[3.065s] -- Up-to-date: /home/ubuntu/nemo_ws/install/theora_image_transport/share/theora_image_transport/environment/ament_prefix_path.dsv
[3.066s] -- Up-to-date: /home/ubuntu/nemo_ws/install/theora_image_transport/share/theora_image_transport/environment/path.sh
[3.066s] -- Up-to-date: /home/ubuntu/nemo_ws/install/theora_image_transport/share/theora_image_transport/environment/path.dsv
[3.067s] -- Up-to-date: /home/ubuntu/nemo_ws/install/theora_image_transport/share/theora_image_transport/local_setup.bash
[3.068s] -- Up-to-date: /home/ubuntu/nemo_ws/install/theora_image_transport/share/theora_image_transport/local_setup.sh
[3.068s] -- Up-to-date: /home/ubuntu/nemo_ws/install/theora_image_transport/share/theora_image_transport/local_setup.zsh
[3.069s] -- Up-to-date: /home/ubuntu/nemo_ws/install/theora_image_transport/share/theora_image_transport/local_setup.dsv
[3.071s] -- Installing: /home/ubuntu/nemo_ws/install/theora_image_transport/share/theora_image_transport/package.dsv
[3.073s] -- Up-to-date: /home/ubuntu/nemo_ws/install/theora_image_transport/share/ament_index/resource_index/packages/theora_image_transport
[3.075s] -- Up-to-date: /home/ubuntu/nemo_ws/install/theora_image_transport/share/ament_index/resource_index/image_transport__pluginlib__plugin/theora_image_transport
[3.081s] -- Up-to-date: /home/ubuntu/nemo_ws/install/theora_image_transport/share/theora_image_transport/cmake/theora_image_transport__rosidl_generator_cExport.cmake
[3.082s] -- Up-to-date: /home/ubuntu/nemo_ws/install/theora_image_transport/share/theora_image_transport/cmake/theora_image_transport__rosidl_generator_cExport-noconfig.cmake
[3.086s] -- Up-to-date: /home/ubuntu/nemo_ws/install/theora_image_transport/share/theora_image_transport/cmake/theora_image_transport__rosidl_typesupport_introspection_cExport.cmake
[3.088s] -- Up-to-date: /home/ubuntu/nemo_ws/install/theora_image_transport/share/theora_image_transport/cmake/theora_image_transport__rosidl_typesupport_introspection_cExport-noconfig.cmake
[3.092s] -- Up-to-date: /home/ubuntu/nemo_ws/install/theora_image_transport/share/theora_image_transport/cmake/theora_image_transport__rosidl_typesupport_cExport.cmake
[3.094s] -- Up-to-date: /home/ubuntu/nemo_ws/install/theora_image_transport/share/theora_image_transport/cmake/theora_image_transport__rosidl_typesupport_cExport-noconfig.cmake
[3.098s] -- Up-to-date: /home/ubuntu/nemo_ws/install/theora_image_transport/share/theora_image_transport/cmake/theora_image_transport__rosidl_generator_cppExport.cmake
[3.103s] -- Up-to-date: /home/ubuntu/nemo_ws/install/theora_image_transport/share/theora_image_transport/cmake/theora_image_transport__rosidl_typesupport_introspection_cppExport.cmake
[3.105s] -- Up-to-date: /home/ubuntu/nemo_ws/install/theora_image_transport/share/theora_image_transport/cmake/theora_image_transport__rosidl_typesupport_introspection_cppExport-noconfig.cmake
[3.108s] -- Up-to-date: /home/ubuntu/nemo_ws/install/theora_image_transport/share/theora_image_transport/cmake/theora_image_transport__rosidl_typesupport_cppExport.cmake
[3.110s] -- Up-to-date: /home/ubuntu/nemo_ws/install/theora_image_transport/share/theora_image_transport/cmake/theora_image_transport__rosidl_typesupport_cppExport-noconfig.cmake
[3.111s] -- Up-to-date: /home/ubuntu/nemo_ws/install/theora_image_transport/share/theora_image_transport/cmake/rosidl_cmake-extras.cmake
[3.112s] -- Up-to-date: /home/ubuntu/nemo_ws/install/theora_image_transport/share/theora_image_transport/cmake/ament_cmake_export_dependencies-extras.cmake
[3.113s] -- Up-to-date: /home/ubuntu/nemo_ws/install/theora_image_transport/share/theora_image_transport/cmake/ament_cmake_export_libraries-extras.cmake
[3.113s] -- Up-to-date: /home/ubuntu/nemo_ws/install/theora_image_transport/share/theora_image_transport/cmake/ament_cmake_export_targets-extras.cmake
[3.114s] -- Up-to-date: /home/ubuntu/nemo_ws/install/theora_image_transport/share/theora_image_transport/cmake/ament_cmake_export_include_directories-extras.cmake
[3.115s] -- Up-to-date: /home/ubuntu/nemo_ws/install/theora_image_transport/share/theora_image_transport/cmake/rosidl_cmake_export_typesupport_libraries-extras.cmake
[3.116s] -- Up-to-date: /home/ubuntu/nemo_ws/install/theora_image_transport/share/theora_image_transport/cmake/rosidl_cmake_export_typesupport_targets-extras.cmake
[3.116s] -- Up-to-date: /home/ubuntu/nemo_ws/install/theora_image_transport/share/theora_image_transport/cmake/theora_image_transportConfig.cmake
[3.117s] -- Up-to-date: /home/ubuntu/nemo_ws/install/theora_image_transport/share/theora_image_transport/cmake/theora_image_transportConfig-version.cmake
[3.117s] -- Up-to-date: /home/ubuntu/nemo_ws/install/theora_image_transport/share/theora_image_transport/package.xml
[3.134s] Invoked command in '/home/ubuntu/nemo_ws/build/theora_image_transport' returned '0': CMAKE_PREFIX_PATH=/home/ubuntu/nemo_ws/install/image_transport:/home/ubuntu/nemo_ws/install/cv_bridge:/home/ubuntu/nemo_ws/install/v4l2_camera:/home/ubuntu/nemo_ws/install/image_transport_plugins:/home/ubuntu/nemo_ws/install/theora_image_transport:/home/ubuntu/nemo_ws/install/compressed_image_transport:/home/ubuntu/nemo_ws/install/compressed_depth_image_transport:/home/ubuntu/nemo_ws/install/examples_rclcpp_multithreaded_executor:/home/ubuntu/nemo_ws/install/examples_rclcpp_minimal_timer:/home/ubuntu/nemo_ws/install/examples_rclcpp_minimal_subscriber:/home/ubuntu/nemo_ws/install/examples_rclcpp_minimal_service:/home/ubuntu/nemo_ws/install/examples_rclcpp_minimal_publisher:/home/ubuntu/nemo_ws/install/examples_rclcpp_minimal_composition:/home/ubuntu/nemo_ws/install/examples_rclcpp_minimal_client:/home/ubuntu/nemo_ws/install/examples_rclcpp_minimal_action_server:/home/ubuntu/nemo_ws/install/examples_rclcpp_minimal_action_client:/home/ubuntu/nemo_ws/install/camera_info_manager:/home/ubuntu/nemo_ws/install/camera_calibration_parsers:/home/ubuntu/nemo_ws/install/img_basics:/home/ubuntu/nemo_ws/install/examples_rclpy_minimal_subscriber:/home/ubuntu/nemo_ws/install/examples_rclpy_minimal_service:/home/ubuntu/nemo_ws/install/examples_rclpy_minimal_publisher:/home/ubuntu/nemo_ws/install/examples_rclpy_minimal_client:/home/ubuntu/nemo_ws/install/examples_rclpy_minimal_action_server:/home/ubuntu/nemo_ws/install/examples_rclpy_minimal_action_client:/home/ubuntu/nemo_ws/install/examples_rclpy_executors:/opt/ros/foxy LD_LIBRARY_PATH=/home/ubuntu/nemo_ws/install/image_transport/lib:/home/ubuntu/nemo_ws/install/cv_bridge/lib:/home/ubuntu/nemo_ws/install/v4l2_camera/lib:/home/ubuntu/nemo_ws/install/theora_image_transport/lib:/home/ubuntu/nemo_ws/install/compressed_image_transport/lib:/home/ubuntu/nemo_ws/install/compressed_depth_image_transport/lib:/home/ubuntu/nemo_ws/install/examples_rclcpp_minimal_composition/lib:/home/ubuntu/nemo_ws/install/camera_info_manager/lib:/home/ubuntu/nemo_ws/install/camera_calibration_parsers/lib:/opt/ros/foxy/opt/yaml_cpp_vendor/lib:/opt/ros/foxy/opt/rviz_ogre_vendor/lib:/opt/ros/foxy/lib/aarch64-linux-gnu:/opt/ros/foxy/lib PYTHONPATH=/home/ubuntu/nemo_ws/install/cv_bridge/lib/python3.8/site-packages:/home/ubuntu/nemo_ws/install/theora_image_transport/lib/python3.8/site-packages:/home/ubuntu/nemo_ws/install/img_basics/lib/python3.8/site-packages:/home/ubuntu/nemo_ws/install/examples_rclpy_minimal_subscriber/lib/python3.8/site-packages:/home/ubuntu/nemo_ws/install/examples_rclpy_minimal_service/lib/python3.8/site-packages:/home/ubuntu/nemo_ws/install/examples_rclpy_minimal_publisher/lib/python3.8/site-packages:/home/ubuntu/nemo_ws/install/examples_rclpy_minimal_client/lib/python3.8/site-packages:/home/ubuntu/nemo_ws/install/examples_rclpy_minimal_action_server/lib/python3.8/site-packages:/home/ubuntu/nemo_ws/install/examples_rclpy_minimal_action_client/lib/python3.8/site-packages:/home/ubuntu/nemo_ws/install/examples_rclpy_executors/lib/python3.8/site-packages:/opt/ros/foxy/lib/python3.8/site-packages /usr/bin/cmake --install /home/ubuntu/nemo_ws/build/theora_image_transport
