[0.201s] Invoking command in '/home/ubuntu/nemo_ws/src/build/image_transport': CMAKE_PREFIX_PATH=${CMAKE_PREFIX_PATH}:/home/ubuntu/nemo_ws/install/img_basics:/home/ubuntu/nemo_ws/install/examples_rclpy_minimal_subscriber:/home/ubuntu/nemo_ws/install/examples_rclpy_minimal_service:/home/ubuntu/nemo_ws/install/examples_rclpy_minimal_publisher:/home/ubuntu/nemo_ws/install/examples_rclpy_minimal_client:/home/ubuntu/nemo_ws/install/examples_rclpy_minimal_action_server:/home/ubuntu/nemo_ws/install/examples_rclpy_minimal_action_client:/home/ubuntu/nemo_ws/install/examples_rclpy_executors:/opt/ros/foxy /usr/bin/cmake /home/ubuntu/nemo_ws/src/image_common/image_transport -DCMAKE_INSTALL_PREFIX=/home/ubuntu/nemo_ws/src/install/image_transport
[1.362s] -- The C compiler identification is GNU 9.4.0
[2.318s] -- The CXX compiler identification is GNU 9.4.0
[2.355s] -- Check for working C compiler: /usr/bin/cc
[2.817s] -- Check for working C compiler: /usr/bin/cc -- works
[2.845s] -- Detecting C compiler ABI info
[3.302s] -- Detecting C compiler ABI info - done
[3.339s] -- Detecting C compile features
[3.341s] -- Detecting C compile features - done
[3.351s] -- Check for working CXX compiler: /usr/bin/c++
[3.854s] -- Check for working CXX compiler: /usr/bin/c++ -- works
[3.859s] -- Detecting CXX compiler ABI info
[4.363s] -- Detecting CXX compiler ABI info - done
[4.405s] -- Detecting CXX compile features
[4.407s] -- Detecting CXX compile features - done
[4.451s] -- Found ament_cmake_ros: 0.9.2 (/opt/ros/foxy/share/ament_cmake_ros/cmake)
[4.807s] -- Found PythonInterp: /usr/bin/python3 (found suitable version "3.8.10", minimum required is "3") 
[4.808s] -- Using PYTHON_EXECUTABLE: /usr/bin/python3
[6.574s] -- Found message_filters: 3.2.5 (/opt/ros/foxy/share/message_filters/cmake)
[6.628s] -- Found pluginlib: 2.5.4 (/opt/ros/foxy/share/pluginlib/cmake)
[7.579s] -- Found rclcpp: 2.4.1 (/opt/ros/foxy/share/rclcpp/cmake)
[7.978s] -- Using all available rosidl_typesupport_c: rosidl_typesupport_fastrtps_c;rosidl_typesupport_introspection_c
[8.090s] -- Found rosidl_adapter: 1.2.1 (/opt/ros/foxy/share/rosidl_adapter/cmake)
[8.896s] -- Found OpenSSL: /usr/lib/aarch64-linux-gnu/libcrypto.so (found version "1.1.1f")  
[9.202s] -- Found FastRTPS: /opt/ros/foxy/include  
[9.946s] -- Using all available rosidl_typesupport_cpp: rosidl_typesupport_fastrtps_cpp;rosidl_typesupport_introspection_cpp
[10.367s] -- Found rmw_implementation_cmake: 1.0.3 (/opt/ros/foxy/share/rmw_implementation_cmake/cmake)
[10.380s] -- Using RMW implementation 'rmw_fastrtps_cpp' as default
[10.385s] -- Looking for pthread.h
[10.787s] -- Looking for pthread.h - found
[10.791s] -- Performing Test CMAKE_HAVE_LIBC_PTHREAD
[11.216s] -- Performing Test CMAKE_HAVE_LIBC_PTHREAD - Failed
[11.219s] -- Looking for pthread_create in pthreads
[11.555s] -- Looking for pthread_create in pthreads - not found
[11.558s] -- Looking for pthread_create in pthread
[11.977s] -- Looking for pthread_create in pthread - found
[11.981s] -- Found Threads: TRUE  
[12.889s] -- Found sensor_msgs: 2.0.5 (/opt/ros/foxy/share/sensor_msgs/cmake)
[13.475s] -- Found gtest sources under '/opt/ros/foxy/src/gtest_vendor': C++ tests using 'Google Test' will be built
[13.485s] -- Check if compiler accepts -pthread
[14.344s] -- Check if compiler accepts -pthread - yes
[15.326s] -- Configuring done
[15.831s] -- Generating done
[15.850s] -- Build files have been written to: /home/ubuntu/nemo_ws/src/build/image_transport
[15.968s] Invoked command in '/home/ubuntu/nemo_ws/src/build/image_transport' returned '0': CMAKE_PREFIX_PATH=${CMAKE_PREFIX_PATH}:/home/ubuntu/nemo_ws/install/img_basics:/home/ubuntu/nemo_ws/install/examples_rclpy_minimal_subscriber:/home/ubuntu/nemo_ws/install/examples_rclpy_minimal_service:/home/ubuntu/nemo_ws/install/examples_rclpy_minimal_publisher:/home/ubuntu/nemo_ws/install/examples_rclpy_minimal_client:/home/ubuntu/nemo_ws/install/examples_rclpy_minimal_action_server:/home/ubuntu/nemo_ws/install/examples_rclpy_minimal_action_client:/home/ubuntu/nemo_ws/install/examples_rclpy_executors:/opt/ros/foxy /usr/bin/cmake /home/ubuntu/nemo_ws/src/image_common/image_transport -DCMAKE_INSTALL_PREFIX=/home/ubuntu/nemo_ws/src/install/image_transport
[15.980s] Invoking command in '/home/ubuntu/nemo_ws/src/build/image_transport': CMAKE_PREFIX_PATH=${CMAKE_PREFIX_PATH}:/home/ubuntu/nemo_ws/install/img_basics:/home/ubuntu/nemo_ws/install/examples_rclpy_minimal_subscriber:/home/ubuntu/nemo_ws/install/examples_rclpy_minimal_service:/home/ubuntu/nemo_ws/install/examples_rclpy_minimal_publisher:/home/ubuntu/nemo_ws/install/examples_rclpy_minimal_client:/home/ubuntu/nemo_ws/install/examples_rclpy_minimal_action_server:/home/ubuntu/nemo_ws/install/examples_rclpy_minimal_action_client:/home/ubuntu/nemo_ws/install/examples_rclpy_executors:/opt/ros/foxy /usr/bin/cmake --build /home/ubuntu/nemo_ws/src/build/image_transport -- -j4 -l4
[16.870s] [35m[1mScanning dependencies of target gtest_main[0m
[16.943s] [35m[1mScanning dependencies of target gtest[0m
[16.970s] [35m[1mScanning dependencies of target image_transport[0m
[17.117s] [  3%] [32mBuilding CXX object gtest/CMakeFiles/gtest_main.dir/src/gtest_main.cc.o[0m
[17.386s] [  6%] [32mBuilding CXX object gtest/CMakeFiles/gtest.dir/src/gtest-all.cc.o[0m
[17.984s] [ 10%] [32mBuilding CXX object CMakeFiles/image_transport.dir/src/camera_common.cpp.o[0m
[18.132s] [ 13%] [32mBuilding CXX object CMakeFiles/image_transport.dir/src/publisher.cpp.o[0m
[22.601s] [ 16%] [32mBuilding CXX object CMakeFiles/image_transport.dir/src/subscriber.cpp.o[0m
[30.076s] [ 20%] [32m[1mLinking CXX static library libgtest_main.a[0m
[30.818s] [ 20%] Built target gtest_main
[31.007s] [ 23%] [32mBuilding CXX object CMakeFiles/image_transport.dir/src/single_subscriber_publisher.cpp.o[0m
[55.737s] [ 26%] [32mBuilding CXX object CMakeFiles/image_transport.dir/src/camera_subscriber.cpp.o[0m
[57.342s] [ 30%] [32m[1mLinking CXX static library libgtest.a[0m
[58.090s] [ 30%] Built target gtest
[93.930s] [ 33%] [32mBuilding CXX object CMakeFiles/image_transport.dir/src/image_transport.cpp.o[0m
[120.009s] [ 36%] [32mBuilding CXX object CMakeFiles/image_transport.dir/src/camera_publisher.cpp.o[0m
[133.820s] [ 40%] [32m[1mLinking CXX shared library libimage_transport.so[0m
[136.814s] [ 40%] Built target image_transport
[136.891s] [35m[1mScanning dependencies of target image_transport-remapping[0m
[137.303s] [ 43%] [32mBuilding CXX object CMakeFiles/image_transport-remapping.dir/test/test_remapping.cpp.o[0m
[153.836s] [ 46%] [32m[1mLinking CXX executable image_transport-remapping[0m
[156.030s] [ 46%] Built target image_transport-remapping
[156.105s] [35m[1mScanning dependencies of target republish[0m
[156.398s] [ 50%] [32mBuilding CXX object CMakeFiles/republish.dir/src/republish.cpp.o[0m
[184.015s] [ 53%] [32m[1mLinking CXX executable republish[0m
[185.958s] [ 53%] Built target republish
[186.032s] [35m[1mScanning dependencies of target image_transport-camera_common[0m
[186.180s] [ 56%] [32mBuilding CXX object CMakeFiles/image_transport-camera_common.dir/test/test_camera_common.cpp.o[0m
[191.044s] [ 60%] [32m[1mLinking CXX executable image_transport-camera_common[0m
[192.946s] [ 60%] Built target image_transport-camera_common
[193.024s] [35m[1mScanning dependencies of target image_transport-subscriber[0m
[193.311s] [ 63%] [32mBuilding CXX object CMakeFiles/image_transport-subscriber.dir/test/test_subscriber.cpp.o[0m
[207.359s] [ 66%] [32m[1mLinking CXX executable image_transport-subscriber[0m
[209.475s] [ 66%] Built target image_transport-subscriber
[209.549s] [35m[1mScanning dependencies of target image_transport-message_passing[0m
[209.866s] [ 70%] [32mBuilding CXX object CMakeFiles/image_transport-message_passing.dir/test/test_message_passing.cpp.o[0m
[225.230s] [ 73%] [32m[1mLinking CXX executable image_transport-message_passing[0m
[227.424s] [ 73%] Built target image_transport-message_passing
[227.495s] [35m[1mScanning dependencies of target image_transport-publisher[0m
[227.798s] [ 76%] [32mBuilding CXX object CMakeFiles/image_transport-publisher.dir/test/test_publisher.cpp.o[0m
[241.464s] [ 80%] [32m[1mLinking CXX executable image_transport-publisher[0m
[243.675s] [ 80%] Built target image_transport-publisher
[243.751s] [35m[1mScanning dependencies of target image_transport-single_subscriber_publisher[0m
[244.029s] [ 83%] [32mBuilding CXX object CMakeFiles/image_transport-single_subscriber_publisher.dir/test/test_single_subscriber_publisher.cpp.o[0m
[257.528s] [ 86%] [32m[1mLinking CXX executable image_transport-single_subscriber_publisher[0m
[259.478s] [ 86%] Built target image_transport-single_subscriber_publisher
[259.549s] [35m[1mScanning dependencies of target image_transport_plugins[0m
[259.801s] [ 90%] [32mBuilding CXX object CMakeFiles/image_transport_plugins.dir/src/manifest.cpp.o[0m
[282.139s] make[2]: *** [CMakeFiles/image_transport_plugins.dir/build.make:63: CMakeFiles/image_transport_plugins.dir/src/manifest.cpp.o] Interrupt
[282.150s] make[1]: *** [CMakeFiles/Makefile2:227: CMakeFiles/image_transport_plugins.dir/all] Interrupt
[282.151s] make: *** [Makefile:141: all] Interrupt
