[6.511s] Invoking command in '/home/ubuntu/nemo_ws/src/examples/rclpy/services/minimal_service': PYTHONPATH=/home/ubuntu/nemo_ws/src/install/examples_rclpy_minimal_service/lib/python3.8/site-packages:${PYTHONPATH} /usr/bin/python3 setup.py egg_info --egg-base ../../../../build/examples_rclpy_minimal_service build --build-base /home/ubuntu/nemo_ws/src/build/examples_rclpy_minimal_service/build install --prefix /home/ubuntu/nemo_ws/src/install/examples_rclpy_minimal_service --record /home/ubuntu/nemo_ws/src/build/examples_rclpy_minimal_service/install.log --single-version-externally-managed
[8.309s] running egg_info
[8.311s] writing ../../../../build/examples_rclpy_minimal_service/examples_rclpy_minimal_service.egg-info/PKG-INFO
[8.313s] writing dependency_links to ../../../../build/examples_rclpy_minimal_service/examples_rclpy_minimal_service.egg-info/dependency_links.txt
[8.314s] writing entry points to ../../../../build/examples_rclpy_minimal_service/examples_rclpy_minimal_service.egg-info/entry_points.txt
[8.315s] writing requirements to ../../../../build/examples_rclpy_minimal_service/examples_rclpy_minimal_service.egg-info/requires.txt
[8.317s] writing top-level names to ../../../../build/examples_rclpy_minimal_service/examples_rclpy_minimal_service.egg-info/top_level.txt
[8.503s] reading manifest file '../../../../build/examples_rclpy_minimal_service/examples_rclpy_minimal_service.egg-info/SOURCES.txt'
[8.509s] writing manifest file '../../../../build/examples_rclpy_minimal_service/examples_rclpy_minimal_service.egg-info/SOURCES.txt'
[8.510s] running build
[8.511s] running build_py
[8.513s] running install
[8.517s] running install_lib
[8.527s] running install_data
[8.530s] running install_egg_info
[8.538s] removing '/home/ubuntu/nemo_ws/src/install/examples_rclpy_minimal_service/lib/python3.8/site-packages/examples_rclpy_minimal_service-0.9.4-py3.8.egg-info' (and everything under it)
[8.541s] Copying ../../../../build/examples_rclpy_minimal_service/examples_rclpy_minimal_service.egg-info to /home/ubuntu/nemo_ws/src/install/examples_rclpy_minimal_service/lib/python3.8/site-packages/examples_rclpy_minimal_service-0.9.4-py3.8.egg-info
[8.549s] running install_scripts
[8.648s] Installing service script to /home/ubuntu/nemo_ws/src/install/examples_rclpy_minimal_service/lib/examples_rclpy_minimal_service
[8.651s] Installing service_member_function script to /home/ubuntu/nemo_ws/src/install/examples_rclpy_minimal_service/lib/examples_rclpy_minimal_service
[8.652s] writing list of installed files to '/home/ubuntu/nemo_ws/src/build/examples_rclpy_minimal_service/install.log'
[9.017s] Invoked command in '/home/ubuntu/nemo_ws/src/examples/rclpy/services/minimal_service' returned '0': PYTHONPATH=/home/ubuntu/nemo_ws/src/install/examples_rclpy_minimal_service/lib/python3.8/site-packages:${PYTHONPATH} /usr/bin/python3 setup.py egg_info --egg-base ../../../../build/examples_rclpy_minimal_service build --build-base /home/ubuntu/nemo_ws/src/build/examples_rclpy_minimal_service/build install --prefix /home/ubuntu/nemo_ws/src/install/examples_rclpy_minimal_service --record /home/ubuntu/nemo_ws/src/build/examples_rclpy_minimal_service/install.log --single-version-externally-managed
