[2.443s] Invoking command in '/home/ubuntu/nemo_ws/src/img_basics': PYTHONPATH=/home/ubuntu/nemo_ws/install/img_basics/lib/python3.8/site-packages:${PYTHONPATH} /usr/bin/python3 setup.py egg_info --egg-base ../../build/img_basics build --build-base /home/ubuntu/nemo_ws/build/img_basics/build install --prefix /home/ubuntu/nemo_ws/install/img_basics --record /home/ubuntu/nemo_ws/build/img_basics/install.log --single-version-externally-managed
[3.272s] running egg_info
[3.274s] writing ../../build/img_basics/img_basics.egg-info/PKG-INFO
[3.275s] writing dependency_links to ../../build/img_basics/img_basics.egg-info/dependency_links.txt
[3.275s] writing entry points to ../../build/img_basics/img_basics.egg-info/entry_points.txt
[3.276s] writing requirements to ../../build/img_basics/img_basics.egg-info/requires.txt
[3.277s] writing top-level names to ../../build/img_basics/img_basics.egg-info/top_level.txt
[3.402s] reading manifest file '../../build/img_basics/img_basics.egg-info/SOURCES.txt'
[3.405s] writing manifest file '../../build/img_basics/img_basics.egg-info/SOURCES.txt'
[3.406s] running build
[3.406s] running build_py
[3.407s] copying img_basics/cam_sub.py -> /home/ubuntu/nemo_ws/build/img_basics/build/lib/img_basics
[3.408s] running install
[3.411s] running install_lib
[3.415s] copying /home/ubuntu/nemo_ws/build/img_basics/build/lib/img_basics/cam_sub.py -> /home/ubuntu/nemo_ws/install/img_basics/lib/python3.8/site-packages/img_basics
[3.417s] byte-compiling /home/ubuntu/nemo_ws/install/img_basics/lib/python3.8/site-packages/img_basics/cam_sub.py to cam_sub.cpython-38.pyc
[3.422s] running install_data
[3.424s] running install_egg_info
[3.430s] removing '/home/ubuntu/nemo_ws/install/img_basics/lib/python3.8/site-packages/img_basics-0.0.0-py3.8.egg-info' (and everything under it)
[3.431s] Copying ../../build/img_basics/img_basics.egg-info to /home/ubuntu/nemo_ws/install/img_basics/lib/python3.8/site-packages/img_basics-0.0.0-py3.8.egg-info
[3.435s] running install_scripts
[3.496s] Installing img_subscriber script to /home/ubuntu/nemo_ws/install/img_basics/lib/img_basics
[3.498s] writing list of installed files to '/home/ubuntu/nemo_ws/build/img_basics/install.log'
[3.590s] Invoked command in '/home/ubuntu/nemo_ws/src/img_basics' returned '0': PYTHONPATH=/home/ubuntu/nemo_ws/install/img_basics/lib/python3.8/site-packages:${PYTHONPATH} /usr/bin/python3 setup.py egg_info --egg-base ../../build/img_basics build --build-base /home/ubuntu/nemo_ws/build/img_basics/build install --prefix /home/ubuntu/nemo_ws/install/img_basics --record /home/ubuntu/nemo_ws/build/img_basics/install.log --single-version-externally-managed
