[0.129s] Invoking command in '/home/ubuntu/nemo_ws/src/build/compressed_depth_image_transport': AMENT_PREFIX_PATH=/home/ubuntu/nemo_ws/src/install/image_transport:/home/ubuntu/nemo_ws/src/install/cv_bridge:${AMENT_PREFIX_PATH} CMAKE_PREFIX_PATH=/home/ubuntu/nemo_ws/src/install/image_transport:/home/ubuntu/nemo_ws/src/install/cv_bridge:/home/ubuntu/nemo_ws/install/v4l2_camera:/home/ubuntu/nemo_ws/install/image_transport_plugins:/home/ubuntu/nemo_ws/install/theora_image_transport:/home/ubuntu/nemo_ws/install/compressed_image_transport:/home/ubuntu/nemo_ws/install/compressed_depth_image_transport:/home/ubuntu/nemo_ws/install/image_transport:/home/ubuntu/nemo_ws/install/examples_rclcpp_multithreaded_executor:/home/ubuntu/nemo_ws/install/examples_rclcpp_minimal_timer:/home/ubuntu/nemo_ws/install/examples_rclcpp_minimal_subscriber:/home/ubuntu/nemo_ws/install/examples_rclcpp_minimal_service:/home/ubuntu/nemo_ws/install/examples_rclcpp_minimal_publisher:/home/ubuntu/nemo_ws/install/examples_rclcpp_minimal_composition:/home/ubuntu/nemo_ws/install/examples_rclcpp_minimal_client:/home/ubuntu/nemo_ws/install/examples_rclcpp_minimal_action_server:/home/ubuntu/nemo_ws/install/examples_rclcpp_minimal_action_client:/home/ubuntu/nemo_ws/install/cv_bridge:/home/ubuntu/nemo_ws/install/camera_info_manager:/home/ubuntu/nemo_ws/install/camera_calibration_parsers:/home/ubuntu/nemo_ws/install/img_basics:/home/ubuntu/nemo_ws/install/examples_rclpy_minimal_subscriber:/home/ubuntu/nemo_ws/install/examples_rclpy_minimal_service:/home/ubuntu/nemo_ws/install/examples_rclpy_minimal_publisher:/home/ubuntu/nemo_ws/install/examples_rclpy_minimal_client:/home/ubuntu/nemo_ws/install/examples_rclpy_minimal_action_server:/home/ubuntu/nemo_ws/install/examples_rclpy_minimal_action_client:/home/ubuntu/nemo_ws/install/examples_rclpy_executors:/opt/ros/foxy LD_LIBRARY_PATH=/home/ubuntu/nemo_ws/src/install/image_transport/lib:/home/ubuntu/nemo_ws/src/install/cv_bridge/lib:${LD_LIBRARY_PATH} PYTHONPATH=/home/ubuntu/nemo_ws/src/install/cv_bridge/lib/python3.8/site-packages:${PYTHONPATH} /usr/bin/cmake /home/ubuntu/nemo_ws/src/image_transport_plugins/compressed_depth_image_transport -DCMAKE_INSTALL_PREFIX=/home/ubuntu/nemo_ws/src/install/compressed_depth_image_transport
[1.106s] -- The C compiler identification is GNU 9.4.0
[1.463s] -- The CXX compiler identification is GNU 9.4.0
[1.518s] -- Check for working C compiler: /usr/bin/cc
[1.999s] -- Check for working C compiler: /usr/bin/cc -- works
[2.007s] -- Detecting C compiler ABI info
[2.477s] -- Detecting C compiler ABI info - done
[2.526s] -- Detecting C compile features
[2.528s] -- Detecting C compile features - done
[2.546s] -- Check for working CXX compiler: /usr/bin/c++
[3.264s] -- Check for working CXX compiler: /usr/bin/c++ -- works
[3.271s] -- Detecting CXX compiler ABI info
[3.786s] -- Detecting CXX compiler ABI info - done
[3.861s] -- Detecting CXX compile features
[3.865s] -- Detecting CXX compile features - done
[3.922s] -- Found ament_cmake: 0.9.9 (/opt/ros/foxy/share/ament_cmake/cmake)
[4.256s] -- Found PythonInterp: /usr/bin/python3 (found suitable version "3.8.10", minimum required is "3") 
[4.258s] -- Using PYTHON_EXECUTABLE: /usr/bin/python3
[6.497s] -- Found image_transport: 2.3.0 (/home/ubuntu/nemo_ws/src/install/image_transport/share/image_transport/cmake)
[7.249s] -- Using all available rosidl_typesupport_c: rosidl_typesupport_fastrtps_c;rosidl_typesupport_introspection_c
[7.384s] -- Found rosidl_adapter: 1.2.1 (/opt/ros/foxy/share/rosidl_adapter/cmake)
[8.324s] -- Found OpenSSL: /usr/lib/aarch64-linux-gnu/libcrypto.so (found version "1.1.1f")  
[8.627s] -- Found FastRTPS: /opt/ros/foxy/include  
[9.455s] -- Using all available rosidl_typesupport_cpp: rosidl_typesupport_fastrtps_cpp;rosidl_typesupport_introspection_cpp
[9.999s] -- Found rmw_implementation_cmake: 1.0.3 (/opt/ros/foxy/share/rmw_implementation_cmake/cmake)
[10.015s] -- Using RMW implementation 'rmw_fastrtps_cpp' as default
[10.023s] -- Looking for pthread.h
[10.456s] -- Looking for pthread.h - found
[10.457s] -- Performing Test CMAKE_HAVE_LIBC_PTHREAD
[10.882s] -- Performing Test CMAKE_HAVE_LIBC_PTHREAD - Failed
[10.882s] -- Looking for pthread_create in pthreads
[11.243s] -- Looking for pthread_create in pthreads - not found
[11.245s] -- Looking for pthread_create in pthread
[11.683s] -- Looking for pthread_create in pthread - found
[11.690s] -- Found Threads: TRUE  
[13.784s] -- Found cv_bridge: 3.0.3 (/home/ubuntu/nemo_ws/src/install/cv_bridge/share/cv_bridge/cmake)
[13.951s] -- Found OpenCV: /usr (found version "4.2.0") 
[14.427s] -- Configuring done
[14.597s] -- Generating done
[14.605s] -- Build files have been written to: /home/ubuntu/nemo_ws/src/build/compressed_depth_image_transport
[14.678s] Invoked command in '/home/ubuntu/nemo_ws/src/build/compressed_depth_image_transport' returned '0': AMENT_PREFIX_PATH=/home/ubuntu/nemo_ws/src/install/image_transport:/home/ubuntu/nemo_ws/src/install/cv_bridge:${AMENT_PREFIX_PATH} CMAKE_PREFIX_PATH=/home/ubuntu/nemo_ws/src/install/image_transport:/home/ubuntu/nemo_ws/src/install/cv_bridge:/home/ubuntu/nemo_ws/install/v4l2_camera:/home/ubuntu/nemo_ws/install/image_transport_plugins:/home/ubuntu/nemo_ws/install/theora_image_transport:/home/ubuntu/nemo_ws/install/compressed_image_transport:/home/ubuntu/nemo_ws/install/compressed_depth_image_transport:/home/ubuntu/nemo_ws/install/image_transport:/home/ubuntu/nemo_ws/install/examples_rclcpp_multithreaded_executor:/home/ubuntu/nemo_ws/install/examples_rclcpp_minimal_timer:/home/ubuntu/nemo_ws/install/examples_rclcpp_minimal_subscriber:/home/ubuntu/nemo_ws/install/examples_rclcpp_minimal_service:/home/ubuntu/nemo_ws/install/examples_rclcpp_minimal_publisher:/home/ubuntu/nemo_ws/install/examples_rclcpp_minimal_composition:/home/ubuntu/nemo_ws/install/examples_rclcpp_minimal_client:/home/ubuntu/nemo_ws/install/examples_rclcpp_minimal_action_server:/home/ubuntu/nemo_ws/install/examples_rclcpp_minimal_action_client:/home/ubuntu/nemo_ws/install/cv_bridge:/home/ubuntu/nemo_ws/install/camera_info_manager:/home/ubuntu/nemo_ws/install/camera_calibration_parsers:/home/ubuntu/nemo_ws/install/img_basics:/home/ubuntu/nemo_ws/install/examples_rclpy_minimal_subscriber:/home/ubuntu/nemo_ws/install/examples_rclpy_minimal_service:/home/ubuntu/nemo_ws/install/examples_rclpy_minimal_publisher:/home/ubuntu/nemo_ws/install/examples_rclpy_minimal_client:/home/ubuntu/nemo_ws/install/examples_rclpy_minimal_action_server:/home/ubuntu/nemo_ws/install/examples_rclpy_minimal_action_client:/home/ubuntu/nemo_ws/install/examples_rclpy_executors:/opt/ros/foxy LD_LIBRARY_PATH=/home/ubuntu/nemo_ws/src/install/image_transport/lib:/home/ubuntu/nemo_ws/src/install/cv_bridge/lib:${LD_LIBRARY_PATH} PYTHONPATH=/home/ubuntu/nemo_ws/src/install/cv_bridge/lib/python3.8/site-packages:${PYTHONPATH} /usr/bin/cmake /home/ubuntu/nemo_ws/src/image_transport_plugins/compressed_depth_image_transport -DCMAKE_INSTALL_PREFIX=/home/ubuntu/nemo_ws/src/install/compressed_depth_image_transport
[14.689s] Invoking command in '/home/ubuntu/nemo_ws/src/build/compressed_depth_image_transport': AMENT_PREFIX_PATH=/home/ubuntu/nemo_ws/src/install/image_transport:/home/ubuntu/nemo_ws/src/install/cv_bridge:${AMENT_PREFIX_PATH} CMAKE_PREFIX_PATH=/home/ubuntu/nemo_ws/src/install/image_transport:/home/ubuntu/nemo_ws/src/install/cv_bridge:/home/ubuntu/nemo_ws/install/v4l2_camera:/home/ubuntu/nemo_ws/install/image_transport_plugins:/home/ubuntu/nemo_ws/install/theora_image_transport:/home/ubuntu/nemo_ws/install/compressed_image_transport:/home/ubuntu/nemo_ws/install/compressed_depth_image_transport:/home/ubuntu/nemo_ws/install/image_transport:/home/ubuntu/nemo_ws/install/examples_rclcpp_multithreaded_executor:/home/ubuntu/nemo_ws/install/examples_rclcpp_minimal_timer:/home/ubuntu/nemo_ws/install/examples_rclcpp_minimal_subscriber:/home/ubuntu/nemo_ws/install/examples_rclcpp_minimal_service:/home/ubuntu/nemo_ws/install/examples_rclcpp_minimal_publisher:/home/ubuntu/nemo_ws/install/examples_rclcpp_minimal_composition:/home/ubuntu/nemo_ws/install/examples_rclcpp_minimal_client:/home/ubuntu/nemo_ws/install/examples_rclcpp_minimal_action_server:/home/ubuntu/nemo_ws/install/examples_rclcpp_minimal_action_client:/home/ubuntu/nemo_ws/install/cv_bridge:/home/ubuntu/nemo_ws/install/camera_info_manager:/home/ubuntu/nemo_ws/install/camera_calibration_parsers:/home/ubuntu/nemo_ws/install/img_basics:/home/ubuntu/nemo_ws/install/examples_rclpy_minimal_subscriber:/home/ubuntu/nemo_ws/install/examples_rclpy_minimal_service:/home/ubuntu/nemo_ws/install/examples_rclpy_minimal_publisher:/home/ubuntu/nemo_ws/install/examples_rclpy_minimal_client:/home/ubuntu/nemo_ws/install/examples_rclpy_minimal_action_server:/home/ubuntu/nemo_ws/install/examples_rclpy_minimal_action_client:/home/ubuntu/nemo_ws/install/examples_rclpy_executors:/opt/ros/foxy LD_LIBRARY_PATH=/home/ubuntu/nemo_ws/src/install/image_transport/lib:/home/ubuntu/nemo_ws/src/install/cv_bridge/lib:${LD_LIBRARY_PATH} PYTHONPATH=/home/ubuntu/nemo_ws/src/install/cv_bridge/lib/python3.8/site-packages:${PYTHONPATH} /usr/bin/cmake --build /home/ubuntu/nemo_ws/src/build/compressed_depth_image_transport -- -j4 -l4
[14.941s] [35m[1mScanning dependencies of target compressed_depth_image_transport[0m
[15.468s] [ 20%] [32mBuilding CXX object CMakeFiles/compressed_depth_image_transport.dir/src/compressed_depth_publisher.cpp.o[0m
[33.793s] [ 40%] [32mBuilding CXX object CMakeFiles/compressed_depth_image_transport.dir/src/codec.cpp.o[0m
[43.081s] [ 60%] [32mBuilding CXX object CMakeFiles/compressed_depth_image_transport.dir/src/manifest.cpp.o[0m
[70.268s] [ 80%] [32mBuilding CXX object CMakeFiles/compressed_depth_image_transport.dir/src/compressed_depth_subscriber.cpp.o[0m
[99.910s] [100%] [32m[1mLinking CXX shared library libcompressed_depth_image_transport.so[0m
[103.347s] [100%] Built target compressed_depth_image_transport
[103.421s] Invoked command in '/home/ubuntu/nemo_ws/src/build/compressed_depth_image_transport' returned '0': AMENT_PREFIX_PATH=/home/ubuntu/nemo_ws/src/install/image_transport:/home/ubuntu/nemo_ws/src/install/cv_bridge:${AMENT_PREFIX_PATH} CMAKE_PREFIX_PATH=/home/ubuntu/nemo_ws/src/install/image_transport:/home/ubuntu/nemo_ws/src/install/cv_bridge:/home/ubuntu/nemo_ws/install/v4l2_camera:/home/ubuntu/nemo_ws/install/image_transport_plugins:/home/ubuntu/nemo_ws/install/theora_image_transport:/home/ubuntu/nemo_ws/install/compressed_image_transport:/home/ubuntu/nemo_ws/install/compressed_depth_image_transport:/home/ubuntu/nemo_ws/install/image_transport:/home/ubuntu/nemo_ws/install/examples_rclcpp_multithreaded_executor:/home/ubuntu/nemo_ws/install/examples_rclcpp_minimal_timer:/home/ubuntu/nemo_ws/install/examples_rclcpp_minimal_subscriber:/home/ubuntu/nemo_ws/install/examples_rclcpp_minimal_service:/home/ubuntu/nemo_ws/install/examples_rclcpp_minimal_publisher:/home/ubuntu/nemo_ws/install/examples_rclcpp_minimal_composition:/home/ubuntu/nemo_ws/install/examples_rclcpp_minimal_client:/home/ubuntu/nemo_ws/install/examples_rclcpp_minimal_action_server:/home/ubuntu/nemo_ws/install/examples_rclcpp_minimal_action_client:/home/ubuntu/nemo_ws/install/cv_bridge:/home/ubuntu/nemo_ws/install/camera_info_manager:/home/ubuntu/nemo_ws/install/camera_calibration_parsers:/home/ubuntu/nemo_ws/install/img_basics:/home/ubuntu/nemo_ws/install/examples_rclpy_minimal_subscriber:/home/ubuntu/nemo_ws/install/examples_rclpy_minimal_service:/home/ubuntu/nemo_ws/install/examples_rclpy_minimal_publisher:/home/ubuntu/nemo_ws/install/examples_rclpy_minimal_client:/home/ubuntu/nemo_ws/install/examples_rclpy_minimal_action_server:/home/ubuntu/nemo_ws/install/examples_rclpy_minimal_action_client:/home/ubuntu/nemo_ws/install/examples_rclpy_executors:/opt/ros/foxy LD_LIBRARY_PATH=/home/ubuntu/nemo_ws/src/install/image_transport/lib:/home/ubuntu/nemo_ws/src/install/cv_bridge/lib:${LD_LIBRARY_PATH} PYTHONPATH=/home/ubuntu/nemo_ws/src/install/cv_bridge/lib/python3.8/site-packages:${PYTHONPATH} /usr/bin/cmake --build /home/ubuntu/nemo_ws/src/build/compressed_depth_image_transport -- -j4 -l4
[103.671s] Invoking command in '/home/ubuntu/nemo_ws/src/build/compressed_depth_image_transport': AMENT_PREFIX_PATH=/home/ubuntu/nemo_ws/src/install/image_transport:/home/ubuntu/nemo_ws/src/install/cv_bridge:${AMENT_PREFIX_PATH} CMAKE_PREFIX_PATH=/home/ubuntu/nemo_ws/src/install/image_transport:/home/ubuntu/nemo_ws/src/install/cv_bridge:/home/ubuntu/nemo_ws/install/v4l2_camera:/home/ubuntu/nemo_ws/install/image_transport_plugins:/home/ubuntu/nemo_ws/install/theora_image_transport:/home/ubuntu/nemo_ws/install/compressed_image_transport:/home/ubuntu/nemo_ws/install/compressed_depth_image_transport:/home/ubuntu/nemo_ws/install/image_transport:/home/ubuntu/nemo_ws/install/examples_rclcpp_multithreaded_executor:/home/ubuntu/nemo_ws/install/examples_rclcpp_minimal_timer:/home/ubuntu/nemo_ws/install/examples_rclcpp_minimal_subscriber:/home/ubuntu/nemo_ws/install/examples_rclcpp_minimal_service:/home/ubuntu/nemo_ws/install/examples_rclcpp_minimal_publisher:/home/ubuntu/nemo_ws/install/examples_rclcpp_minimal_composition:/home/ubuntu/nemo_ws/install/examples_rclcpp_minimal_client:/home/ubuntu/nemo_ws/install/examples_rclcpp_minimal_action_server:/home/ubuntu/nemo_ws/install/examples_rclcpp_minimal_action_client:/home/ubuntu/nemo_ws/install/cv_bridge:/home/ubuntu/nemo_ws/install/camera_info_manager:/home/ubuntu/nemo_ws/install/camera_calibration_parsers:/home/ubuntu/nemo_ws/install/img_basics:/home/ubuntu/nemo_ws/install/examples_rclpy_minimal_subscriber:/home/ubuntu/nemo_ws/install/examples_rclpy_minimal_service:/home/ubuntu/nemo_ws/install/examples_rclpy_minimal_publisher:/home/ubuntu/nemo_ws/install/examples_rclpy_minimal_client:/home/ubuntu/nemo_ws/install/examples_rclpy_minimal_action_server:/home/ubuntu/nemo_ws/install/examples_rclpy_minimal_action_client:/home/ubuntu/nemo_ws/install/examples_rclpy_executors:/opt/ros/foxy LD_LIBRARY_PATH=/home/ubuntu/nemo_ws/src/install/image_transport/lib:/home/ubuntu/nemo_ws/src/install/cv_bridge/lib:${LD_LIBRARY_PATH} PYTHONPATH=/home/ubuntu/nemo_ws/src/install/cv_bridge/lib/python3.8/site-packages:${PYTHONPATH} /usr/bin/cmake --install /home/ubuntu/nemo_ws/src/build/compressed_depth_image_transport
[103.740s] -- Install configuration: ""
[103.744s] -- Installing: /home/ubuntu/nemo_ws/src/install/compressed_depth_image_transport/lib/libcompressed_depth_image_transport.so
[103.773s] -- Set runtime path of "/home/ubuntu/nemo_ws/src/install/compressed_depth_image_transport/lib/libcompressed_depth_image_transport.so" to ""
[103.775s] -- Installing: /home/ubuntu/nemo_ws/src/install/compressed_depth_image_transport/include
[103.777s] -- Installing: /home/ubuntu/nemo_ws/src/install/compressed_depth_image_transport/include/compressed_depth_image_transport
[103.779s] -- Installing: /home/ubuntu/nemo_ws/src/install/compressed_depth_image_transport/include/compressed_depth_image_transport/compressed_depth_subscriber.h
[103.782s] -- Installing: /home/ubuntu/nemo_ws/src/install/compressed_depth_image_transport/include/compressed_depth_image_transport/compression_common.h
[103.786s] -- Installing: /home/ubuntu/nemo_ws/src/install/compressed_depth_image_transport/include/compressed_depth_image_transport/codec.h
[103.790s] -- Installing: /home/ubuntu/nemo_ws/src/install/compressed_depth_image_transport/include/compressed_depth_image_transport/compressed_depth_publisher.h
[103.796s] -- Installing: /home/ubuntu/nemo_ws/src/install/compressed_depth_image_transport/share/compressed_depth_image_transport/compressed_depth_plugins.xml
[103.801s] -- Installing: /home/ubuntu/nemo_ws/src/install/compressed_depth_image_transport/share/ament_index/resource_index/package_run_dependencies/compressed_depth_image_transport
[103.805s] -- Installing: /home/ubuntu/nemo_ws/src/install/compressed_depth_image_transport/share/ament_index/resource_index/parent_prefix_path/compressed_depth_image_transport
[103.808s] -- Installing: /home/ubuntu/nemo_ws/src/install/compressed_depth_image_transport/share/compressed_depth_image_transport/environment/ament_prefix_path.sh
[103.811s] -- Installing: /home/ubuntu/nemo_ws/src/install/compressed_depth_image_transport/share/compressed_depth_image_transport/environment/ament_prefix_path.dsv
[103.814s] -- Installing: /home/ubuntu/nemo_ws/src/install/compressed_depth_image_transport/share/compressed_depth_image_transport/environment/path.sh
[103.817s] -- Installing: /home/ubuntu/nemo_ws/src/install/compressed_depth_image_transport/share/compressed_depth_image_transport/environment/path.dsv
[103.820s] -- Installing: /home/ubuntu/nemo_ws/src/install/compressed_depth_image_transport/share/compressed_depth_image_transport/local_setup.bash
[103.823s] -- Installing: /home/ubuntu/nemo_ws/src/install/compressed_depth_image_transport/share/compressed_depth_image_transport/local_setup.sh
[103.825s] -- Installing: /home/ubuntu/nemo_ws/src/install/compressed_depth_image_transport/share/compressed_depth_image_transport/local_setup.zsh
[103.828s] -- Installing: /home/ubuntu/nemo_ws/src/install/compressed_depth_image_transport/share/compressed_depth_image_transport/local_setup.dsv
[103.831s] -- Installing: /home/ubuntu/nemo_ws/src/install/compressed_depth_image_transport/share/compressed_depth_image_transport/package.dsv
[103.834s] -- Installing: /home/ubuntu/nemo_ws/src/install/compressed_depth_image_transport/share/ament_index/resource_index/packages/compressed_depth_image_transport
[103.837s] -- Installing: /home/ubuntu/nemo_ws/src/install/compressed_depth_image_transport/share/ament_index/resource_index/image_transport__pluginlib__plugin/compressed_depth_image_transport
[103.841s] -- Installing: /home/ubuntu/nemo_ws/src/install/compressed_depth_image_transport/share/compressed_depth_image_transport/cmake/compressed_depth_image_transportConfig.cmake
[103.843s] -- Installing: /home/ubuntu/nemo_ws/src/install/compressed_depth_image_transport/share/compressed_depth_image_transport/cmake/compressed_depth_image_transportConfig-version.cmake
[103.846s] -- Installing: /home/ubuntu/nemo_ws/src/install/compressed_depth_image_transport/share/compressed_depth_image_transport/package.xml
[103.869s] Invoked command in '/home/ubuntu/nemo_ws/src/build/compressed_depth_image_transport' returned '0': AMENT_PREFIX_PATH=/home/ubuntu/nemo_ws/src/install/image_transport:/home/ubuntu/nemo_ws/src/install/cv_bridge:${AMENT_PREFIX_PATH} CMAKE_PREFIX_PATH=/home/ubuntu/nemo_ws/src/install/image_transport:/home/ubuntu/nemo_ws/src/install/cv_bridge:/home/ubuntu/nemo_ws/install/v4l2_camera:/home/ubuntu/nemo_ws/install/image_transport_plugins:/home/ubuntu/nemo_ws/install/theora_image_transport:/home/ubuntu/nemo_ws/install/compressed_image_transport:/home/ubuntu/nemo_ws/install/compressed_depth_image_transport:/home/ubuntu/nemo_ws/install/image_transport:/home/ubuntu/nemo_ws/install/examples_rclcpp_multithreaded_executor:/home/ubuntu/nemo_ws/install/examples_rclcpp_minimal_timer:/home/ubuntu/nemo_ws/install/examples_rclcpp_minimal_subscriber:/home/ubuntu/nemo_ws/install/examples_rclcpp_minimal_service:/home/ubuntu/nemo_ws/install/examples_rclcpp_minimal_publisher:/home/ubuntu/nemo_ws/install/examples_rclcpp_minimal_composition:/home/ubuntu/nemo_ws/install/examples_rclcpp_minimal_client:/home/ubuntu/nemo_ws/install/examples_rclcpp_minimal_action_server:/home/ubuntu/nemo_ws/install/examples_rclcpp_minimal_action_client:/home/ubuntu/nemo_ws/install/cv_bridge:/home/ubuntu/nemo_ws/install/camera_info_manager:/home/ubuntu/nemo_ws/install/camera_calibration_parsers:/home/ubuntu/nemo_ws/install/img_basics:/home/ubuntu/nemo_ws/install/examples_rclpy_minimal_subscriber:/home/ubuntu/nemo_ws/install/examples_rclpy_minimal_service:/home/ubuntu/nemo_ws/install/examples_rclpy_minimal_publisher:/home/ubuntu/nemo_ws/install/examples_rclpy_minimal_client:/home/ubuntu/nemo_ws/install/examples_rclpy_minimal_action_server:/home/ubuntu/nemo_ws/install/examples_rclpy_minimal_action_client:/home/ubuntu/nemo_ws/install/examples_rclpy_executors:/opt/ros/foxy LD_LIBRARY_PATH=/home/ubuntu/nemo_ws/src/install/image_transport/lib:/home/ubuntu/nemo_ws/src/install/cv_bridge/lib:${LD_LIBRARY_PATH} PYTHONPATH=/home/ubuntu/nemo_ws/src/install/cv_bridge/lib/python3.8/site-packages:${PYTHONPATH} /usr/bin/cmake --install /home/ubuntu/nemo_ws/src/build/compressed_depth_image_transport
