[0.092s] Invoking command in '/home/ubuntu/nemo_ws/src/build/examples_rclcpp_minimal_client': CMAKE_PREFIX_PATH=${CMAKE_PREFIX_PATH}:/home/ubuntu/nemo_ws/install/img_basics:/home/ubuntu/nemo_ws/install/examples_rclpy_minimal_subscriber:/home/ubuntu/nemo_ws/install/examples_rclpy_minimal_service:/home/ubuntu/nemo_ws/install/examples_rclpy_minimal_publisher:/home/ubuntu/nemo_ws/install/examples_rclpy_minimal_client:/home/ubuntu/nemo_ws/install/examples_rclpy_minimal_action_server:/home/ubuntu/nemo_ws/install/examples_rclpy_minimal_action_client:/home/ubuntu/nemo_ws/install/examples_rclpy_executors:/opt/ros/foxy /usr/bin/cmake /home/ubuntu/nemo_ws/src/examples/rclcpp/services/minimal_client -DCMAKE_INSTALL_PREFIX=/home/ubuntu/nemo_ws/src/install/examples_rclcpp_minimal_client
[0.439s] -- The C compiler identification is GNU 9.4.0
[0.799s] -- The CXX compiler identification is GNU 9.4.0
[0.838s] -- Check for working C compiler: /usr/bin/cc
[1.313s] -- Check for working C compiler: /usr/bin/cc -- works
[1.317s] -- Detecting C compiler ABI info
[1.776s] -- Detecting C compiler ABI info - done
[1.832s] -- Detecting C compile features
[1.837s] -- Detecting C compile features - done
[1.855s] -- Check for working CXX compiler: /usr/bin/c++
[2.329s] -- Check for working CXX compiler: /usr/bin/c++ -- works
[2.334s] -- Detecting CXX compiler ABI info
[2.818s] -- Detecting CXX compiler ABI info - done
[2.869s] -- Detecting CXX compile features
[2.872s] -- Detecting CXX compile features - done
[2.920s] -- Found ament_cmake: 0.9.9 (/opt/ros/foxy/share/ament_cmake/cmake)
[3.164s] -- Found PythonInterp: /usr/bin/python3 (found suitable version "3.8.10", minimum required is "3") 
[3.166s] -- Using PYTHON_EXECUTABLE: /usr/bin/python3
[5.296s] -- Found example_interfaces: 0.9.1 (/opt/ros/foxy/share/example_interfaces/cmake)
[5.798s] -- Using all available rosidl_typesupport_c: rosidl_typesupport_fastrtps_c;rosidl_typesupport_introspection_c
[5.925s] -- Found rosidl_adapter: 1.2.1 (/opt/ros/foxy/share/rosidl_adapter/cmake)
[6.860s] -- Found OpenSSL: /usr/lib/aarch64-linux-gnu/libcrypto.so (found version "1.1.1f")  
[7.186s] -- Found FastRTPS: /opt/ros/foxy/include  
[8.038s] -- Using all available rosidl_typesupport_cpp: rosidl_typesupport_fastrtps_cpp;rosidl_typesupport_introspection_cpp
[8.892s] -- Found rclcpp: 2.4.1 (/opt/ros/foxy/share/rclcpp/cmake)
[9.382s] -- Found rmw_implementation_cmake: 1.0.3 (/opt/ros/foxy/share/rmw_implementation_cmake/cmake)
[9.397s] -- Using RMW implementation 'rmw_fastrtps_cpp' as default
[9.405s] -- Looking for pthread.h
[9.862s] -- Looking for pthread.h - found
[9.865s] -- Performing Test CMAKE_HAVE_LIBC_PTHREAD
[10.328s] -- Performing Test CMAKE_HAVE_LIBC_PTHREAD - Failed
[10.330s] -- Looking for pthread_create in pthreads
[10.707s] -- Looking for pthread_create in pthreads - not found
[10.709s] -- Looking for pthread_create in pthread
[11.179s] -- Looking for pthread_create in pthread - found
[11.184s] -- Found Threads: TRUE  
[12.214s] -- Found ament_lint_auto: 0.9.6 (/opt/ros/foxy/share/ament_lint_auto/cmake)
[12.943s] -- Added test 'copyright' to check source files copyright and LICENSE
[12.953s] -- Added test 'cppcheck' to perform static code analysis on C / C++ code
[12.954s] -- Configured cppcheck include dirs: 
[12.955s] -- Configured cppcheck exclude dirs and/or files: 
[12.961s] -- Added test 'cpplint' to check C / C++ code against the Google style
[12.962s] -- Configured cpplint exclude dirs and/or files: 
[12.968s] -- Added test 'lint_cmake' to check CMake code style
[12.976s] -- Added test 'uncrustify' to check C / C++ code style
[12.977s] -- Configured uncrustify additional arguments: 
[12.982s] -- Added test 'xmllint' to check XML markup files
[13.013s] -- Configuring done
[13.056s] -- Generating done
[13.065s] -- Build files have been written to: /home/ubuntu/nemo_ws/src/build/examples_rclcpp_minimal_client
[13.123s] Invoked command in '/home/ubuntu/nemo_ws/src/build/examples_rclcpp_minimal_client' returned '0': CMAKE_PREFIX_PATH=${CMAKE_PREFIX_PATH}:/home/ubuntu/nemo_ws/install/img_basics:/home/ubuntu/nemo_ws/install/examples_rclpy_minimal_subscriber:/home/ubuntu/nemo_ws/install/examples_rclpy_minimal_service:/home/ubuntu/nemo_ws/install/examples_rclpy_minimal_publisher:/home/ubuntu/nemo_ws/install/examples_rclpy_minimal_client:/home/ubuntu/nemo_ws/install/examples_rclpy_minimal_action_server:/home/ubuntu/nemo_ws/install/examples_rclpy_minimal_action_client:/home/ubuntu/nemo_ws/install/examples_rclpy_executors:/opt/ros/foxy /usr/bin/cmake /home/ubuntu/nemo_ws/src/examples/rclcpp/services/minimal_client -DCMAKE_INSTALL_PREFIX=/home/ubuntu/nemo_ws/src/install/examples_rclcpp_minimal_client
[13.137s] Invoking command in '/home/ubuntu/nemo_ws/src/build/examples_rclcpp_minimal_client': CMAKE_PREFIX_PATH=${CMAKE_PREFIX_PATH}:/home/ubuntu/nemo_ws/install/img_basics:/home/ubuntu/nemo_ws/install/examples_rclpy_minimal_subscriber:/home/ubuntu/nemo_ws/install/examples_rclpy_minimal_service:/home/ubuntu/nemo_ws/install/examples_rclpy_minimal_publisher:/home/ubuntu/nemo_ws/install/examples_rclpy_minimal_client:/home/ubuntu/nemo_ws/install/examples_rclpy_minimal_action_server:/home/ubuntu/nemo_ws/install/examples_rclpy_minimal_action_client:/home/ubuntu/nemo_ws/install/examples_rclpy_executors:/opt/ros/foxy /usr/bin/cmake --build /home/ubuntu/nemo_ws/src/build/examples_rclcpp_minimal_client -- -j4 -l4
[13.410s] [35m[1mScanning dependencies of target client_main[0m
[13.682s] [ 50%] [32mBuilding CXX object CMakeFiles/client_main.dir/main.cpp.o[0m
[28.746s] [100%] [32m[1mLinking CXX executable client_main[0m
[29.687s] [100%] Built target client_main
[29.768s] Invoked command in '/home/ubuntu/nemo_ws/src/build/examples_rclcpp_minimal_client' returned '0': CMAKE_PREFIX_PATH=${CMAKE_PREFIX_PATH}:/home/ubuntu/nemo_ws/install/img_basics:/home/ubuntu/nemo_ws/install/examples_rclpy_minimal_subscriber:/home/ubuntu/nemo_ws/install/examples_rclpy_minimal_service:/home/ubuntu/nemo_ws/install/examples_rclpy_minimal_publisher:/home/ubuntu/nemo_ws/install/examples_rclpy_minimal_client:/home/ubuntu/nemo_ws/install/examples_rclpy_minimal_action_server:/home/ubuntu/nemo_ws/install/examples_rclpy_minimal_action_client:/home/ubuntu/nemo_ws/install/examples_rclpy_executors:/opt/ros/foxy /usr/bin/cmake --build /home/ubuntu/nemo_ws/src/build/examples_rclcpp_minimal_client -- -j4 -l4
[29.964s] Invoking command in '/home/ubuntu/nemo_ws/src/build/examples_rclcpp_minimal_client': CMAKE_PREFIX_PATH=${CMAKE_PREFIX_PATH}:/home/ubuntu/nemo_ws/install/img_basics:/home/ubuntu/nemo_ws/install/examples_rclpy_minimal_subscriber:/home/ubuntu/nemo_ws/install/examples_rclpy_minimal_service:/home/ubuntu/nemo_ws/install/examples_rclpy_minimal_publisher:/home/ubuntu/nemo_ws/install/examples_rclpy_minimal_client:/home/ubuntu/nemo_ws/install/examples_rclpy_minimal_action_server:/home/ubuntu/nemo_ws/install/examples_rclpy_minimal_action_client:/home/ubuntu/nemo_ws/install/examples_rclpy_executors:/opt/ros/foxy /usr/bin/cmake --install /home/ubuntu/nemo_ws/src/build/examples_rclcpp_minimal_client
[30.047s] -- Install configuration: ""
[30.052s] -- Installing: /home/ubuntu/nemo_ws/src/install/examples_rclcpp_minimal_client/lib/examples_rclcpp_minimal_client/client_main
[30.061s] -- Set runtime path of "/home/ubuntu/nemo_ws/src/install/examples_rclcpp_minimal_client/lib/examples_rclcpp_minimal_client/client_main" to ""
[30.064s] -- Installing: /home/ubuntu/nemo_ws/src/install/examples_rclcpp_minimal_client/share/ament_index/resource_index/package_run_dependencies/examples_rclcpp_minimal_client
[30.069s] -- Installing: /home/ubuntu/nemo_ws/src/install/examples_rclcpp_minimal_client/share/ament_index/resource_index/parent_prefix_path/examples_rclcpp_minimal_client
[30.074s] -- Installing: /home/ubuntu/nemo_ws/src/install/examples_rclcpp_minimal_client/share/examples_rclcpp_minimal_client/environment/ament_prefix_path.sh
[30.078s] -- Installing: /home/ubuntu/nemo_ws/src/install/examples_rclcpp_minimal_client/share/examples_rclcpp_minimal_client/environment/ament_prefix_path.dsv
[30.083s] -- Installing: /home/ubuntu/nemo_ws/src/install/examples_rclcpp_minimal_client/share/examples_rclcpp_minimal_client/environment/path.sh
[30.088s] -- Installing: /home/ubuntu/nemo_ws/src/install/examples_rclcpp_minimal_client/share/examples_rclcpp_minimal_client/environment/path.dsv
[30.092s] -- Installing: /home/ubuntu/nemo_ws/src/install/examples_rclcpp_minimal_client/share/examples_rclcpp_minimal_client/local_setup.bash
[30.096s] -- Installing: /home/ubuntu/nemo_ws/src/install/examples_rclcpp_minimal_client/share/examples_rclcpp_minimal_client/local_setup.sh
[30.101s] -- Installing: /home/ubuntu/nemo_ws/src/install/examples_rclcpp_minimal_client/share/examples_rclcpp_minimal_client/local_setup.zsh
[30.106s] -- Installing: /home/ubuntu/nemo_ws/src/install/examples_rclcpp_minimal_client/share/examples_rclcpp_minimal_client/local_setup.dsv
[30.110s] -- Installing: /home/ubuntu/nemo_ws/src/install/examples_rclcpp_minimal_client/share/examples_rclcpp_minimal_client/package.dsv
[30.116s] -- Installing: /home/ubuntu/nemo_ws/src/install/examples_rclcpp_minimal_client/share/ament_index/resource_index/packages/examples_rclcpp_minimal_client
[30.120s] -- Installing: /home/ubuntu/nemo_ws/src/install/examples_rclcpp_minimal_client/share/examples_rclcpp_minimal_client/cmake/examples_rclcpp_minimal_clientConfig.cmake
[30.124s] -- Installing: /home/ubuntu/nemo_ws/src/install/examples_rclcpp_minimal_client/share/examples_rclcpp_minimal_client/cmake/examples_rclcpp_minimal_clientConfig-version.cmake
[30.128s] -- Installing: /home/ubuntu/nemo_ws/src/install/examples_rclcpp_minimal_client/share/examples_rclcpp_minimal_client/package.xml
[30.143s] Invoked command in '/home/ubuntu/nemo_ws/src/build/examples_rclcpp_minimal_client' returned '0': CMAKE_PREFIX_PATH=${CMAKE_PREFIX_PATH}:/home/ubuntu/nemo_ws/install/img_basics:/home/ubuntu/nemo_ws/install/examples_rclpy_minimal_subscriber:/home/ubuntu/nemo_ws/install/examples_rclpy_minimal_service:/home/ubuntu/nemo_ws/install/examples_rclpy_minimal_publisher:/home/ubuntu/nemo_ws/install/examples_rclpy_minimal_client:/home/ubuntu/nemo_ws/install/examples_rclpy_minimal_action_server:/home/ubuntu/nemo_ws/install/examples_rclpy_minimal_action_client:/home/ubuntu/nemo_ws/install/examples_rclpy_executors:/opt/ros/foxy /usr/bin/cmake --install /home/ubuntu/nemo_ws/src/build/examples_rclcpp_minimal_client
