[0.198s] Invoking command in '/home/ubuntu/nemo_ws/src/build/theora_image_transport': AMENT_PREFIX_PATH=/home/ubuntu/nemo_ws/src/install/image_transport:/home/ubuntu/nemo_ws/src/install/cv_bridge:${AMENT_PREFIX_PATH} CMAKE_PREFIX_PATH=/home/ubuntu/nemo_ws/src/install/image_transport:/home/ubuntu/nemo_ws/src/install/cv_bridge:/home/ubuntu/nemo_ws/install/vision_opencv:/home/ubuntu/nemo_ws/install/v4l2_camera:/home/ubuntu/nemo_ws/install/image_transport_plugins:/home/ubuntu/nemo_ws/install/theora_image_transport:/home/ubuntu/nemo_ws/install/image_common:/home/ubuntu/nemo_ws/install/compressed_image_transport:/home/ubuntu/nemo_ws/install/compressed_depth_image_transport:/home/ubuntu/nemo_ws/install/image_transport:/home/ubuntu/nemo_ws/install/image_geometry:/home/ubuntu/nemo_ws/install/examples_rclcpp_multithreaded_executor:/home/ubuntu/nemo_ws/install/examples_rclcpp_minimal_timer:/home/ubuntu/nemo_ws/install/examples_rclcpp_minimal_subscriber:/home/ubuntu/nemo_ws/install/examples_rclcpp_minimal_service:/home/ubuntu/nemo_ws/install/examples_rclcpp_minimal_publisher:/home/ubuntu/nemo_ws/install/examples_rclcpp_minimal_composition:/home/ubuntu/nemo_ws/install/examples_rclcpp_minimal_client:/home/ubuntu/nemo_ws/install/examples_rclcpp_minimal_action_server:/home/ubuntu/nemo_ws/install/examples_rclcpp_minimal_action_client:/home/ubuntu/nemo_ws/install/cv_bridge:/home/ubuntu/nemo_ws/install/camera_info_manager:/home/ubuntu/nemo_ws/install/camera_calibration_parsers:/home/ubuntu/nemo_ws/install/path_finder:/home/ubuntu/nemo_ws/install/opencv_tests:/home/ubuntu/nemo_ws/install/img_basics:/home/ubuntu/nemo_ws/install/examples_rclpy_minimal_subscriber:/home/ubuntu/nemo_ws/install/examples_rclpy_minimal_service:/home/ubuntu/nemo_ws/install/examples_rclpy_minimal_publisher:/home/ubuntu/nemo_ws/install/examples_rclpy_minimal_client:/home/ubuntu/nemo_ws/install/examples_rclpy_minimal_action_server:/home/ubuntu/nemo_ws/install/examples_rclpy_minimal_action_client:/home/ubuntu/nemo_ws/install/examples_rclpy_executors:/opt/ros/foxy LD_LIBRARY_PATH=/home/ubuntu/nemo_ws/src/install/image_transport/lib:/home/ubuntu/nemo_ws/src/install/cv_bridge/lib:${LD_LIBRARY_PATH} PYTHONPATH=/home/ubuntu/nemo_ws/src/install/cv_bridge/lib/python3.8/site-packages:${PYTHONPATH} /usr/bin/cmake --build /home/ubuntu/nemo_ws/src/build/theora_image_transport -- -j4 -l4
[0.618s] [  2%] Built target theora_image_transport__cpp
[0.833s] [ 10%] Built target theora_image_transport__rosidl_generator_c
[1.037s] [ 18%] Built target theora_image_transport__rosidl_typesupport_fastrtps_cpp
[1.273s] [ 27%] Built target theora_image_transport__rosidl_typesupport_introspection_c
[1.481s] [ 35%] Built target theora_image_transport__rosidl_typesupport_c
[1.725s] [ 43%] Built target theora_image_transport__rosidl_typesupport_fastrtps_c
[1.907s] [ 51%] Built target theora_image_transport__rosidl_typesupport_cpp
[2.076s] [ 59%] Built target theora_image_transport__rosidl_typesupport_introspection_cpp
[2.235s] [ 59%] Built target theora_image_transport
[2.389s] [ 62%] Built target theora_image_transport__py
[2.649s] [ 67%] Built target ogg_saver
[2.900s] [ 72%] Built target theora_image_transport__python
[3.168s] [ 83%] Built target theora_image_transport_component
[3.451s] [ 89%] Built target theora_image_transport__rosidl_typesupport_fastrtps_c__pyext
[3.681s] [ 94%] Built target theora_image_transport__rosidl_typesupport_introspection_c__pyext
[3.901s] [100%] Built target theora_image_transport__rosidl_typesupport_c__pyext
[4.763s] Invoked command in '/home/ubuntu/nemo_ws/src/build/theora_image_transport' returned '0': AMENT_PREFIX_PATH=/home/ubuntu/nemo_ws/src/install/image_transport:/home/ubuntu/nemo_ws/src/install/cv_bridge:${AMENT_PREFIX_PATH} CMAKE_PREFIX_PATH=/home/ubuntu/nemo_ws/src/install/image_transport:/home/ubuntu/nemo_ws/src/install/cv_bridge:/home/ubuntu/nemo_ws/install/vision_opencv:/home/ubuntu/nemo_ws/install/v4l2_camera:/home/ubuntu/nemo_ws/install/image_transport_plugins:/home/ubuntu/nemo_ws/install/theora_image_transport:/home/ubuntu/nemo_ws/install/image_common:/home/ubuntu/nemo_ws/install/compressed_image_transport:/home/ubuntu/nemo_ws/install/compressed_depth_image_transport:/home/ubuntu/nemo_ws/install/image_transport:/home/ubuntu/nemo_ws/install/image_geometry:/home/ubuntu/nemo_ws/install/examples_rclcpp_multithreaded_executor:/home/ubuntu/nemo_ws/install/examples_rclcpp_minimal_timer:/home/ubuntu/nemo_ws/install/examples_rclcpp_minimal_subscriber:/home/ubuntu/nemo_ws/install/examples_rclcpp_minimal_service:/home/ubuntu/nemo_ws/install/examples_rclcpp_minimal_publisher:/home/ubuntu/nemo_ws/install/examples_rclcpp_minimal_composition:/home/ubuntu/nemo_ws/install/examples_rclcpp_minimal_client:/home/ubuntu/nemo_ws/install/examples_rclcpp_minimal_action_server:/home/ubuntu/nemo_ws/install/examples_rclcpp_minimal_action_client:/home/ubuntu/nemo_ws/install/cv_bridge:/home/ubuntu/nemo_ws/install/camera_info_manager:/home/ubuntu/nemo_ws/install/camera_calibration_parsers:/home/ubuntu/nemo_ws/install/path_finder:/home/ubuntu/nemo_ws/install/opencv_tests:/home/ubuntu/nemo_ws/install/img_basics:/home/ubuntu/nemo_ws/install/examples_rclpy_minimal_subscriber:/home/ubuntu/nemo_ws/install/examples_rclpy_minimal_service:/home/ubuntu/nemo_ws/install/examples_rclpy_minimal_publisher:/home/ubuntu/nemo_ws/install/examples_rclpy_minimal_client:/home/ubuntu/nemo_ws/install/examples_rclpy_minimal_action_server:/home/ubuntu/nemo_ws/install/examples_rclpy_minimal_action_client:/home/ubuntu/nemo_ws/install/examples_rclpy_executors:/opt/ros/foxy LD_LIBRARY_PATH=/home/ubuntu/nemo_ws/src/install/image_transport/lib:/home/ubuntu/nemo_ws/src/install/cv_bridge/lib:${LD_LIBRARY_PATH} PYTHONPATH=/home/ubuntu/nemo_ws/src/install/cv_bridge/lib/python3.8/site-packages:${PYTHONPATH} /usr/bin/cmake --build /home/ubuntu/nemo_ws/src/build/theora_image_transport -- -j4 -l4
[6.618s] Invoking command in '/home/ubuntu/nemo_ws/src/build/theora_image_transport': AMENT_PREFIX_PATH=/home/ubuntu/nemo_ws/src/install/image_transport:/home/ubuntu/nemo_ws/src/install/cv_bridge:${AMENT_PREFIX_PATH} CMAKE_PREFIX_PATH=/home/ubuntu/nemo_ws/src/install/image_transport:/home/ubuntu/nemo_ws/src/install/cv_bridge:/home/ubuntu/nemo_ws/install/vision_opencv:/home/ubuntu/nemo_ws/install/v4l2_camera:/home/ubuntu/nemo_ws/install/image_transport_plugins:/home/ubuntu/nemo_ws/install/theora_image_transport:/home/ubuntu/nemo_ws/install/image_common:/home/ubuntu/nemo_ws/install/compressed_image_transport:/home/ubuntu/nemo_ws/install/compressed_depth_image_transport:/home/ubuntu/nemo_ws/install/image_transport:/home/ubuntu/nemo_ws/install/image_geometry:/home/ubuntu/nemo_ws/install/examples_rclcpp_multithreaded_executor:/home/ubuntu/nemo_ws/install/examples_rclcpp_minimal_timer:/home/ubuntu/nemo_ws/install/examples_rclcpp_minimal_subscriber:/home/ubuntu/nemo_ws/install/examples_rclcpp_minimal_service:/home/ubuntu/nemo_ws/install/examples_rclcpp_minimal_publisher:/home/ubuntu/nemo_ws/install/examples_rclcpp_minimal_composition:/home/ubuntu/nemo_ws/install/examples_rclcpp_minimal_client:/home/ubuntu/nemo_ws/install/examples_rclcpp_minimal_action_server:/home/ubuntu/nemo_ws/install/examples_rclcpp_minimal_action_client:/home/ubuntu/nemo_ws/install/cv_bridge:/home/ubuntu/nemo_ws/install/camera_info_manager:/home/ubuntu/nemo_ws/install/camera_calibration_parsers:/home/ubuntu/nemo_ws/install/path_finder:/home/ubuntu/nemo_ws/install/opencv_tests:/home/ubuntu/nemo_ws/install/img_basics:/home/ubuntu/nemo_ws/install/examples_rclpy_minimal_subscriber:/home/ubuntu/nemo_ws/install/examples_rclpy_minimal_service:/home/ubuntu/nemo_ws/install/examples_rclpy_minimal_publisher:/home/ubuntu/nemo_ws/install/examples_rclpy_minimal_client:/home/ubuntu/nemo_ws/install/examples_rclpy_minimal_action_server:/home/ubuntu/nemo_ws/install/examples_rclpy_minimal_action_client:/home/ubuntu/nemo_ws/install/examples_rclpy_executors:/opt/ros/foxy LD_LIBRARY_PATH=/home/ubuntu/nemo_ws/src/install/image_transport/lib:/home/ubuntu/nemo_ws/src/install/cv_bridge/lib:${LD_LIBRARY_PATH} PYTHONPATH=/home/ubuntu/nemo_ws/src/install/cv_bridge/lib/python3.8/site-packages:${PYTHONPATH} /usr/bin/cmake --install /home/ubuntu/nemo_ws/src/build/theora_image_transport
[6.700s] -- Install configuration: ""
[6.701s] -- Up-to-date: /home/ubuntu/nemo_ws/src/install/theora_image_transport/share/ament_index/resource_index/rosidl_interfaces/theora_image_transport
[6.701s] -- Up-to-date: /home/ubuntu/nemo_ws/src/install/theora_image_transport/include/theora_image_transport
[6.728s] -- Up-to-date: /home/ubuntu/nemo_ws/src/install/theora_image_transport/include/theora_image_transport/msg
[6.729s] -- Up-to-date: /home/ubuntu/nemo_ws/src/install/theora_image_transport/include/theora_image_transport/msg/rosidl_generator_c__visibility_control.h
[6.731s] -- Up-to-date: /home/ubuntu/nemo_ws/src/install/theora_image_transport/include/theora_image_transport/msg/detail
[6.738s] -- Up-to-date: /home/ubuntu/nemo_ws/src/install/theora_image_transport/include/theora_image_transport/msg/detail/packet__functions.c
[6.740s] -- Up-to-date: /home/ubuntu/nemo_ws/src/install/theora_image_transport/include/theora_image_transport/msg/detail/packet__functions.h
[6.743s] -- Up-to-date: /home/ubuntu/nemo_ws/src/install/theora_image_transport/include/theora_image_transport/msg/detail/packet__type_support.h
[6.744s] -- Up-to-date: /home/ubuntu/nemo_ws/src/install/theora_image_transport/include/theora_image_transport/msg/detail/packet__struct.h
[6.745s] -- Up-to-date: /home/ubuntu/nemo_ws/src/install/theora_image_transport/include/theora_image_transport/msg/packet.h
[6.750s] -- Up-to-date: /home/ubuntu/nemo_ws/src/install/theora_image_transport/share/theora_image_transport/environment/library_path.sh
[6.753s] -- Up-to-date: /home/ubuntu/nemo_ws/src/install/theora_image_transport/share/theora_image_transport/environment/library_path.dsv
[6.755s] -- Up-to-date: /home/ubuntu/nemo_ws/src/install/theora_image_transport/lib/libtheora_image_transport__rosidl_generator_c.so
[6.756s] -- Up-to-date: /home/ubuntu/nemo_ws/src/install/theora_image_transport/include/theora_image_transport
[6.758s] -- Up-to-date: /home/ubuntu/nemo_ws/src/install/theora_image_transport/include/theora_image_transport/msg
[6.760s] -- Up-to-date: /home/ubuntu/nemo_ws/src/install/theora_image_transport/include/theora_image_transport/msg/detail
[6.761s] -- Up-to-date: /home/ubuntu/nemo_ws/src/install/theora_image_transport/include/theora_image_transport/msg/detail/packet__rosidl_typesupport_fastrtps_c.h
[6.763s] -- Up-to-date: /home/ubuntu/nemo_ws/src/install/theora_image_transport/include/theora_image_transport/msg/rosidl_typesupport_fastrtps_c__visibility_control.h
[6.765s] -- Up-to-date: /home/ubuntu/nemo_ws/src/install/theora_image_transport/lib/libtheora_image_transport__rosidl_typesupport_fastrtps_c.so
[6.777s] -- Up-to-date: /home/ubuntu/nemo_ws/src/install/theora_image_transport/include/theora_image_transport
[6.780s] -- Up-to-date: /home/ubuntu/nemo_ws/src/install/theora_image_transport/include/theora_image_transport/msg
[6.784s] -- Up-to-date: /home/ubuntu/nemo_ws/src/install/theora_image_transport/include/theora_image_transport/msg/detail
[6.785s] -- Up-to-date: /home/ubuntu/nemo_ws/src/install/theora_image_transport/include/theora_image_transport/msg/detail/dds_fastrtps
[6.805s] -- Up-to-date: /home/ubuntu/nemo_ws/src/install/theora_image_transport/include/theora_image_transport/msg/detail/packet__rosidl_typesupport_fastrtps_cpp.hpp
[6.807s] -- Up-to-date: /home/ubuntu/nemo_ws/src/install/theora_image_transport/include/theora_image_transport/msg/rosidl_typesupport_fastrtps_cpp__visibility_control.h
[6.808s] -- Up-to-date: /home/ubuntu/nemo_ws/src/install/theora_image_transport/lib/libtheora_image_transport__rosidl_typesupport_fastrtps_cpp.so
[6.809s] -- Up-to-date: /home/ubuntu/nemo_ws/src/install/theora_image_transport/include/theora_image_transport
[6.810s] -- Up-to-date: /home/ubuntu/nemo_ws/src/install/theora_image_transport/include/theora_image_transport/msg
[6.812s] -- Up-to-date: /home/ubuntu/nemo_ws/src/install/theora_image_transport/include/theora_image_transport/msg/rosidl_typesupport_introspection_c__visibility_control.h
[6.813s] -- Up-to-date: /home/ubuntu/nemo_ws/src/install/theora_image_transport/include/theora_image_transport/msg/detail
[6.815s] -- Up-to-date: /home/ubuntu/nemo_ws/src/install/theora_image_transport/include/theora_image_transport/msg/detail/packet__type_support.c
[6.816s] -- Up-to-date: /home/ubuntu/nemo_ws/src/install/theora_image_transport/include/theora_image_transport/msg/detail/packet__rosidl_typesupport_introspection_c.h
[6.817s] -- Up-to-date: /home/ubuntu/nemo_ws/src/install/theora_image_transport/lib/libtheora_image_transport__rosidl_typesupport_introspection_c.so
[6.834s] -- Up-to-date: /home/ubuntu/nemo_ws/src/install/theora_image_transport/lib/libtheora_image_transport__rosidl_typesupport_c.so
[6.835s] -- Up-to-date: /home/ubuntu/nemo_ws/src/install/theora_image_transport/include/theora_image_transport
[6.836s] -- Up-to-date: /home/ubuntu/nemo_ws/src/install/theora_image_transport/include/theora_image_transport/msg
[6.837s] -- Up-to-date: /home/ubuntu/nemo_ws/src/install/theora_image_transport/include/theora_image_transport/msg/detail
[6.838s] -- Up-to-date: /home/ubuntu/nemo_ws/src/install/theora_image_transport/include/theora_image_transport/msg/detail/packet__builder.hpp
[6.839s] -- Up-to-date: /home/ubuntu/nemo_ws/src/install/theora_image_transport/include/theora_image_transport/msg/detail/packet__struct.hpp
[6.840s] -- Up-to-date: /home/ubuntu/nemo_ws/src/install/theora_image_transport/include/theora_image_transport/msg/detail/packet__traits.hpp
[6.841s] -- Up-to-date: /home/ubuntu/nemo_ws/src/install/theora_image_transport/include/theora_image_transport/msg/packet.hpp
[6.843s] -- Up-to-date: /home/ubuntu/nemo_ws/src/install/theora_image_transport/include/theora_image_transport
[6.844s] -- Up-to-date: /home/ubuntu/nemo_ws/src/install/theora_image_transport/include/theora_image_transport/msg
[6.844s] -- Up-to-date: /home/ubuntu/nemo_ws/src/install/theora_image_transport/include/theora_image_transport/msg/detail
[6.845s] -- Up-to-date: /home/ubuntu/nemo_ws/src/install/theora_image_transport/include/theora_image_transport/msg/detail/packet__type_support.cpp
[6.846s] -- Up-to-date: /home/ubuntu/nemo_ws/src/install/theora_image_transport/include/theora_image_transport/msg/detail/packet__rosidl_typesupport_introspection_cpp.hpp
[6.847s] -- Up-to-date: /home/ubuntu/nemo_ws/src/install/theora_image_transport/lib/libtheora_image_transport__rosidl_typesupport_introspection_cpp.so
[6.848s] -- Up-to-date: /home/ubuntu/nemo_ws/src/install/theora_image_transport/lib/libtheora_image_transport__rosidl_typesupport_cpp.so
[6.849s] -- Up-to-date: /home/ubuntu/nemo_ws/src/install/theora_image_transport/share/theora_image_transport/environment/pythonpath.sh
[6.850s] -- Up-to-date: /home/ubuntu/nemo_ws/src/install/theora_image_transport/share/theora_image_transport/environment/pythonpath.dsv
[6.864s] -- Up-to-date: /home/ubuntu/nemo_ws/src/install/theora_image_transport/lib/python3.8/site-packages/theora_image_transport/__init__.py
[7.081s] -- Up-to-date: /home/ubuntu/nemo_ws/src/install/theora_image_transport/lib/python3.8/site-packages/theora_image_transport/msg
[7.085s] -- Up-to-date: /home/ubuntu/nemo_ws/src/install/theora_image_transport/lib/python3.8/site-packages/theora_image_transport/msg/_packet.py
[7.088s] -- Up-to-date: /home/ubuntu/nemo_ws/src/install/theora_image_transport/lib/python3.8/site-packages/theora_image_transport/msg/__init__.py
[7.089s] -- Up-to-date: /home/ubuntu/nemo_ws/src/install/theora_image_transport/lib/python3.8/site-packages/theora_image_transport/msg/_packet_s.c
[7.092s] -- Up-to-date: /home/ubuntu/nemo_ws/src/install/theora_image_transport/lib/python3.8/site-packages/theora_image_transport/theora_image_transport_s__rosidl_typesupport_fastrtps_c.cpython-38-aarch64-linux-gnu.so
[7.098s] -- Up-to-date: /home/ubuntu/nemo_ws/src/install/theora_image_transport/lib/python3.8/site-packages/theora_image_transport/theora_image_transport_s__rosidl_typesupport_introspection_c.cpython-38-aarch64-linux-gnu.so
[7.105s] -- Up-to-date: /home/ubuntu/nemo_ws/src/install/theora_image_transport/lib/python3.8/site-packages/theora_image_transport/theora_image_transport_s__rosidl_typesupport_c.cpython-38-aarch64-linux-gnu.so
[7.110s] -- Up-to-date: /home/ubuntu/nemo_ws/src/install/theora_image_transport/lib/libtheora_image_transport__python.so
[7.113s] -- Up-to-date: /home/ubuntu/nemo_ws/src/install/theora_image_transport/share/theora_image_transport/msg/Packet.idl
[7.114s] -- Up-to-date: /home/ubuntu/nemo_ws/src/install/theora_image_transport/share/theora_image_transport/msg/Packet.msg
[7.118s] -- Up-to-date: /home/ubuntu/nemo_ws/src/install/theora_image_transport/lib/theora_image_transport/libtheora_image_transport_component.so
[7.123s] -- Up-to-date: /home/ubuntu/nemo_ws/src/install/theora_image_transport/bin/ogg_saver
[7.125s] -- Up-to-date: /home/ubuntu/nemo_ws/src/install/theora_image_transport/include
[7.127s] -- Up-to-date: /home/ubuntu/nemo_ws/src/install/theora_image_transport/include/theora_image_transport
[7.127s] -- Up-to-date: /home/ubuntu/nemo_ws/src/install/theora_image_transport/include/theora_image_transport/theora_publisher.h
[7.128s] -- Up-to-date: /home/ubuntu/nemo_ws/src/install/theora_image_transport/include/theora_image_transport/theora_subscriber.h
[7.129s] -- Up-to-date: /home/ubuntu/nemo_ws/src/install/theora_image_transport/share/theora_image_transport/theora_plugins.xml
[7.130s] -- Up-to-date: /home/ubuntu/nemo_ws/src/install/theora_image_transport/share/ament_index/resource_index/package_run_dependencies/theora_image_transport
[7.131s] -- Up-to-date: /home/ubuntu/nemo_ws/src/install/theora_image_transport/share/ament_index/resource_index/parent_prefix_path/theora_image_transport
[7.132s] -- Up-to-date: /home/ubuntu/nemo_ws/src/install/theora_image_transport/share/theora_image_transport/environment/ament_prefix_path.sh
[7.133s] -- Up-to-date: /home/ubuntu/nemo_ws/src/install/theora_image_transport/share/theora_image_transport/environment/ament_prefix_path.dsv
[7.134s] -- Up-to-date: /home/ubuntu/nemo_ws/src/install/theora_image_transport/share/theora_image_transport/environment/path.sh
[7.142s] -- Up-to-date: /home/ubuntu/nemo_ws/src/install/theora_image_transport/share/theora_image_transport/environment/path.dsv
[7.144s] -- Up-to-date: /home/ubuntu/nemo_ws/src/install/theora_image_transport/share/theora_image_transport/local_setup.bash
[7.145s] -- Up-to-date: /home/ubuntu/nemo_ws/src/install/theora_image_transport/share/theora_image_transport/local_setup.sh
[7.146s] -- Up-to-date: /home/ubuntu/nemo_ws/src/install/theora_image_transport/share/theora_image_transport/local_setup.zsh
[7.147s] -- Up-to-date: /home/ubuntu/nemo_ws/src/install/theora_image_transport/share/theora_image_transport/local_setup.dsv
[7.148s] -- Installing: /home/ubuntu/nemo_ws/src/install/theora_image_transport/share/theora_image_transport/package.dsv
[7.148s] -- Up-to-date: /home/ubuntu/nemo_ws/src/install/theora_image_transport/share/ament_index/resource_index/packages/theora_image_transport
[7.148s] -- Up-to-date: /home/ubuntu/nemo_ws/src/install/theora_image_transport/share/ament_index/resource_index/image_transport__pluginlib__plugin/theora_image_transport
[7.151s] -- Up-to-date: /home/ubuntu/nemo_ws/src/install/theora_image_transport/share/theora_image_transport/cmake/theora_image_transport__rosidl_generator_cExport.cmake
[7.153s] -- Up-to-date: /home/ubuntu/nemo_ws/src/install/theora_image_transport/share/theora_image_transport/cmake/theora_image_transport__rosidl_generator_cExport-noconfig.cmake
[7.160s] -- Up-to-date: /home/ubuntu/nemo_ws/src/install/theora_image_transport/share/theora_image_transport/cmake/theora_image_transport__rosidl_typesupport_introspection_cExport.cmake
[7.161s] -- Up-to-date: /home/ubuntu/nemo_ws/src/install/theora_image_transport/share/theora_image_transport/cmake/theora_image_transport__rosidl_typesupport_introspection_cExport-noconfig.cmake
[7.164s] -- Up-to-date: /home/ubuntu/nemo_ws/src/install/theora_image_transport/share/theora_image_transport/cmake/theora_image_transport__rosidl_typesupport_cExport.cmake
[7.166s] -- Up-to-date: /home/ubuntu/nemo_ws/src/install/theora_image_transport/share/theora_image_transport/cmake/theora_image_transport__rosidl_typesupport_cExport-noconfig.cmake
[7.169s] -- Up-to-date: /home/ubuntu/nemo_ws/src/install/theora_image_transport/share/theora_image_transport/cmake/theora_image_transport__rosidl_generator_cppExport.cmake
[7.173s] -- Up-to-date: /home/ubuntu/nemo_ws/src/install/theora_image_transport/share/theora_image_transport/cmake/theora_image_transport__rosidl_typesupport_introspection_cppExport.cmake
[7.174s] -- Up-to-date: /home/ubuntu/nemo_ws/src/install/theora_image_transport/share/theora_image_transport/cmake/theora_image_transport__rosidl_typesupport_introspection_cppExport-noconfig.cmake
[7.177s] -- Up-to-date: /home/ubuntu/nemo_ws/src/install/theora_image_transport/share/theora_image_transport/cmake/theora_image_transport__rosidl_typesupport_cppExport.cmake
[7.179s] -- Up-to-date: /home/ubuntu/nemo_ws/src/install/theora_image_transport/share/theora_image_transport/cmake/theora_image_transport__rosidl_typesupport_cppExport-noconfig.cmake
[7.180s] -- Up-to-date: /home/ubuntu/nemo_ws/src/install/theora_image_transport/share/theora_image_transport/cmake/rosidl_cmake-extras.cmake
[7.181s] -- Up-to-date: /home/ubuntu/nemo_ws/src/install/theora_image_transport/share/theora_image_transport/cmake/ament_cmake_export_dependencies-extras.cmake
[7.182s] -- Up-to-date: /home/ubuntu/nemo_ws/src/install/theora_image_transport/share/theora_image_transport/cmake/ament_cmake_export_libraries-extras.cmake
[7.183s] -- Up-to-date: /home/ubuntu/nemo_ws/src/install/theora_image_transport/share/theora_image_transport/cmake/ament_cmake_export_targets-extras.cmake
[7.184s] -- Up-to-date: /home/ubuntu/nemo_ws/src/install/theora_image_transport/share/theora_image_transport/cmake/ament_cmake_export_include_directories-extras.cmake
[7.185s] -- Up-to-date: /home/ubuntu/nemo_ws/src/install/theora_image_transport/share/theora_image_transport/cmake/rosidl_cmake_export_typesupport_libraries-extras.cmake
[7.186s] -- Up-to-date: /home/ubuntu/nemo_ws/src/install/theora_image_transport/share/theora_image_transport/cmake/rosidl_cmake_export_typesupport_targets-extras.cmake
[7.187s] -- Up-to-date: /home/ubuntu/nemo_ws/src/install/theora_image_transport/share/theora_image_transport/cmake/theora_image_transportConfig.cmake
[7.191s] -- Up-to-date: /home/ubuntu/nemo_ws/src/install/theora_image_transport/share/theora_image_transport/cmake/theora_image_transportConfig-version.cmake
[7.191s] -- Up-to-date: /home/ubuntu/nemo_ws/src/install/theora_image_transport/share/theora_image_transport/package.xml
[8.576s] Invoked command in '/home/ubuntu/nemo_ws/src/build/theora_image_transport' returned '0': AMENT_PREFIX_PATH=/home/ubuntu/nemo_ws/src/install/image_transport:/home/ubuntu/nemo_ws/src/install/cv_bridge:${AMENT_PREFIX_PATH} CMAKE_PREFIX_PATH=/home/ubuntu/nemo_ws/src/install/image_transport:/home/ubuntu/nemo_ws/src/install/cv_bridge:/home/ubuntu/nemo_ws/install/vision_opencv:/home/ubuntu/nemo_ws/install/v4l2_camera:/home/ubuntu/nemo_ws/install/image_transport_plugins:/home/ubuntu/nemo_ws/install/theora_image_transport:/home/ubuntu/nemo_ws/install/image_common:/home/ubuntu/nemo_ws/install/compressed_image_transport:/home/ubuntu/nemo_ws/install/compressed_depth_image_transport:/home/ubuntu/nemo_ws/install/image_transport:/home/ubuntu/nemo_ws/install/image_geometry:/home/ubuntu/nemo_ws/install/examples_rclcpp_multithreaded_executor:/home/ubuntu/nemo_ws/install/examples_rclcpp_minimal_timer:/home/ubuntu/nemo_ws/install/examples_rclcpp_minimal_subscriber:/home/ubuntu/nemo_ws/install/examples_rclcpp_minimal_service:/home/ubuntu/nemo_ws/install/examples_rclcpp_minimal_publisher:/home/ubuntu/nemo_ws/install/examples_rclcpp_minimal_composition:/home/ubuntu/nemo_ws/install/examples_rclcpp_minimal_client:/home/ubuntu/nemo_ws/install/examples_rclcpp_minimal_action_server:/home/ubuntu/nemo_ws/install/examples_rclcpp_minimal_action_client:/home/ubuntu/nemo_ws/install/cv_bridge:/home/ubuntu/nemo_ws/install/camera_info_manager:/home/ubuntu/nemo_ws/install/camera_calibration_parsers:/home/ubuntu/nemo_ws/install/path_finder:/home/ubuntu/nemo_ws/install/opencv_tests:/home/ubuntu/nemo_ws/install/img_basics:/home/ubuntu/nemo_ws/install/examples_rclpy_minimal_subscriber:/home/ubuntu/nemo_ws/install/examples_rclpy_minimal_service:/home/ubuntu/nemo_ws/install/examples_rclpy_minimal_publisher:/home/ubuntu/nemo_ws/install/examples_rclpy_minimal_client:/home/ubuntu/nemo_ws/install/examples_rclpy_minimal_action_server:/home/ubuntu/nemo_ws/install/examples_rclpy_minimal_action_client:/home/ubuntu/nemo_ws/install/examples_rclpy_executors:/opt/ros/foxy LD_LIBRARY_PATH=/home/ubuntu/nemo_ws/src/install/image_transport/lib:/home/ubuntu/nemo_ws/src/install/cv_bridge/lib:${LD_LIBRARY_PATH} PYTHONPATH=/home/ubuntu/nemo_ws/src/install/cv_bridge/lib/python3.8/site-packages:${PYTHONPATH} /usr/bin/cmake --install /home/ubuntu/nemo_ws/src/build/theora_image_transport
