[0.069s] Invoking command in '/home/ubuntu/nemo_ws/build/apriltag_ros': CMAKE_PREFIX_PATH=/home/ubuntu/nemo_ws/install/image_transport:/home/ubuntu/nemo_ws/install/cv_bridge:/home/ubuntu/nemo_ws/install/v4l2_camera:/home/ubuntu/nemo_ws/install/image_transport_plugins:/home/ubuntu/nemo_ws/install/theora_image_transport:/home/ubuntu/nemo_ws/install/compressed_image_transport:/home/ubuntu/nemo_ws/install/compressed_depth_image_transport:/home/ubuntu/nemo_ws/install/examples_rclcpp_multithreaded_executor:/home/ubuntu/nemo_ws/install/examples_rclcpp_minimal_timer:/home/ubuntu/nemo_ws/install/examples_rclcpp_minimal_subscriber:/home/ubuntu/nemo_ws/install/examples_rclcpp_minimal_service:/home/ubuntu/nemo_ws/install/examples_rclcpp_minimal_publisher:/home/ubuntu/nemo_ws/install/examples_rclcpp_minimal_composition:/home/ubuntu/nemo_ws/install/examples_rclcpp_minimal_client:/home/ubuntu/nemo_ws/install/examples_rclcpp_minimal_action_server:/home/ubuntu/nemo_ws/install/examples_rclcpp_minimal_action_client:/home/ubuntu/nemo_ws/install/camera_info_manager:/home/ubuntu/nemo_ws/install/camera_calibration_parsers:/home/ubuntu/nemo_ws/install/img_basics:/home/ubuntu/nemo_ws/install/examples_rclpy_minimal_subscriber:/home/ubuntu/nemo_ws/install/examples_rclpy_minimal_service:/home/ubuntu/nemo_ws/install/examples_rclpy_minimal_publisher:/home/ubuntu/nemo_ws/install/examples_rclpy_minimal_client:/home/ubuntu/nemo_ws/install/examples_rclpy_minimal_action_server:/home/ubuntu/nemo_ws/install/examples_rclpy_minimal_action_client:/home/ubuntu/nemo_ws/install/examples_rclpy_executors:/opt/ros/foxy LD_LIBRARY_PATH=/home/ubuntu/nemo_ws/install/image_transport/lib:/home/ubuntu/nemo_ws/install/cv_bridge/lib:/home/ubuntu/nemo_ws/install/v4l2_camera/lib:/home/ubuntu/nemo_ws/install/theora_image_transport/lib:/home/ubuntu/nemo_ws/install/compressed_image_transport/lib:/home/ubuntu/nemo_ws/install/compressed_depth_image_transport/lib:/home/ubuntu/nemo_ws/install/examples_rclcpp_minimal_composition/lib:/home/ubuntu/nemo_ws/install/camera_info_manager/lib:/home/ubuntu/nemo_ws/install/camera_calibration_parsers/lib:/opt/ros/foxy/opt/yaml_cpp_vendor/lib:/opt/ros/foxy/opt/rviz_ogre_vendor/lib:/opt/ros/foxy/lib/aarch64-linux-gnu:/opt/ros/foxy/lib PYTHONPATH=/home/ubuntu/nemo_ws/install/cv_bridge/lib/python3.8/site-packages:/home/ubuntu/nemo_ws/install/theora_image_transport/lib/python3.8/site-packages:/home/ubuntu/nemo_ws/install/img_basics/lib/python3.8/site-packages:/home/ubuntu/nemo_ws/install/examples_rclpy_minimal_subscriber/lib/python3.8/site-packages:/home/ubuntu/nemo_ws/install/examples_rclpy_minimal_service/lib/python3.8/site-packages:/home/ubuntu/nemo_ws/install/examples_rclpy_minimal_publisher/lib/python3.8/site-packages:/home/ubuntu/nemo_ws/install/examples_rclpy_minimal_client/lib/python3.8/site-packages:/home/ubuntu/nemo_ws/install/examples_rclpy_minimal_action_server/lib/python3.8/site-packages:/home/ubuntu/nemo_ws/install/examples_rclpy_minimal_action_client/lib/python3.8/site-packages:/home/ubuntu/nemo_ws/install/examples_rclpy_executors/lib/python3.8/site-packages:/opt/ros/foxy/lib/python3.8/site-packages /usr/bin/cmake /home/ubuntu/nemo_ws/src/apriltag_ros -DCMAKE_INSTALL_PREFIX=/home/ubuntu/nemo_ws/install/apriltag_ros
[0.317s] -- The C compiler identification is GNU 9.4.0
[0.554s] -- The CXX compiler identification is GNU 9.4.0
[0.576s] -- Check for working C compiler: /usr/bin/cc
[0.888s] -- Check for working C compiler: /usr/bin/cc -- works
[0.891s] -- Detecting C compiler ABI info
[1.205s] -- Detecting C compiler ABI info - done
[1.239s] -- Detecting C compile features
[1.239s] -- Detecting C compile features - done
[1.248s] -- Check for working CXX compiler: /usr/bin/c++
[1.591s] -- Check for working CXX compiler: /usr/bin/c++ -- works
[1.594s] -- Detecting CXX compiler ABI info
[1.941s] -- Detecting CXX compiler ABI info - done
[1.976s] -- Detecting CXX compile features
[1.978s] -- Detecting CXX compile features - done
[2.013s] -- Found rclcpp: 2.4.1 (/opt/ros/foxy/share/rclcpp/cmake)
[2.148s] -- Found PythonInterp: /usr/bin/python3 (found suitable version "3.8.10", minimum required is "3") 
[2.149s] -- Using PYTHON_EXECUTABLE: /usr/bin/python3
[3.899s] -- Using all available rosidl_typesupport_c: rosidl_typesupport_fastrtps_c;rosidl_typesupport_introspection_c
[4.015s] -- Found rosidl_adapter: 1.2.1 (/opt/ros/foxy/share/rosidl_adapter/cmake)
[4.721s] -- Found OpenSSL: /usr/lib/aarch64-linux-gnu/libcrypto.so (found version "1.1.1f")  
[4.994s] -- Found FastRTPS: /opt/ros/foxy/include  
[5.686s] -- Using all available rosidl_typesupport_cpp: rosidl_typesupport_fastrtps_cpp;rosidl_typesupport_introspection_cpp
[6.072s] -- Found rmw_implementation_cmake: 1.0.3 (/opt/ros/foxy/share/rmw_implementation_cmake/cmake)
[6.082s] -- Using RMW implementation 'rmw_fastrtps_cpp' as default
[6.085s] -- Looking for pthread.h
[6.414s] -- Looking for pthread.h - found
[6.414s] -- Performing Test CMAKE_HAVE_LIBC_PTHREAD
[6.741s] -- Performing Test CMAKE_HAVE_LIBC_PTHREAD - Failed
[6.742s] -- Looking for pthread_create in pthreads
[7.014s] -- Looking for pthread_create in pthreads - not found
[7.014s] -- Looking for pthread_create in pthread
[7.336s] -- Looking for pthread_create in pthread - found
[7.339s] -- Found Threads: TRUE  
[8.089s] -- Found rclcpp_components: 2.4.1 (/opt/ros/foxy/share/rclcpp_components/cmake)
[8.431s] -- Found sensor_msgs: 2.0.5 (/opt/ros/foxy/share/sensor_msgs/cmake)
[9.031s] CMake Error at CMakeLists.txt:10 (find_package):
[9.032s]   By not providing "Findapriltag_msgs.cmake" in CMAKE_MODULE_PATH this
[9.032s]   project has asked CMake to find a package configuration file provided by
[9.032s]   "apriltag_msgs", but CMake did not find one.
[9.033s] 
[9.033s]   Could not find a package configuration file provided by "apriltag_msgs"
[9.033s]   with any of the following names:
[9.033s] 
[9.034s]     apriltag_msgsConfig.cmake
[9.034s]     apriltag_msgs-config.cmake
[9.034s] 
[9.034s]   Add the installation prefix of "apriltag_msgs" to CMAKE_PREFIX_PATH or set
[9.035s]   "apriltag_msgs_DIR" to a directory containing one of the above files.  If
[9.035s]   "apriltag_msgs" provides a separate development package or SDK, be sure it
[9.035s]   has been installed.
[9.035s] 
[9.036s] 
[9.042s] -- Configuring incomplete, errors occurred!
[9.042s] See also "/home/ubuntu/nemo_ws/build/apriltag_ros/CMakeFiles/CMakeOutput.log".
[9.043s] See also "/home/ubuntu/nemo_ws/build/apriltag_ros/CMakeFiles/CMakeError.log".
[9.072s] Invoked command in '/home/ubuntu/nemo_ws/build/apriltag_ros' returned '1': CMAKE_PREFIX_PATH=/home/ubuntu/nemo_ws/install/image_transport:/home/ubuntu/nemo_ws/install/cv_bridge:/home/ubuntu/nemo_ws/install/v4l2_camera:/home/ubuntu/nemo_ws/install/image_transport_plugins:/home/ubuntu/nemo_ws/install/theora_image_transport:/home/ubuntu/nemo_ws/install/compressed_image_transport:/home/ubuntu/nemo_ws/install/compressed_depth_image_transport:/home/ubuntu/nemo_ws/install/examples_rclcpp_multithreaded_executor:/home/ubuntu/nemo_ws/install/examples_rclcpp_minimal_timer:/home/ubuntu/nemo_ws/install/examples_rclcpp_minimal_subscriber:/home/ubuntu/nemo_ws/install/examples_rclcpp_minimal_service:/home/ubuntu/nemo_ws/install/examples_rclcpp_minimal_publisher:/home/ubuntu/nemo_ws/install/examples_rclcpp_minimal_composition:/home/ubuntu/nemo_ws/install/examples_rclcpp_minimal_client:/home/ubuntu/nemo_ws/install/examples_rclcpp_minimal_action_server:/home/ubuntu/nemo_ws/install/examples_rclcpp_minimal_action_client:/home/ubuntu/nemo_ws/install/camera_info_manager:/home/ubuntu/nemo_ws/install/camera_calibration_parsers:/home/ubuntu/nemo_ws/install/img_basics:/home/ubuntu/nemo_ws/install/examples_rclpy_minimal_subscriber:/home/ubuntu/nemo_ws/install/examples_rclpy_minimal_service:/home/ubuntu/nemo_ws/install/examples_rclpy_minimal_publisher:/home/ubuntu/nemo_ws/install/examples_rclpy_minimal_client:/home/ubuntu/nemo_ws/install/examples_rclpy_minimal_action_server:/home/ubuntu/nemo_ws/install/examples_rclpy_minimal_action_client:/home/ubuntu/nemo_ws/install/examples_rclpy_executors:/opt/ros/foxy LD_LIBRARY_PATH=/home/ubuntu/nemo_ws/install/image_transport/lib:/home/ubuntu/nemo_ws/install/cv_bridge/lib:/home/ubuntu/nemo_ws/install/v4l2_camera/lib:/home/ubuntu/nemo_ws/install/theora_image_transport/lib:/home/ubuntu/nemo_ws/install/compressed_image_transport/lib:/home/ubuntu/nemo_ws/install/compressed_depth_image_transport/lib:/home/ubuntu/nemo_ws/install/examples_rclcpp_minimal_composition/lib:/home/ubuntu/nemo_ws/install/camera_info_manager/lib:/home/ubuntu/nemo_ws/install/camera_calibration_parsers/lib:/opt/ros/foxy/opt/yaml_cpp_vendor/lib:/opt/ros/foxy/opt/rviz_ogre_vendor/lib:/opt/ros/foxy/lib/aarch64-linux-gnu:/opt/ros/foxy/lib PYTHONPATH=/home/ubuntu/nemo_ws/install/cv_bridge/lib/python3.8/site-packages:/home/ubuntu/nemo_ws/install/theora_image_transport/lib/python3.8/site-packages:/home/ubuntu/nemo_ws/install/img_basics/lib/python3.8/site-packages:/home/ubuntu/nemo_ws/install/examples_rclpy_minimal_subscriber/lib/python3.8/site-packages:/home/ubuntu/nemo_ws/install/examples_rclpy_minimal_service/lib/python3.8/site-packages:/home/ubuntu/nemo_ws/install/examples_rclpy_minimal_publisher/lib/python3.8/site-packages:/home/ubuntu/nemo_ws/install/examples_rclpy_minimal_client/lib/python3.8/site-packages:/home/ubuntu/nemo_ws/install/examples_rclpy_minimal_action_server/lib/python3.8/site-packages:/home/ubuntu/nemo_ws/install/examples_rclpy_minimal_action_client/lib/python3.8/site-packages:/home/ubuntu/nemo_ws/install/examples_rclpy_executors/lib/python3.8/site-packages:/opt/ros/foxy/lib/python3.8/site-packages /usr/bin/cmake /home/ubuntu/nemo_ws/src/apriltag_ros -DCMAKE_INSTALL_PREFIX=/home/ubuntu/nemo_ws/install/apriltag_ros
