[0.128s] Invoking command in '/home/ubuntu/nemo_ws/build/examples_rclcpp_minimal_action_client': CMAKE_PREFIX_PATH=/opt/ros/foxy /usr/bin/cmake /home/ubuntu/nemo_ws/src/examples/rclcpp/actions/minimal_action_client -DCMAKE_INSTALL_PREFIX=/home/ubuntu/nemo_ws/install/examples_rclcpp_minimal_action_client
[1.438s] -- The C compiler identification is GNU 9.4.0
[2.390s] -- The CXX compiler identification is GNU 9.4.0
[2.432s] -- Check for working C compiler: /usr/bin/cc
[2.860s] -- Check for working C compiler: /usr/bin/cc -- works
[2.872s] -- Detecting C compiler ABI info
[3.278s] -- Detecting C compiler ABI info - done
[3.357s] -- Detecting C compile features
[3.588s] -- Detecting C compile features - done
[4.251s] -- Check for working CXX compiler: /usr/bin/c++
[4.778s] -- Check for working CXX compiler: /usr/bin/c++ -- works
[4.783s] -- Detecting CXX compiler ABI info
[5.240s] -- Detecting CXX compiler ABI info - done
[5.282s] -- Detecting CXX compile features
[5.284s] -- Detecting CXX compile features - done
[5.317s] -- Found ament_cmake: 0.9.9 (/opt/ros/foxy/share/ament_cmake/cmake)
[5.509s] -- Found PythonInterp: /usr/bin/python3 (found suitable version "3.8.10", minimum required is "3") 
[5.510s] -- Using PYTHON_EXECUTABLE: /usr/bin/python3
[6.887s] -- Found example_interfaces: 0.9.1 (/opt/ros/foxy/share/example_interfaces/cmake)
[7.149s] -- Using all available rosidl_typesupport_c: rosidl_typesupport_fastrtps_c;rosidl_typesupport_introspection_c
[7.208s] -- Found rosidl_adapter: 1.2.1 (/opt/ros/foxy/share/rosidl_adapter/cmake)
[7.831s] -- Found OpenSSL: /usr/lib/aarch64-linux-gnu/libcrypto.so (found version "1.1.1f")  
[8.079s] -- Found FastRTPS: /opt/ros/foxy/include  
[8.690s] -- Using all available rosidl_typesupport_cpp: rosidl_typesupport_fastrtps_cpp;rosidl_typesupport_introspection_cpp
[9.324s] -- Found rclcpp: 2.4.1 (/opt/ros/foxy/share/rclcpp/cmake)
[9.568s] -- Found rmw_implementation_cmake: 1.0.3 (/opt/ros/foxy/share/rmw_implementation_cmake/cmake)
[9.574s] -- Using RMW implementation 'rmw_fastrtps_cpp' as default
[9.579s] -- Looking for pthread.h
[10.023s] -- Looking for pthread.h - found
[10.026s] -- Performing Test CMAKE_HAVE_LIBC_PTHREAD
[10.437s] -- Performing Test CMAKE_HAVE_LIBC_PTHREAD - Failed
[10.438s] -- Looking for pthread_create in pthreads
[10.739s] -- Looking for pthread_create in pthreads - not found
[10.739s] -- Looking for pthread_create in pthread
[11.123s] -- Looking for pthread_create in pthread - found
[11.124s] -- Found Threads: TRUE  
[11.770s] -- Found rclcpp_action: 2.4.1 (/opt/ros/foxy/share/rclcpp_action/cmake)
[11.958s] -- Found ament_lint_auto: 0.9.6 (/opt/ros/foxy/share/ament_lint_auto/cmake)
[12.463s] -- Added test 'copyright' to check source files copyright and LICENSE
[12.470s] -- Added test 'cppcheck' to perform static code analysis on C / C++ code
[12.471s] -- Configured cppcheck include dirs: 
[12.472s] -- Configured cppcheck exclude dirs and/or files: 
[12.480s] -- Added test 'cpplint' to check C / C++ code against the Google style
[12.481s] -- Configured cpplint exclude dirs and/or files: 
[12.494s] -- Added test 'lint_cmake' to check CMake code style
[12.499s] -- Added test 'uncrustify' to check C / C++ code style
[12.501s] -- Configured uncrustify additional arguments: 
[12.505s] -- Added test 'xmllint' to check XML markup files
[12.533s] -- Configuring done
[12.652s] -- Generating done
[12.663s] -- Build files have been written to: /home/ubuntu/nemo_ws/build/examples_rclcpp_minimal_action_client
[12.717s] Invoked command in '/home/ubuntu/nemo_ws/build/examples_rclcpp_minimal_action_client' returned '0': CMAKE_PREFIX_PATH=/opt/ros/foxy /usr/bin/cmake /home/ubuntu/nemo_ws/src/examples/rclcpp/actions/minimal_action_client -DCMAKE_INSTALL_PREFIX=/home/ubuntu/nemo_ws/install/examples_rclcpp_minimal_action_client
[12.728s] Invoking command in '/home/ubuntu/nemo_ws/build/examples_rclcpp_minimal_action_client': CMAKE_PREFIX_PATH=/opt/ros/foxy /usr/bin/cmake --build /home/ubuntu/nemo_ws/build/examples_rclcpp_minimal_action_client -- -j4 -l4
[12.916s] [35m[1mScanning dependencies of target action_client_not_composable_with_cancel[0m
[12.941s] [35m[1mScanning dependencies of target action_client_not_composable_with_feedback[0m
[12.950s] [35m[1mScanning dependencies of target action_client_not_composable[0m
[12.954s] [35m[1mScanning dependencies of target action_client_member_functions[0m
[13.284s] [ 12%] [32mBuilding CXX object CMakeFiles/action_client_member_functions.dir/member_functions.cpp.o[0m
[13.378s] [ 25%] [32mBuilding CXX object CMakeFiles/action_client_not_composable_with_cancel.dir/not_composable_with_cancel.cpp.o[0m
[13.426s] [ 37%] [32mBuilding CXX object CMakeFiles/action_client_not_composable.dir/not_composable.cpp.o[0m
[13.442s] [ 50%] [32mBuilding CXX object CMakeFiles/action_client_not_composable_with_feedback.dir/not_composable_with_feedback.cpp.o[0m
[50.565s] [ 62%] [32m[1mLinking CXX executable action_client_not_composable_with_feedback[0m
[51.225s] [ 75%] [32m[1mLinking CXX executable action_client_not_composable[0m
[53.125s] [ 75%] Built target action_client_not_composable_with_feedback
[53.128s] [ 75%] Built target action_client_not_composable
[53.452s] [ 87%] [32m[1mLinking CXX executable action_client_not_composable_with_cancel[0m
[53.866s] [100%] [32m[1mLinking CXX executable action_client_member_functions[0m
[54.958s] [100%] Built target action_client_not_composable_with_cancel
[55.370s] [100%] Built target action_client_member_functions
[55.436s] Invoked command in '/home/ubuntu/nemo_ws/build/examples_rclcpp_minimal_action_client' returned '0': CMAKE_PREFIX_PATH=/opt/ros/foxy /usr/bin/cmake --build /home/ubuntu/nemo_ws/build/examples_rclcpp_minimal_action_client -- -j4 -l4
[55.636s] Invoking command in '/home/ubuntu/nemo_ws/build/examples_rclcpp_minimal_action_client': CMAKE_PREFIX_PATH=/opt/ros/foxy /usr/bin/cmake --install /home/ubuntu/nemo_ws/build/examples_rclcpp_minimal_action_client
[55.685s] -- Install configuration: ""
[55.688s] -- Installing: /home/ubuntu/nemo_ws/install/examples_rclcpp_minimal_action_client/lib/examples_rclcpp_minimal_action_client/action_client_member_functions
[55.697s] -- Set runtime path of "/home/ubuntu/nemo_ws/install/examples_rclcpp_minimal_action_client/lib/examples_rclcpp_minimal_action_client/action_client_member_functions" to ""
[55.699s] -- Installing: /home/ubuntu/nemo_ws/install/examples_rclcpp_minimal_action_client/lib/examples_rclcpp_minimal_action_client/action_client_not_composable
[55.708s] -- Set runtime path of "/home/ubuntu/nemo_ws/install/examples_rclcpp_minimal_action_client/lib/examples_rclcpp_minimal_action_client/action_client_not_composable" to ""
[55.711s] -- Installing: /home/ubuntu/nemo_ws/install/examples_rclcpp_minimal_action_client/lib/examples_rclcpp_minimal_action_client/action_client_not_composable_with_cancel
[55.720s] -- Set runtime path of "/home/ubuntu/nemo_ws/install/examples_rclcpp_minimal_action_client/lib/examples_rclcpp_minimal_action_client/action_client_not_composable_with_cancel" to ""
[55.723s] -- Installing: /home/ubuntu/nemo_ws/install/examples_rclcpp_minimal_action_client/lib/examples_rclcpp_minimal_action_client/action_client_not_composable_with_feedback
[55.734s] -- Set runtime path of "/home/ubuntu/nemo_ws/install/examples_rclcpp_minimal_action_client/lib/examples_rclcpp_minimal_action_client/action_client_not_composable_with_feedback" to ""
[55.737s] -- Installing: /home/ubuntu/nemo_ws/install/examples_rclcpp_minimal_action_client/share/ament_index/resource_index/package_run_dependencies/examples_rclcpp_minimal_action_client
[55.741s] -- Installing: /home/ubuntu/nemo_ws/install/examples_rclcpp_minimal_action_client/share/ament_index/resource_index/parent_prefix_path/examples_rclcpp_minimal_action_client
[55.747s] -- Installing: /home/ubuntu/nemo_ws/install/examples_rclcpp_minimal_action_client/share/examples_rclcpp_minimal_action_client/environment/ament_prefix_path.sh
[55.750s] -- Installing: /home/ubuntu/nemo_ws/install/examples_rclcpp_minimal_action_client/share/examples_rclcpp_minimal_action_client/environment/ament_prefix_path.dsv
[55.754s] -- Installing: /home/ubuntu/nemo_ws/install/examples_rclcpp_minimal_action_client/share/examples_rclcpp_minimal_action_client/environment/path.sh
[55.758s] -- Installing: /home/ubuntu/nemo_ws/install/examples_rclcpp_minimal_action_client/share/examples_rclcpp_minimal_action_client/environment/path.dsv
[55.761s] -- Installing: /home/ubuntu/nemo_ws/install/examples_rclcpp_minimal_action_client/share/examples_rclcpp_minimal_action_client/local_setup.bash
[55.764s] -- Installing: /home/ubuntu/nemo_ws/install/examples_rclcpp_minimal_action_client/share/examples_rclcpp_minimal_action_client/local_setup.sh
[55.768s] -- Installing: /home/ubuntu/nemo_ws/install/examples_rclcpp_minimal_action_client/share/examples_rclcpp_minimal_action_client/local_setup.zsh
[55.770s] -- Installing: /home/ubuntu/nemo_ws/install/examples_rclcpp_minimal_action_client/share/examples_rclcpp_minimal_action_client/local_setup.dsv
[55.773s] -- Installing: /home/ubuntu/nemo_ws/install/examples_rclcpp_minimal_action_client/share/examples_rclcpp_minimal_action_client/package.dsv
[55.777s] -- Installing: /home/ubuntu/nemo_ws/install/examples_rclcpp_minimal_action_client/share/ament_index/resource_index/packages/examples_rclcpp_minimal_action_client
[55.780s] -- Installing: /home/ubuntu/nemo_ws/install/examples_rclcpp_minimal_action_client/share/examples_rclcpp_minimal_action_client/cmake/examples_rclcpp_minimal_action_clientConfig.cmake
[55.783s] -- Installing: /home/ubuntu/nemo_ws/install/examples_rclcpp_minimal_action_client/share/examples_rclcpp_minimal_action_client/cmake/examples_rclcpp_minimal_action_clientConfig-version.cmake
[55.784s] -- Installing: /home/ubuntu/nemo_ws/install/examples_rclcpp_minimal_action_client/share/examples_rclcpp_minimal_action_client/package.xml
[55.806s] Invoked command in '/home/ubuntu/nemo_ws/build/examples_rclcpp_minimal_action_client' returned '0': CMAKE_PREFIX_PATH=/opt/ros/foxy /usr/bin/cmake --install /home/ubuntu/nemo_ws/build/examples_rclcpp_minimal_action_client
