[4.416s] Invoking command in '/home/ubuntu/nemo_ws/src/examples/rclpy/services/minimal_client': PYTHONPATH=/home/ubuntu/nemo_ws/install/examples_rclpy_minimal_client/lib/python3.8/site-packages:${PYTHONPATH} /usr/bin/python3 setup.py egg_info --egg-base ../../../../../build/examples_rclpy_minimal_client build --build-base /home/ubuntu/nemo_ws/build/examples_rclpy_minimal_client/build install --prefix /home/ubuntu/nemo_ws/install/examples_rclpy_minimal_client --record /home/ubuntu/nemo_ws/build/examples_rclpy_minimal_client/install.log --single-version-externally-managed
[5.377s] running egg_info
[5.379s] writing ../../../../../build/examples_rclpy_minimal_client/examples_rclpy_minimal_client.egg-info/PKG-INFO
[5.382s] writing dependency_links to ../../../../../build/examples_rclpy_minimal_client/examples_rclpy_minimal_client.egg-info/dependency_links.txt
[5.383s] writing entry points to ../../../../../build/examples_rclpy_minimal_client/examples_rclpy_minimal_client.egg-info/entry_points.txt
[5.384s] writing requirements to ../../../../../build/examples_rclpy_minimal_client/examples_rclpy_minimal_client.egg-info/requires.txt
[5.385s] writing top-level names to ../../../../../build/examples_rclpy_minimal_client/examples_rclpy_minimal_client.egg-info/top_level.txt
[5.539s] reading manifest file '../../../../../build/examples_rclpy_minimal_client/examples_rclpy_minimal_client.egg-info/SOURCES.txt'
[5.546s] writing manifest file '../../../../../build/examples_rclpy_minimal_client/examples_rclpy_minimal_client.egg-info/SOURCES.txt'
[5.547s] running build
[5.548s] running build_py
[5.578s] running install
[5.579s] running install_lib
[5.583s] running install_data
[5.588s] running install_egg_info
[5.595s] removing '/home/ubuntu/nemo_ws/install/examples_rclpy_minimal_client/lib/python3.8/site-packages/examples_rclpy_minimal_client-0.9.4-py3.8.egg-info' (and everything under it)
[5.595s] Copying ../../../../../build/examples_rclpy_minimal_client/examples_rclpy_minimal_client.egg-info to /home/ubuntu/nemo_ws/install/examples_rclpy_minimal_client/lib/python3.8/site-packages/examples_rclpy_minimal_client-0.9.4-py3.8.egg-info
[5.600s] running install_scripts
[5.674s] Installing client script to /home/ubuntu/nemo_ws/install/examples_rclpy_minimal_client/lib/examples_rclpy_minimal_client
[5.676s] Installing client_async script to /home/ubuntu/nemo_ws/install/examples_rclpy_minimal_client/lib/examples_rclpy_minimal_client
[5.677s] Installing client_async_callback script to /home/ubuntu/nemo_ws/install/examples_rclpy_minimal_client/lib/examples_rclpy_minimal_client
[5.677s] Installing client_async_member_function script to /home/ubuntu/nemo_ws/install/examples_rclpy_minimal_client/lib/examples_rclpy_minimal_client
[5.679s] writing list of installed files to '/home/ubuntu/nemo_ws/build/examples_rclpy_minimal_client/install.log'
[7.497s] Invoked command in '/home/ubuntu/nemo_ws/src/examples/rclpy/services/minimal_client' returned '0': PYTHONPATH=/home/ubuntu/nemo_ws/install/examples_rclpy_minimal_client/lib/python3.8/site-packages:${PYTHONPATH} /usr/bin/python3 setup.py egg_info --egg-base ../../../../../build/examples_rclpy_minimal_client build --build-base /home/ubuntu/nemo_ws/build/examples_rclpy_minimal_client/build install --prefix /home/ubuntu/nemo_ws/install/examples_rclpy_minimal_client --record /home/ubuntu/nemo_ws/build/examples_rclpy_minimal_client/install.log --single-version-externally-managed
