[0.168s] Invoking command in '/home/ubuntu/nemo_ws/src/build/image_geometry': CMAKE_PREFIX_PATH=${CMAKE_PREFIX_PATH}:/home/ubuntu/nemo_ws/install/img_basics:/home/ubuntu/nemo_ws/install/examples_rclpy_minimal_subscriber:/home/ubuntu/nemo_ws/install/examples_rclpy_minimal_service:/home/ubuntu/nemo_ws/install/examples_rclpy_minimal_publisher:/home/ubuntu/nemo_ws/install/examples_rclpy_minimal_client:/home/ubuntu/nemo_ws/install/examples_rclpy_minimal_action_server:/home/ubuntu/nemo_ws/install/examples_rclpy_minimal_action_client:/home/ubuntu/nemo_ws/install/examples_rclpy_executors:/opt/ros/foxy /usr/bin/cmake --build /home/ubuntu/nemo_ws/src/build/image_geometry -- -j4 -l4
[0.893s] [ 22%] Built target gtest_main
[0.957s] [ 44%] Built target gtest
[0.971s] [ 77%] Built target image_geometry
[1.311s] [100%] Built target image_geometry-utest
[1.464s] Invoked command in '/home/ubuntu/nemo_ws/src/build/image_geometry' returned '0': CMAKE_PREFIX_PATH=${CMAKE_PREFIX_PATH}:/home/ubuntu/nemo_ws/install/img_basics:/home/ubuntu/nemo_ws/install/examples_rclpy_minimal_subscriber:/home/ubuntu/nemo_ws/install/examples_rclpy_minimal_service:/home/ubuntu/nemo_ws/install/examples_rclpy_minimal_publisher:/home/ubuntu/nemo_ws/install/examples_rclpy_minimal_client:/home/ubuntu/nemo_ws/install/examples_rclpy_minimal_action_server:/home/ubuntu/nemo_ws/install/examples_rclpy_minimal_action_client:/home/ubuntu/nemo_ws/install/examples_rclpy_executors:/opt/ros/foxy /usr/bin/cmake --build /home/ubuntu/nemo_ws/src/build/image_geometry -- -j4 -l4
[1.981s] Invoking command in '/home/ubuntu/nemo_ws/src/build/image_geometry': CMAKE_PREFIX_PATH=${CMAKE_PREFIX_PATH}:/home/ubuntu/nemo_ws/install/img_basics:/home/ubuntu/nemo_ws/install/examples_rclpy_minimal_subscriber:/home/ubuntu/nemo_ws/install/examples_rclpy_minimal_service:/home/ubuntu/nemo_ws/install/examples_rclpy_minimal_publisher:/home/ubuntu/nemo_ws/install/examples_rclpy_minimal_client:/home/ubuntu/nemo_ws/install/examples_rclpy_minimal_action_server:/home/ubuntu/nemo_ws/install/examples_rclpy_minimal_action_client:/home/ubuntu/nemo_ws/install/examples_rclpy_executors:/opt/ros/foxy /usr/bin/cmake --install /home/ubuntu/nemo_ws/src/build/image_geometry
[2.061s] -- Install configuration: ""
[2.067s] -- Up-to-date: /home/ubuntu/nemo_ws/src/install/image_geometry/share/image_geometry/environment/pythonpath.sh
[2.069s] -- Up-to-date: /home/ubuntu/nemo_ws/src/install/image_geometry/share/image_geometry/environment/pythonpath.dsv
[2.076s] -- Up-to-date: /home/ubuntu/nemo_ws/src/install/image_geometry/lib/python3.8/site-packages/image_geometry
[2.079s] -- Up-to-date: /home/ubuntu/nemo_ws/src/install/image_geometry/lib/python3.8/site-packages/image_geometry/__init__.py
[2.079s] -- Up-to-date: /home/ubuntu/nemo_ws/src/install/image_geometry/lib/python3.8/site-packages/image_geometry/cameramodels.py
[2.479s] Listing '/home/ubuntu/nemo_ws/src/install/image_geometry/lib/python3.8/site-packages/image_geometry'...
[2.480s] -- Up-to-date: /home/ubuntu/nemo_ws/src/install/image_geometry/include/image_geometry
[2.483s] -- Up-to-date: /home/ubuntu/nemo_ws/src/install/image_geometry/include/image_geometry/image_geometry
[2.484s] -- Up-to-date: /home/ubuntu/nemo_ws/src/install/image_geometry/include/image_geometry/image_geometry/pinhole_camera_model.h
[2.485s] -- Up-to-date: /home/ubuntu/nemo_ws/src/install/image_geometry/include/image_geometry/image_geometry/visibility_control.hpp
[2.485s] -- Up-to-date: /home/ubuntu/nemo_ws/src/install/image_geometry/include/image_geometry/image_geometry/stereo_camera_model.h
[2.486s] -- Up-to-date: /home/ubuntu/nemo_ws/src/install/image_geometry/lib/libimage_geometry.so
[2.487s] -- Up-to-date: /home/ubuntu/nemo_ws/src/install/image_geometry/share/ament_index/resource_index/package_run_dependencies/image_geometry
[2.494s] -- Up-to-date: /home/ubuntu/nemo_ws/src/install/image_geometry/share/ament_index/resource_index/parent_prefix_path/image_geometry
[2.495s] -- Up-to-date: /home/ubuntu/nemo_ws/src/install/image_geometry/share/image_geometry/environment/ament_prefix_path.sh
[2.496s] -- Up-to-date: /home/ubuntu/nemo_ws/src/install/image_geometry/share/image_geometry/environment/ament_prefix_path.dsv
[2.497s] -- Up-to-date: /home/ubuntu/nemo_ws/src/install/image_geometry/share/image_geometry/environment/path.sh
[2.498s] -- Up-to-date: /home/ubuntu/nemo_ws/src/install/image_geometry/share/image_geometry/environment/path.dsv
[2.498s] -- Up-to-date: /home/ubuntu/nemo_ws/src/install/image_geometry/share/image_geometry/local_setup.bash
[2.499s] -- Up-to-date: /home/ubuntu/nemo_ws/src/install/image_geometry/share/image_geometry/local_setup.sh
[2.500s] -- Up-to-date: /home/ubuntu/nemo_ws/src/install/image_geometry/share/image_geometry/local_setup.zsh
[2.500s] -- Up-to-date: /home/ubuntu/nemo_ws/src/install/image_geometry/share/image_geometry/local_setup.dsv
[2.501s] -- Installing: /home/ubuntu/nemo_ws/src/install/image_geometry/share/image_geometry/package.dsv
[2.501s] -- Up-to-date: /home/ubuntu/nemo_ws/src/install/image_geometry/share/ament_index/resource_index/packages/image_geometry
[2.502s] -- Up-to-date: /home/ubuntu/nemo_ws/src/install/image_geometry/share/image_geometry/cmake/export_image_geometryExport.cmake
[2.502s] -- Up-to-date: /home/ubuntu/nemo_ws/src/install/image_geometry/share/image_geometry/cmake/export_image_geometryExport-noconfig.cmake
[2.503s] -- Up-to-date: /home/ubuntu/nemo_ws/src/install/image_geometry/share/image_geometry/cmake/ament_cmake_export_targets-extras.cmake
[2.509s] -- Up-to-date: /home/ubuntu/nemo_ws/src/install/image_geometry/share/image_geometry/cmake/ament_cmake_export_dependencies-extras.cmake
[2.511s] -- Up-to-date: /home/ubuntu/nemo_ws/src/install/image_geometry/share/image_geometry/cmake/image_geometryConfig.cmake
[2.513s] -- Up-to-date: /home/ubuntu/nemo_ws/src/install/image_geometry/share/image_geometry/cmake/image_geometryConfig-version.cmake
[2.514s] -- Up-to-date: /home/ubuntu/nemo_ws/src/install/image_geometry/share/image_geometry/package.xml
[2.703s] Invoked command in '/home/ubuntu/nemo_ws/src/build/image_geometry' returned '0': CMAKE_PREFIX_PATH=${CMAKE_PREFIX_PATH}:/home/ubuntu/nemo_ws/install/img_basics:/home/ubuntu/nemo_ws/install/examples_rclpy_minimal_subscriber:/home/ubuntu/nemo_ws/install/examples_rclpy_minimal_service:/home/ubuntu/nemo_ws/install/examples_rclpy_minimal_publisher:/home/ubuntu/nemo_ws/install/examples_rclpy_minimal_client:/home/ubuntu/nemo_ws/install/examples_rclpy_minimal_action_server:/home/ubuntu/nemo_ws/install/examples_rclpy_minimal_action_client:/home/ubuntu/nemo_ws/install/examples_rclpy_executors:/opt/ros/foxy /usr/bin/cmake --install /home/ubuntu/nemo_ws/src/build/image_geometry
