[0.169s] Invoking command in '/home/ubuntu/nemo_ws/build/compressed_image_transport': AMENT_PREFIX_PATH=/home/ubuntu/nemo_ws/install/image_transport:/home/ubuntu/nemo_ws/install/cv_bridge:${AMENT_PREFIX_PATH} CMAKE_PREFIX_PATH=/home/ubuntu/nemo_ws/install/image_transport:/home/ubuntu/nemo_ws/install/cv_bridge:/home/ubuntu/nemo_ws/install/examples_rclcpp_multithreaded_executor:/home/ubuntu/nemo_ws/install/examples_rclcpp_minimal_timer:/home/ubuntu/nemo_ws/install/examples_rclcpp_minimal_subscriber:/home/ubuntu/nemo_ws/install/examples_rclcpp_minimal_service:/home/ubuntu/nemo_ws/install/examples_rclcpp_minimal_publisher:/home/ubuntu/nemo_ws/install/examples_rclcpp_minimal_composition:/home/ubuntu/nemo_ws/install/examples_rclcpp_minimal_client:/home/ubuntu/nemo_ws/install/examples_rclcpp_minimal_action_server:/home/ubuntu/nemo_ws/install/examples_rclcpp_minimal_action_client:/home/ubuntu/nemo_ws/install/img_basics:/home/ubuntu/nemo_ws/install/examples_rclpy_minimal_subscriber:/home/ubuntu/nemo_ws/install/examples_rclpy_minimal_service:/home/ubuntu/nemo_ws/install/examples_rclpy_minimal_publisher:/home/ubuntu/nemo_ws/install/examples_rclpy_minimal_client:/home/ubuntu/nemo_ws/install/examples_rclpy_minimal_action_server:/home/ubuntu/nemo_ws/install/examples_rclpy_minimal_action_client:/home/ubuntu/nemo_ws/install/examples_rclpy_executors:/opt/ros/foxy LD_LIBRARY_PATH=/home/ubuntu/nemo_ws/install/image_transport/lib:/home/ubuntu/nemo_ws/install/cv_bridge/lib:${LD_LIBRARY_PATH} PYTHONPATH=/home/ubuntu/nemo_ws/install/cv_bridge/lib/python3.8/site-packages:${PYTHONPATH} /usr/bin/cmake /home/ubuntu/nemo_ws/src/image_transport_plugins/compressed_image_transport -DCMAKE_INSTALL_PREFIX=/home/ubuntu/nemo_ws/install/compressed_image_transport
[0.525s] -- The C compiler identification is GNU 9.4.0
[0.910s] -- The CXX compiler identification is GNU 9.4.0
[0.943s] -- Check for working C compiler: /usr/bin/cc
[1.404s] -- Check for working C compiler: /usr/bin/cc -- works
[1.409s] -- Detecting C compiler ABI info
[1.850s] -- Detecting C compiler ABI info - done
[1.892s] -- Detecting C compile features
[1.894s] -- Detecting C compile features - done
[1.904s] -- Check for working CXX compiler: /usr/bin/c++
[2.383s] -- Check for working CXX compiler: /usr/bin/c++ -- works
[2.390s] -- Detecting CXX compiler ABI info
[2.880s] -- Detecting CXX compiler ABI info - done
[2.937s] -- Detecting CXX compile features
[2.939s] -- Detecting CXX compile features - done
[2.974s] -- Found ament_cmake: 0.9.9 (/opt/ros/foxy/share/ament_cmake/cmake)
[3.190s] -- Found PythonInterp: /usr/bin/python3 (found suitable version "3.8.10", minimum required is "3") 
[3.191s] -- Using PYTHON_EXECUTABLE: /usr/bin/python3
[4.843s] -- Found image_transport: 2.3.0 (/home/ubuntu/nemo_ws/install/image_transport/share/image_transport/cmake)
[5.383s] -- Using all available rosidl_typesupport_c: rosidl_typesupport_fastrtps_c;rosidl_typesupport_introspection_c
[5.478s] -- Found rosidl_adapter: 1.2.1 (/opt/ros/foxy/share/rosidl_adapter/cmake)
[6.204s] -- Found OpenSSL: /usr/lib/aarch64-linux-gnu/libcrypto.so (found version "1.1.1f")  
[6.484s] -- Found FastRTPS: /opt/ros/foxy/include  
[7.185s] -- Using all available rosidl_typesupport_cpp: rosidl_typesupport_fastrtps_cpp;rosidl_typesupport_introspection_cpp
[7.574s] -- Found rmw_implementation_cmake: 1.0.3 (/opt/ros/foxy/share/rmw_implementation_cmake/cmake)
[7.588s] -- Using RMW implementation 'rmw_fastrtps_cpp' as default
[7.593s] -- Looking for pthread.h
[8.033s] -- Looking for pthread.h - found
[8.048s] -- Performing Test CMAKE_HAVE_LIBC_PTHREAD
[8.487s] -- Performing Test CMAKE_HAVE_LIBC_PTHREAD - Failed
[8.489s] -- Looking for pthread_create in pthreads
[8.856s] -- Looking for pthread_create in pthreads - not found
[8.856s] -- Looking for pthread_create in pthread
[9.304s] -- Looking for pthread_create in pthread - found
[9.309s] -- Found Threads: TRUE  
[11.003s] -- Found cv_bridge: 3.0.3 (/home/ubuntu/nemo_ws/install/cv_bridge/share/cv_bridge/cmake)
[11.152s] -- Found OpenCV: /usr (found version "4.2.0") 
[11.610s] -- Configuring done
[11.770s] -- Generating done
[11.779s] -- Build files have been written to: /home/ubuntu/nemo_ws/build/compressed_image_transport
[11.843s] Invoked command in '/home/ubuntu/nemo_ws/build/compressed_image_transport' returned '0': AMENT_PREFIX_PATH=/home/ubuntu/nemo_ws/install/image_transport:/home/ubuntu/nemo_ws/install/cv_bridge:${AMENT_PREFIX_PATH} CMAKE_PREFIX_PATH=/home/ubuntu/nemo_ws/install/image_transport:/home/ubuntu/nemo_ws/install/cv_bridge:/home/ubuntu/nemo_ws/install/examples_rclcpp_multithreaded_executor:/home/ubuntu/nemo_ws/install/examples_rclcpp_minimal_timer:/home/ubuntu/nemo_ws/install/examples_rclcpp_minimal_subscriber:/home/ubuntu/nemo_ws/install/examples_rclcpp_minimal_service:/home/ubuntu/nemo_ws/install/examples_rclcpp_minimal_publisher:/home/ubuntu/nemo_ws/install/examples_rclcpp_minimal_composition:/home/ubuntu/nemo_ws/install/examples_rclcpp_minimal_client:/home/ubuntu/nemo_ws/install/examples_rclcpp_minimal_action_server:/home/ubuntu/nemo_ws/install/examples_rclcpp_minimal_action_client:/home/ubuntu/nemo_ws/install/img_basics:/home/ubuntu/nemo_ws/install/examples_rclpy_minimal_subscriber:/home/ubuntu/nemo_ws/install/examples_rclpy_minimal_service:/home/ubuntu/nemo_ws/install/examples_rclpy_minimal_publisher:/home/ubuntu/nemo_ws/install/examples_rclpy_minimal_client:/home/ubuntu/nemo_ws/install/examples_rclpy_minimal_action_server:/home/ubuntu/nemo_ws/install/examples_rclpy_minimal_action_client:/home/ubuntu/nemo_ws/install/examples_rclpy_executors:/opt/ros/foxy LD_LIBRARY_PATH=/home/ubuntu/nemo_ws/install/image_transport/lib:/home/ubuntu/nemo_ws/install/cv_bridge/lib:${LD_LIBRARY_PATH} PYTHONPATH=/home/ubuntu/nemo_ws/install/cv_bridge/lib/python3.8/site-packages:${PYTHONPATH} /usr/bin/cmake /home/ubuntu/nemo_ws/src/image_transport_plugins/compressed_image_transport -DCMAKE_INSTALL_PREFIX=/home/ubuntu/nemo_ws/install/compressed_image_transport
[11.849s] Invoking command in '/home/ubuntu/nemo_ws/build/compressed_image_transport': AMENT_PREFIX_PATH=/home/ubuntu/nemo_ws/install/image_transport:/home/ubuntu/nemo_ws/install/cv_bridge:${AMENT_PREFIX_PATH} CMAKE_PREFIX_PATH=/home/ubuntu/nemo_ws/install/image_transport:/home/ubuntu/nemo_ws/install/cv_bridge:/home/ubuntu/nemo_ws/install/examples_rclcpp_multithreaded_executor:/home/ubuntu/nemo_ws/install/examples_rclcpp_minimal_timer:/home/ubuntu/nemo_ws/install/examples_rclcpp_minimal_subscriber:/home/ubuntu/nemo_ws/install/examples_rclcpp_minimal_service:/home/ubuntu/nemo_ws/install/examples_rclcpp_minimal_publisher:/home/ubuntu/nemo_ws/install/examples_rclcpp_minimal_composition:/home/ubuntu/nemo_ws/install/examples_rclcpp_minimal_client:/home/ubuntu/nemo_ws/install/examples_rclcpp_minimal_action_server:/home/ubuntu/nemo_ws/install/examples_rclcpp_minimal_action_client:/home/ubuntu/nemo_ws/install/img_basics:/home/ubuntu/nemo_ws/install/examples_rclpy_minimal_subscriber:/home/ubuntu/nemo_ws/install/examples_rclpy_minimal_service:/home/ubuntu/nemo_ws/install/examples_rclpy_minimal_publisher:/home/ubuntu/nemo_ws/install/examples_rclpy_minimal_client:/home/ubuntu/nemo_ws/install/examples_rclpy_minimal_action_server:/home/ubuntu/nemo_ws/install/examples_rclpy_minimal_action_client:/home/ubuntu/nemo_ws/install/examples_rclpy_executors:/opt/ros/foxy LD_LIBRARY_PATH=/home/ubuntu/nemo_ws/install/image_transport/lib:/home/ubuntu/nemo_ws/install/cv_bridge/lib:${LD_LIBRARY_PATH} PYTHONPATH=/home/ubuntu/nemo_ws/install/cv_bridge/lib/python3.8/site-packages:${PYTHONPATH} /usr/bin/cmake --build /home/ubuntu/nemo_ws/build/compressed_image_transport -- -j4 -l4
[12.073s] [35m[1mScanning dependencies of target compressed_image_transport[0m
[12.454s] [ 25%] [32mBuilding CXX object CMakeFiles/compressed_image_transport.dir/src/compressed_publisher.cpp.o[0m
[12.464s] [ 50%] [32mBuilding CXX object CMakeFiles/compressed_image_transport.dir/src/compressed_subscriber.cpp.o[0m
[58.313s] [ 75%] [32mBuilding CXX object CMakeFiles/compressed_image_transport.dir/src/manifest.cpp.o[0m
[85.573s] [100%] [32m[1mLinking CXX shared library libcompressed_image_transport.so[0m
[89.441s] [100%] Built target compressed_image_transport
[89.516s] Invoked command in '/home/ubuntu/nemo_ws/build/compressed_image_transport' returned '0': AMENT_PREFIX_PATH=/home/ubuntu/nemo_ws/install/image_transport:/home/ubuntu/nemo_ws/install/cv_bridge:${AMENT_PREFIX_PATH} CMAKE_PREFIX_PATH=/home/ubuntu/nemo_ws/install/image_transport:/home/ubuntu/nemo_ws/install/cv_bridge:/home/ubuntu/nemo_ws/install/examples_rclcpp_multithreaded_executor:/home/ubuntu/nemo_ws/install/examples_rclcpp_minimal_timer:/home/ubuntu/nemo_ws/install/examples_rclcpp_minimal_subscriber:/home/ubuntu/nemo_ws/install/examples_rclcpp_minimal_service:/home/ubuntu/nemo_ws/install/examples_rclcpp_minimal_publisher:/home/ubuntu/nemo_ws/install/examples_rclcpp_minimal_composition:/home/ubuntu/nemo_ws/install/examples_rclcpp_minimal_client:/home/ubuntu/nemo_ws/install/examples_rclcpp_minimal_action_server:/home/ubuntu/nemo_ws/install/examples_rclcpp_minimal_action_client:/home/ubuntu/nemo_ws/install/img_basics:/home/ubuntu/nemo_ws/install/examples_rclpy_minimal_subscriber:/home/ubuntu/nemo_ws/install/examples_rclpy_minimal_service:/home/ubuntu/nemo_ws/install/examples_rclpy_minimal_publisher:/home/ubuntu/nemo_ws/install/examples_rclpy_minimal_client:/home/ubuntu/nemo_ws/install/examples_rclpy_minimal_action_server:/home/ubuntu/nemo_ws/install/examples_rclpy_minimal_action_client:/home/ubuntu/nemo_ws/install/examples_rclpy_executors:/opt/ros/foxy LD_LIBRARY_PATH=/home/ubuntu/nemo_ws/install/image_transport/lib:/home/ubuntu/nemo_ws/install/cv_bridge/lib:${LD_LIBRARY_PATH} PYTHONPATH=/home/ubuntu/nemo_ws/install/cv_bridge/lib/python3.8/site-packages:${PYTHONPATH} /usr/bin/cmake --build /home/ubuntu/nemo_ws/build/compressed_image_transport -- -j4 -l4
[89.742s] Invoking command in '/home/ubuntu/nemo_ws/build/compressed_image_transport': AMENT_PREFIX_PATH=/home/ubuntu/nemo_ws/install/image_transport:/home/ubuntu/nemo_ws/install/cv_bridge:${AMENT_PREFIX_PATH} CMAKE_PREFIX_PATH=/home/ubuntu/nemo_ws/install/image_transport:/home/ubuntu/nemo_ws/install/cv_bridge:/home/ubuntu/nemo_ws/install/examples_rclcpp_multithreaded_executor:/home/ubuntu/nemo_ws/install/examples_rclcpp_minimal_timer:/home/ubuntu/nemo_ws/install/examples_rclcpp_minimal_subscriber:/home/ubuntu/nemo_ws/install/examples_rclcpp_minimal_service:/home/ubuntu/nemo_ws/install/examples_rclcpp_minimal_publisher:/home/ubuntu/nemo_ws/install/examples_rclcpp_minimal_composition:/home/ubuntu/nemo_ws/install/examples_rclcpp_minimal_client:/home/ubuntu/nemo_ws/install/examples_rclcpp_minimal_action_server:/home/ubuntu/nemo_ws/install/examples_rclcpp_minimal_action_client:/home/ubuntu/nemo_ws/install/img_basics:/home/ubuntu/nemo_ws/install/examples_rclpy_minimal_subscriber:/home/ubuntu/nemo_ws/install/examples_rclpy_minimal_service:/home/ubuntu/nemo_ws/install/examples_rclpy_minimal_publisher:/home/ubuntu/nemo_ws/install/examples_rclpy_minimal_client:/home/ubuntu/nemo_ws/install/examples_rclpy_minimal_action_server:/home/ubuntu/nemo_ws/install/examples_rclpy_minimal_action_client:/home/ubuntu/nemo_ws/install/examples_rclpy_executors:/opt/ros/foxy LD_LIBRARY_PATH=/home/ubuntu/nemo_ws/install/image_transport/lib:/home/ubuntu/nemo_ws/install/cv_bridge/lib:${LD_LIBRARY_PATH} PYTHONPATH=/home/ubuntu/nemo_ws/install/cv_bridge/lib/python3.8/site-packages:${PYTHONPATH} /usr/bin/cmake --install /home/ubuntu/nemo_ws/build/compressed_image_transport
[89.804s] -- Install configuration: ""
[89.807s] -- Installing: /home/ubuntu/nemo_ws/install/compressed_image_transport/lib/libcompressed_image_transport.so
[89.836s] -- Set runtime path of "/home/ubuntu/nemo_ws/install/compressed_image_transport/lib/libcompressed_image_transport.so" to ""
[89.838s] -- Installing: /home/ubuntu/nemo_ws/install/compressed_image_transport/include
[89.840s] -- Installing: /home/ubuntu/nemo_ws/install/compressed_image_transport/include/compressed_image_transport
[89.843s] -- Installing: /home/ubuntu/nemo_ws/install/compressed_image_transport/include/compressed_image_transport/compression_common.h
[89.846s] -- Installing: /home/ubuntu/nemo_ws/install/compressed_image_transport/include/compressed_image_transport/compressed_publisher.h
[89.849s] -- Installing: /home/ubuntu/nemo_ws/install/compressed_image_transport/include/compressed_image_transport/compressed_subscriber.h
[89.854s] -- Installing: /home/ubuntu/nemo_ws/install/compressed_image_transport/share/compressed_image_transport/compressed_plugins.xml
[89.858s] -- Installing: /home/ubuntu/nemo_ws/install/compressed_image_transport/share/ament_index/resource_index/package_run_dependencies/compressed_image_transport
[89.862s] -- Installing: /home/ubuntu/nemo_ws/install/compressed_image_transport/share/ament_index/resource_index/parent_prefix_path/compressed_image_transport
[89.866s] -- Installing: /home/ubuntu/nemo_ws/install/compressed_image_transport/share/compressed_image_transport/environment/ament_prefix_path.sh
[89.870s] -- Installing: /home/ubuntu/nemo_ws/install/compressed_image_transport/share/compressed_image_transport/environment/ament_prefix_path.dsv
[89.873s] -- Installing: /home/ubuntu/nemo_ws/install/compressed_image_transport/share/compressed_image_transport/environment/path.sh
[89.877s] -- Installing: /home/ubuntu/nemo_ws/install/compressed_image_transport/share/compressed_image_transport/environment/path.dsv
[89.880s] -- Installing: /home/ubuntu/nemo_ws/install/compressed_image_transport/share/compressed_image_transport/local_setup.bash
[89.884s] -- Installing: /home/ubuntu/nemo_ws/install/compressed_image_transport/share/compressed_image_transport/local_setup.sh
[89.887s] -- Installing: /home/ubuntu/nemo_ws/install/compressed_image_transport/share/compressed_image_transport/local_setup.zsh
[89.890s] -- Installing: /home/ubuntu/nemo_ws/install/compressed_image_transport/share/compressed_image_transport/local_setup.dsv
[89.894s] -- Installing: /home/ubuntu/nemo_ws/install/compressed_image_transport/share/compressed_image_transport/package.dsv
[89.897s] -- Installing: /home/ubuntu/nemo_ws/install/compressed_image_transport/share/ament_index/resource_index/packages/compressed_image_transport
[89.901s] -- Installing: /home/ubuntu/nemo_ws/install/compressed_image_transport/share/ament_index/resource_index/image_transport__pluginlib__plugin/compressed_image_transport
[89.905s] -- Installing: /home/ubuntu/nemo_ws/install/compressed_image_transport/share/compressed_image_transport/cmake/compressed_image_transportConfig.cmake
[89.908s] -- Installing: /home/ubuntu/nemo_ws/install/compressed_image_transport/share/compressed_image_transport/cmake/compressed_image_transportConfig-version.cmake
[89.911s] -- Installing: /home/ubuntu/nemo_ws/install/compressed_image_transport/share/compressed_image_transport/package.xml
[89.944s] Invoked command in '/home/ubuntu/nemo_ws/build/compressed_image_transport' returned '0': AMENT_PREFIX_PATH=/home/ubuntu/nemo_ws/install/image_transport:/home/ubuntu/nemo_ws/install/cv_bridge:${AMENT_PREFIX_PATH} CMAKE_PREFIX_PATH=/home/ubuntu/nemo_ws/install/image_transport:/home/ubuntu/nemo_ws/install/cv_bridge:/home/ubuntu/nemo_ws/install/examples_rclcpp_multithreaded_executor:/home/ubuntu/nemo_ws/install/examples_rclcpp_minimal_timer:/home/ubuntu/nemo_ws/install/examples_rclcpp_minimal_subscriber:/home/ubuntu/nemo_ws/install/examples_rclcpp_minimal_service:/home/ubuntu/nemo_ws/install/examples_rclcpp_minimal_publisher:/home/ubuntu/nemo_ws/install/examples_rclcpp_minimal_composition:/home/ubuntu/nemo_ws/install/examples_rclcpp_minimal_client:/home/ubuntu/nemo_ws/install/examples_rclcpp_minimal_action_server:/home/ubuntu/nemo_ws/install/examples_rclcpp_minimal_action_client:/home/ubuntu/nemo_ws/install/img_basics:/home/ubuntu/nemo_ws/install/examples_rclpy_minimal_subscriber:/home/ubuntu/nemo_ws/install/examples_rclpy_minimal_service:/home/ubuntu/nemo_ws/install/examples_rclpy_minimal_publisher:/home/ubuntu/nemo_ws/install/examples_rclpy_minimal_client:/home/ubuntu/nemo_ws/install/examples_rclpy_minimal_action_server:/home/ubuntu/nemo_ws/install/examples_rclpy_minimal_action_client:/home/ubuntu/nemo_ws/install/examples_rclpy_executors:/opt/ros/foxy LD_LIBRARY_PATH=/home/ubuntu/nemo_ws/install/image_transport/lib:/home/ubuntu/nemo_ws/install/cv_bridge/lib:${LD_LIBRARY_PATH} PYTHONPATH=/home/ubuntu/nemo_ws/install/cv_bridge/lib/python3.8/site-packages:${PYTHONPATH} /usr/bin/cmake --install /home/ubuntu/nemo_ws/build/compressed_image_transport
