[0.325s] Invoking command in '/home/ubuntu/nemo_ws/src/build/image_transport': CMAKE_PREFIX_PATH=${CMAKE_PREFIX_PATH}:/home/ubuntu/nemo_ws/install/path_finder:/home/ubuntu/nemo_ws/install/opencv_tests:/home/ubuntu/nemo_ws/install/img_basics:/home/ubuntu/nemo_ws/install/examples_rclpy_minimal_subscriber:/home/ubuntu/nemo_ws/install/examples_rclpy_minimal_service:/home/ubuntu/nemo_ws/install/examples_rclpy_minimal_publisher:/home/ubuntu/nemo_ws/install/examples_rclpy_minimal_client:/home/ubuntu/nemo_ws/install/examples_rclpy_minimal_action_server:/home/ubuntu/nemo_ws/install/examples_rclpy_minimal_action_client:/home/ubuntu/nemo_ws/install/examples_rclpy_executors:/opt/ros/foxy /usr/bin/cmake --build /home/ubuntu/nemo_ws/src/build/image_transport -- -j4 -l4
[0.992s] [  6%] Built target gtest
[1.298s] [ 33%] Built target image_transport
[1.463s] [ 40%] Built target gtest_main
[1.728s] [ 46%] Built target republish
[1.996s] [ 53%] Built target image_transport-remapping
[2.240s] [ 60%] Built target image_transport-camera_common
[2.538s] [ 66%] Built target image_transport-subscriber
[2.873s] [ 73%] Built target image_transport-message_passing
[3.153s] [ 80%] Built target image_transport-publisher
[3.603s] [ 86%] Built target image_transport-single_subscriber_publisher
[3.906s] [ 93%] Built target image_transport_plugins
[4.205s] [100%] Built target list_transports
[4.350s] Invoked command in '/home/ubuntu/nemo_ws/src/build/image_transport' returned '0': CMAKE_PREFIX_PATH=${CMAKE_PREFIX_PATH}:/home/ubuntu/nemo_ws/install/path_finder:/home/ubuntu/nemo_ws/install/opencv_tests:/home/ubuntu/nemo_ws/install/img_basics:/home/ubuntu/nemo_ws/install/examples_rclpy_minimal_subscriber:/home/ubuntu/nemo_ws/install/examples_rclpy_minimal_service:/home/ubuntu/nemo_ws/install/examples_rclpy_minimal_publisher:/home/ubuntu/nemo_ws/install/examples_rclpy_minimal_client:/home/ubuntu/nemo_ws/install/examples_rclpy_minimal_action_server:/home/ubuntu/nemo_ws/install/examples_rclpy_minimal_action_client:/home/ubuntu/nemo_ws/install/examples_rclpy_executors:/opt/ros/foxy /usr/bin/cmake --build /home/ubuntu/nemo_ws/src/build/image_transport -- -j4 -l4
[5.269s] Invoking command in '/home/ubuntu/nemo_ws/src/build/image_transport': CMAKE_PREFIX_PATH=${CMAKE_PREFIX_PATH}:/home/ubuntu/nemo_ws/install/path_finder:/home/ubuntu/nemo_ws/install/opencv_tests:/home/ubuntu/nemo_ws/install/img_basics:/home/ubuntu/nemo_ws/install/examples_rclpy_minimal_subscriber:/home/ubuntu/nemo_ws/install/examples_rclpy_minimal_service:/home/ubuntu/nemo_ws/install/examples_rclpy_minimal_publisher:/home/ubuntu/nemo_ws/install/examples_rclpy_minimal_client:/home/ubuntu/nemo_ws/install/examples_rclpy_minimal_action_server:/home/ubuntu/nemo_ws/install/examples_rclpy_minimal_action_client:/home/ubuntu/nemo_ws/install/examples_rclpy_executors:/opt/ros/foxy /usr/bin/cmake --install /home/ubuntu/nemo_ws/src/build/image_transport
[5.323s] -- Install configuration: ""
[5.324s] -- Up-to-date: /home/ubuntu/nemo_ws/src/install/image_transport/share/image_transport/default_plugins.xml
[5.328s] -- Up-to-date: /home/ubuntu/nemo_ws/src/install/image_transport/lib/libimage_transport.so
[5.336s] -- Up-to-date: /home/ubuntu/nemo_ws/src/install/image_transport/lib/libimage_transport_plugins.so
[5.355s] -- Up-to-date: /home/ubuntu/nemo_ws/src/install/image_transport/lib/image_transport/list_transports
[5.356s] -- Up-to-date: /home/ubuntu/nemo_ws/src/install/image_transport/lib/image_transport/republish
[5.358s] -- Up-to-date: /home/ubuntu/nemo_ws/src/install/image_transport/include
[5.359s] -- Up-to-date: /home/ubuntu/nemo_ws/src/install/image_transport/include/image_transport
[5.360s] -- Up-to-date: /home/ubuntu/nemo_ws/src/install/image_transport/include/image_transport/exception.hpp
[5.365s] -- Up-to-date: /home/ubuntu/nemo_ws/src/install/image_transport/include/image_transport/image_transport.h
[5.366s] -- Up-to-date: /home/ubuntu/nemo_ws/src/install/image_transport/include/image_transport/subscriber_filter.h
[5.367s] -- Up-to-date: /home/ubuntu/nemo_ws/src/install/image_transport/include/image_transport/image_transport.hpp
[5.367s] -- Up-to-date: /home/ubuntu/nemo_ws/src/install/image_transport/include/image_transport/publisher_plugin.h
[5.368s] -- Up-to-date: /home/ubuntu/nemo_ws/src/install/image_transport/include/image_transport/simple_subscriber_plugin.hpp
[5.368s] -- Up-to-date: /home/ubuntu/nemo_ws/src/install/image_transport/include/image_transport/simple_publisher_plugin.hpp
[5.369s] -- Up-to-date: /home/ubuntu/nemo_ws/src/install/image_transport/include/image_transport/subscriber_plugin.hpp
[5.369s] -- Up-to-date: /home/ubuntu/nemo_ws/src/install/image_transport/include/image_transport/transport_hints.h
[5.370s] -- Up-to-date: /home/ubuntu/nemo_ws/src/install/image_transport/include/image_transport/camera_common.h
[5.370s] -- Up-to-date: /home/ubuntu/nemo_ws/src/install/image_transport/include/image_transport/raw_publisher.hpp
[5.371s] -- Up-to-date: /home/ubuntu/nemo_ws/src/install/image_transport/include/image_transport/single_subscriber_publisher.hpp
[5.371s] -- Up-to-date: /home/ubuntu/nemo_ws/src/install/image_transport/include/image_transport/single_subscriber_publisher.h
[5.371s] -- Up-to-date: /home/ubuntu/nemo_ws/src/install/image_transport/include/image_transport/camera_subscriber.h
[5.372s] -- Up-to-date: /home/ubuntu/nemo_ws/src/install/image_transport/include/image_transport/publisher_plugin.hpp
[5.373s] -- Up-to-date: /home/ubuntu/nemo_ws/src/install/image_transport/include/image_transport/raw_subscriber.h
[5.374s] -- Up-to-date: /home/ubuntu/nemo_ws/src/install/image_transport/include/image_transport/raw_subscriber.hpp
[5.375s] -- Up-to-date: /home/ubuntu/nemo_ws/src/install/image_transport/include/image_transport/subscriber.hpp
[5.375s] -- Up-to-date: /home/ubuntu/nemo_ws/src/install/image_transport/include/image_transport/camera_publisher.hpp
[5.384s] -- Up-to-date: /home/ubuntu/nemo_ws/src/install/image_transport/include/image_transport/camera_publisher.h
[5.387s] -- Up-to-date: /home/ubuntu/nemo_ws/src/install/image_transport/include/image_transport/exception.h
[5.387s] -- Up-to-date: /home/ubuntu/nemo_ws/src/install/image_transport/include/image_transport/loader_fwds.hpp
[5.388s] -- Up-to-date: /home/ubuntu/nemo_ws/src/install/image_transport/include/image_transport/visibility_control.hpp
[5.389s] -- Up-to-date: /home/ubuntu/nemo_ws/src/install/image_transport/include/image_transport/subscriber.h
[5.390s] -- Up-to-date: /home/ubuntu/nemo_ws/src/install/image_transport/include/image_transport/transport_hints.hpp
[5.390s] -- Up-to-date: /home/ubuntu/nemo_ws/src/install/image_transport/include/image_transport/camera_subscriber.hpp
[5.391s] -- Up-to-date: /home/ubuntu/nemo_ws/src/install/image_transport/include/image_transport/subscriber_filter.hpp
[5.391s] -- Up-to-date: /home/ubuntu/nemo_ws/src/install/image_transport/include/image_transport/simple_subscriber_plugin.h
[5.396s] -- Up-to-date: /home/ubuntu/nemo_ws/src/install/image_transport/include/image_transport/simple_publisher_plugin.h
[5.413s] -- Up-to-date: /home/ubuntu/nemo_ws/src/install/image_transport/include/image_transport/subscriber_plugin.h
[5.414s] -- Up-to-date: /home/ubuntu/nemo_ws/src/install/image_transport/include/image_transport/camera_common.hpp
[5.415s] -- Up-to-date: /home/ubuntu/nemo_ws/src/install/image_transport/include/image_transport/publisher.hpp
[5.416s] -- Up-to-date: /home/ubuntu/nemo_ws/src/install/image_transport/include/image_transport/raw_publisher.h
[5.417s] -- Up-to-date: /home/ubuntu/nemo_ws/src/install/image_transport/include/image_transport/publisher.h
[5.418s] -- Up-to-date: /home/ubuntu/nemo_ws/src/install/image_transport/include/image_transport/loader_fwds.h
[5.418s] -- Up-to-date: /home/ubuntu/nemo_ws/src/install/image_transport/share/image_transport/environment/library_path.sh
[5.420s] -- Up-to-date: /home/ubuntu/nemo_ws/src/install/image_transport/share/image_transport/environment/library_path.dsv
[5.420s] -- Up-to-date: /home/ubuntu/nemo_ws/src/install/image_transport/share/ament_index/resource_index/package_run_dependencies/image_transport
[5.421s] -- Up-to-date: /home/ubuntu/nemo_ws/src/install/image_transport/share/ament_index/resource_index/parent_prefix_path/image_transport
[5.424s] -- Up-to-date: /home/ubuntu/nemo_ws/src/install/image_transport/share/image_transport/environment/ament_prefix_path.sh
[5.425s] -- Up-to-date: /home/ubuntu/nemo_ws/src/install/image_transport/share/image_transport/environment/ament_prefix_path.dsv
[5.426s] -- Up-to-date: /home/ubuntu/nemo_ws/src/install/image_transport/share/image_transport/environment/path.sh
[5.427s] -- Up-to-date: /home/ubuntu/nemo_ws/src/install/image_transport/share/image_transport/environment/path.dsv
[5.428s] -- Up-to-date: /home/ubuntu/nemo_ws/src/install/image_transport/share/image_transport/local_setup.bash
[5.430s] -- Up-to-date: /home/ubuntu/nemo_ws/src/install/image_transport/share/image_transport/local_setup.sh
[5.431s] -- Up-to-date: /home/ubuntu/nemo_ws/src/install/image_transport/share/image_transport/local_setup.zsh
[5.437s] -- Up-to-date: /home/ubuntu/nemo_ws/src/install/image_transport/share/image_transport/local_setup.dsv
[5.449s] -- Installing: /home/ubuntu/nemo_ws/src/install/image_transport/share/image_transport/package.dsv
[5.452s] -- Up-to-date: /home/ubuntu/nemo_ws/src/install/image_transport/share/ament_index/resource_index/packages/image_transport
[5.452s] -- Up-to-date: /home/ubuntu/nemo_ws/src/install/image_transport/share/ament_index/resource_index/image_transport__pluginlib__plugin/image_transport
[5.453s] -- Up-to-date: /home/ubuntu/nemo_ws/src/install/image_transport/share/image_transport/cmake/ament_cmake_export_include_directories-extras.cmake
[5.454s] -- Up-to-date: /home/ubuntu/nemo_ws/src/install/image_transport/share/image_transport/cmake/ament_cmake_export_libraries-extras.cmake
[5.455s] -- Up-to-date: /home/ubuntu/nemo_ws/src/install/image_transport/share/image_transport/cmake/ament_cmake_export_dependencies-extras.cmake
[5.456s] -- Up-to-date: /home/ubuntu/nemo_ws/src/install/image_transport/share/image_transport/cmake/image_transportConfig.cmake
[5.457s] -- Up-to-date: /home/ubuntu/nemo_ws/src/install/image_transport/share/image_transport/cmake/image_transportConfig-version.cmake
[5.458s] -- Up-to-date: /home/ubuntu/nemo_ws/src/install/image_transport/share/image_transport/package.xml
[5.463s] Invoked command in '/home/ubuntu/nemo_ws/src/build/image_transport' returned '0': CMAKE_PREFIX_PATH=${CMAKE_PREFIX_PATH}:/home/ubuntu/nemo_ws/install/path_finder:/home/ubuntu/nemo_ws/install/opencv_tests:/home/ubuntu/nemo_ws/install/img_basics:/home/ubuntu/nemo_ws/install/examples_rclpy_minimal_subscriber:/home/ubuntu/nemo_ws/install/examples_rclpy_minimal_service:/home/ubuntu/nemo_ws/install/examples_rclpy_minimal_publisher:/home/ubuntu/nemo_ws/install/examples_rclpy_minimal_client:/home/ubuntu/nemo_ws/install/examples_rclpy_minimal_action_server:/home/ubuntu/nemo_ws/install/examples_rclpy_minimal_action_client:/home/ubuntu/nemo_ws/install/examples_rclpy_executors:/opt/ros/foxy /usr/bin/cmake --install /home/ubuntu/nemo_ws/src/build/image_transport
