[3.667s] Invoking command in '/home/ubuntu/nemo_ws/src/examples/rclpy/actions/minimal_action_server': PYTHONPATH=/home/ubuntu/nemo_ws/install/examples_rclpy_minimal_action_server/lib/python3.8/site-packages:${PYTHONPATH} /usr/bin/python3 setup.py egg_info --egg-base ../../../../../build/examples_rclpy_minimal_action_server build --build-base /home/ubuntu/nemo_ws/build/examples_rclpy_minimal_action_server/build install --prefix /home/ubuntu/nemo_ws/install/examples_rclpy_minimal_action_server --record /home/ubuntu/nemo_ws/build/examples_rclpy_minimal_action_server/install.log --single-version-externally-managed
[5.186s] running egg_info
[5.189s] writing ../../../../../build/examples_rclpy_minimal_action_server/examples_rclpy_minimal_action_server.egg-info/PKG-INFO
[5.190s] writing dependency_links to ../../../../../build/examples_rclpy_minimal_action_server/examples_rclpy_minimal_action_server.egg-info/dependency_links.txt
[5.192s] writing entry points to ../../../../../build/examples_rclpy_minimal_action_server/examples_rclpy_minimal_action_server.egg-info/entry_points.txt
[5.193s] writing requirements to ../../../../../build/examples_rclpy_minimal_action_server/examples_rclpy_minimal_action_server.egg-info/requires.txt
[5.197s] writing top-level names to ../../../../../build/examples_rclpy_minimal_action_server/examples_rclpy_minimal_action_server.egg-info/top_level.txt
[5.377s] reading manifest file '../../../../../build/examples_rclpy_minimal_action_server/examples_rclpy_minimal_action_server.egg-info/SOURCES.txt'
[5.383s] writing manifest file '../../../../../build/examples_rclpy_minimal_action_server/examples_rclpy_minimal_action_server.egg-info/SOURCES.txt'
[5.384s] running build
[5.385s] running build_py
[5.388s] running install
[5.392s] running install_lib
[5.405s] running install_data
[5.410s] running install_egg_info
[5.421s] removing '/home/ubuntu/nemo_ws/install/examples_rclpy_minimal_action_server/lib/python3.8/site-packages/examples_rclpy_minimal_action_server-0.9.4-py3.8.egg-info' (and everything under it)
[5.424s] Copying ../../../../../build/examples_rclpy_minimal_action_server/examples_rclpy_minimal_action_server.egg-info to /home/ubuntu/nemo_ws/install/examples_rclpy_minimal_action_server/lib/python3.8/site-packages/examples_rclpy_minimal_action_server-0.9.4-py3.8.egg-info
[5.434s] running install_scripts
[5.506s] Installing server script to /home/ubuntu/nemo_ws/install/examples_rclpy_minimal_action_server/lib/examples_rclpy_minimal_action_server
[5.507s] Installing server_defer script to /home/ubuntu/nemo_ws/install/examples_rclpy_minimal_action_server/lib/examples_rclpy_minimal_action_server
[5.508s] Installing server_not_composable script to /home/ubuntu/nemo_ws/install/examples_rclpy_minimal_action_server/lib/examples_rclpy_minimal_action_server
[5.509s] Installing server_queue_goals script to /home/ubuntu/nemo_ws/install/examples_rclpy_minimal_action_server/lib/examples_rclpy_minimal_action_server
[5.509s] Installing server_single_goal script to /home/ubuntu/nemo_ws/install/examples_rclpy_minimal_action_server/lib/examples_rclpy_minimal_action_server
[5.512s] writing list of installed files to '/home/ubuntu/nemo_ws/build/examples_rclpy_minimal_action_server/install.log'
[6.307s] Invoked command in '/home/ubuntu/nemo_ws/src/examples/rclpy/actions/minimal_action_server' returned '0': PYTHONPATH=/home/ubuntu/nemo_ws/install/examples_rclpy_minimal_action_server/lib/python3.8/site-packages:${PYTHONPATH} /usr/bin/python3 setup.py egg_info --egg-base ../../../../../build/examples_rclpy_minimal_action_server build --build-base /home/ubuntu/nemo_ws/build/examples_rclpy_minimal_action_server/build install --prefix /home/ubuntu/nemo_ws/install/examples_rclpy_minimal_action_server --record /home/ubuntu/nemo_ws/build/examples_rclpy_minimal_action_server/install.log --single-version-externally-managed
