[5.499s] Invoking command in '/home/ubuntu/nemo_ws/src/examples/rclpy/topics/minimal_publisher': PYTHONPATH=/home/ubuntu/nemo_ws/install/examples_rclpy_minimal_publisher/lib/python3.8/site-packages:${PYTHONPATH} /usr/bin/python3 setup.py egg_info --egg-base ../../../../../build/examples_rclpy_minimal_publisher build --build-base /home/ubuntu/nemo_ws/build/examples_rclpy_minimal_publisher/build install --prefix /home/ubuntu/nemo_ws/install/examples_rclpy_minimal_publisher --record /home/ubuntu/nemo_ws/build/examples_rclpy_minimal_publisher/install.log --single-version-externally-managed
[7.005s] running egg_info
[7.008s] creating ../../../../../build/examples_rclpy_minimal_publisher/examples_rclpy_minimal_publisher.egg-info
[7.010s] writing ../../../../../build/examples_rclpy_minimal_publisher/examples_rclpy_minimal_publisher.egg-info/PKG-INFO
[7.012s] writing dependency_links to ../../../../../build/examples_rclpy_minimal_publisher/examples_rclpy_minimal_publisher.egg-info/dependency_links.txt
[7.013s] writing entry points to ../../../../../build/examples_rclpy_minimal_publisher/examples_rclpy_minimal_publisher.egg-info/entry_points.txt
[7.015s] writing requirements to ../../../../../build/examples_rclpy_minimal_publisher/examples_rclpy_minimal_publisher.egg-info/requires.txt
[7.016s] writing top-level names to ../../../../../build/examples_rclpy_minimal_publisher/examples_rclpy_minimal_publisher.egg-info/top_level.txt
[7.025s] writing manifest file '../../../../../build/examples_rclpy_minimal_publisher/examples_rclpy_minimal_publisher.egg-info/SOURCES.txt'
[7.196s] reading manifest file '../../../../../build/examples_rclpy_minimal_publisher/examples_rclpy_minimal_publisher.egg-info/SOURCES.txt'
[7.202s] writing manifest file '../../../../../build/examples_rclpy_minimal_publisher/examples_rclpy_minimal_publisher.egg-info/SOURCES.txt'
[7.203s] running build
[7.204s] running build_py
[7.205s] creating /home/ubuntu/nemo_ws/build/examples_rclpy_minimal_publisher/build
[7.207s] creating /home/ubuntu/nemo_ws/build/examples_rclpy_minimal_publisher/build/lib
[7.208s] creating /home/ubuntu/nemo_ws/build/examples_rclpy_minimal_publisher/build/lib/examples_rclpy_minimal_publisher
[7.208s] copying examples_rclpy_minimal_publisher/publisher_old_school.py -> /home/ubuntu/nemo_ws/build/examples_rclpy_minimal_publisher/build/lib/examples_rclpy_minimal_publisher
[7.209s] copying examples_rclpy_minimal_publisher/__init__.py -> /home/ubuntu/nemo_ws/build/examples_rclpy_minimal_publisher/build/lib/examples_rclpy_minimal_publisher
[7.211s] copying examples_rclpy_minimal_publisher/publisher_member_function.py -> /home/ubuntu/nemo_ws/build/examples_rclpy_minimal_publisher/build/lib/examples_rclpy_minimal_publisher
[7.213s] copying examples_rclpy_minimal_publisher/publisher_local_function.py -> /home/ubuntu/nemo_ws/build/examples_rclpy_minimal_publisher/build/lib/examples_rclpy_minimal_publisher
[7.215s] running install
[7.219s] running install_lib
[7.226s] creating /home/ubuntu/nemo_ws/install/examples_rclpy_minimal_publisher/lib/python3.8/site-packages/examples_rclpy_minimal_publisher
[7.227s] copying /home/ubuntu/nemo_ws/build/examples_rclpy_minimal_publisher/build/lib/examples_rclpy_minimal_publisher/publisher_old_school.py -> /home/ubuntu/nemo_ws/install/examples_rclpy_minimal_publisher/lib/python3.8/site-packages/examples_rclpy_minimal_publisher
[7.228s] copying /home/ubuntu/nemo_ws/build/examples_rclpy_minimal_publisher/build/lib/examples_rclpy_minimal_publisher/__init__.py -> /home/ubuntu/nemo_ws/install/examples_rclpy_minimal_publisher/lib/python3.8/site-packages/examples_rclpy_minimal_publisher
[7.230s] copying /home/ubuntu/nemo_ws/build/examples_rclpy_minimal_publisher/build/lib/examples_rclpy_minimal_publisher/publisher_member_function.py -> /home/ubuntu/nemo_ws/install/examples_rclpy_minimal_publisher/lib/python3.8/site-packages/examples_rclpy_minimal_publisher
[7.231s] copying /home/ubuntu/nemo_ws/build/examples_rclpy_minimal_publisher/build/lib/examples_rclpy_minimal_publisher/publisher_local_function.py -> /home/ubuntu/nemo_ws/install/examples_rclpy_minimal_publisher/lib/python3.8/site-packages/examples_rclpy_minimal_publisher
[7.235s] byte-compiling /home/ubuntu/nemo_ws/install/examples_rclpy_minimal_publisher/lib/python3.8/site-packages/examples_rclpy_minimal_publisher/publisher_old_school.py to publisher_old_school.cpython-38.pyc
[7.242s] byte-compiling /home/ubuntu/nemo_ws/install/examples_rclpy_minimal_publisher/lib/python3.8/site-packages/examples_rclpy_minimal_publisher/__init__.py to __init__.cpython-38.pyc
[7.245s] byte-compiling /home/ubuntu/nemo_ws/install/examples_rclpy_minimal_publisher/lib/python3.8/site-packages/examples_rclpy_minimal_publisher/publisher_member_function.py to publisher_member_function.cpython-38.pyc
[7.248s] byte-compiling /home/ubuntu/nemo_ws/install/examples_rclpy_minimal_publisher/lib/python3.8/site-packages/examples_rclpy_minimal_publisher/publisher_local_function.py to publisher_local_function.cpython-38.pyc
[7.250s] running install_data
[7.253s] creating /home/ubuntu/nemo_ws/install/examples_rclpy_minimal_publisher/share/ament_index
[7.254s] creating /home/ubuntu/nemo_ws/install/examples_rclpy_minimal_publisher/share/ament_index/resource_index
[7.255s] creating /home/ubuntu/nemo_ws/install/examples_rclpy_minimal_publisher/share/ament_index/resource_index/packages
[7.256s] copying resource/examples_rclpy_minimal_publisher -> /home/ubuntu/nemo_ws/install/examples_rclpy_minimal_publisher/share/ament_index/resource_index/packages
[7.258s] copying package.xml -> /home/ubuntu/nemo_ws/install/examples_rclpy_minimal_publisher/share/examples_rclpy_minimal_publisher
[7.258s] running install_egg_info
[7.268s] Copying ../../../../../build/examples_rclpy_minimal_publisher/examples_rclpy_minimal_publisher.egg-info to /home/ubuntu/nemo_ws/install/examples_rclpy_minimal_publisher/lib/python3.8/site-packages/examples_rclpy_minimal_publisher-0.9.4-py3.8.egg-info
[7.278s] running install_scripts
[7.377s] Installing publisher_local_function script to /home/ubuntu/nemo_ws/install/examples_rclpy_minimal_publisher/lib/examples_rclpy_minimal_publisher
[7.378s] Installing publisher_member_function script to /home/ubuntu/nemo_ws/install/examples_rclpy_minimal_publisher/lib/examples_rclpy_minimal_publisher
[7.380s] Installing publisher_old_school script to /home/ubuntu/nemo_ws/install/examples_rclpy_minimal_publisher/lib/examples_rclpy_minimal_publisher
[7.382s] writing list of installed files to '/home/ubuntu/nemo_ws/build/examples_rclpy_minimal_publisher/install.log'
[7.532s] Invoked command in '/home/ubuntu/nemo_ws/src/examples/rclpy/topics/minimal_publisher' returned '0': PYTHONPATH=/home/ubuntu/nemo_ws/install/examples_rclpy_minimal_publisher/lib/python3.8/site-packages:${PYTHONPATH} /usr/bin/python3 setup.py egg_info --egg-base ../../../../../build/examples_rclpy_minimal_publisher build --build-base /home/ubuntu/nemo_ws/build/examples_rclpy_minimal_publisher/build install --prefix /home/ubuntu/nemo_ws/install/examples_rclpy_minimal_publisher --record /home/ubuntu/nemo_ws/build/examples_rclpy_minimal_publisher/install.log --single-version-externally-managed
