[6.312s] Invoking command in '/home/ubuntu/nemo_ws/src/examples/rclpy/topics/minimal_publisher': PYTHONPATH=/home/ubuntu/nemo_ws/install/examples_rclpy_minimal_publisher/lib/python3.8/site-packages:${PYTHONPATH} /usr/bin/python3 setup.py egg_info --egg-base ../../../../../build/examples_rclpy_minimal_publisher build --build-base /home/ubuntu/nemo_ws/build/examples_rclpy_minimal_publisher/build install --prefix /home/ubuntu/nemo_ws/install/examples_rclpy_minimal_publisher --record /home/ubuntu/nemo_ws/build/examples_rclpy_minimal_publisher/install.log --single-version-externally-managed
[7.946s] running egg_info
[7.952s] writing ../../../../../build/examples_rclpy_minimal_publisher/examples_rclpy_minimal_publisher.egg-info/PKG-INFO
[7.957s] writing dependency_links to ../../../../../build/examples_rclpy_minimal_publisher/examples_rclpy_minimal_publisher.egg-info/dependency_links.txt
[7.964s] writing entry points to ../../../../../build/examples_rclpy_minimal_publisher/examples_rclpy_minimal_publisher.egg-info/entry_points.txt
[7.968s] writing requirements to ../../../../../build/examples_rclpy_minimal_publisher/examples_rclpy_minimal_publisher.egg-info/requires.txt
[7.972s] writing top-level names to ../../../../../build/examples_rclpy_minimal_publisher/examples_rclpy_minimal_publisher.egg-info/top_level.txt
[8.182s] reading manifest file '../../../../../build/examples_rclpy_minimal_publisher/examples_rclpy_minimal_publisher.egg-info/SOURCES.txt'
[8.188s] writing manifest file '../../../../../build/examples_rclpy_minimal_publisher/examples_rclpy_minimal_publisher.egg-info/SOURCES.txt'
[8.189s] running build
[8.189s] running build_py
[8.194s] running install
[8.198s] running install_lib
[8.208s] running install_data
[8.211s] running install_egg_info
[8.220s] removing '/home/ubuntu/nemo_ws/install/examples_rclpy_minimal_publisher/lib/python3.8/site-packages/examples_rclpy_minimal_publisher-0.9.4-py3.8.egg-info' (and everything under it)
[8.222s] Copying ../../../../../build/examples_rclpy_minimal_publisher/examples_rclpy_minimal_publisher.egg-info to /home/ubuntu/nemo_ws/install/examples_rclpy_minimal_publisher/lib/python3.8/site-packages/examples_rclpy_minimal_publisher-0.9.4-py3.8.egg-info
[8.230s] running install_scripts
[8.318s] Installing publisher_local_function script to /home/ubuntu/nemo_ws/install/examples_rclpy_minimal_publisher/lib/examples_rclpy_minimal_publisher
[8.320s] Installing publisher_member_function script to /home/ubuntu/nemo_ws/install/examples_rclpy_minimal_publisher/lib/examples_rclpy_minimal_publisher
[8.321s] Installing publisher_old_school script to /home/ubuntu/nemo_ws/install/examples_rclpy_minimal_publisher/lib/examples_rclpy_minimal_publisher
[8.323s] writing list of installed files to '/home/ubuntu/nemo_ws/build/examples_rclpy_minimal_publisher/install.log'
[9.162s] Invoked command in '/home/ubuntu/nemo_ws/src/examples/rclpy/topics/minimal_publisher' returned '0': PYTHONPATH=/home/ubuntu/nemo_ws/install/examples_rclpy_minimal_publisher/lib/python3.8/site-packages:${PYTHONPATH} /usr/bin/python3 setup.py egg_info --egg-base ../../../../../build/examples_rclpy_minimal_publisher build --build-base /home/ubuntu/nemo_ws/build/examples_rclpy_minimal_publisher/build install --prefix /home/ubuntu/nemo_ws/install/examples_rclpy_minimal_publisher --record /home/ubuntu/nemo_ws/build/examples_rclpy_minimal_publisher/install.log --single-version-externally-managed
