[4.268s] Invoking command in '/home/ubuntu/nemo_ws/src/img_basics': PYTHONPATH=/home/ubuntu/nemo_ws/install/img_basics/lib/python3.8/site-packages:${PYTHONPATH} /usr/bin/python3 setup.py egg_info --egg-base ../../build/img_basics build --build-base /home/ubuntu/nemo_ws/build/img_basics/build install --prefix /home/ubuntu/nemo_ws/install/img_basics --record /home/ubuntu/nemo_ws/build/img_basics/install.log --single-version-externally-managed
[5.260s] running egg_info
[5.262s] creating ../../build/img_basics/img_basics.egg-info
[5.263s] writing ../../build/img_basics/img_basics.egg-info/PKG-INFO
[5.264s] writing dependency_links to ../../build/img_basics/img_basics.egg-info/dependency_links.txt
[5.264s] writing entry points to ../../build/img_basics/img_basics.egg-info/entry_points.txt
[5.265s] writing requirements to ../../build/img_basics/img_basics.egg-info/requires.txt
[5.265s] writing top-level names to ../../build/img_basics/img_basics.egg-info/top_level.txt
[5.271s] writing manifest file '../../build/img_basics/img_basics.egg-info/SOURCES.txt'
[5.391s] reading manifest file '../../build/img_basics/img_basics.egg-info/SOURCES.txt'
[5.394s] writing manifest file '../../build/img_basics/img_basics.egg-info/SOURCES.txt'
[5.394s] running build
[5.395s] running build_py
[5.395s] creating /home/ubuntu/nemo_ws/build/img_basics/build
[5.396s] creating /home/ubuntu/nemo_ws/build/img_basics/build/lib
[5.396s] creating /home/ubuntu/nemo_ws/build/img_basics/build/lib/img_basics
[5.396s] copying img_basics/__init__.py -> /home/ubuntu/nemo_ws/build/img_basics/build/lib/img_basics
[5.397s] copying img_basics/cam_sub.py -> /home/ubuntu/nemo_ws/build/img_basics/build/lib/img_basics
[5.397s] running install
[5.400s] running install_lib
[5.404s] creating /home/ubuntu/nemo_ws/install/img_basics/lib/python3.8/site-packages/img_basics
[5.404s] copying /home/ubuntu/nemo_ws/build/img_basics/build/lib/img_basics/__init__.py -> /home/ubuntu/nemo_ws/install/img_basics/lib/python3.8/site-packages/img_basics
[5.405s] copying /home/ubuntu/nemo_ws/build/img_basics/build/lib/img_basics/cam_sub.py -> /home/ubuntu/nemo_ws/install/img_basics/lib/python3.8/site-packages/img_basics
[5.407s] byte-compiling /home/ubuntu/nemo_ws/install/img_basics/lib/python3.8/site-packages/img_basics/__init__.py to __init__.cpython-38.pyc
[5.412s] byte-compiling /home/ubuntu/nemo_ws/install/img_basics/lib/python3.8/site-packages/img_basics/cam_sub.py to cam_sub.cpython-38.pyc
[5.413s] running install_data
[5.415s] creating /home/ubuntu/nemo_ws/install/img_basics/share/ament_index
[5.415s] creating /home/ubuntu/nemo_ws/install/img_basics/share/ament_index/resource_index
[5.416s] creating /home/ubuntu/nemo_ws/install/img_basics/share/ament_index/resource_index/packages
[5.416s] copying resource/img_basics -> /home/ubuntu/nemo_ws/install/img_basics/share/ament_index/resource_index/packages
[5.417s] copying package.xml -> /home/ubuntu/nemo_ws/install/img_basics/share/img_basics
[5.417s] running install_egg_info
[5.422s] Copying ../../build/img_basics/img_basics.egg-info to /home/ubuntu/nemo_ws/install/img_basics/lib/python3.8/site-packages/img_basics-0.0.0-py3.8.egg-info
[5.427s] running install_scripts
[5.488s] Installing img_subscriber script to /home/ubuntu/nemo_ws/install/img_basics/lib/img_basics
[5.490s] writing list of installed files to '/home/ubuntu/nemo_ws/build/img_basics/install.log'
[5.590s] Invoked command in '/home/ubuntu/nemo_ws/src/img_basics' returned '0': PYTHONPATH=/home/ubuntu/nemo_ws/install/img_basics/lib/python3.8/site-packages:${PYTHONPATH} /usr/bin/python3 setup.py egg_info --egg-base ../../build/img_basics build --build-base /home/ubuntu/nemo_ws/build/img_basics/build install --prefix /home/ubuntu/nemo_ws/install/img_basics --record /home/ubuntu/nemo_ws/build/img_basics/install.log --single-version-externally-managed
