[0.113s] Invoking command in '/home/ubuntu/nemo_ws/src/build/ros2_aruco_interfaces': CMAKE_PREFIX_PATH=${CMAKE_PREFIX_PATH}:/home/ubuntu/nemo_ws/install/img_basics:/home/ubuntu/nemo_ws/install/examples_rclpy_minimal_subscriber:/home/ubuntu/nemo_ws/install/examples_rclpy_minimal_service:/home/ubuntu/nemo_ws/install/examples_rclpy_minimal_publisher:/home/ubuntu/nemo_ws/install/examples_rclpy_minimal_client:/home/ubuntu/nemo_ws/install/examples_rclpy_minimal_action_server:/home/ubuntu/nemo_ws/install/examples_rclpy_minimal_action_client:/home/ubuntu/nemo_ws/install/examples_rclpy_executors:/opt/ros/foxy /usr/bin/cmake /home/ubuntu/nemo_ws/src/ros2_aruco/ros2_aruco_interfaces -DCMAKE_INSTALL_PREFIX=/home/ubuntu/nemo_ws/src/install/ros2_aruco_interfaces
[0.505s] -- The C compiler identification is GNU 9.4.0
[0.850s] -- The CXX compiler identification is GNU 9.4.0
[0.885s] -- Check for working C compiler: /usr/bin/cc
[1.354s] -- Check for working C compiler: /usr/bin/cc -- works
[1.358s] -- Detecting C compiler ABI info
[1.803s] -- Detecting C compiler ABI info - done
[1.851s] -- Detecting C compile features
[1.854s] -- Detecting C compile features - done
[1.870s] -- Check for working CXX compiler: /usr/bin/c++
[2.338s] -- Check for working CXX compiler: /usr/bin/c++ -- works
[2.344s] -- Detecting CXX compiler ABI info
[2.838s] -- Detecting CXX compiler ABI info - done
[2.889s] -- Detecting CXX compile features
[2.893s] -- Detecting CXX compile features - done
[2.938s] -- Found ament_cmake: 0.9.9 (/opt/ros/foxy/share/ament_cmake/cmake)
[3.179s] -- Found PythonInterp: /usr/bin/python3 (found suitable version "3.8.10", minimum required is "3") 
[3.180s] -- Using PYTHON_EXECUTABLE: /usr/bin/python3
[5.393s] -- Found geometry_msgs: 2.0.5 (/opt/ros/foxy/share/geometry_msgs/cmake)
[5.880s] -- Using all available rosidl_typesupport_c: rosidl_typesupport_fastrtps_c;rosidl_typesupport_introspection_c
[6.013s] -- Found rosidl_adapter: 1.2.1 (/opt/ros/foxy/share/rosidl_adapter/cmake)
[6.875s] -- Found OpenSSL: /usr/lib/aarch64-linux-gnu/libcrypto.so (found version "1.1.1f")  
[7.197s] -- Found FastRTPS: /opt/ros/foxy/include  
[8.085s] -- Using all available rosidl_typesupport_cpp: rosidl_typesupport_fastrtps_cpp;rosidl_typesupport_introspection_cpp
[8.670s] -- Found rosidl_default_generators: 1.0.1 (/opt/ros/foxy/share/rosidl_default_generators/cmake)
[8.961s] -- Found PythonInterp: /usr/bin/python3 (found version "3.8.10") 
[10.225s] -- Found ament_cmake_ros: 0.9.2 (/opt/ros/foxy/share/ament_cmake_ros/cmake)
[12.412s] -- Using all available rosidl_typesupport_c: rosidl_typesupport_fastrtps_c;rosidl_typesupport_introspection_c
[13.085s] -- Using all available rosidl_typesupport_cpp: rosidl_typesupport_fastrtps_cpp;rosidl_typesupport_introspection_cpp
[13.281s] -- Found PythonInterp: /usr/bin/python3 (found suitable version "3.8.10", minimum required is "3.5") 
[13.319s] -- Found python_cmake_module: 0.8.1 (/opt/ros/foxy/share/python_cmake_module/cmake)
[13.534s] -- Found PythonLibs: /usr/lib/aarch64-linux-gnu/libpython3.8.so (found suitable version "3.8.10", minimum required is "3.5") 
[13.536s] -- Using PYTHON_EXECUTABLE: /usr/bin/python3
[13.538s] -- Using PYTHON_INCLUDE_DIRS: /usr/include/python3.8
[13.539s] -- Using PYTHON_LIBRARIES: /usr/lib/aarch64-linux-gnu/libpython3.8.so
[13.703s] -- Found PythonExtra: .so  
[14.309s] -- Found ament_lint_auto: 0.9.6 (/opt/ros/foxy/share/ament_lint_auto/cmake)
[14.736s] -- Added test 'copyright' to check source files copyright and LICENSE
[14.753s] -- Added test 'lint_cmake' to check CMake code style
[14.764s] -- Added test 'xmllint' to check XML markup files
[14.815s] -- Configuring done
[15.138s] -- Generating done
[15.168s] -- Build files have been written to: /home/ubuntu/nemo_ws/src/build/ros2_aruco_interfaces
[15.254s] Invoked command in '/home/ubuntu/nemo_ws/src/build/ros2_aruco_interfaces' returned '0': CMAKE_PREFIX_PATH=${CMAKE_PREFIX_PATH}:/home/ubuntu/nemo_ws/install/img_basics:/home/ubuntu/nemo_ws/install/examples_rclpy_minimal_subscriber:/home/ubuntu/nemo_ws/install/examples_rclpy_minimal_service:/home/ubuntu/nemo_ws/install/examples_rclpy_minimal_publisher:/home/ubuntu/nemo_ws/install/examples_rclpy_minimal_client:/home/ubuntu/nemo_ws/install/examples_rclpy_minimal_action_server:/home/ubuntu/nemo_ws/install/examples_rclpy_minimal_action_client:/home/ubuntu/nemo_ws/install/examples_rclpy_executors:/opt/ros/foxy /usr/bin/cmake /home/ubuntu/nemo_ws/src/ros2_aruco/ros2_aruco_interfaces -DCMAKE_INSTALL_PREFIX=/home/ubuntu/nemo_ws/src/install/ros2_aruco_interfaces
[15.258s] Invoking command in '/home/ubuntu/nemo_ws/src/build/ros2_aruco_interfaces': CMAKE_PREFIX_PATH=${CMAKE_PREFIX_PATH}:/home/ubuntu/nemo_ws/install/img_basics:/home/ubuntu/nemo_ws/install/examples_rclpy_minimal_subscriber:/home/ubuntu/nemo_ws/install/examples_rclpy_minimal_service:/home/ubuntu/nemo_ws/install/examples_rclpy_minimal_publisher:/home/ubuntu/nemo_ws/install/examples_rclpy_minimal_client:/home/ubuntu/nemo_ws/install/examples_rclpy_minimal_action_server:/home/ubuntu/nemo_ws/install/examples_rclpy_minimal_action_client:/home/ubuntu/nemo_ws/install/examples_rclpy_executors:/opt/ros/foxy /usr/bin/cmake --build /home/ubuntu/nemo_ws/src/build/ros2_aruco_interfaces -- -j4 -l4
[15.601s] [35m[1mScanning dependencies of target ros2_aruco_interfaces__cpp[0m
[15.678s] [  3%] [34m[1mGenerating C++ code for ROS interfaces[0m
[17.176s] [  3%] Built target ros2_aruco_interfaces__cpp
[17.255s] [  6%] [34m[1mGenerating C code for ROS interfaces[0m
[18.818s] [35m[1mScanning dependencies of target ros2_aruco_interfaces__rosidl_generator_c[0m
[18.963s] [  9%] [32mBuilding C object CMakeFiles/ros2_aruco_interfaces__rosidl_generator_c.dir/rosidl_generator_c/ros2_aruco_interfaces/msg/detail/aruco_markers__functions.c.o[0m
[19.217s] [ 12%] [32m[1mLinking C shared library libros2_aruco_interfaces__rosidl_generator_c.so[0m
[19.493s] [ 12%] Built target ros2_aruco_interfaces__rosidl_generator_c
[19.570s] [ 16%] [34m[1mGenerating C++ introspection for ROS interfaces[0m
[20.888s] [35m[1mScanning dependencies of target ros2_aruco_interfaces__rosidl_typesupport_introspection_cpp[0m
[20.995s] [ 19%] [32mBuilding CXX object CMakeFiles/ros2_aruco_interfaces__rosidl_typesupport_introspection_cpp.dir/rosidl_typesupport_introspection_cpp/ros2_aruco_interfaces/msg/detail/aruco_markers__type_support.cpp.o[0m
[23.166s] [ 22%] [32m[1mLinking CXX shared library libros2_aruco_interfaces__rosidl_typesupport_introspection_cpp.so[0m
[23.555s] [ 22%] Built target ros2_aruco_interfaces__rosidl_typesupport_introspection_cpp
[23.652s] [ 25%] [34m[1mGenerating C type support dispatch for ROS interfaces[0m
[24.910s] [35m[1mScanning dependencies of target ros2_aruco_interfaces__rosidl_typesupport_c[0m
[25.016s] [ 29%] [32mBuilding CXX object CMakeFiles/ros2_aruco_interfaces__rosidl_typesupport_c.dir/rosidl_typesupport_c/ros2_aruco_interfaces/msg/aruco_markers__type_support.cpp.o[0m
[25.205s] [ 32%] [32m[1mLinking CXX shared library libros2_aruco_interfaces__rosidl_typesupport_c.so[0m
[25.456s] [ 32%] Built target ros2_aruco_interfaces__rosidl_typesupport_c
[25.531s] [ 35%] [34m[1mGenerating C introspection for ROS interfaces[0m
[26.874s] [35m[1mScanning dependencies of target ros2_aruco_interfaces__rosidl_typesupport_introspection_c[0m
[26.989s] [ 38%] [32mBuilding C object CMakeFiles/ros2_aruco_interfaces__rosidl_typesupport_introspection_c.dir/rosidl_typesupport_introspection_c/ros2_aruco_interfaces/msg/detail/aruco_markers__type_support.c.o[0m
[27.238s] [ 41%] [32m[1mLinking C shared library libros2_aruco_interfaces__rosidl_typesupport_introspection_c.so[0m
[27.467s] [ 41%] Built target ros2_aruco_interfaces__rosidl_typesupport_introspection_c
[27.548s] [ 45%] [34m[1mGenerating C++ type support for eProsima Fast-RTPS[0m
[28.997s] [35m[1mScanning dependencies of target ros2_aruco_interfaces__rosidl_typesupport_fastrtps_cpp[0m
[29.151s] [ 48%] [32mBuilding CXX object CMakeFiles/ros2_aruco_interfaces__rosidl_typesupport_fastrtps_cpp.dir/rosidl_typesupport_fastrtps_cpp/ros2_aruco_interfaces/msg/detail/dds_fastrtps/aruco_markers__type_support.cpp.o[0m
[32.106s] [ 51%] [32m[1mLinking CXX shared library libros2_aruco_interfaces__rosidl_typesupport_fastrtps_cpp.so[0m
[32.594s] [ 51%] Built target ros2_aruco_interfaces__rosidl_typesupport_fastrtps_cpp
[32.672s] [ 54%] [34m[1mGenerating C++ type support dispatch for ROS interfaces[0m
[33.883s] [35m[1mScanning dependencies of target ros2_aruco_interfaces__rosidl_typesupport_cpp[0m
[33.989s] [ 58%] [32mBuilding CXX object CMakeFiles/ros2_aruco_interfaces__rosidl_typesupport_cpp.dir/rosidl_typesupport_cpp/ros2_aruco_interfaces/msg/aruco_markers__type_support.cpp.o[0m
[35.969s] [ 61%] [32m[1mLinking CXX shared library libros2_aruco_interfaces__rosidl_typesupport_cpp.so[0m
[36.224s] [ 61%] Built target ros2_aruco_interfaces__rosidl_typesupport_cpp
[36.303s] [ 64%] [34m[1mGenerating C type support for eProsima Fast-RTPS[0m
[37.696s] [35m[1mScanning dependencies of target ros2_aruco_interfaces__rosidl_typesupport_fastrtps_c[0m
[37.848s] [ 67%] [32mBuilding CXX object CMakeFiles/ros2_aruco_interfaces__rosidl_typesupport_fastrtps_c.dir/rosidl_typesupport_fastrtps_c/ros2_aruco_interfaces/msg/detail/aruco_markers__type_support_c.cpp.o[0m
[40.318s] [ 70%] [32m[1mLinking CXX shared library libros2_aruco_interfaces__rosidl_typesupport_fastrtps_c.so[0m
[40.958s] [ 70%] Built target ros2_aruco_interfaces__rosidl_typesupport_fastrtps_c
[41.033s] [35m[1mScanning dependencies of target ros2_aruco_interfaces[0m
[41.115s] [ 70%] Built target ros2_aruco_interfaces
[41.199s] [35m[1mScanning dependencies of target ros2_aruco_interfaces__py[0m
[41.292s] [ 74%] [34m[1mGenerating Python code for ROS interfaces[0m
[43.703s] [ 74%] Built target ros2_aruco_interfaces__py
[43.771s] [35m[1mScanning dependencies of target ros2_aruco_interfaces__python[0m
[43.939s] [ 77%] [32mBuilding C object CMakeFiles/ros2_aruco_interfaces__python.dir/rosidl_generator_py/ros2_aruco_interfaces/msg/_aruco_markers_s.c.o[0m
[44.542s] [ 80%] [32m[1mLinking C shared library rosidl_generator_py/ros2_aruco_interfaces/libros2_aruco_interfaces__python.so[0m
[44.886s] [ 80%] Built target ros2_aruco_interfaces__python
[44.967s] [35m[1mScanning dependencies of target ros2_aruco_interfaces__rosidl_typesupport_c__pyext[0m
[45.139s] [ 83%] [32mBuilding C object CMakeFiles/ros2_aruco_interfaces__rosidl_typesupport_c__pyext.dir/rosidl_generator_py/ros2_aruco_interfaces/_ros2_aruco_interfaces_s.ep.rosidl_typesupport_c.c.o[0m
[45.635s] [ 87%] [32m[1mLinking C shared library rosidl_generator_py/ros2_aruco_interfaces/ros2_aruco_interfaces_s__rosidl_typesupport_c.cpython-38-aarch64-linux-gnu.so[0m
[45.951s] [ 87%] Built target ros2_aruco_interfaces__rosidl_typesupport_c__pyext
[46.023s] [35m[1mScanning dependencies of target ros2_aruco_interfaces__rosidl_typesupport_fastrtps_c__pyext[0m
[46.206s] [ 90%] [32mBuilding C object CMakeFiles/ros2_aruco_interfaces__rosidl_typesupport_fastrtps_c__pyext.dir/rosidl_generator_py/ros2_aruco_interfaces/_ros2_aruco_interfaces_s.ep.rosidl_typesupport_fastrtps_c.c.o[0m
[46.699s] [ 93%] [32m[1mLinking CXX shared library rosidl_generator_py/ros2_aruco_interfaces/ros2_aruco_interfaces_s__rosidl_typesupport_fastrtps_c.cpython-38-aarch64-linux-gnu.so[0m
[47.208s] [ 93%] Built target ros2_aruco_interfaces__rosidl_typesupport_fastrtps_c__pyext
[47.303s] [35m[1mScanning dependencies of target ros2_aruco_interfaces__rosidl_typesupport_introspection_c__pyext[0m
[47.465s] [ 96%] [32mBuilding C object CMakeFiles/ros2_aruco_interfaces__rosidl_typesupport_introspection_c__pyext.dir/rosidl_generator_py/ros2_aruco_interfaces/_ros2_aruco_interfaces_s.ep.rosidl_typesupport_introspection_c.c.o[0m
[48.006s] [100%] [32m[1mLinking C shared library rosidl_generator_py/ros2_aruco_interfaces/ros2_aruco_interfaces_s__rosidl_typesupport_introspection_c.cpython-38-aarch64-linux-gnu.so[0m
[48.382s] [100%] Built target ros2_aruco_interfaces__rosidl_typesupport_introspection_c__pyext
[48.487s] Invoked command in '/home/ubuntu/nemo_ws/src/build/ros2_aruco_interfaces' returned '0': CMAKE_PREFIX_PATH=${CMAKE_PREFIX_PATH}:/home/ubuntu/nemo_ws/install/img_basics:/home/ubuntu/nemo_ws/install/examples_rclpy_minimal_subscriber:/home/ubuntu/nemo_ws/install/examples_rclpy_minimal_service:/home/ubuntu/nemo_ws/install/examples_rclpy_minimal_publisher:/home/ubuntu/nemo_ws/install/examples_rclpy_minimal_client:/home/ubuntu/nemo_ws/install/examples_rclpy_minimal_action_server:/home/ubuntu/nemo_ws/install/examples_rclpy_minimal_action_client:/home/ubuntu/nemo_ws/install/examples_rclpy_executors:/opt/ros/foxy /usr/bin/cmake --build /home/ubuntu/nemo_ws/src/build/ros2_aruco_interfaces -- -j4 -l4
[49.097s] Invoking command in '/home/ubuntu/nemo_ws/src/build/ros2_aruco_interfaces': CMAKE_PREFIX_PATH=${CMAKE_PREFIX_PATH}:/home/ubuntu/nemo_ws/install/img_basics:/home/ubuntu/nemo_ws/install/examples_rclpy_minimal_subscriber:/home/ubuntu/nemo_ws/install/examples_rclpy_minimal_service:/home/ubuntu/nemo_ws/install/examples_rclpy_minimal_publisher:/home/ubuntu/nemo_ws/install/examples_rclpy_minimal_client:/home/ubuntu/nemo_ws/install/examples_rclpy_minimal_action_server:/home/ubuntu/nemo_ws/install/examples_rclpy_minimal_action_client:/home/ubuntu/nemo_ws/install/examples_rclpy_executors:/opt/ros/foxy /usr/bin/cmake --install /home/ubuntu/nemo_ws/src/build/ros2_aruco_interfaces
[49.196s] -- Install configuration: ""
[49.200s] -- Installing: /home/ubuntu/nemo_ws/src/install/ros2_aruco_interfaces/share/ament_index/resource_index/rosidl_interfaces/ros2_aruco_interfaces
[49.204s] -- Installing: /home/ubuntu/nemo_ws/src/install/ros2_aruco_interfaces/include/ros2_aruco_interfaces
[49.208s] -- Installing: /home/ubuntu/nemo_ws/src/install/ros2_aruco_interfaces/include/ros2_aruco_interfaces/msg
[49.212s] -- Installing: /home/ubuntu/nemo_ws/src/install/ros2_aruco_interfaces/include/ros2_aruco_interfaces/msg/rosidl_generator_c__visibility_control.h
[49.215s] -- Installing: /home/ubuntu/nemo_ws/src/install/ros2_aruco_interfaces/include/ros2_aruco_interfaces/msg/detail
[49.218s] -- Installing: /home/ubuntu/nemo_ws/src/install/ros2_aruco_interfaces/include/ros2_aruco_interfaces/msg/detail/aruco_markers__functions.c
[49.223s] -- Installing: /home/ubuntu/nemo_ws/src/install/ros2_aruco_interfaces/include/ros2_aruco_interfaces/msg/detail/aruco_markers__struct.h
[49.226s] -- Installing: /home/ubuntu/nemo_ws/src/install/ros2_aruco_interfaces/include/ros2_aruco_interfaces/msg/detail/aruco_markers__type_support.h
[49.230s] -- Installing: /home/ubuntu/nemo_ws/src/install/ros2_aruco_interfaces/include/ros2_aruco_interfaces/msg/detail/aruco_markers__functions.h
[49.234s] -- Installing: /home/ubuntu/nemo_ws/src/install/ros2_aruco_interfaces/include/ros2_aruco_interfaces/msg/aruco_markers.h
[49.240s] -- Installing: /home/ubuntu/nemo_ws/src/install/ros2_aruco_interfaces/share/ros2_aruco_interfaces/environment/library_path.sh
[49.243s] -- Installing: /home/ubuntu/nemo_ws/src/install/ros2_aruco_interfaces/share/ros2_aruco_interfaces/environment/library_path.dsv
[49.248s] -- Installing: /home/ubuntu/nemo_ws/src/install/ros2_aruco_interfaces/lib/libros2_aruco_interfaces__rosidl_generator_c.so
[49.252s] -- Set runtime path of "/home/ubuntu/nemo_ws/src/install/ros2_aruco_interfaces/lib/libros2_aruco_interfaces__rosidl_generator_c.so" to ""
[49.255s] -- Up-to-date: /home/ubuntu/nemo_ws/src/install/ros2_aruco_interfaces/include/ros2_aruco_interfaces
[49.257s] -- Up-to-date: /home/ubuntu/nemo_ws/src/install/ros2_aruco_interfaces/include/ros2_aruco_interfaces/msg
[49.260s] -- Up-to-date: /home/ubuntu/nemo_ws/src/install/ros2_aruco_interfaces/include/ros2_aruco_interfaces/msg/detail
[49.262s] -- Installing: /home/ubuntu/nemo_ws/src/install/ros2_aruco_interfaces/include/ros2_aruco_interfaces/msg/detail/aruco_markers__rosidl_typesupport_fastrtps_c.h
[49.264s] -- Installing: /home/ubuntu/nemo_ws/src/install/ros2_aruco_interfaces/include/ros2_aruco_interfaces/msg/rosidl_typesupport_fastrtps_c__visibility_control.h
[49.268s] -- Installing: /home/ubuntu/nemo_ws/src/install/ros2_aruco_interfaces/lib/libros2_aruco_interfaces__rosidl_typesupport_fastrtps_c.so
[49.275s] -- Set runtime path of "/home/ubuntu/nemo_ws/src/install/ros2_aruco_interfaces/lib/libros2_aruco_interfaces__rosidl_typesupport_fastrtps_c.so" to ""
[49.277s] -- Up-to-date: /home/ubuntu/nemo_ws/src/install/ros2_aruco_interfaces/include/ros2_aruco_interfaces
[49.281s] -- Up-to-date: /home/ubuntu/nemo_ws/src/install/ros2_aruco_interfaces/include/ros2_aruco_interfaces/msg
[49.284s] -- Up-to-date: /home/ubuntu/nemo_ws/src/install/ros2_aruco_interfaces/include/ros2_aruco_interfaces/msg/detail
[49.287s] -- Installing: /home/ubuntu/nemo_ws/src/install/ros2_aruco_interfaces/include/ros2_aruco_interfaces/msg/detail/dds_fastrtps
[49.290s] -- Installing: /home/ubuntu/nemo_ws/src/install/ros2_aruco_interfaces/include/ros2_aruco_interfaces/msg/detail/aruco_markers__rosidl_typesupport_fastrtps_cpp.hpp
[49.293s] -- Installing: /home/ubuntu/nemo_ws/src/install/ros2_aruco_interfaces/include/ros2_aruco_interfaces/msg/rosidl_typesupport_fastrtps_cpp__visibility_control.h
[49.298s] -- Installing: /home/ubuntu/nemo_ws/src/install/ros2_aruco_interfaces/lib/libros2_aruco_interfaces__rosidl_typesupport_fastrtps_cpp.so
[49.305s] -- Set runtime path of "/home/ubuntu/nemo_ws/src/install/ros2_aruco_interfaces/lib/libros2_aruco_interfaces__rosidl_typesupport_fastrtps_cpp.so" to ""
[49.308s] -- Up-to-date: /home/ubuntu/nemo_ws/src/install/ros2_aruco_interfaces/include/ros2_aruco_interfaces
[49.310s] -- Up-to-date: /home/ubuntu/nemo_ws/src/install/ros2_aruco_interfaces/include/ros2_aruco_interfaces/msg
[49.313s] -- Installing: /home/ubuntu/nemo_ws/src/install/ros2_aruco_interfaces/include/ros2_aruco_interfaces/msg/rosidl_typesupport_introspection_c__visibility_control.h
[49.317s] -- Up-to-date: /home/ubuntu/nemo_ws/src/install/ros2_aruco_interfaces/include/ros2_aruco_interfaces/msg/detail
[49.320s] -- Installing: /home/ubuntu/nemo_ws/src/install/ros2_aruco_interfaces/include/ros2_aruco_interfaces/msg/detail/aruco_markers__rosidl_typesupport_introspection_c.h
[49.324s] -- Installing: /home/ubuntu/nemo_ws/src/install/ros2_aruco_interfaces/include/ros2_aruco_interfaces/msg/detail/aruco_markers__type_support.c
[49.329s] -- Installing: /home/ubuntu/nemo_ws/src/install/ros2_aruco_interfaces/lib/libros2_aruco_interfaces__rosidl_typesupport_introspection_c.so
[49.336s] -- Set runtime path of "/home/ubuntu/nemo_ws/src/install/ros2_aruco_interfaces/lib/libros2_aruco_interfaces__rosidl_typesupport_introspection_c.so" to ""
[49.339s] -- Installing: /home/ubuntu/nemo_ws/src/install/ros2_aruco_interfaces/lib/libros2_aruco_interfaces__rosidl_typesupport_c.so
[49.345s] -- Set runtime path of "/home/ubuntu/nemo_ws/src/install/ros2_aruco_interfaces/lib/libros2_aruco_interfaces__rosidl_typesupport_c.so" to ""
[49.348s] -- Up-to-date: /home/ubuntu/nemo_ws/src/install/ros2_aruco_interfaces/include/ros2_aruco_interfaces
[49.351s] -- Up-to-date: /home/ubuntu/nemo_ws/src/install/ros2_aruco_interfaces/include/ros2_aruco_interfaces/msg
[49.353s] -- Up-to-date: /home/ubuntu/nemo_ws/src/install/ros2_aruco_interfaces/include/ros2_aruco_interfaces/msg/detail
[49.356s] -- Installing: /home/ubuntu/nemo_ws/src/install/ros2_aruco_interfaces/include/ros2_aruco_interfaces/msg/detail/aruco_markers__builder.hpp
[49.360s] -- Installing: /home/ubuntu/nemo_ws/src/install/ros2_aruco_interfaces/include/ros2_aruco_interfaces/msg/detail/aruco_markers__traits.hpp
[49.364s] -- Installing: /home/ubuntu/nemo_ws/src/install/ros2_aruco_interfaces/include/ros2_aruco_interfaces/msg/detail/aruco_markers__struct.hpp
[49.368s] -- Installing: /home/ubuntu/nemo_ws/src/install/ros2_aruco_interfaces/include/ros2_aruco_interfaces/msg/aruco_markers.hpp
[49.374s] -- Up-to-date: /home/ubuntu/nemo_ws/src/install/ros2_aruco_interfaces/include/ros2_aruco_interfaces
[49.377s] -- Up-to-date: /home/ubuntu/nemo_ws/src/install/ros2_aruco_interfaces/include/ros2_aruco_interfaces/msg
[49.380s] -- Up-to-date: /home/ubuntu/nemo_ws/src/install/ros2_aruco_interfaces/include/ros2_aruco_interfaces/msg/detail
[49.383s] -- Installing: /home/ubuntu/nemo_ws/src/install/ros2_aruco_interfaces/include/ros2_aruco_interfaces/msg/detail/aruco_markers__type_support.cpp
[49.386s] -- Installing: /home/ubuntu/nemo_ws/src/install/ros2_aruco_interfaces/include/ros2_aruco_interfaces/msg/detail/aruco_markers__rosidl_typesupport_introspection_cpp.hpp
[49.391s] -- Installing: /home/ubuntu/nemo_ws/src/install/ros2_aruco_interfaces/lib/libros2_aruco_interfaces__rosidl_typesupport_introspection_cpp.so
[49.398s] -- Set runtime path of "/home/ubuntu/nemo_ws/src/install/ros2_aruco_interfaces/lib/libros2_aruco_interfaces__rosidl_typesupport_introspection_cpp.so" to ""
[49.399s] -- Installing: /home/ubuntu/nemo_ws/src/install/ros2_aruco_interfaces/lib/libros2_aruco_interfaces__rosidl_typesupport_cpp.so
[49.404s] -- Set runtime path of "/home/ubuntu/nemo_ws/src/install/ros2_aruco_interfaces/lib/libros2_aruco_interfaces__rosidl_typesupport_cpp.so" to ""
[49.406s] -- Installing: /home/ubuntu/nemo_ws/src/install/ros2_aruco_interfaces/share/ros2_aruco_interfaces/environment/pythonpath.sh
[49.408s] -- Installing: /home/ubuntu/nemo_ws/src/install/ros2_aruco_interfaces/share/ros2_aruco_interfaces/environment/pythonpath.dsv
[49.412s] -- Installing: /home/ubuntu/nemo_ws/src/install/ros2_aruco_interfaces/lib/python3.8/site-packages/ros2_aruco_interfaces/__init__.py
[49.735s] Compiling '/home/ubuntu/nemo_ws/src/install/ros2_aruco_interfaces/lib/python3.8/site-packages/ros2_aruco_interfaces/__init__.py'...
[49.782s] -- Installing: /home/ubuntu/nemo_ws/src/install/ros2_aruco_interfaces/lib/python3.8/site-packages/ros2_aruco_interfaces/msg
[49.785s] -- Installing: /home/ubuntu/nemo_ws/src/install/ros2_aruco_interfaces/lib/python3.8/site-packages/ros2_aruco_interfaces/msg/__init__.py
[49.786s] -- Installing: /home/ubuntu/nemo_ws/src/install/ros2_aruco_interfaces/lib/python3.8/site-packages/ros2_aruco_interfaces/msg/_aruco_markers_s.c
[49.787s] -- Installing: /home/ubuntu/nemo_ws/src/install/ros2_aruco_interfaces/lib/python3.8/site-packages/ros2_aruco_interfaces/msg/_aruco_markers.py
[49.790s] -- Installing: /home/ubuntu/nemo_ws/src/install/ros2_aruco_interfaces/lib/python3.8/site-packages/ros2_aruco_interfaces/ros2_aruco_interfaces_s__rosidl_typesupport_fastrtps_c.cpython-38-aarch64-linux-gnu.so
[49.794s] -- Set runtime path of "/home/ubuntu/nemo_ws/src/install/ros2_aruco_interfaces/lib/python3.8/site-packages/ros2_aruco_interfaces/ros2_aruco_interfaces_s__rosidl_typesupport_fastrtps_c.cpython-38-aarch64-linux-gnu.so" to ""
[49.796s] -- Installing: /home/ubuntu/nemo_ws/src/install/ros2_aruco_interfaces/lib/python3.8/site-packages/ros2_aruco_interfaces/ros2_aruco_interfaces_s__rosidl_typesupport_introspection_c.cpython-38-aarch64-linux-gnu.so
[49.800s] -- Set runtime path of "/home/ubuntu/nemo_ws/src/install/ros2_aruco_interfaces/lib/python3.8/site-packages/ros2_aruco_interfaces/ros2_aruco_interfaces_s__rosidl_typesupport_introspection_c.cpython-38-aarch64-linux-gnu.so" to ""
[49.802s] -- Installing: /home/ubuntu/nemo_ws/src/install/ros2_aruco_interfaces/lib/python3.8/site-packages/ros2_aruco_interfaces/ros2_aruco_interfaces_s__rosidl_typesupport_c.cpython-38-aarch64-linux-gnu.so
[49.806s] -- Set runtime path of "/home/ubuntu/nemo_ws/src/install/ros2_aruco_interfaces/lib/python3.8/site-packages/ros2_aruco_interfaces/ros2_aruco_interfaces_s__rosidl_typesupport_c.cpython-38-aarch64-linux-gnu.so" to ""
[49.808s] -- Installing: /home/ubuntu/nemo_ws/src/install/ros2_aruco_interfaces/lib/libros2_aruco_interfaces__python.so
[49.811s] -- Set runtime path of "/home/ubuntu/nemo_ws/src/install/ros2_aruco_interfaces/lib/libros2_aruco_interfaces__python.so" to ""
[49.812s] -- Installing: /home/ubuntu/nemo_ws/src/install/ros2_aruco_interfaces/share/ros2_aruco_interfaces/msg/ArucoMarkers.idl
[49.814s] -- Installing: /home/ubuntu/nemo_ws/src/install/ros2_aruco_interfaces/share/ros2_aruco_interfaces/msg/ArucoMarkers.msg
[49.817s] -- Installing: /home/ubuntu/nemo_ws/src/install/ros2_aruco_interfaces/share/ament_index/resource_index/package_run_dependencies/ros2_aruco_interfaces
[49.819s] -- Installing: /home/ubuntu/nemo_ws/src/install/ros2_aruco_interfaces/share/ament_index/resource_index/parent_prefix_path/ros2_aruco_interfaces
[49.822s] -- Installing: /home/ubuntu/nemo_ws/src/install/ros2_aruco_interfaces/share/ros2_aruco_interfaces/environment/ament_prefix_path.sh
[49.824s] -- Installing: /home/ubuntu/nemo_ws/src/install/ros2_aruco_interfaces/share/ros2_aruco_interfaces/environment/ament_prefix_path.dsv
[49.827s] -- Installing: /home/ubuntu/nemo_ws/src/install/ros2_aruco_interfaces/share/ros2_aruco_interfaces/environment/path.sh
[49.829s] -- Installing: /home/ubuntu/nemo_ws/src/install/ros2_aruco_interfaces/share/ros2_aruco_interfaces/environment/path.dsv
[49.832s] -- Installing: /home/ubuntu/nemo_ws/src/install/ros2_aruco_interfaces/share/ros2_aruco_interfaces/local_setup.bash
[49.834s] -- Installing: /home/ubuntu/nemo_ws/src/install/ros2_aruco_interfaces/share/ros2_aruco_interfaces/local_setup.sh
[49.836s] -- Installing: /home/ubuntu/nemo_ws/src/install/ros2_aruco_interfaces/share/ros2_aruco_interfaces/local_setup.zsh
[49.839s] -- Installing: /home/ubuntu/nemo_ws/src/install/ros2_aruco_interfaces/share/ros2_aruco_interfaces/local_setup.dsv
[49.841s] -- Installing: /home/ubuntu/nemo_ws/src/install/ros2_aruco_interfaces/share/ros2_aruco_interfaces/package.dsv
[49.843s] -- Installing: /home/ubuntu/nemo_ws/src/install/ros2_aruco_interfaces/share/ament_index/resource_index/packages/ros2_aruco_interfaces
[49.846s] -- Installing: /home/ubuntu/nemo_ws/src/install/ros2_aruco_interfaces/share/ros2_aruco_interfaces/cmake/ros2_aruco_interfaces__rosidl_generator_cExport.cmake
[49.848s] -- Installing: /home/ubuntu/nemo_ws/src/install/ros2_aruco_interfaces/share/ros2_aruco_interfaces/cmake/ros2_aruco_interfaces__rosidl_generator_cExport-noconfig.cmake
[49.852s] -- Installing: /home/ubuntu/nemo_ws/src/install/ros2_aruco_interfaces/share/ros2_aruco_interfaces/cmake/ros2_aruco_interfaces__rosidl_typesupport_introspection_cExport.cmake
[49.855s] -- Installing: /home/ubuntu/nemo_ws/src/install/ros2_aruco_interfaces/share/ros2_aruco_interfaces/cmake/ros2_aruco_interfaces__rosidl_typesupport_introspection_cExport-noconfig.cmake
[49.859s] -- Installing: /home/ubuntu/nemo_ws/src/install/ros2_aruco_interfaces/share/ros2_aruco_interfaces/cmake/ros2_aruco_interfaces__rosidl_typesupport_cExport.cmake
[49.862s] -- Installing: /home/ubuntu/nemo_ws/src/install/ros2_aruco_interfaces/share/ros2_aruco_interfaces/cmake/ros2_aruco_interfaces__rosidl_typesupport_cExport-noconfig.cmake
[49.865s] -- Installing: /home/ubuntu/nemo_ws/src/install/ros2_aruco_interfaces/share/ros2_aruco_interfaces/cmake/ros2_aruco_interfaces__rosidl_generator_cppExport.cmake
[49.868s] -- Installing: /home/ubuntu/nemo_ws/src/install/ros2_aruco_interfaces/share/ros2_aruco_interfaces/cmake/ros2_aruco_interfaces__rosidl_typesupport_introspection_cppExport.cmake
[49.870s] -- Installing: /home/ubuntu/nemo_ws/src/install/ros2_aruco_interfaces/share/ros2_aruco_interfaces/cmake/ros2_aruco_interfaces__rosidl_typesupport_introspection_cppExport-noconfig.cmake
[49.873s] -- Installing: /home/ubuntu/nemo_ws/src/install/ros2_aruco_interfaces/share/ros2_aruco_interfaces/cmake/ros2_aruco_interfaces__rosidl_typesupport_cppExport.cmake
[49.876s] -- Installing: /home/ubuntu/nemo_ws/src/install/ros2_aruco_interfaces/share/ros2_aruco_interfaces/cmake/ros2_aruco_interfaces__rosidl_typesupport_cppExport-noconfig.cmake
[49.879s] -- Installing: /home/ubuntu/nemo_ws/src/install/ros2_aruco_interfaces/share/ros2_aruco_interfaces/cmake/rosidl_cmake-extras.cmake
[49.881s] -- Installing: /home/ubuntu/nemo_ws/src/install/ros2_aruco_interfaces/share/ros2_aruco_interfaces/cmake/ament_cmake_export_dependencies-extras.cmake
[49.884s] -- Installing: /home/ubuntu/nemo_ws/src/install/ros2_aruco_interfaces/share/ros2_aruco_interfaces/cmake/ament_cmake_export_libraries-extras.cmake
[49.886s] -- Installing: /home/ubuntu/nemo_ws/src/install/ros2_aruco_interfaces/share/ros2_aruco_interfaces/cmake/ament_cmake_export_targets-extras.cmake
[49.888s] -- Installing: /home/ubuntu/nemo_ws/src/install/ros2_aruco_interfaces/share/ros2_aruco_interfaces/cmake/ament_cmake_export_include_directories-extras.cmake
[49.890s] -- Installing: /home/ubuntu/nemo_ws/src/install/ros2_aruco_interfaces/share/ros2_aruco_interfaces/cmake/rosidl_cmake_export_typesupport_libraries-extras.cmake
[49.892s] -- Installing: /home/ubuntu/nemo_ws/src/install/ros2_aruco_interfaces/share/ros2_aruco_interfaces/cmake/rosidl_cmake_export_typesupport_targets-extras.cmake
[49.895s] -- Installing: /home/ubuntu/nemo_ws/src/install/ros2_aruco_interfaces/share/ros2_aruco_interfaces/cmake/ros2_aruco_interfacesConfig.cmake
[49.897s] -- Installing: /home/ubuntu/nemo_ws/src/install/ros2_aruco_interfaces/share/ros2_aruco_interfaces/cmake/ros2_aruco_interfacesConfig-version.cmake
[49.899s] -- Installing: /home/ubuntu/nemo_ws/src/install/ros2_aruco_interfaces/share/ros2_aruco_interfaces/package.xml
[49.924s] Invoked command in '/home/ubuntu/nemo_ws/src/build/ros2_aruco_interfaces' returned '0': CMAKE_PREFIX_PATH=${CMAKE_PREFIX_PATH}:/home/ubuntu/nemo_ws/install/img_basics:/home/ubuntu/nemo_ws/install/examples_rclpy_minimal_subscriber:/home/ubuntu/nemo_ws/install/examples_rclpy_minimal_service:/home/ubuntu/nemo_ws/install/examples_rclpy_minimal_publisher:/home/ubuntu/nemo_ws/install/examples_rclpy_minimal_client:/home/ubuntu/nemo_ws/install/examples_rclpy_minimal_action_server:/home/ubuntu/nemo_ws/install/examples_rclpy_minimal_action_client:/home/ubuntu/nemo_ws/install/examples_rclpy_executors:/opt/ros/foxy /usr/bin/cmake --install /home/ubuntu/nemo_ws/src/build/ros2_aruco_interfaces
