[0.314s] Invoking command in '/home/ubuntu/nemo_ws/src/build/cv_bridge': CMAKE_PREFIX_PATH=${CMAKE_PREFIX_PATH}:/home/ubuntu/nemo_ws/install/path_finder:/home/ubuntu/nemo_ws/install/opencv_tests:/home/ubuntu/nemo_ws/install/img_basics:/home/ubuntu/nemo_ws/install/examples_rclpy_minimal_subscriber:/home/ubuntu/nemo_ws/install/examples_rclpy_minimal_service:/home/ubuntu/nemo_ws/install/examples_rclpy_minimal_publisher:/home/ubuntu/nemo_ws/install/examples_rclpy_minimal_client:/home/ubuntu/nemo_ws/install/examples_rclpy_minimal_action_server:/home/ubuntu/nemo_ws/install/examples_rclpy_minimal_action_client:/home/ubuntu/nemo_ws/install/examples_rclpy_executors:/opt/ros/foxy /usr/bin/cmake --build /home/ubuntu/nemo_ws/src/build/cv_bridge -- -j4 -l4
[0.990s] [ 18%] Built target cv_bridge
[1.170s] [ 31%] Built target gtest_main
[1.438s] [ 50%] Built target cv_bridge_boost
[1.630s] [ 62%] Built target gtest
[1.932s] [100%] Built target cv_bridge-utest
[2.005s] Invoked command in '/home/ubuntu/nemo_ws/src/build/cv_bridge' returned '0': CMAKE_PREFIX_PATH=${CMAKE_PREFIX_PATH}:/home/ubuntu/nemo_ws/install/path_finder:/home/ubuntu/nemo_ws/install/opencv_tests:/home/ubuntu/nemo_ws/install/img_basics:/home/ubuntu/nemo_ws/install/examples_rclpy_minimal_subscriber:/home/ubuntu/nemo_ws/install/examples_rclpy_minimal_service:/home/ubuntu/nemo_ws/install/examples_rclpy_minimal_publisher:/home/ubuntu/nemo_ws/install/examples_rclpy_minimal_client:/home/ubuntu/nemo_ws/install/examples_rclpy_minimal_action_server:/home/ubuntu/nemo_ws/install/examples_rclpy_minimal_action_client:/home/ubuntu/nemo_ws/install/examples_rclpy_executors:/opt/ros/foxy /usr/bin/cmake --build /home/ubuntu/nemo_ws/src/build/cv_bridge -- -j4 -l4
[2.275s] Invoking command in '/home/ubuntu/nemo_ws/src/build/cv_bridge': CMAKE_PREFIX_PATH=${CMAKE_PREFIX_PATH}:/home/ubuntu/nemo_ws/install/path_finder:/home/ubuntu/nemo_ws/install/opencv_tests:/home/ubuntu/nemo_ws/install/img_basics:/home/ubuntu/nemo_ws/install/examples_rclpy_minimal_subscriber:/home/ubuntu/nemo_ws/install/examples_rclpy_minimal_service:/home/ubuntu/nemo_ws/install/examples_rclpy_minimal_publisher:/home/ubuntu/nemo_ws/install/examples_rclpy_minimal_client:/home/ubuntu/nemo_ws/install/examples_rclpy_minimal_action_server:/home/ubuntu/nemo_ws/install/examples_rclpy_minimal_action_client:/home/ubuntu/nemo_ws/install/examples_rclpy_executors:/opt/ros/foxy /usr/bin/cmake --install /home/ubuntu/nemo_ws/src/build/cv_bridge
[2.349s] -- Install configuration: ""
[2.352s] -- Up-to-date: /home/ubuntu/nemo_ws/src/install/cv_bridge/share/cv_bridge/environment/pythonpath.sh
[2.353s] -- Up-to-date: /home/ubuntu/nemo_ws/src/install/cv_bridge/share/cv_bridge/environment/pythonpath.dsv
[2.353s] -- Up-to-date: /home/ubuntu/nemo_ws/src/install/cv_bridge/lib/python3.8/site-packages/cv_bridge
[2.355s] -- Up-to-date: /home/ubuntu/nemo_ws/src/install/cv_bridge/lib/python3.8/site-packages/cv_bridge/core.py
[2.356s] -- Up-to-date: /home/ubuntu/nemo_ws/src/install/cv_bridge/lib/python3.8/site-packages/cv_bridge/__init__.py
[2.625s] Listing '/home/ubuntu/nemo_ws/src/install/cv_bridge/lib/python3.8/site-packages/cv_bridge'...
[2.628s] Listing '/home/ubuntu/nemo_ws/src/install/cv_bridge/lib/python3.8/site-packages/cv_bridge/boost'...
[2.687s] -- Up-to-date: /home/ubuntu/nemo_ws/src/install/cv_bridge/lib/libcv_bridge.so
[2.687s] -- Up-to-date: /home/ubuntu/nemo_ws/src/install/cv_bridge/include/cv_bridge/cv_bridge/cv_bridge_export.h
[2.713s] -- Up-to-date: /home/ubuntu/nemo_ws/src/install/cv_bridge/lib/python3.8/site-packages/cv_bridge/boost/cv_bridge_boost.so
[2.713s] -- Up-to-date: /home/ubuntu/nemo_ws/src/install/cv_bridge/include/cv_bridge
[2.714s] -- Up-to-date: /home/ubuntu/nemo_ws/src/install/cv_bridge/include/cv_bridge/cv_bridge
[2.715s] -- Up-to-date: /home/ubuntu/nemo_ws/src/install/cv_bridge/include/cv_bridge/cv_bridge/cv_bridge.h
[2.715s] -- Up-to-date: /home/ubuntu/nemo_ws/src/install/cv_bridge/include/cv_bridge/cv_bridge/rgb_colors.h
[2.715s] -- Up-to-date: /home/ubuntu/nemo_ws/src/install/cv_bridge/lib/libcv_bridge.so
[2.718s] -- Up-to-date: /home/ubuntu/nemo_ws/src/install/cv_bridge/share/ament_index/resource_index/package_run_dependencies/cv_bridge
[2.719s] -- Up-to-date: /home/ubuntu/nemo_ws/src/install/cv_bridge/share/ament_index/resource_index/parent_prefix_path/cv_bridge
[2.720s] -- Up-to-date: /home/ubuntu/nemo_ws/src/install/cv_bridge/share/cv_bridge/environment/ament_prefix_path.sh
[2.721s] -- Up-to-date: /home/ubuntu/nemo_ws/src/install/cv_bridge/share/cv_bridge/environment/ament_prefix_path.dsv
[2.735s] -- Up-to-date: /home/ubuntu/nemo_ws/src/install/cv_bridge/share/cv_bridge/environment/path.sh
[2.737s] -- Up-to-date: /home/ubuntu/nemo_ws/src/install/cv_bridge/share/cv_bridge/environment/path.dsv
[2.738s] -- Up-to-date: /home/ubuntu/nemo_ws/src/install/cv_bridge/share/cv_bridge/local_setup.bash
[2.739s] -- Up-to-date: /home/ubuntu/nemo_ws/src/install/cv_bridge/share/cv_bridge/local_setup.sh
[2.739s] -- Up-to-date: /home/ubuntu/nemo_ws/src/install/cv_bridge/share/cv_bridge/local_setup.zsh
[2.742s] -- Up-to-date: /home/ubuntu/nemo_ws/src/install/cv_bridge/share/cv_bridge/local_setup.dsv
[2.744s] -- Installing: /home/ubuntu/nemo_ws/src/install/cv_bridge/share/cv_bridge/package.dsv
[2.752s] -- Up-to-date: /home/ubuntu/nemo_ws/src/install/cv_bridge/share/ament_index/resource_index/packages/cv_bridge
[2.752s] -- Up-to-date: /home/ubuntu/nemo_ws/src/install/cv_bridge/share/cv_bridge/cmake/export_cv_bridgeExport.cmake
[2.753s] -- Up-to-date: /home/ubuntu/nemo_ws/src/install/cv_bridge/share/cv_bridge/cmake/export_cv_bridgeExport-noconfig.cmake
[2.754s] -- Up-to-date: /home/ubuntu/nemo_ws/src/install/cv_bridge/share/cv_bridge/cmake/cv_bridge-extras.cmake
[2.754s] -- Up-to-date: /home/ubuntu/nemo_ws/src/install/cv_bridge/share/cv_bridge/cmake/ament_cmake_export_dependencies-extras.cmake
[2.755s] -- Up-to-date: /home/ubuntu/nemo_ws/src/install/cv_bridge/share/cv_bridge/cmake/ament_cmake_export_targets-extras.cmake
[2.755s] -- Up-to-date: /home/ubuntu/nemo_ws/src/install/cv_bridge/share/cv_bridge/cmake/cv_bridgeConfig.cmake
[2.759s] -- Up-to-date: /home/ubuntu/nemo_ws/src/install/cv_bridge/share/cv_bridge/cmake/cv_bridgeConfig-version.cmake
[2.759s] -- Up-to-date: /home/ubuntu/nemo_ws/src/install/cv_bridge/share/cv_bridge/package.xml
[2.891s] Invoked command in '/home/ubuntu/nemo_ws/src/build/cv_bridge' returned '0': CMAKE_PREFIX_PATH=${CMAKE_PREFIX_PATH}:/home/ubuntu/nemo_ws/install/path_finder:/home/ubuntu/nemo_ws/install/opencv_tests:/home/ubuntu/nemo_ws/install/img_basics:/home/ubuntu/nemo_ws/install/examples_rclpy_minimal_subscriber:/home/ubuntu/nemo_ws/install/examples_rclpy_minimal_service:/home/ubuntu/nemo_ws/install/examples_rclpy_minimal_publisher:/home/ubuntu/nemo_ws/install/examples_rclpy_minimal_client:/home/ubuntu/nemo_ws/install/examples_rclpy_minimal_action_server:/home/ubuntu/nemo_ws/install/examples_rclpy_minimal_action_client:/home/ubuntu/nemo_ws/install/examples_rclpy_executors:/opt/ros/foxy /usr/bin/cmake --install /home/ubuntu/nemo_ws/src/build/cv_bridge
