[0.144s] Invoking command in '/home/ubuntu/nemo_ws/src/build/camera_calibration_parsers': CMAKE_PREFIX_PATH=${CMAKE_PREFIX_PATH}:/home/ubuntu/nemo_ws/install/img_basics:/home/ubuntu/nemo_ws/install/examples_rclpy_minimal_subscriber:/home/ubuntu/nemo_ws/install/examples_rclpy_minimal_service:/home/ubuntu/nemo_ws/install/examples_rclpy_minimal_publisher:/home/ubuntu/nemo_ws/install/examples_rclpy_minimal_client:/home/ubuntu/nemo_ws/install/examples_rclpy_minimal_action_server:/home/ubuntu/nemo_ws/install/examples_rclpy_minimal_action_client:/home/ubuntu/nemo_ws/install/examples_rclpy_executors:/opt/ros/foxy /usr/bin/cmake /home/ubuntu/nemo_ws/src/image_common/camera_calibration_parsers -DCMAKE_INSTALL_PREFIX=/home/ubuntu/nemo_ws/src/install/camera_calibration_parsers
[1.257s] -- The C compiler identification is GNU 9.4.0
[2.208s] -- The CXX compiler identification is GNU 9.4.0
[2.252s] -- Check for working C compiler: /usr/bin/cc
[2.730s] -- Check for working C compiler: /usr/bin/cc -- works
[2.741s] -- Detecting C compiler ABI info
[3.201s] -- Detecting C compiler ABI info - done
[3.244s] -- Detecting C compile features
[3.246s] -- Detecting C compile features - done
[3.257s] -- Check for working CXX compiler: /usr/bin/c++
[3.764s] -- Check for working CXX compiler: /usr/bin/c++ -- works
[3.769s] -- Detecting CXX compiler ABI info
[4.269s] -- Detecting CXX compiler ABI info - done
[4.308s] -- Detecting CXX compile features
[4.310s] -- Detecting CXX compile features - done
[4.347s] -- Found ament_cmake_ros: 0.9.2 (/opt/ros/foxy/share/ament_cmake_ros/cmake)
[4.700s] -- Found PythonInterp: /usr/bin/python3 (found suitable version "3.8.10", minimum required is "3") 
[4.702s] -- Using PYTHON_EXECUTABLE: /usr/bin/python3
[6.474s] -- Found rclcpp: 2.4.1 (/opt/ros/foxy/share/rclcpp/cmake)
[7.473s] -- Using all available rosidl_typesupport_c: rosidl_typesupport_fastrtps_c;rosidl_typesupport_introspection_c
[7.608s] -- Found rosidl_adapter: 1.2.1 (/opt/ros/foxy/share/rosidl_adapter/cmake)
[8.446s] -- Found OpenSSL: /usr/lib/aarch64-linux-gnu/libcrypto.so (found version "1.1.1f")  
[8.750s] -- Found FastRTPS: /opt/ros/foxy/include  
[9.572s] -- Using all available rosidl_typesupport_cpp: rosidl_typesupport_fastrtps_cpp;rosidl_typesupport_introspection_cpp
[10.075s] -- Found rmw_implementation_cmake: 1.0.3 (/opt/ros/foxy/share/rmw_implementation_cmake/cmake)
[10.089s] -- Using RMW implementation 'rmw_fastrtps_cpp' as default
[10.095s] -- Looking for pthread.h
[10.509s] -- Looking for pthread.h - found
[10.510s] -- Performing Test CMAKE_HAVE_LIBC_PTHREAD
[10.934s] -- Performing Test CMAKE_HAVE_LIBC_PTHREAD - Failed
[10.934s] -- Looking for pthread_create in pthreads
[11.311s] -- Looking for pthread_create in pthreads - not found
[11.312s] -- Looking for pthread_create in pthread
[11.722s] -- Looking for pthread_create in pthread - found
[11.727s] -- Found Threads: TRUE  
[12.646s] -- Found sensor_msgs: 2.0.5 (/opt/ros/foxy/share/sensor_msgs/cmake)
[13.457s] -- Found yaml_cpp_vendor: 7.0.2 (/opt/ros/foxy/share/yaml_cpp_vendor/cmake)
[13.459s] -- Setting yaml-cpp_DIR to: '/opt/ros/foxy/share/yaml_cpp_vendor/cmake/../../../opt/yaml_cpp_vendor/lib/cmake/yaml-cpp'
[13.569s] -- Found ament_cmake_cppcheck: 0.9.6 (/opt/ros/foxy/share/ament_cmake_cppcheck/cmake)
[13.626s] -- Found ament_cmake_cpplint: 0.9.6 (/opt/ros/foxy/share/ament_cmake_cpplint/cmake)
[13.673s] -- Found ament_cmake_lint_cmake: 0.9.6 (/opt/ros/foxy/share/ament_cmake_lint_cmake/cmake)
[13.758s] -- Found ament_cmake_uncrustify: 0.9.6 (/opt/ros/foxy/share/ament_cmake_uncrustify/cmake)
[13.831s] -- Found gtest sources under '/opt/ros/foxy/src/gtest_vendor': C++ tests using 'Google Test' will be built
[13.842s] -- Check if compiler accepts -pthread
[14.951s] -- Check if compiler accepts -pthread - yes
[15.721s] -- Configuring done
[15.951s] -- Generating done
[15.965s] -- Build files have been written to: /home/ubuntu/nemo_ws/src/build/camera_calibration_parsers
[16.026s] Invoked command in '/home/ubuntu/nemo_ws/src/build/camera_calibration_parsers' returned '0': CMAKE_PREFIX_PATH=${CMAKE_PREFIX_PATH}:/home/ubuntu/nemo_ws/install/img_basics:/home/ubuntu/nemo_ws/install/examples_rclpy_minimal_subscriber:/home/ubuntu/nemo_ws/install/examples_rclpy_minimal_service:/home/ubuntu/nemo_ws/install/examples_rclpy_minimal_publisher:/home/ubuntu/nemo_ws/install/examples_rclpy_minimal_client:/home/ubuntu/nemo_ws/install/examples_rclpy_minimal_action_server:/home/ubuntu/nemo_ws/install/examples_rclpy_minimal_action_client:/home/ubuntu/nemo_ws/install/examples_rclpy_executors:/opt/ros/foxy /usr/bin/cmake /home/ubuntu/nemo_ws/src/image_common/camera_calibration_parsers -DCMAKE_INSTALL_PREFIX=/home/ubuntu/nemo_ws/src/install/camera_calibration_parsers
[16.029s] Invoking command in '/home/ubuntu/nemo_ws/src/build/camera_calibration_parsers': CMAKE_PREFIX_PATH=${CMAKE_PREFIX_PATH}:/home/ubuntu/nemo_ws/install/img_basics:/home/ubuntu/nemo_ws/install/examples_rclpy_minimal_subscriber:/home/ubuntu/nemo_ws/install/examples_rclpy_minimal_service:/home/ubuntu/nemo_ws/install/examples_rclpy_minimal_publisher:/home/ubuntu/nemo_ws/install/examples_rclpy_minimal_client:/home/ubuntu/nemo_ws/install/examples_rclpy_minimal_action_server:/home/ubuntu/nemo_ws/install/examples_rclpy_minimal_action_client:/home/ubuntu/nemo_ws/install/examples_rclpy_executors:/opt/ros/foxy /usr/bin/cmake --build /home/ubuntu/nemo_ws/src/build/camera_calibration_parsers -- -j4 -l4
[16.759s] [35m[1mScanning dependencies of target gtest_main[0m
[16.767s] [35m[1mScanning dependencies of target gtest[0m
[16.803s] [35m[1mScanning dependencies of target camera_calibration_parsers[0m
[17.050s] [  7%] [32mBuilding CXX object gtest/CMakeFiles/gtest.dir/src/gtest-all.cc.o[0m
[17.056s] [ 14%] [32mBuilding CXX object gtest/CMakeFiles/gtest_main.dir/src/gtest_main.cc.o[0m
[17.756s] [ 21%] [32mBuilding CXX object CMakeFiles/camera_calibration_parsers.dir/src/parse.cpp.o[0m
[17.781s] [ 28%] [32mBuilding CXX object CMakeFiles/camera_calibration_parsers.dir/src/parse_ini.cpp.o[0m
[30.113s] [ 35%] [32m[1mLinking CXX static library libgtest_main.a[0m
[30.953s] [ 35%] Built target gtest_main
[31.155s] [ 42%] [32mBuilding CXX object CMakeFiles/camera_calibration_parsers.dir/src/parse_yml.cpp.o[0m
[49.137s] [ 50%] [32m[1mLinking CXX shared library libcamera_calibration_parsers.so[0m
[51.206s] [ 50%] Built target camera_calibration_parsers
[58.127s] [ 57%] [32m[1mLinking CXX static library libgtest.a[0m
[58.492s] [ 57%] Built target gtest
[58.567s] [35m[1mScanning dependencies of target convert[0m
[58.739s] [ 64%] [32mBuilding CXX object CMakeFiles/convert.dir/src/convert.cpp.o[0m
[62.056s] [ 71%] [32m[1mLinking CXX executable convert[0m
[62.841s] [ 71%] Built target convert
[62.914s] [35m[1mScanning dependencies of target camera_calibration_parsers-parse_ini[0m
[63.062s] [ 78%] [32mBuilding CXX object CMakeFiles/camera_calibration_parsers-parse_ini.dir/test/test_parse_ini.cpp.o[0m
[69.403s] [ 85%] [32m[1mLinking CXX executable camera_calibration_parsers-parse_ini[0m
[70.506s] [ 85%] Built target camera_calibration_parsers-parse_ini
[70.577s] [35m[1mScanning dependencies of target camera_calibration_parsers-parse_yml[0m
[70.726s] [ 92%] [32mBuilding CXX object CMakeFiles/camera_calibration_parsers-parse_yml.dir/test/test_parse_yml.cpp.o[0m
[76.800s] [100%] [32m[1mLinking CXX executable camera_calibration_parsers-parse_yml[0m
[77.842s] [100%] Built target camera_calibration_parsers-parse_yml
[77.936s] Invoked command in '/home/ubuntu/nemo_ws/src/build/camera_calibration_parsers' returned '0': CMAKE_PREFIX_PATH=${CMAKE_PREFIX_PATH}:/home/ubuntu/nemo_ws/install/img_basics:/home/ubuntu/nemo_ws/install/examples_rclpy_minimal_subscriber:/home/ubuntu/nemo_ws/install/examples_rclpy_minimal_service:/home/ubuntu/nemo_ws/install/examples_rclpy_minimal_publisher:/home/ubuntu/nemo_ws/install/examples_rclpy_minimal_client:/home/ubuntu/nemo_ws/install/examples_rclpy_minimal_action_server:/home/ubuntu/nemo_ws/install/examples_rclpy_minimal_action_client:/home/ubuntu/nemo_ws/install/examples_rclpy_executors:/opt/ros/foxy /usr/bin/cmake --build /home/ubuntu/nemo_ws/src/build/camera_calibration_parsers -- -j4 -l4
[78.270s] Invoking command in '/home/ubuntu/nemo_ws/src/build/camera_calibration_parsers': CMAKE_PREFIX_PATH=${CMAKE_PREFIX_PATH}:/home/ubuntu/nemo_ws/install/img_basics:/home/ubuntu/nemo_ws/install/examples_rclpy_minimal_subscriber:/home/ubuntu/nemo_ws/install/examples_rclpy_minimal_service:/home/ubuntu/nemo_ws/install/examples_rclpy_minimal_publisher:/home/ubuntu/nemo_ws/install/examples_rclpy_minimal_client:/home/ubuntu/nemo_ws/install/examples_rclpy_minimal_action_server:/home/ubuntu/nemo_ws/install/examples_rclpy_minimal_action_client:/home/ubuntu/nemo_ws/install/examples_rclpy_executors:/opt/ros/foxy /usr/bin/cmake --install /home/ubuntu/nemo_ws/src/build/camera_calibration_parsers
[78.329s] -- Install configuration: ""
[78.331s] -- Installing: /home/ubuntu/nemo_ws/src/install/camera_calibration_parsers/lib/libcamera_calibration_parsers.so
[78.338s] -- Set runtime path of "/home/ubuntu/nemo_ws/src/install/camera_calibration_parsers/lib/libcamera_calibration_parsers.so" to ""
[78.340s] -- Installing: /home/ubuntu/nemo_ws/src/install/camera_calibration_parsers/lib/camera_calibration_parsers/convert
[78.344s] -- Set runtime path of "/home/ubuntu/nemo_ws/src/install/camera_calibration_parsers/lib/camera_calibration_parsers/convert" to ""
[78.345s] -- Installing: /home/ubuntu/nemo_ws/src/install/camera_calibration_parsers/include
[78.347s] -- Installing: /home/ubuntu/nemo_ws/src/install/camera_calibration_parsers/include/camera_calibration_parsers
[78.349s] -- Installing: /home/ubuntu/nemo_ws/src/install/camera_calibration_parsers/include/camera_calibration_parsers/parse_yml.hpp
[78.351s] -- Installing: /home/ubuntu/nemo_ws/src/install/camera_calibration_parsers/include/camera_calibration_parsers/parse_ini.h
[78.354s] -- Installing: /home/ubuntu/nemo_ws/src/install/camera_calibration_parsers/include/camera_calibration_parsers/parse.h
[78.357s] -- Installing: /home/ubuntu/nemo_ws/src/install/camera_calibration_parsers/include/camera_calibration_parsers/parse_ini.hpp
[78.359s] -- Installing: /home/ubuntu/nemo_ws/src/install/camera_calibration_parsers/include/camera_calibration_parsers/visibility_control.hpp
[78.361s] -- Installing: /home/ubuntu/nemo_ws/src/install/camera_calibration_parsers/include/camera_calibration_parsers/parse_yml.h
[78.364s] -- Installing: /home/ubuntu/nemo_ws/src/install/camera_calibration_parsers/include/camera_calibration_parsers/parse.hpp
[78.367s] -- Installing: /home/ubuntu/nemo_ws/src/install/camera_calibration_parsers/share/camera_calibration_parsers/environment/library_path.sh
[78.369s] -- Installing: /home/ubuntu/nemo_ws/src/install/camera_calibration_parsers/share/camera_calibration_parsers/environment/library_path.dsv
[78.372s] -- Installing: /home/ubuntu/nemo_ws/src/install/camera_calibration_parsers/share/ament_index/resource_index/package_run_dependencies/camera_calibration_parsers
[78.375s] -- Installing: /home/ubuntu/nemo_ws/src/install/camera_calibration_parsers/share/ament_index/resource_index/parent_prefix_path/camera_calibration_parsers
[78.378s] -- Installing: /home/ubuntu/nemo_ws/src/install/camera_calibration_parsers/share/camera_calibration_parsers/environment/ament_prefix_path.sh
[78.380s] -- Installing: /home/ubuntu/nemo_ws/src/install/camera_calibration_parsers/share/camera_calibration_parsers/environment/ament_prefix_path.dsv
[78.383s] -- Installing: /home/ubuntu/nemo_ws/src/install/camera_calibration_parsers/share/camera_calibration_parsers/environment/path.sh
[78.385s] -- Installing: /home/ubuntu/nemo_ws/src/install/camera_calibration_parsers/share/camera_calibration_parsers/environment/path.dsv
[78.388s] -- Installing: /home/ubuntu/nemo_ws/src/install/camera_calibration_parsers/share/camera_calibration_parsers/local_setup.bash
[78.390s] -- Installing: /home/ubuntu/nemo_ws/src/install/camera_calibration_parsers/share/camera_calibration_parsers/local_setup.sh
[78.393s] -- Installing: /home/ubuntu/nemo_ws/src/install/camera_calibration_parsers/share/camera_calibration_parsers/local_setup.zsh
[78.395s] -- Installing: /home/ubuntu/nemo_ws/src/install/camera_calibration_parsers/share/camera_calibration_parsers/local_setup.dsv
[78.398s] -- Installing: /home/ubuntu/nemo_ws/src/install/camera_calibration_parsers/share/camera_calibration_parsers/package.dsv
[78.401s] -- Installing: /home/ubuntu/nemo_ws/src/install/camera_calibration_parsers/share/ament_index/resource_index/packages/camera_calibration_parsers
[78.404s] -- Installing: /home/ubuntu/nemo_ws/src/install/camera_calibration_parsers/share/camera_calibration_parsers/cmake/ament_cmake_export_include_directories-extras.cmake
[78.406s] -- Installing: /home/ubuntu/nemo_ws/src/install/camera_calibration_parsers/share/camera_calibration_parsers/cmake/ament_cmake_export_libraries-extras.cmake
[78.410s] -- Installing: /home/ubuntu/nemo_ws/src/install/camera_calibration_parsers/share/camera_calibration_parsers/cmake/ament_cmake_export_dependencies-extras.cmake
[78.412s] -- Installing: /home/ubuntu/nemo_ws/src/install/camera_calibration_parsers/share/camera_calibration_parsers/cmake/camera_calibration_parsersConfig.cmake
[78.415s] -- Installing: /home/ubuntu/nemo_ws/src/install/camera_calibration_parsers/share/camera_calibration_parsers/cmake/camera_calibration_parsersConfig-version.cmake
[78.417s] -- Installing: /home/ubuntu/nemo_ws/src/install/camera_calibration_parsers/share/camera_calibration_parsers/package.xml
[78.435s] Invoked command in '/home/ubuntu/nemo_ws/src/build/camera_calibration_parsers' returned '0': CMAKE_PREFIX_PATH=${CMAKE_PREFIX_PATH}:/home/ubuntu/nemo_ws/install/img_basics:/home/ubuntu/nemo_ws/install/examples_rclpy_minimal_subscriber:/home/ubuntu/nemo_ws/install/examples_rclpy_minimal_service:/home/ubuntu/nemo_ws/install/examples_rclpy_minimal_publisher:/home/ubuntu/nemo_ws/install/examples_rclpy_minimal_client:/home/ubuntu/nemo_ws/install/examples_rclpy_minimal_action_server:/home/ubuntu/nemo_ws/install/examples_rclpy_minimal_action_client:/home/ubuntu/nemo_ws/install/examples_rclpy_executors:/opt/ros/foxy /usr/bin/cmake --install /home/ubuntu/nemo_ws/src/build/camera_calibration_parsers
