[5.838s] Invoking command in '/home/ubuntu/nemo_ws/src/examples/rclpy/services/minimal_client': PYTHONPATH=/home/ubuntu/nemo_ws/src/install/examples_rclpy_minimal_client/lib/python3.8/site-packages:${PYTHONPATH} /usr/bin/python3 setup.py egg_info --egg-base ../../../../build/examples_rclpy_minimal_client build --build-base /home/ubuntu/nemo_ws/src/build/examples_rclpy_minimal_client/build install --prefix /home/ubuntu/nemo_ws/src/install/examples_rclpy_minimal_client --record /home/ubuntu/nemo_ws/src/build/examples_rclpy_minimal_client/install.log --single-version-externally-managed
[7.547s] running egg_info
[7.554s] writing ../../../../build/examples_rclpy_minimal_client/examples_rclpy_minimal_client.egg-info/PKG-INFO
[7.557s] writing dependency_links to ../../../../build/examples_rclpy_minimal_client/examples_rclpy_minimal_client.egg-info/dependency_links.txt
[7.565s] writing entry points to ../../../../build/examples_rclpy_minimal_client/examples_rclpy_minimal_client.egg-info/entry_points.txt
[7.567s] writing requirements to ../../../../build/examples_rclpy_minimal_client/examples_rclpy_minimal_client.egg-info/requires.txt
[7.569s] writing top-level names to ../../../../build/examples_rclpy_minimal_client/examples_rclpy_minimal_client.egg-info/top_level.txt
[7.758s] reading manifest file '../../../../build/examples_rclpy_minimal_client/examples_rclpy_minimal_client.egg-info/SOURCES.txt'
[7.763s] writing manifest file '../../../../build/examples_rclpy_minimal_client/examples_rclpy_minimal_client.egg-info/SOURCES.txt'
[7.764s] running build
[7.765s] running build_py
[7.767s] running install
[7.771s] running install_lib
[7.780s] running install_data
[7.783s] running install_egg_info
[7.792s] removing '/home/ubuntu/nemo_ws/src/install/examples_rclpy_minimal_client/lib/python3.8/site-packages/examples_rclpy_minimal_client-0.9.4-py3.8.egg-info' (and everything under it)
[7.794s] Copying ../../../../build/examples_rclpy_minimal_client/examples_rclpy_minimal_client.egg-info to /home/ubuntu/nemo_ws/src/install/examples_rclpy_minimal_client/lib/python3.8/site-packages/examples_rclpy_minimal_client-0.9.4-py3.8.egg-info
[7.803s] running install_scripts
[7.892s] Installing client script to /home/ubuntu/nemo_ws/src/install/examples_rclpy_minimal_client/lib/examples_rclpy_minimal_client
[7.893s] Installing client_async script to /home/ubuntu/nemo_ws/src/install/examples_rclpy_minimal_client/lib/examples_rclpy_minimal_client
[7.893s] Installing client_async_callback script to /home/ubuntu/nemo_ws/src/install/examples_rclpy_minimal_client/lib/examples_rclpy_minimal_client
[7.895s] Installing client_async_member_function script to /home/ubuntu/nemo_ws/src/install/examples_rclpy_minimal_client/lib/examples_rclpy_minimal_client
[7.897s] writing list of installed files to '/home/ubuntu/nemo_ws/src/build/examples_rclpy_minimal_client/install.log'
[8.258s] Invoked command in '/home/ubuntu/nemo_ws/src/examples/rclpy/services/minimal_client' returned '0': PYTHONPATH=/home/ubuntu/nemo_ws/src/install/examples_rclpy_minimal_client/lib/python3.8/site-packages:${PYTHONPATH} /usr/bin/python3 setup.py egg_info --egg-base ../../../../build/examples_rclpy_minimal_client build --build-base /home/ubuntu/nemo_ws/src/build/examples_rclpy_minimal_client/build install --prefix /home/ubuntu/nemo_ws/src/install/examples_rclpy_minimal_client --record /home/ubuntu/nemo_ws/src/build/examples_rclpy_minimal_client/install.log --single-version-externally-managed
