running egg_info
writing ../build/path_finder/path_finder.egg-info/PKG-INFO
writing dependency_links to ../build/path_finder/path_finder.egg-info/dependency_links.txt
writing entry points to ../build/path_finder/path_finder.egg-info/entry_points.txt
writing requirements to ../build/path_finder/path_finder.egg-info/requires.txt
writing top-level names to ../build/path_finder/path_finder.egg-info/top_level.txt
reading manifest file '../build/path_finder/path_finder.egg-info/SOURCES.txt'
writing manifest file '../build/path_finder/path_finder.egg-info/SOURCES.txt'
running build
running build_py
copying path_finder/image_subscriber.py -> /home/ubuntu/nemo_ws/src/build/path_finder/build/lib/path_finder
copying path_finder/path_subscriber.py -> /home/ubuntu/nemo_ws/src/build/path_finder/build/lib/path_finder
copying path_finder/path_publisher.py -> /home/ubuntu/nemo_ws/src/build/path_finder/build/lib/path_finder
running install
running install_lib
copying /home/ubuntu/nemo_ws/src/build/path_finder/build/lib/path_finder/image_subscriber.py -> /home/ubuntu/nemo_ws/src/install/path_finder/lib/python3.8/site-packages/path_finder
copying /home/ubuntu/nemo_ws/src/build/path_finder/build/lib/path_finder/path_subscriber.py -> /home/ubuntu/nemo_ws/src/install/path_finder/lib/python3.8/site-packages/path_finder
copying /home/ubuntu/nemo_ws/src/build/path_finder/build/lib/path_finder/path_publisher.py -> /home/ubuntu/nemo_ws/src/install/path_finder/lib/python3.8/site-packages/path_finder
byte-compiling /home/ubuntu/nemo_ws/src/install/path_finder/lib/python3.8/site-packages/path_finder/image_subscriber.py to image_subscriber.cpython-38.pyc
byte-compiling /home/ubuntu/nemo_ws/src/install/path_finder/lib/python3.8/site-packages/path_finder/path_subscriber.py to path_subscriber.cpython-38.pyc
byte-compiling /home/ubuntu/nemo_ws/src/install/path_finder/lib/python3.8/site-packages/path_finder/path_publisher.py to path_publisher.cpython-38.pyc
running install_data
running install_egg_info
removing '/home/ubuntu/nemo_ws/src/install/path_finder/lib/python3.8/site-packages/path_finder-0.0.0-py3.8.egg-info' (and everything under it)
Copying ../build/path_finder/path_finder.egg-info to /home/ubuntu/nemo_ws/src/install/path_finder/lib/python3.8/site-packages/path_finder-0.0.0-py3.8.egg-info
running install_scripts
Installing image_publisher script to /home/ubuntu/nemo_ws/src/install/path_finder/lib/path_finder
Installing image_subscriber script to /home/ubuntu/nemo_ws/src/install/path_finder/lib/path_finder
Installing path_publisher script to /home/ubuntu/nemo_ws/src/install/path_finder/lib/path_finder
Installing path_subscriber script to /home/ubuntu/nemo_ws/src/install/path_finder/lib/path_finder
writing list of installed files to '/home/ubuntu/nemo_ws/src/build/path_finder/install.log'
