[3.297s] Invoking command in '/home/ubuntu/nemo_ws/src/path_finder': PYTHONPATH=/home/ubuntu/nemo_ws/src/install/path_finder/lib/python3.8/site-packages:${PYTHONPATH} /usr/bin/python3 setup.py egg_info --egg-base ../build/path_finder build --build-base /home/ubuntu/nemo_ws/src/build/path_finder/build install --prefix /home/ubuntu/nemo_ws/src/install/path_finder --record /home/ubuntu/nemo_ws/src/build/path_finder/install.log --single-version-externally-managed
[4.342s] running egg_info
[4.344s] writing ../build/path_finder/path_finder.egg-info/PKG-INFO
[4.345s] writing dependency_links to ../build/path_finder/path_finder.egg-info/dependency_links.txt
[4.346s] writing entry points to ../build/path_finder/path_finder.egg-info/entry_points.txt
[4.347s] writing requirements to ../build/path_finder/path_finder.egg-info/requires.txt
[4.347s] writing top-level names to ../build/path_finder/path_finder.egg-info/top_level.txt
[4.504s] reading manifest file '../build/path_finder/path_finder.egg-info/SOURCES.txt'
[4.508s] writing manifest file '../build/path_finder/path_finder.egg-info/SOURCES.txt'
[4.508s] running build
[4.509s] running build_py
[4.511s] copying path_finder/image_subscriber.py -> /home/ubuntu/nemo_ws/src/build/path_finder/build/lib/path_finder
[4.513s] copying path_finder/path_subscriber.py -> /home/ubuntu/nemo_ws/src/build/path_finder/build/lib/path_finder
[4.514s] copying path_finder/path_publisher.py -> /home/ubuntu/nemo_ws/src/build/path_finder/build/lib/path_finder
[4.518s] running install
[4.521s] running install_lib
[4.528s] copying /home/ubuntu/nemo_ws/src/build/path_finder/build/lib/path_finder/image_subscriber.py -> /home/ubuntu/nemo_ws/src/install/path_finder/lib/python3.8/site-packages/path_finder
[4.528s] copying /home/ubuntu/nemo_ws/src/build/path_finder/build/lib/path_finder/path_subscriber.py -> /home/ubuntu/nemo_ws/src/install/path_finder/lib/python3.8/site-packages/path_finder
[4.529s] copying /home/ubuntu/nemo_ws/src/build/path_finder/build/lib/path_finder/path_publisher.py -> /home/ubuntu/nemo_ws/src/install/path_finder/lib/python3.8/site-packages/path_finder
[4.534s] byte-compiling /home/ubuntu/nemo_ws/src/install/path_finder/lib/python3.8/site-packages/path_finder/image_subscriber.py to image_subscriber.cpython-38.pyc
[4.540s] byte-compiling /home/ubuntu/nemo_ws/src/install/path_finder/lib/python3.8/site-packages/path_finder/path_subscriber.py to path_subscriber.cpython-38.pyc
[4.542s] byte-compiling /home/ubuntu/nemo_ws/src/install/path_finder/lib/python3.8/site-packages/path_finder/path_publisher.py to path_publisher.cpython-38.pyc
[4.552s] running install_data
[4.564s] running install_egg_info
[4.571s] removing '/home/ubuntu/nemo_ws/src/install/path_finder/lib/python3.8/site-packages/path_finder-0.0.0-py3.8.egg-info' (and everything under it)
[4.572s] Copying ../build/path_finder/path_finder.egg-info to /home/ubuntu/nemo_ws/src/install/path_finder/lib/python3.8/site-packages/path_finder-0.0.0-py3.8.egg-info
[4.577s] running install_scripts
[4.643s] Installing image_publisher script to /home/ubuntu/nemo_ws/src/install/path_finder/lib/path_finder
[4.645s] Installing image_subscriber script to /home/ubuntu/nemo_ws/src/install/path_finder/lib/path_finder
[4.645s] Installing path_publisher script to /home/ubuntu/nemo_ws/src/install/path_finder/lib/path_finder
[4.646s] Installing path_subscriber script to /home/ubuntu/nemo_ws/src/install/path_finder/lib/path_finder
[4.649s] writing list of installed files to '/home/ubuntu/nemo_ws/src/build/path_finder/install.log'
[4.767s] Invoked command in '/home/ubuntu/nemo_ws/src/path_finder' returned '0': PYTHONPATH=/home/ubuntu/nemo_ws/src/install/path_finder/lib/python3.8/site-packages:${PYTHONPATH} /usr/bin/python3 setup.py egg_info --egg-base ../build/path_finder build --build-base /home/ubuntu/nemo_ws/src/build/path_finder/build install --prefix /home/ubuntu/nemo_ws/src/install/path_finder --record /home/ubuntu/nemo_ws/src/build/path_finder/install.log --single-version-externally-managed
