[0.061s] Invoking command in '/home/ubuntu/nemo_ws/build/examples_rclcpp_multithreaded_executor': CMAKE_PREFIX_PATH=/opt/ros/foxy /usr/bin/cmake /home/ubuntu/nemo_ws/src/examples/rclcpp/executors/multithreaded_executor -DCMAKE_INSTALL_PREFIX=/home/ubuntu/nemo_ws/install/examples_rclcpp_multithreaded_executor
[0.368s] -- The C compiler identification is GNU 9.4.0
[0.649s] -- The CXX compiler identification is GNU 9.4.0
[0.677s] -- Check for working C compiler: /usr/bin/cc
[1.042s] -- Check for working C compiler: /usr/bin/cc -- works
[1.047s] -- Detecting C compiler ABI info
[1.423s] -- Detecting C compiler ABI info - done
[1.476s] -- Detecting C compile features
[1.479s] -- Detecting C compile features - done
[1.495s] -- Check for working CXX compiler: /usr/bin/c++
[1.898s] -- Check for working CXX compiler: /usr/bin/c++ -- works
[1.904s] -- Detecting CXX compiler ABI info
[2.320s] -- Detecting CXX compiler ABI info - done
[2.377s] -- Detecting CXX compile features
[2.381s] -- Detecting CXX compile features - done
[2.407s] -- Found ament_cmake: 0.9.9 (/opt/ros/foxy/share/ament_cmake/cmake)
[2.580s] -- Found PythonInterp: /usr/bin/python3 (found suitable version "3.8.10", minimum required is "3") 
[2.581s] -- Using PYTHON_EXECUTABLE: /usr/bin/python3
[4.240s] -- Found rclcpp: 2.4.1 (/opt/ros/foxy/share/rclcpp/cmake)
[4.606s] -- Using all available rosidl_typesupport_c: rosidl_typesupport_fastrtps_c;rosidl_typesupport_introspection_c
[4.665s] -- Found rosidl_adapter: 1.2.1 (/opt/ros/foxy/share/rosidl_adapter/cmake)
[5.275s] -- Found OpenSSL: /usr/lib/aarch64-linux-gnu/libcrypto.so (found version "1.1.1f")  
[5.540s] -- Found FastRTPS: /opt/ros/foxy/include  
[6.191s] -- Using all available rosidl_typesupport_cpp: rosidl_typesupport_fastrtps_cpp;rosidl_typesupport_introspection_cpp
[6.556s] -- Found rmw_implementation_cmake: 1.0.3 (/opt/ros/foxy/share/rmw_implementation_cmake/cmake)
[6.567s] -- Using RMW implementation 'rmw_fastrtps_cpp' as default
[6.574s] -- Looking for pthread.h
[6.969s] -- Looking for pthread.h - found
[6.971s] -- Performing Test CMAKE_HAVE_LIBC_PTHREAD
[7.369s] -- Performing Test CMAKE_HAVE_LIBC_PTHREAD - Failed
[7.372s] -- Looking for pthread_create in pthreads
[7.680s] -- Looking for pthread_create in pthreads - not found
[7.682s] -- Looking for pthread_create in pthread
[8.058s] -- Looking for pthread_create in pthread - found
[8.063s] -- Found Threads: TRUE  
[8.973s] -- Found ament_lint_auto: 0.9.6 (/opt/ros/foxy/share/ament_lint_auto/cmake)
[9.631s] -- Added test 'copyright' to check source files copyright and LICENSE
[9.639s] -- Added test 'cppcheck' to perform static code analysis on C / C++ code
[9.642s] -- Configured cppcheck include dirs: 
[9.643s] -- Configured cppcheck exclude dirs and/or files: 
[9.651s] -- Added test 'cpplint' to check C / C++ code against the Google style
[9.652s] -- Configured cpplint exclude dirs and/or files: 
[9.660s] -- Added test 'lint_cmake' to check CMake code style
[9.667s] -- Added test 'uncrustify' to check C / C++ code style
[9.669s] -- Configured uncrustify additional arguments: 
[9.674s] -- Added test 'xmllint' to check XML markup files
[9.701s] -- Configuring done
[9.744s] -- Generating done
[9.755s] -- Build files have been written to: /home/ubuntu/nemo_ws/build/examples_rclcpp_multithreaded_executor
[9.814s] Invoked command in '/home/ubuntu/nemo_ws/build/examples_rclcpp_multithreaded_executor' returned '0': CMAKE_PREFIX_PATH=/opt/ros/foxy /usr/bin/cmake /home/ubuntu/nemo_ws/src/examples/rclcpp/executors/multithreaded_executor -DCMAKE_INSTALL_PREFIX=/home/ubuntu/nemo_ws/install/examples_rclcpp_multithreaded_executor
[9.819s] Invoking command in '/home/ubuntu/nemo_ws/build/examples_rclcpp_multithreaded_executor': CMAKE_PREFIX_PATH=/opt/ros/foxy /usr/bin/cmake --build /home/ubuntu/nemo_ws/build/examples_rclcpp_multithreaded_executor -- -j4 -l4
[10.039s] [35m[1mScanning dependencies of target multithreaded_executor[0m
[10.291s] [ 50%] [32mBuilding CXX object CMakeFiles/multithreaded_executor.dir/multithreaded_executor.cpp.o[0m
[42.117s] [100%] [32m[1mLinking CXX executable multithreaded_executor[0m
[43.241s] [100%] Built target multithreaded_executor
[43.280s] Invoked command in '/home/ubuntu/nemo_ws/build/examples_rclcpp_multithreaded_executor' returned '0': CMAKE_PREFIX_PATH=/opt/ros/foxy /usr/bin/cmake --build /home/ubuntu/nemo_ws/build/examples_rclcpp_multithreaded_executor -- -j4 -l4
[43.392s] Invoking command in '/home/ubuntu/nemo_ws/build/examples_rclcpp_multithreaded_executor': CMAKE_PREFIX_PATH=/opt/ros/foxy /usr/bin/cmake --install /home/ubuntu/nemo_ws/build/examples_rclcpp_multithreaded_executor
[43.425s] -- Install configuration: ""
[43.426s] -- Installing: /home/ubuntu/nemo_ws/install/examples_rclcpp_multithreaded_executor/lib/examples_rclcpp_multithreaded_executor/multithreaded_executor
[43.440s] -- Set runtime path of "/home/ubuntu/nemo_ws/install/examples_rclcpp_multithreaded_executor/lib/examples_rclcpp_multithreaded_executor/multithreaded_executor" to ""
[43.443s] -- Installing: /home/ubuntu/nemo_ws/install/examples_rclcpp_multithreaded_executor/share/ament_index/resource_index/package_run_dependencies/examples_rclcpp_multithreaded_executor
[43.444s] -- Installing: /home/ubuntu/nemo_ws/install/examples_rclcpp_multithreaded_executor/share/ament_index/resource_index/parent_prefix_path/examples_rclcpp_multithreaded_executor
[43.446s] -- Installing: /home/ubuntu/nemo_ws/install/examples_rclcpp_multithreaded_executor/share/examples_rclcpp_multithreaded_executor/environment/ament_prefix_path.sh
[43.447s] -- Installing: /home/ubuntu/nemo_ws/install/examples_rclcpp_multithreaded_executor/share/examples_rclcpp_multithreaded_executor/environment/ament_prefix_path.dsv
[43.449s] -- Installing: /home/ubuntu/nemo_ws/install/examples_rclcpp_multithreaded_executor/share/examples_rclcpp_multithreaded_executor/environment/path.sh
[43.450s] -- Installing: /home/ubuntu/nemo_ws/install/examples_rclcpp_multithreaded_executor/share/examples_rclcpp_multithreaded_executor/environment/path.dsv
[43.451s] -- Installing: /home/ubuntu/nemo_ws/install/examples_rclcpp_multithreaded_executor/share/examples_rclcpp_multithreaded_executor/local_setup.bash
[43.453s] -- Installing: /home/ubuntu/nemo_ws/install/examples_rclcpp_multithreaded_executor/share/examples_rclcpp_multithreaded_executor/local_setup.sh
[43.454s] -- Installing: /home/ubuntu/nemo_ws/install/examples_rclcpp_multithreaded_executor/share/examples_rclcpp_multithreaded_executor/local_setup.zsh
[43.455s] -- Installing: /home/ubuntu/nemo_ws/install/examples_rclcpp_multithreaded_executor/share/examples_rclcpp_multithreaded_executor/local_setup.dsv
[43.457s] -- Installing: /home/ubuntu/nemo_ws/install/examples_rclcpp_multithreaded_executor/share/examples_rclcpp_multithreaded_executor/package.dsv
[43.458s] -- Installing: /home/ubuntu/nemo_ws/install/examples_rclcpp_multithreaded_executor/share/ament_index/resource_index/packages/examples_rclcpp_multithreaded_executor
[43.460s] -- Installing: /home/ubuntu/nemo_ws/install/examples_rclcpp_multithreaded_executor/share/examples_rclcpp_multithreaded_executor/cmake/examples_rclcpp_multithreaded_executorConfig.cmake
[43.461s] -- Installing: /home/ubuntu/nemo_ws/install/examples_rclcpp_multithreaded_executor/share/examples_rclcpp_multithreaded_executor/cmake/examples_rclcpp_multithreaded_executorConfig-version.cmake
[43.463s] -- Installing: /home/ubuntu/nemo_ws/install/examples_rclcpp_multithreaded_executor/share/examples_rclcpp_multithreaded_executor/package.xml
[43.479s] Invoked command in '/home/ubuntu/nemo_ws/build/examples_rclcpp_multithreaded_executor' returned '0': CMAKE_PREFIX_PATH=/opt/ros/foxy /usr/bin/cmake --install /home/ubuntu/nemo_ws/build/examples_rclcpp_multithreaded_executor
