[10.263s] Invoking command in '/home/ubuntu/nemo_ws/src/examples/rclpy/executors': PYTHONPATH=/home/ubuntu/nemo_ws/src/install/examples_rclpy_executors/lib/python3.8/site-packages:${PYTHONPATH} /usr/bin/python3 setup.py egg_info --egg-base ../../../build/examples_rclpy_executors build --build-base /home/ubuntu/nemo_ws/src/build/examples_rclpy_executors/build install --prefix /home/ubuntu/nemo_ws/src/install/examples_rclpy_executors --record /home/ubuntu/nemo_ws/src/build/examples_rclpy_executors/install.log --single-version-externally-managed
[13.233s] running egg_info
[13.236s] creating ../../../build/examples_rclpy_executors/examples_rclpy_executors.egg-info
[13.238s] writing ../../../build/examples_rclpy_executors/examples_rclpy_executors.egg-info/PKG-INFO
[13.239s] writing dependency_links to ../../../build/examples_rclpy_executors/examples_rclpy_executors.egg-info/dependency_links.txt
[13.240s] writing entry points to ../../../build/examples_rclpy_executors/examples_rclpy_executors.egg-info/entry_points.txt
[13.241s] writing requirements to ../../../build/examples_rclpy_executors/examples_rclpy_executors.egg-info/requires.txt
[13.242s] writing top-level names to ../../../build/examples_rclpy_executors/examples_rclpy_executors.egg-info/top_level.txt
[13.265s] writing manifest file '../../../build/examples_rclpy_executors/examples_rclpy_executors.egg-info/SOURCES.txt'
[13.561s] reading manifest file '../../../build/examples_rclpy_executors/examples_rclpy_executors.egg-info/SOURCES.txt'
[13.568s] writing manifest file '../../../build/examples_rclpy_executors/examples_rclpy_executors.egg-info/SOURCES.txt'
[13.571s] running build
[13.572s] running build_py
[13.575s] creating /home/ubuntu/nemo_ws/src/build/examples_rclpy_executors/build
[13.577s] creating /home/ubuntu/nemo_ws/src/build/examples_rclpy_executors/build/lib
[13.579s] creating /home/ubuntu/nemo_ws/src/build/examples_rclpy_executors/build/lib/examples_rclpy_executors
[13.581s] copying examples_rclpy_executors/callback_group.py -> /home/ubuntu/nemo_ws/src/build/examples_rclpy_executors/build/lib/examples_rclpy_executors
[13.585s] copying examples_rclpy_executors/__init__.py -> /home/ubuntu/nemo_ws/src/build/examples_rclpy_executors/build/lib/examples_rclpy_executors
[13.588s] copying examples_rclpy_executors/custom_callback_group.py -> /home/ubuntu/nemo_ws/src/build/examples_rclpy_executors/build/lib/examples_rclpy_executors
[13.591s] copying examples_rclpy_executors/talker.py -> /home/ubuntu/nemo_ws/src/build/examples_rclpy_executors/build/lib/examples_rclpy_executors
[13.602s] copying examples_rclpy_executors/custom_executor.py -> /home/ubuntu/nemo_ws/src/build/examples_rclpy_executors/build/lib/examples_rclpy_executors
[13.606s] copying examples_rclpy_executors/listener.py -> /home/ubuntu/nemo_ws/src/build/examples_rclpy_executors/build/lib/examples_rclpy_executors
[13.609s] copying examples_rclpy_executors/composed.py -> /home/ubuntu/nemo_ws/src/build/examples_rclpy_executors/build/lib/examples_rclpy_executors
[13.613s] running install
[13.626s] running install_lib
[13.632s] creating /home/ubuntu/nemo_ws/src/install/examples_rclpy_executors/lib/python3.8/site-packages/examples_rclpy_executors
[13.645s] copying /home/ubuntu/nemo_ws/src/build/examples_rclpy_executors/build/lib/examples_rclpy_executors/callback_group.py -> /home/ubuntu/nemo_ws/src/install/examples_rclpy_executors/lib/python3.8/site-packages/examples_rclpy_executors
[13.646s] copying /home/ubuntu/nemo_ws/src/build/examples_rclpy_executors/build/lib/examples_rclpy_executors/__init__.py -> /home/ubuntu/nemo_ws/src/install/examples_rclpy_executors/lib/python3.8/site-packages/examples_rclpy_executors
[13.648s] copying /home/ubuntu/nemo_ws/src/build/examples_rclpy_executors/build/lib/examples_rclpy_executors/custom_callback_group.py -> /home/ubuntu/nemo_ws/src/install/examples_rclpy_executors/lib/python3.8/site-packages/examples_rclpy_executors
[13.649s] copying /home/ubuntu/nemo_ws/src/build/examples_rclpy_executors/build/lib/examples_rclpy_executors/talker.py -> /home/ubuntu/nemo_ws/src/install/examples_rclpy_executors/lib/python3.8/site-packages/examples_rclpy_executors
[13.651s] copying /home/ubuntu/nemo_ws/src/build/examples_rclpy_executors/build/lib/examples_rclpy_executors/custom_executor.py -> /home/ubuntu/nemo_ws/src/install/examples_rclpy_executors/lib/python3.8/site-packages/examples_rclpy_executors
[13.653s] copying /home/ubuntu/nemo_ws/src/build/examples_rclpy_executors/build/lib/examples_rclpy_executors/listener.py -> /home/ubuntu/nemo_ws/src/install/examples_rclpy_executors/lib/python3.8/site-packages/examples_rclpy_executors
[13.654s] copying /home/ubuntu/nemo_ws/src/build/examples_rclpy_executors/build/lib/examples_rclpy_executors/composed.py -> /home/ubuntu/nemo_ws/src/install/examples_rclpy_executors/lib/python3.8/site-packages/examples_rclpy_executors
[13.661s] byte-compiling /home/ubuntu/nemo_ws/src/install/examples_rclpy_executors/lib/python3.8/site-packages/examples_rclpy_executors/callback_group.py to callback_group.cpython-38.pyc
[13.675s] byte-compiling /home/ubuntu/nemo_ws/src/install/examples_rclpy_executors/lib/python3.8/site-packages/examples_rclpy_executors/__init__.py to __init__.cpython-38.pyc
[13.680s] byte-compiling /home/ubuntu/nemo_ws/src/install/examples_rclpy_executors/lib/python3.8/site-packages/examples_rclpy_executors/custom_callback_group.py to custom_callback_group.cpython-38.pyc
[13.685s] byte-compiling /home/ubuntu/nemo_ws/src/install/examples_rclpy_executors/lib/python3.8/site-packages/examples_rclpy_executors/talker.py to talker.cpython-38.pyc
[13.689s] byte-compiling /home/ubuntu/nemo_ws/src/install/examples_rclpy_executors/lib/python3.8/site-packages/examples_rclpy_executors/custom_executor.py to custom_executor.cpython-38.pyc
[13.700s] byte-compiling /home/ubuntu/nemo_ws/src/install/examples_rclpy_executors/lib/python3.8/site-packages/examples_rclpy_executors/listener.py to listener.cpython-38.pyc
[13.705s] byte-compiling /home/ubuntu/nemo_ws/src/install/examples_rclpy_executors/lib/python3.8/site-packages/examples_rclpy_executors/composed.py to composed.cpython-38.pyc
[13.709s] running install_data
[13.720s] creating /home/ubuntu/nemo_ws/src/install/examples_rclpy_executors/share/ament_index
[13.722s] creating /home/ubuntu/nemo_ws/src/install/examples_rclpy_executors/share/ament_index/resource_index
[13.724s] creating /home/ubuntu/nemo_ws/src/install/examples_rclpy_executors/share/ament_index/resource_index/packages
[13.727s] copying resource/examples_rclpy_executors -> /home/ubuntu/nemo_ws/src/install/examples_rclpy_executors/share/ament_index/resource_index/packages
[13.729s] copying package.xml -> /home/ubuntu/nemo_ws/src/install/examples_rclpy_executors/share/examples_rclpy_executors
[13.731s] running install_egg_info
[13.743s] Copying ../../../build/examples_rclpy_executors/examples_rclpy_executors.egg-info to /home/ubuntu/nemo_ws/src/install/examples_rclpy_executors/lib/python3.8/site-packages/examples_rclpy_executors-0.9.4-py3.8.egg-info
[13.755s] running install_scripts
[13.886s] Installing callback_group script to /home/ubuntu/nemo_ws/src/install/examples_rclpy_executors/lib/examples_rclpy_executors
[13.894s] Installing composed script to /home/ubuntu/nemo_ws/src/install/examples_rclpy_executors/lib/examples_rclpy_executors
[13.897s] Installing custom_callback_group script to /home/ubuntu/nemo_ws/src/install/examples_rclpy_executors/lib/examples_rclpy_executors
[13.899s] Installing custom_executor script to /home/ubuntu/nemo_ws/src/install/examples_rclpy_executors/lib/examples_rclpy_executors
[13.901s] Installing listener script to /home/ubuntu/nemo_ws/src/install/examples_rclpy_executors/lib/examples_rclpy_executors
[13.904s] Installing talker script to /home/ubuntu/nemo_ws/src/install/examples_rclpy_executors/lib/examples_rclpy_executors
[13.908s] writing list of installed files to '/home/ubuntu/nemo_ws/src/build/examples_rclpy_executors/install.log'
[14.089s] Invoked command in '/home/ubuntu/nemo_ws/src/examples/rclpy/executors' returned '0': PYTHONPATH=/home/ubuntu/nemo_ws/src/install/examples_rclpy_executors/lib/python3.8/site-packages:${PYTHONPATH} /usr/bin/python3 setup.py egg_info --egg-base ../../../build/examples_rclpy_executors build --build-base /home/ubuntu/nemo_ws/src/build/examples_rclpy_executors/build install --prefix /home/ubuntu/nemo_ws/src/install/examples_rclpy_executors --record /home/ubuntu/nemo_ws/src/build/examples_rclpy_executors/install.log --single-version-externally-managed
