[0.120s] Invoking command in '/home/ubuntu/nemo_ws/build/examples_rclcpp_minimal_action_server': CMAKE_PREFIX_PATH=/opt/ros/foxy /usr/bin/cmake /home/ubuntu/nemo_ws/src/examples/rclcpp/actions/minimal_action_server -DCMAKE_INSTALL_PREFIX=/home/ubuntu/nemo_ws/install/examples_rclcpp_minimal_action_server
[1.403s] -- The C compiler identification is GNU 9.4.0
[2.367s] -- The CXX compiler identification is GNU 9.4.0
[2.397s] -- Check for working C compiler: /usr/bin/cc
[2.842s] -- Check for working C compiler: /usr/bin/cc -- works
[2.843s] -- Detecting C compiler ABI info
[3.274s] -- Detecting C compiler ABI info - done
[3.322s] -- Detecting C compile features
[3.556s] -- Detecting C compile features - done
[4.219s] -- Check for working CXX compiler: /usr/bin/c++
[4.742s] -- Check for working CXX compiler: /usr/bin/c++ -- works
[4.749s] -- Detecting CXX compiler ABI info
[5.210s] -- Detecting CXX compiler ABI info - done
[5.261s] -- Detecting CXX compile features
[5.264s] -- Detecting CXX compile features - done
[5.285s] -- Found ament_cmake: 0.9.9 (/opt/ros/foxy/share/ament_cmake/cmake)
[5.478s] -- Found PythonInterp: /usr/bin/python3 (found suitable version "3.8.10", minimum required is "3") 
[5.478s] -- Using PYTHON_EXECUTABLE: /usr/bin/python3
[6.852s] -- Found example_interfaces: 0.9.1 (/opt/ros/foxy/share/example_interfaces/cmake)
[7.114s] -- Using all available rosidl_typesupport_c: rosidl_typesupport_fastrtps_c;rosidl_typesupport_introspection_c
[7.173s] -- Found rosidl_adapter: 1.2.1 (/opt/ros/foxy/share/rosidl_adapter/cmake)
[7.795s] -- Found OpenSSL: /usr/lib/aarch64-linux-gnu/libcrypto.so (found version "1.1.1f")  
[8.044s] -- Found FastRTPS: /opt/ros/foxy/include  
[8.656s] -- Using all available rosidl_typesupport_cpp: rosidl_typesupport_fastrtps_cpp;rosidl_typesupport_introspection_cpp
[9.288s] -- Found rclcpp: 2.4.1 (/opt/ros/foxy/share/rclcpp/cmake)
[9.533s] -- Found rmw_implementation_cmake: 1.0.3 (/opt/ros/foxy/share/rmw_implementation_cmake/cmake)
[9.540s] -- Using RMW implementation 'rmw_fastrtps_cpp' as default
[9.544s] -- Looking for pthread.h
[9.986s] -- Looking for pthread.h - found
[9.987s] -- Performing Test CMAKE_HAVE_LIBC_PTHREAD
[10.370s] -- Performing Test CMAKE_HAVE_LIBC_PTHREAD - Failed
[10.373s] -- Looking for pthread_create in pthreads
[10.677s] -- Looking for pthread_create in pthreads - not found
[10.678s] -- Looking for pthread_create in pthread
[11.074s] -- Looking for pthread_create in pthread - found
[11.081s] -- Found Threads: TRUE  
[11.731s] -- Found rclcpp_action: 2.4.1 (/opt/ros/foxy/share/rclcpp_action/cmake)
[11.914s] -- Found ament_lint_auto: 0.9.6 (/opt/ros/foxy/share/ament_lint_auto/cmake)
[12.431s] -- Added test 'copyright' to check source files copyright and LICENSE
[12.439s] -- Added test 'cppcheck' to perform static code analysis on C / C++ code
[12.439s] -- Configured cppcheck include dirs: 
[12.440s] -- Configured cppcheck exclude dirs and/or files: 
[12.448s] -- Added test 'cpplint' to check C / C++ code against the Google style
[12.457s] -- Configured cpplint exclude dirs and/or files: 
[12.462s] -- Added test 'lint_cmake' to check CMake code style
[12.468s] -- Added test 'uncrustify' to check C / C++ code style
[12.470s] -- Configured uncrustify additional arguments: 
[12.472s] -- Added test 'xmllint' to check XML markup files
[12.500s] -- Configuring done
[12.560s] -- Generating done
[12.569s] -- Build files have been written to: /home/ubuntu/nemo_ws/build/examples_rclcpp_minimal_action_server
[12.613s] Invoked command in '/home/ubuntu/nemo_ws/build/examples_rclcpp_minimal_action_server' returned '0': CMAKE_PREFIX_PATH=/opt/ros/foxy /usr/bin/cmake /home/ubuntu/nemo_ws/src/examples/rclcpp/actions/minimal_action_server -DCMAKE_INSTALL_PREFIX=/home/ubuntu/nemo_ws/install/examples_rclcpp_minimal_action_server
[12.615s] Invoking command in '/home/ubuntu/nemo_ws/build/examples_rclcpp_minimal_action_server': CMAKE_PREFIX_PATH=/opt/ros/foxy /usr/bin/cmake --build /home/ubuntu/nemo_ws/build/examples_rclcpp_minimal_action_server -- -j4 -l4
[12.847s] [35m[1mScanning dependencies of target action_server_member_functions[0m
[12.848s] [35m[1mScanning dependencies of target action_server_not_composable[0m
[13.386s] [ 25%] [32mBuilding CXX object CMakeFiles/action_server_not_composable.dir/not_composable.cpp.o[0m
[13.414s] [ 50%] [32mBuilding CXX object CMakeFiles/action_server_member_functions.dir/member_functions.cpp.o[0m
[48.822s] [ 75%] [32m[1mLinking CXX executable action_server_not_composable[0m
[49.127s] [100%] [32m[1mLinking CXX executable action_server_member_functions[0m
[51.493s] [100%] Built target action_server_not_composable
[51.607s] [100%] Built target action_server_member_functions
[51.786s] Invoked command in '/home/ubuntu/nemo_ws/build/examples_rclcpp_minimal_action_server' returned '0': CMAKE_PREFIX_PATH=/opt/ros/foxy /usr/bin/cmake --build /home/ubuntu/nemo_ws/build/examples_rclcpp_minimal_action_server -- -j4 -l4
[52.623s] Invoking command in '/home/ubuntu/nemo_ws/build/examples_rclcpp_minimal_action_server': CMAKE_PREFIX_PATH=/opt/ros/foxy /usr/bin/cmake --install /home/ubuntu/nemo_ws/build/examples_rclcpp_minimal_action_server
[52.757s] -- Install configuration: ""
[52.767s] -- Installing: /home/ubuntu/nemo_ws/install/examples_rclcpp_minimal_action_server/lib/examples_rclcpp_minimal_action_server/action_server_not_composable
[52.786s] -- Set runtime path of "/home/ubuntu/nemo_ws/install/examples_rclcpp_minimal_action_server/lib/examples_rclcpp_minimal_action_server/action_server_not_composable" to ""
[52.788s] -- Installing: /home/ubuntu/nemo_ws/install/examples_rclcpp_minimal_action_server/lib/examples_rclcpp_minimal_action_server/action_server_member_functions
[52.811s] -- Set runtime path of "/home/ubuntu/nemo_ws/install/examples_rclcpp_minimal_action_server/lib/examples_rclcpp_minimal_action_server/action_server_member_functions" to ""
[52.814s] -- Installing: /home/ubuntu/nemo_ws/install/examples_rclcpp_minimal_action_server/share/ament_index/resource_index/package_run_dependencies/examples_rclcpp_minimal_action_server
[52.825s] -- Installing: /home/ubuntu/nemo_ws/install/examples_rclcpp_minimal_action_server/share/ament_index/resource_index/parent_prefix_path/examples_rclcpp_minimal_action_server
[52.828s] -- Installing: /home/ubuntu/nemo_ws/install/examples_rclcpp_minimal_action_server/share/examples_rclcpp_minimal_action_server/environment/ament_prefix_path.sh
[52.831s] -- Installing: /home/ubuntu/nemo_ws/install/examples_rclcpp_minimal_action_server/share/examples_rclcpp_minimal_action_server/environment/ament_prefix_path.dsv
[52.833s] -- Installing: /home/ubuntu/nemo_ws/install/examples_rclcpp_minimal_action_server/share/examples_rclcpp_minimal_action_server/environment/path.sh
[52.842s] -- Installing: /home/ubuntu/nemo_ws/install/examples_rclcpp_minimal_action_server/share/examples_rclcpp_minimal_action_server/environment/path.dsv
[52.844s] -- Installing: /home/ubuntu/nemo_ws/install/examples_rclcpp_minimal_action_server/share/examples_rclcpp_minimal_action_server/local_setup.bash
[52.846s] -- Installing: /home/ubuntu/nemo_ws/install/examples_rclcpp_minimal_action_server/share/examples_rclcpp_minimal_action_server/local_setup.sh
[52.853s] -- Installing: /home/ubuntu/nemo_ws/install/examples_rclcpp_minimal_action_server/share/examples_rclcpp_minimal_action_server/local_setup.zsh
[52.856s] -- Installing: /home/ubuntu/nemo_ws/install/examples_rclcpp_minimal_action_server/share/examples_rclcpp_minimal_action_server/local_setup.dsv
[52.869s] -- Installing: /home/ubuntu/nemo_ws/install/examples_rclcpp_minimal_action_server/share/examples_rclcpp_minimal_action_server/package.dsv
[52.873s] -- Installing: /home/ubuntu/nemo_ws/install/examples_rclcpp_minimal_action_server/share/ament_index/resource_index/packages/examples_rclcpp_minimal_action_server
[52.875s] -- Installing: /home/ubuntu/nemo_ws/install/examples_rclcpp_minimal_action_server/share/examples_rclcpp_minimal_action_server/cmake/examples_rclcpp_minimal_action_serverConfig.cmake
[52.878s] -- Installing: /home/ubuntu/nemo_ws/install/examples_rclcpp_minimal_action_server/share/examples_rclcpp_minimal_action_server/cmake/examples_rclcpp_minimal_action_serverConfig-version.cmake
[52.880s] -- Installing: /home/ubuntu/nemo_ws/install/examples_rclcpp_minimal_action_server/share/examples_rclcpp_minimal_action_server/package.xml
[52.916s] Invoked command in '/home/ubuntu/nemo_ws/build/examples_rclcpp_minimal_action_server' returned '0': CMAKE_PREFIX_PATH=/opt/ros/foxy /usr/bin/cmake --install /home/ubuntu/nemo_ws/build/examples_rclcpp_minimal_action_server
