[0.145s] Invoking command in '/home/ubuntu/nemo_ws/build/image_transport': CMAKE_PREFIX_PATH=${CMAKE_PREFIX_PATH}:/home/ubuntu/nemo_ws/install/img_basics:/home/ubuntu/nemo_ws/install/examples_rclpy_minimal_subscriber:/home/ubuntu/nemo_ws/install/examples_rclpy_minimal_service:/home/ubuntu/nemo_ws/install/examples_rclpy_minimal_publisher:/home/ubuntu/nemo_ws/install/examples_rclpy_minimal_client:/home/ubuntu/nemo_ws/install/examples_rclpy_minimal_action_server:/home/ubuntu/nemo_ws/install/examples_rclpy_minimal_action_client:/home/ubuntu/nemo_ws/install/examples_rclpy_executors:/opt/ros/foxy /usr/bin/cmake /home/ubuntu/nemo_ws/src/image_common/image_transport -DCMAKE_INSTALL_PREFIX=/home/ubuntu/nemo_ws/install/image_transport
[0.889s] -- The C compiler identification is GNU 9.4.0
[1.691s] -- The CXX compiler identification is GNU 9.4.0
[1.729s] -- Check for working C compiler: /usr/bin/cc
[2.128s] -- Check for working C compiler: /usr/bin/cc -- works
[2.131s] -- Detecting C compiler ABI info
[2.512s] -- Detecting C compiler ABI info - done
[2.547s] -- Detecting C compile features
[2.549s] -- Detecting C compile features - done
[2.560s] -- Check for working CXX compiler: /usr/bin/c++
[2.986s] -- Check for working CXX compiler: /usr/bin/c++ -- works
[2.990s] -- Detecting CXX compiler ABI info
[3.411s] -- Detecting CXX compiler ABI info - done
[3.449s] -- Detecting CXX compile features
[3.451s] -- Detecting CXX compile features - done
[3.481s] -- Found ament_cmake_ros: 0.9.2 (/opt/ros/foxy/share/ament_cmake_ros/cmake)
[3.798s] -- Found PythonInterp: /usr/bin/python3 (found suitable version "3.8.10", minimum required is "3") 
[3.798s] -- Using PYTHON_EXECUTABLE: /usr/bin/python3
[5.354s] -- Found message_filters: 3.2.5 (/opt/ros/foxy/share/message_filters/cmake)
[5.400s] -- Found pluginlib: 2.5.4 (/opt/ros/foxy/share/pluginlib/cmake)
[5.967s] -- Found rclcpp: 2.4.1 (/opt/ros/foxy/share/rclcpp/cmake)
[6.318s] -- Using all available rosidl_typesupport_c: rosidl_typesupport_fastrtps_c;rosidl_typesupport_introspection_c
[6.412s] -- Found rosidl_adapter: 1.2.1 (/opt/ros/foxy/share/rosidl_adapter/cmake)
[7.120s] -- Found OpenSSL: /usr/lib/aarch64-linux-gnu/libcrypto.so (found version "1.1.1f")  
[7.426s] -- Found FastRTPS: /opt/ros/foxy/include  
[8.152s] -- Using all available rosidl_typesupport_cpp: rosidl_typesupport_fastrtps_cpp;rosidl_typesupport_introspection_cpp
[8.547s] -- Found rmw_implementation_cmake: 1.0.3 (/opt/ros/foxy/share/rmw_implementation_cmake/cmake)
[8.557s] -- Using RMW implementation 'rmw_fastrtps_cpp' as default
[8.561s] -- Looking for pthread.h
[8.908s] -- Looking for pthread.h - found
[8.910s] -- Performing Test CMAKE_HAVE_LIBC_PTHREAD
[9.258s] -- Performing Test CMAKE_HAVE_LIBC_PTHREAD - Failed
[9.259s] -- Looking for pthread_create in pthreads
[9.540s] -- Looking for pthread_create in pthreads - not found
[9.541s] -- Looking for pthread_create in pthread
[9.864s] -- Looking for pthread_create in pthread - found
[9.867s] -- Found Threads: TRUE  
[10.613s] -- Found sensor_msgs: 2.0.5 (/opt/ros/foxy/share/sensor_msgs/cmake)
[11.096s] -- Found gtest sources under '/opt/ros/foxy/src/gtest_vendor': C++ tests using 'Google Test' will be built
[11.104s] -- Check if compiler accepts -pthread
[11.477s] -- Check if compiler accepts -pthread - yes
[11.940s] -- Configuring done
[12.215s] -- Generating done
[13.301s] -- Build files have been written to: /home/ubuntu/nemo_ws/build/image_transport
[13.302s] Invoked command in '/home/ubuntu/nemo_ws/build/image_transport' returned '0': CMAKE_PREFIX_PATH=${CMAKE_PREFIX_PATH}:/home/ubuntu/nemo_ws/install/img_basics:/home/ubuntu/nemo_ws/install/examples_rclpy_minimal_subscriber:/home/ubuntu/nemo_ws/install/examples_rclpy_minimal_service:/home/ubuntu/nemo_ws/install/examples_rclpy_minimal_publisher:/home/ubuntu/nemo_ws/install/examples_rclpy_minimal_client:/home/ubuntu/nemo_ws/install/examples_rclpy_minimal_action_server:/home/ubuntu/nemo_ws/install/examples_rclpy_minimal_action_client:/home/ubuntu/nemo_ws/install/examples_rclpy_executors:/opt/ros/foxy /usr/bin/cmake /home/ubuntu/nemo_ws/src/image_common/image_transport -DCMAKE_INSTALL_PREFIX=/home/ubuntu/nemo_ws/install/image_transport
[13.317s] Invoking command in '/home/ubuntu/nemo_ws/build/image_transport': CMAKE_PREFIX_PATH=${CMAKE_PREFIX_PATH}:/home/ubuntu/nemo_ws/install/img_basics:/home/ubuntu/nemo_ws/install/examples_rclpy_minimal_subscriber:/home/ubuntu/nemo_ws/install/examples_rclpy_minimal_service:/home/ubuntu/nemo_ws/install/examples_rclpy_minimal_publisher:/home/ubuntu/nemo_ws/install/examples_rclpy_minimal_client:/home/ubuntu/nemo_ws/install/examples_rclpy_minimal_action_server:/home/ubuntu/nemo_ws/install/examples_rclpy_minimal_action_client:/home/ubuntu/nemo_ws/install/examples_rclpy_executors:/opt/ros/foxy /usr/bin/cmake --build /home/ubuntu/nemo_ws/build/image_transport -- -j4 -l4
[13.456s] [35m[1mScanning dependencies of target gtest[0m
[13.458s] [35m[1mScanning dependencies of target gtest_main[0m
[13.459s] [35m[1mScanning dependencies of target image_transport[0m
[13.706s] [  3%] [32mBuilding CXX object gtest/CMakeFiles/gtest_main.dir/src/gtest_main.cc.o[0m
[13.743s] [  6%] [32mBuilding CXX object gtest/CMakeFiles/gtest.dir/src/gtest-all.cc.o[0m
[14.279s] [ 10%] [32mBuilding CXX object CMakeFiles/image_transport.dir/src/camera_common.cpp.o[0m
[14.379s] [ 13%] [32mBuilding CXX object CMakeFiles/image_transport.dir/src/publisher.cpp.o[0m
[17.650s] [ 16%] [32mBuilding CXX object CMakeFiles/image_transport.dir/src/subscriber.cpp.o[0m
[23.279s] [ 20%] [32m[1mLinking CXX static library libgtest_main.a[0m
[23.783s] [ 20%] Built target gtest_main
[23.917s] [ 23%] [32mBuilding CXX object CMakeFiles/image_transport.dir/src/single_subscriber_publisher.cpp.o[0m
[46.453s] [ 26%] [32mBuilding CXX object CMakeFiles/image_transport.dir/src/camera_subscriber.cpp.o[0m
[48.210s] [ 30%] [32m[1mLinking CXX static library libgtest.a[0m
[48.619s] [ 30%] Built target gtest
[80.796s] [ 33%] [32mBuilding CXX object CMakeFiles/image_transport.dir/src/image_transport.cpp.o[0m
[80.801s] [ 36%] [32mBuilding CXX object CMakeFiles/image_transport.dir/src/camera_publisher.cpp.o[0m
[109.139s] [ 40%] [32m[1mLinking CXX shared library libimage_transport.so[0m
[111.963s] [ 40%] Built target image_transport
[112.013s] [35m[1mScanning dependencies of target list_transports[0m
[112.013s] [35m[1mScanning dependencies of target image_transport-remapping[0m
[112.179s] [ 43%] [32mBuilding CXX object CMakeFiles/list_transports.dir/src/list_transports.cpp.o[0m
[112.228s] [ 46%] [32mBuilding CXX object CMakeFiles/image_transport-remapping.dir/test/test_remapping.cpp.o[0m
[114.282s] [35m[1mScanning dependencies of target republish[0m
[114.647s] [ 50%] [32mBuilding CXX object CMakeFiles/republish.dir/src/republish.cpp.o[0m
[129.947s] [ 53%] [32m[1mLinking CXX executable image_transport-remapping[0m
[132.207s] [ 53%] Built target image_transport-remapping
[140.814s] [ 56%] [32m[1mLinking CXX executable list_transports[0m
[142.550s] [ 56%] Built target list_transports
[145.610s] [ 60%] [32m[1mLinking CXX executable republish[0m
[147.178s] [ 60%] Built target republish
[147.224s] [35m[1mScanning dependencies of target image_transport-subscriber[0m
[147.430s] [ 63%] [32mBuilding CXX object CMakeFiles/image_transport-subscriber.dir/test/test_subscriber.cpp.o[0m
[151.408s] [35m[1mScanning dependencies of target image_transport-message_passing[0m
[151.638s] [ 66%] [32mBuilding CXX object CMakeFiles/image_transport-message_passing.dir/test/test_message_passing.cpp.o[0m
[153.629s] [35m[1mScanning dependencies of target image_transport-camera_common[0m
[153.766s] [ 70%] [32mBuilding CXX object CMakeFiles/image_transport-camera_common.dir/test/test_camera_common.cpp.o[0m
[155.778s] [35m[1mScanning dependencies of target image_transport_plugins[0m
[156.140s] [ 73%] [32mBuilding CXX object CMakeFiles/image_transport_plugins.dir/src/manifest.cpp.o[0m
[158.926s] [ 76%] [32m[1mLinking CXX executable image_transport-camera_common[0m
[160.511s] [ 80%] [32m[1mLinking CXX executable image_transport-subscriber[0m
[161.052s] [ 80%] Built target image_transport-camera_common
[161.134s] [35m[1mScanning dependencies of target image_transport-publisher[0m
[161.494s] [ 83%] [32mBuilding CXX object CMakeFiles/image_transport-publisher.dir/test/test_publisher.cpp.o[0m
[162.640s] [ 83%] Built target image_transport-subscriber
[162.702s] [35m[1mScanning dependencies of target image_transport-single_subscriber_publisher[0m
[163.013s] [ 86%] [32mBuilding CXX object CMakeFiles/image_transport-single_subscriber_publisher.dir/test/test_single_subscriber_publisher.cpp.o[0m
[167.977s] [ 90%] [32m[1mLinking CXX executable image_transport-message_passing[0m
[170.177s] [ 90%] Built target image_transport-message_passing
[175.462s] [ 93%] [32m[1mLinking CXX executable image_transport-publisher[0m
[177.024s] [ 96%] [32m[1mLinking CXX executable image_transport-single_subscriber_publisher[0m
[177.520s] [ 96%] Built target image_transport-publisher
[178.811s] [ 96%] Built target image_transport-single_subscriber_publisher
[182.809s] [100%] [32m[1mLinking CXX shared library libimage_transport_plugins.so[0m
[184.044s] [100%] Built target image_transport_plugins
[184.086s] Invoked command in '/home/ubuntu/nemo_ws/build/image_transport' returned '0': CMAKE_PREFIX_PATH=${CMAKE_PREFIX_PATH}:/home/ubuntu/nemo_ws/install/img_basics:/home/ubuntu/nemo_ws/install/examples_rclpy_minimal_subscriber:/home/ubuntu/nemo_ws/install/examples_rclpy_minimal_service:/home/ubuntu/nemo_ws/install/examples_rclpy_minimal_publisher:/home/ubuntu/nemo_ws/install/examples_rclpy_minimal_client:/home/ubuntu/nemo_ws/install/examples_rclpy_minimal_action_server:/home/ubuntu/nemo_ws/install/examples_rclpy_minimal_action_client:/home/ubuntu/nemo_ws/install/examples_rclpy_executors:/opt/ros/foxy /usr/bin/cmake --build /home/ubuntu/nemo_ws/build/image_transport -- -j4 -l4
[184.400s] Invoking command in '/home/ubuntu/nemo_ws/build/image_transport': CMAKE_PREFIX_PATH=${CMAKE_PREFIX_PATH}:/home/ubuntu/nemo_ws/install/img_basics:/home/ubuntu/nemo_ws/install/examples_rclpy_minimal_subscriber:/home/ubuntu/nemo_ws/install/examples_rclpy_minimal_service:/home/ubuntu/nemo_ws/install/examples_rclpy_minimal_publisher:/home/ubuntu/nemo_ws/install/examples_rclpy_minimal_client:/home/ubuntu/nemo_ws/install/examples_rclpy_minimal_action_server:/home/ubuntu/nemo_ws/install/examples_rclpy_minimal_action_client:/home/ubuntu/nemo_ws/install/examples_rclpy_executors:/opt/ros/foxy /usr/bin/cmake --install /home/ubuntu/nemo_ws/build/image_transport
[184.432s] -- Install configuration: ""
[184.433s] -- Installing: /home/ubuntu/nemo_ws/install/image_transport/share/image_transport/default_plugins.xml
[184.434s] -- Installing: /home/ubuntu/nemo_ws/install/image_transport/lib/libimage_transport.so
[184.475s] -- Set runtime path of "/home/ubuntu/nemo_ws/install/image_transport/lib/libimage_transport.so" to ""
[184.475s] -- Installing: /home/ubuntu/nemo_ws/install/image_transport/lib/libimage_transport_plugins.so
[184.495s] -- Set runtime path of "/home/ubuntu/nemo_ws/install/image_transport/lib/libimage_transport_plugins.so" to ""
[184.496s] -- Installing: /home/ubuntu/nemo_ws/install/image_transport/lib/image_transport/list_transports
[184.507s] -- Set runtime path of "/home/ubuntu/nemo_ws/install/image_transport/lib/image_transport/list_transports" to ""
[184.508s] -- Installing: /home/ubuntu/nemo_ws/install/image_transport/lib/image_transport/republish
[184.519s] -- Set runtime path of "/home/ubuntu/nemo_ws/install/image_transport/lib/image_transport/republish" to ""
[184.519s] -- Installing: /home/ubuntu/nemo_ws/install/image_transport/include
[184.520s] -- Installing: /home/ubuntu/nemo_ws/install/image_transport/include/image_transport
[184.520s] -- Installing: /home/ubuntu/nemo_ws/install/image_transport/include/image_transport/exception.hpp
[184.521s] -- Installing: /home/ubuntu/nemo_ws/install/image_transport/include/image_transport/image_transport.h
[184.522s] -- Installing: /home/ubuntu/nemo_ws/install/image_transport/include/image_transport/subscriber_filter.h
[184.522s] -- Installing: /home/ubuntu/nemo_ws/install/image_transport/include/image_transport/image_transport.hpp
[184.523s] -- Installing: /home/ubuntu/nemo_ws/install/image_transport/include/image_transport/publisher_plugin.h
[184.524s] -- Installing: /home/ubuntu/nemo_ws/install/image_transport/include/image_transport/simple_subscriber_plugin.hpp
[184.525s] -- Installing: /home/ubuntu/nemo_ws/install/image_transport/include/image_transport/simple_publisher_plugin.hpp
[184.526s] -- Installing: /home/ubuntu/nemo_ws/install/image_transport/include/image_transport/subscriber_plugin.hpp
[184.527s] -- Installing: /home/ubuntu/nemo_ws/install/image_transport/include/image_transport/transport_hints.h
[184.527s] -- Installing: /home/ubuntu/nemo_ws/install/image_transport/include/image_transport/camera_common.h
[184.528s] -- Installing: /home/ubuntu/nemo_ws/install/image_transport/include/image_transport/raw_publisher.hpp
[184.529s] -- Installing: /home/ubuntu/nemo_ws/install/image_transport/include/image_transport/single_subscriber_publisher.hpp
[184.530s] -- Installing: /home/ubuntu/nemo_ws/install/image_transport/include/image_transport/single_subscriber_publisher.h
[184.530s] -- Installing: /home/ubuntu/nemo_ws/install/image_transport/include/image_transport/camera_subscriber.h
[184.531s] -- Installing: /home/ubuntu/nemo_ws/install/image_transport/include/image_transport/publisher_plugin.hpp
[184.532s] -- Installing: /home/ubuntu/nemo_ws/install/image_transport/include/image_transport/raw_subscriber.h
[184.533s] -- Installing: /home/ubuntu/nemo_ws/install/image_transport/include/image_transport/raw_subscriber.hpp
[184.533s] -- Installing: /home/ubuntu/nemo_ws/install/image_transport/include/image_transport/subscriber.hpp
[184.534s] -- Installing: /home/ubuntu/nemo_ws/install/image_transport/include/image_transport/camera_publisher.hpp
[184.535s] -- Installing: /home/ubuntu/nemo_ws/install/image_transport/include/image_transport/camera_publisher.h
[184.536s] -- Installing: /home/ubuntu/nemo_ws/install/image_transport/include/image_transport/exception.h
[184.537s] -- Installing: /home/ubuntu/nemo_ws/install/image_transport/include/image_transport/loader_fwds.hpp
[184.537s] -- Installing: /home/ubuntu/nemo_ws/install/image_transport/include/image_transport/visibility_control.hpp
[184.538s] -- Installing: /home/ubuntu/nemo_ws/install/image_transport/include/image_transport/subscriber.h
[184.539s] -- Installing: /home/ubuntu/nemo_ws/install/image_transport/include/image_transport/transport_hints.hpp
[184.539s] -- Installing: /home/ubuntu/nemo_ws/install/image_transport/include/image_transport/camera_subscriber.hpp
[184.540s] -- Installing: /home/ubuntu/nemo_ws/install/image_transport/include/image_transport/subscriber_filter.hpp
[184.541s] -- Installing: /home/ubuntu/nemo_ws/install/image_transport/include/image_transport/simple_subscriber_plugin.h
[184.542s] -- Installing: /home/ubuntu/nemo_ws/install/image_transport/include/image_transport/simple_publisher_plugin.h
[184.543s] -- Installing: /home/ubuntu/nemo_ws/install/image_transport/include/image_transport/subscriber_plugin.h
[184.543s] -- Installing: /home/ubuntu/nemo_ws/install/image_transport/include/image_transport/camera_common.hpp
[184.544s] -- Installing: /home/ubuntu/nemo_ws/install/image_transport/include/image_transport/publisher.hpp
[184.545s] -- Installing: /home/ubuntu/nemo_ws/install/image_transport/include/image_transport/raw_publisher.h
[184.546s] -- Installing: /home/ubuntu/nemo_ws/install/image_transport/include/image_transport/publisher.h
[184.546s] -- Installing: /home/ubuntu/nemo_ws/install/image_transport/include/image_transport/loader_fwds.h
[184.548s] -- Installing: /home/ubuntu/nemo_ws/install/image_transport/share/image_transport/environment/library_path.sh
[184.549s] -- Installing: /home/ubuntu/nemo_ws/install/image_transport/share/image_transport/environment/library_path.dsv
[184.550s] -- Installing: /home/ubuntu/nemo_ws/install/image_transport/share/ament_index/resource_index/package_run_dependencies/image_transport
[184.551s] -- Installing: /home/ubuntu/nemo_ws/install/image_transport/share/ament_index/resource_index/parent_prefix_path/image_transport
[184.553s] -- Installing: /home/ubuntu/nemo_ws/install/image_transport/share/image_transport/environment/ament_prefix_path.sh
[184.554s] -- Installing: /home/ubuntu/nemo_ws/install/image_transport/share/image_transport/environment/ament_prefix_path.dsv
[184.555s] -- Installing: /home/ubuntu/nemo_ws/install/image_transport/share/image_transport/environment/path.sh
[184.556s] -- Installing: /home/ubuntu/nemo_ws/install/image_transport/share/image_transport/environment/path.dsv
[184.556s] -- Installing: /home/ubuntu/nemo_ws/install/image_transport/share/image_transport/local_setup.bash
[184.557s] -- Installing: /home/ubuntu/nemo_ws/install/image_transport/share/image_transport/local_setup.sh
[184.558s] -- Installing: /home/ubuntu/nemo_ws/install/image_transport/share/image_transport/local_setup.zsh
[184.559s] -- Installing: /home/ubuntu/nemo_ws/install/image_transport/share/image_transport/local_setup.dsv
[184.560s] -- Installing: /home/ubuntu/nemo_ws/install/image_transport/share/image_transport/package.dsv
[184.561s] -- Installing: /home/ubuntu/nemo_ws/install/image_transport/share/ament_index/resource_index/packages/image_transport
[184.563s] -- Installing: /home/ubuntu/nemo_ws/install/image_transport/share/ament_index/resource_index/image_transport__pluginlib__plugin/image_transport
[184.564s] -- Installing: /home/ubuntu/nemo_ws/install/image_transport/share/image_transport/cmake/ament_cmake_export_include_directories-extras.cmake
[184.565s] -- Installing: /home/ubuntu/nemo_ws/install/image_transport/share/image_transport/cmake/ament_cmake_export_libraries-extras.cmake
[184.566s] -- Installing: /home/ubuntu/nemo_ws/install/image_transport/share/image_transport/cmake/ament_cmake_export_dependencies-extras.cmake
[184.567s] -- Installing: /home/ubuntu/nemo_ws/install/image_transport/share/image_transport/cmake/image_transportConfig.cmake
[184.568s] -- Installing: /home/ubuntu/nemo_ws/install/image_transport/share/image_transport/cmake/image_transportConfig-version.cmake
[184.569s] -- Installing: /home/ubuntu/nemo_ws/install/image_transport/share/image_transport/package.xml
[184.584s] Invoked command in '/home/ubuntu/nemo_ws/build/image_transport' returned '0': CMAKE_PREFIX_PATH=${CMAKE_PREFIX_PATH}:/home/ubuntu/nemo_ws/install/img_basics:/home/ubuntu/nemo_ws/install/examples_rclpy_minimal_subscriber:/home/ubuntu/nemo_ws/install/examples_rclpy_minimal_service:/home/ubuntu/nemo_ws/install/examples_rclpy_minimal_publisher:/home/ubuntu/nemo_ws/install/examples_rclpy_minimal_client:/home/ubuntu/nemo_ws/install/examples_rclpy_minimal_action_server:/home/ubuntu/nemo_ws/install/examples_rclpy_minimal_action_client:/home/ubuntu/nemo_ws/install/examples_rclpy_executors:/opt/ros/foxy /usr/bin/cmake --install /home/ubuntu/nemo_ws/build/image_transport
