[0.108s] Invoking command in '/home/ubuntu/nemo_ws/src/build/camera_info_manager': AMENT_PREFIX_PATH=/home/ubuntu/nemo_ws/src/install/camera_calibration_parsers:${AMENT_PREFIX_PATH} CMAKE_PREFIX_PATH=/home/ubuntu/nemo_ws/src/install/camera_calibration_parsers:/home/ubuntu/nemo_ws/install/v4l2_camera:/home/ubuntu/nemo_ws/install/image_transport_plugins:/home/ubuntu/nemo_ws/install/theora_image_transport:/home/ubuntu/nemo_ws/install/compressed_image_transport:/home/ubuntu/nemo_ws/install/compressed_depth_image_transport:/home/ubuntu/nemo_ws/install/image_transport:/home/ubuntu/nemo_ws/install/examples_rclcpp_multithreaded_executor:/home/ubuntu/nemo_ws/install/examples_rclcpp_minimal_timer:/home/ubuntu/nemo_ws/install/examples_rclcpp_minimal_subscriber:/home/ubuntu/nemo_ws/install/examples_rclcpp_minimal_service:/home/ubuntu/nemo_ws/install/examples_rclcpp_minimal_publisher:/home/ubuntu/nemo_ws/install/examples_rclcpp_minimal_composition:/home/ubuntu/nemo_ws/install/examples_rclcpp_minimal_client:/home/ubuntu/nemo_ws/install/examples_rclcpp_minimal_action_server:/home/ubuntu/nemo_ws/install/examples_rclcpp_minimal_action_client:/home/ubuntu/nemo_ws/install/cv_bridge:/home/ubuntu/nemo_ws/install/camera_info_manager:/home/ubuntu/nemo_ws/install/camera_calibration_parsers:/home/ubuntu/nemo_ws/install/img_basics:/home/ubuntu/nemo_ws/install/examples_rclpy_minimal_subscriber:/home/ubuntu/nemo_ws/install/examples_rclpy_minimal_service:/home/ubuntu/nemo_ws/install/examples_rclpy_minimal_publisher:/home/ubuntu/nemo_ws/install/examples_rclpy_minimal_client:/home/ubuntu/nemo_ws/install/examples_rclpy_minimal_action_server:/home/ubuntu/nemo_ws/install/examples_rclpy_minimal_action_client:/home/ubuntu/nemo_ws/install/examples_rclpy_executors:/opt/ros/foxy LD_LIBRARY_PATH=/home/ubuntu/nemo_ws/src/install/camera_calibration_parsers/lib:${LD_LIBRARY_PATH} /usr/bin/cmake /home/ubuntu/nemo_ws/src/image_common/camera_info_manager -DCMAKE_INSTALL_PREFIX=/home/ubuntu/nemo_ws/src/install/camera_info_manager
[0.449s] -- The C compiler identification is GNU 9.4.0
[0.761s] -- The CXX compiler identification is GNU 9.4.0
[0.798s] -- Check for working C compiler: /usr/bin/cc
[1.249s] -- Check for working C compiler: /usr/bin/cc -- works
[1.255s] -- Detecting C compiler ABI info
[1.712s] -- Detecting C compiler ABI info - done
[1.760s] -- Detecting C compile features
[1.764s] -- Detecting C compile features - done
[1.779s] -- Check for working CXX compiler: /usr/bin/c++
[2.268s] -- Check for working CXX compiler: /usr/bin/c++ -- works
[2.274s] -- Detecting CXX compiler ABI info
[2.751s] -- Detecting CXX compiler ABI info - done
[2.795s] -- Detecting CXX compile features
[2.804s] -- Detecting CXX compile features - done
[2.847s] -- Found ament_cmake_ros: 0.9.2 (/opt/ros/foxy/share/ament_cmake_ros/cmake)
[3.199s] -- Found PythonInterp: /usr/bin/python3 (found suitable version "3.8.10", minimum required is "3") 
[3.200s] -- Using PYTHON_EXECUTABLE: /usr/bin/python3
[5.170s] -- Found ament_index_cpp: 1.1.0 (/opt/ros/foxy/share/ament_index_cpp/cmake)
[5.187s] -- Found camera_calibration_parsers: 2.3.0 (/home/ubuntu/nemo_ws/src/install/camera_calibration_parsers/share/camera_calibration_parsers/cmake)
[5.833s] -- Using all available rosidl_typesupport_c: rosidl_typesupport_fastrtps_c;rosidl_typesupport_introspection_c
[5.962s] -- Found rosidl_adapter: 1.2.1 (/opt/ros/foxy/share/rosidl_adapter/cmake)
[6.834s] -- Found OpenSSL: /usr/lib/aarch64-linux-gnu/libcrypto.so (found version "1.1.1f")  
[7.160s] -- Found FastRTPS: /opt/ros/foxy/include  
[8.050s] -- Using all available rosidl_typesupport_cpp: rosidl_typesupport_fastrtps_cpp;rosidl_typesupport_introspection_cpp
[8.614s] -- Found rmw_implementation_cmake: 1.0.3 (/opt/ros/foxy/share/rmw_implementation_cmake/cmake)
[8.619s] -- Using RMW implementation 'rmw_fastrtps_cpp' as default
[8.624s] -- Looking for pthread.h
[9.102s] -- Looking for pthread.h - found
[9.103s] -- Performing Test CMAKE_HAVE_LIBC_PTHREAD
[9.583s] -- Performing Test CMAKE_HAVE_LIBC_PTHREAD - Failed
[9.586s] -- Looking for pthread_create in pthreads
[9.981s] -- Looking for pthread_create in pthreads - not found
[9.984s] -- Looking for pthread_create in pthread
[10.445s] -- Looking for pthread_create in pthread - found
[10.450s] -- Found Threads: TRUE  
[12.339s] -- Setting yaml-cpp_DIR to: '/opt/ros/foxy/share/yaml_cpp_vendor/cmake/../../../opt/yaml_cpp_vendor/lib/cmake/yaml-cpp'
[12.539s] -- Found ament_cmake_cpplint: 0.9.6 (/opt/ros/foxy/share/ament_cmake_cpplint/cmake)
[12.580s] -- Found ament_cmake_lint_cmake: 0.9.6 (/opt/ros/foxy/share/ament_cmake_lint_cmake/cmake)
[12.623s] -- Found ament_cmake_uncrustify: 0.9.6 (/opt/ros/foxy/share/ament_cmake_uncrustify/cmake)
[13.097s] -- Configuring done
[13.204s] -- Generating done
[13.215s] -- Build files have been written to: /home/ubuntu/nemo_ws/src/build/camera_info_manager
[13.270s] Invoked command in '/home/ubuntu/nemo_ws/src/build/camera_info_manager' returned '0': AMENT_PREFIX_PATH=/home/ubuntu/nemo_ws/src/install/camera_calibration_parsers:${AMENT_PREFIX_PATH} CMAKE_PREFIX_PATH=/home/ubuntu/nemo_ws/src/install/camera_calibration_parsers:/home/ubuntu/nemo_ws/install/v4l2_camera:/home/ubuntu/nemo_ws/install/image_transport_plugins:/home/ubuntu/nemo_ws/install/theora_image_transport:/home/ubuntu/nemo_ws/install/compressed_image_transport:/home/ubuntu/nemo_ws/install/compressed_depth_image_transport:/home/ubuntu/nemo_ws/install/image_transport:/home/ubuntu/nemo_ws/install/examples_rclcpp_multithreaded_executor:/home/ubuntu/nemo_ws/install/examples_rclcpp_minimal_timer:/home/ubuntu/nemo_ws/install/examples_rclcpp_minimal_subscriber:/home/ubuntu/nemo_ws/install/examples_rclcpp_minimal_service:/home/ubuntu/nemo_ws/install/examples_rclcpp_minimal_publisher:/home/ubuntu/nemo_ws/install/examples_rclcpp_minimal_composition:/home/ubuntu/nemo_ws/install/examples_rclcpp_minimal_client:/home/ubuntu/nemo_ws/install/examples_rclcpp_minimal_action_server:/home/ubuntu/nemo_ws/install/examples_rclcpp_minimal_action_client:/home/ubuntu/nemo_ws/install/cv_bridge:/home/ubuntu/nemo_ws/install/camera_info_manager:/home/ubuntu/nemo_ws/install/camera_calibration_parsers:/home/ubuntu/nemo_ws/install/img_basics:/home/ubuntu/nemo_ws/install/examples_rclpy_minimal_subscriber:/home/ubuntu/nemo_ws/install/examples_rclpy_minimal_service:/home/ubuntu/nemo_ws/install/examples_rclpy_minimal_publisher:/home/ubuntu/nemo_ws/install/examples_rclpy_minimal_client:/home/ubuntu/nemo_ws/install/examples_rclpy_minimal_action_server:/home/ubuntu/nemo_ws/install/examples_rclpy_minimal_action_client:/home/ubuntu/nemo_ws/install/examples_rclpy_executors:/opt/ros/foxy LD_LIBRARY_PATH=/home/ubuntu/nemo_ws/src/install/camera_calibration_parsers/lib:${LD_LIBRARY_PATH} /usr/bin/cmake /home/ubuntu/nemo_ws/src/image_common/camera_info_manager -DCMAKE_INSTALL_PREFIX=/home/ubuntu/nemo_ws/src/install/camera_info_manager
[13.273s] Invoking command in '/home/ubuntu/nemo_ws/src/build/camera_info_manager': AMENT_PREFIX_PATH=/home/ubuntu/nemo_ws/src/install/camera_calibration_parsers:${AMENT_PREFIX_PATH} CMAKE_PREFIX_PATH=/home/ubuntu/nemo_ws/src/install/camera_calibration_parsers:/home/ubuntu/nemo_ws/install/v4l2_camera:/home/ubuntu/nemo_ws/install/image_transport_plugins:/home/ubuntu/nemo_ws/install/theora_image_transport:/home/ubuntu/nemo_ws/install/compressed_image_transport:/home/ubuntu/nemo_ws/install/compressed_depth_image_transport:/home/ubuntu/nemo_ws/install/image_transport:/home/ubuntu/nemo_ws/install/examples_rclcpp_multithreaded_executor:/home/ubuntu/nemo_ws/install/examples_rclcpp_minimal_timer:/home/ubuntu/nemo_ws/install/examples_rclcpp_minimal_subscriber:/home/ubuntu/nemo_ws/install/examples_rclcpp_minimal_service:/home/ubuntu/nemo_ws/install/examples_rclcpp_minimal_publisher:/home/ubuntu/nemo_ws/install/examples_rclcpp_minimal_composition:/home/ubuntu/nemo_ws/install/examples_rclcpp_minimal_client:/home/ubuntu/nemo_ws/install/examples_rclcpp_minimal_action_server:/home/ubuntu/nemo_ws/install/examples_rclcpp_minimal_action_client:/home/ubuntu/nemo_ws/install/cv_bridge:/home/ubuntu/nemo_ws/install/camera_info_manager:/home/ubuntu/nemo_ws/install/camera_calibration_parsers:/home/ubuntu/nemo_ws/install/img_basics:/home/ubuntu/nemo_ws/install/examples_rclpy_minimal_subscriber:/home/ubuntu/nemo_ws/install/examples_rclpy_minimal_service:/home/ubuntu/nemo_ws/install/examples_rclpy_minimal_publisher:/home/ubuntu/nemo_ws/install/examples_rclpy_minimal_client:/home/ubuntu/nemo_ws/install/examples_rclpy_minimal_action_server:/home/ubuntu/nemo_ws/install/examples_rclpy_minimal_action_client:/home/ubuntu/nemo_ws/install/examples_rclpy_executors:/opt/ros/foxy LD_LIBRARY_PATH=/home/ubuntu/nemo_ws/src/install/camera_calibration_parsers/lib:${LD_LIBRARY_PATH} /usr/bin/cmake --build /home/ubuntu/nemo_ws/src/build/camera_info_manager -- -j4 -l4
[13.574s] [35m[1mScanning dependencies of target camera_info_manager[0m
[13.882s] [ 50%] [32mBuilding CXX object CMakeFiles/camera_info_manager.dir/src/camera_info_manager.cpp.o[0m
[25.641s] [100%] [32m[1mLinking CXX shared library libcamera_info_manager.so[0m
[26.760s] [100%] Built target camera_info_manager
[26.842s] Invoked command in '/home/ubuntu/nemo_ws/src/build/camera_info_manager' returned '0': AMENT_PREFIX_PATH=/home/ubuntu/nemo_ws/src/install/camera_calibration_parsers:${AMENT_PREFIX_PATH} CMAKE_PREFIX_PATH=/home/ubuntu/nemo_ws/src/install/camera_calibration_parsers:/home/ubuntu/nemo_ws/install/v4l2_camera:/home/ubuntu/nemo_ws/install/image_transport_plugins:/home/ubuntu/nemo_ws/install/theora_image_transport:/home/ubuntu/nemo_ws/install/compressed_image_transport:/home/ubuntu/nemo_ws/install/compressed_depth_image_transport:/home/ubuntu/nemo_ws/install/image_transport:/home/ubuntu/nemo_ws/install/examples_rclcpp_multithreaded_executor:/home/ubuntu/nemo_ws/install/examples_rclcpp_minimal_timer:/home/ubuntu/nemo_ws/install/examples_rclcpp_minimal_subscriber:/home/ubuntu/nemo_ws/install/examples_rclcpp_minimal_service:/home/ubuntu/nemo_ws/install/examples_rclcpp_minimal_publisher:/home/ubuntu/nemo_ws/install/examples_rclcpp_minimal_composition:/home/ubuntu/nemo_ws/install/examples_rclcpp_minimal_client:/home/ubuntu/nemo_ws/install/examples_rclcpp_minimal_action_server:/home/ubuntu/nemo_ws/install/examples_rclcpp_minimal_action_client:/home/ubuntu/nemo_ws/install/cv_bridge:/home/ubuntu/nemo_ws/install/camera_info_manager:/home/ubuntu/nemo_ws/install/camera_calibration_parsers:/home/ubuntu/nemo_ws/install/img_basics:/home/ubuntu/nemo_ws/install/examples_rclpy_minimal_subscriber:/home/ubuntu/nemo_ws/install/examples_rclpy_minimal_service:/home/ubuntu/nemo_ws/install/examples_rclpy_minimal_publisher:/home/ubuntu/nemo_ws/install/examples_rclpy_minimal_client:/home/ubuntu/nemo_ws/install/examples_rclpy_minimal_action_server:/home/ubuntu/nemo_ws/install/examples_rclpy_minimal_action_client:/home/ubuntu/nemo_ws/install/examples_rclpy_executors:/opt/ros/foxy LD_LIBRARY_PATH=/home/ubuntu/nemo_ws/src/install/camera_calibration_parsers/lib:${LD_LIBRARY_PATH} /usr/bin/cmake --build /home/ubuntu/nemo_ws/src/build/camera_info_manager -- -j4 -l4
[27.051s] Invoking command in '/home/ubuntu/nemo_ws/src/build/camera_info_manager': AMENT_PREFIX_PATH=/home/ubuntu/nemo_ws/src/install/camera_calibration_parsers:${AMENT_PREFIX_PATH} CMAKE_PREFIX_PATH=/home/ubuntu/nemo_ws/src/install/camera_calibration_parsers:/home/ubuntu/nemo_ws/install/v4l2_camera:/home/ubuntu/nemo_ws/install/image_transport_plugins:/home/ubuntu/nemo_ws/install/theora_image_transport:/home/ubuntu/nemo_ws/install/compressed_image_transport:/home/ubuntu/nemo_ws/install/compressed_depth_image_transport:/home/ubuntu/nemo_ws/install/image_transport:/home/ubuntu/nemo_ws/install/examples_rclcpp_multithreaded_executor:/home/ubuntu/nemo_ws/install/examples_rclcpp_minimal_timer:/home/ubuntu/nemo_ws/install/examples_rclcpp_minimal_subscriber:/home/ubuntu/nemo_ws/install/examples_rclcpp_minimal_service:/home/ubuntu/nemo_ws/install/examples_rclcpp_minimal_publisher:/home/ubuntu/nemo_ws/install/examples_rclcpp_minimal_composition:/home/ubuntu/nemo_ws/install/examples_rclcpp_minimal_client:/home/ubuntu/nemo_ws/install/examples_rclcpp_minimal_action_server:/home/ubuntu/nemo_ws/install/examples_rclcpp_minimal_action_client:/home/ubuntu/nemo_ws/install/cv_bridge:/home/ubuntu/nemo_ws/install/camera_info_manager:/home/ubuntu/nemo_ws/install/camera_calibration_parsers:/home/ubuntu/nemo_ws/install/img_basics:/home/ubuntu/nemo_ws/install/examples_rclpy_minimal_subscriber:/home/ubuntu/nemo_ws/install/examples_rclpy_minimal_service:/home/ubuntu/nemo_ws/install/examples_rclpy_minimal_publisher:/home/ubuntu/nemo_ws/install/examples_rclpy_minimal_client:/home/ubuntu/nemo_ws/install/examples_rclpy_minimal_action_server:/home/ubuntu/nemo_ws/install/examples_rclpy_minimal_action_client:/home/ubuntu/nemo_ws/install/examples_rclpy_executors:/opt/ros/foxy LD_LIBRARY_PATH=/home/ubuntu/nemo_ws/src/install/camera_calibration_parsers/lib:${LD_LIBRARY_PATH} /usr/bin/cmake --install /home/ubuntu/nemo_ws/src/build/camera_info_manager
[27.118s] -- Install configuration: ""
[27.121s] -- Installing: /home/ubuntu/nemo_ws/src/install/camera_info_manager/lib/libcamera_info_manager.so
[27.129s] -- Set runtime path of "/home/ubuntu/nemo_ws/src/install/camera_info_manager/lib/libcamera_info_manager.so" to ""
[27.131s] -- Installing: /home/ubuntu/nemo_ws/src/install/camera_info_manager/include
[27.133s] -- Installing: /home/ubuntu/nemo_ws/src/install/camera_info_manager/include/camera_info_manager
[27.135s] -- Installing: /home/ubuntu/nemo_ws/src/install/camera_info_manager/include/camera_info_manager/camera_info_manager.h
[27.138s] -- Installing: /home/ubuntu/nemo_ws/src/install/camera_info_manager/include/camera_info_manager/visibility_control.h
[27.141s] -- Installing: /home/ubuntu/nemo_ws/src/install/camera_info_manager/include/camera_info_manager/camera_info_manager.hpp
[27.145s] -- Installing: /home/ubuntu/nemo_ws/src/install/camera_info_manager/share/camera_info_manager/environment/library_path.sh
[27.148s] -- Installing: /home/ubuntu/nemo_ws/src/install/camera_info_manager/share/camera_info_manager/environment/library_path.dsv
[27.151s] -- Installing: /home/ubuntu/nemo_ws/src/install/camera_info_manager/share/ament_index/resource_index/package_run_dependencies/camera_info_manager
[27.155s] -- Installing: /home/ubuntu/nemo_ws/src/install/camera_info_manager/share/ament_index/resource_index/parent_prefix_path/camera_info_manager
[27.159s] -- Installing: /home/ubuntu/nemo_ws/src/install/camera_info_manager/share/camera_info_manager/environment/ament_prefix_path.sh
[27.162s] -- Installing: /home/ubuntu/nemo_ws/src/install/camera_info_manager/share/camera_info_manager/environment/ament_prefix_path.dsv
[27.164s] -- Installing: /home/ubuntu/nemo_ws/src/install/camera_info_manager/share/camera_info_manager/environment/path.sh
[27.167s] -- Installing: /home/ubuntu/nemo_ws/src/install/camera_info_manager/share/camera_info_manager/environment/path.dsv
[27.170s] -- Installing: /home/ubuntu/nemo_ws/src/install/camera_info_manager/share/camera_info_manager/local_setup.bash
[27.173s] -- Installing: /home/ubuntu/nemo_ws/src/install/camera_info_manager/share/camera_info_manager/local_setup.sh
[27.176s] -- Installing: /home/ubuntu/nemo_ws/src/install/camera_info_manager/share/camera_info_manager/local_setup.zsh
[27.179s] -- Installing: /home/ubuntu/nemo_ws/src/install/camera_info_manager/share/camera_info_manager/local_setup.dsv
[27.182s] -- Installing: /home/ubuntu/nemo_ws/src/install/camera_info_manager/share/camera_info_manager/package.dsv
[27.185s] -- Installing: /home/ubuntu/nemo_ws/src/install/camera_info_manager/share/ament_index/resource_index/packages/camera_info_manager
[27.188s] -- Installing: /home/ubuntu/nemo_ws/src/install/camera_info_manager/share/camera_info_manager/cmake/ament_cmake_export_include_directories-extras.cmake
[27.191s] -- Installing: /home/ubuntu/nemo_ws/src/install/camera_info_manager/share/camera_info_manager/cmake/ament_cmake_export_dependencies-extras.cmake
[27.195s] -- Installing: /home/ubuntu/nemo_ws/src/install/camera_info_manager/share/camera_info_manager/cmake/ament_cmake_export_libraries-extras.cmake
[27.198s] -- Installing: /home/ubuntu/nemo_ws/src/install/camera_info_manager/share/camera_info_manager/cmake/camera_info_managerConfig.cmake
[27.201s] -- Installing: /home/ubuntu/nemo_ws/src/install/camera_info_manager/share/camera_info_manager/cmake/camera_info_managerConfig-version.cmake
[27.204s] -- Installing: /home/ubuntu/nemo_ws/src/install/camera_info_manager/share/camera_info_manager/package.xml
[27.226s] Invoked command in '/home/ubuntu/nemo_ws/src/build/camera_info_manager' returned '0': AMENT_PREFIX_PATH=/home/ubuntu/nemo_ws/src/install/camera_calibration_parsers:${AMENT_PREFIX_PATH} CMAKE_PREFIX_PATH=/home/ubuntu/nemo_ws/src/install/camera_calibration_parsers:/home/ubuntu/nemo_ws/install/v4l2_camera:/home/ubuntu/nemo_ws/install/image_transport_plugins:/home/ubuntu/nemo_ws/install/theora_image_transport:/home/ubuntu/nemo_ws/install/compressed_image_transport:/home/ubuntu/nemo_ws/install/compressed_depth_image_transport:/home/ubuntu/nemo_ws/install/image_transport:/home/ubuntu/nemo_ws/install/examples_rclcpp_multithreaded_executor:/home/ubuntu/nemo_ws/install/examples_rclcpp_minimal_timer:/home/ubuntu/nemo_ws/install/examples_rclcpp_minimal_subscriber:/home/ubuntu/nemo_ws/install/examples_rclcpp_minimal_service:/home/ubuntu/nemo_ws/install/examples_rclcpp_minimal_publisher:/home/ubuntu/nemo_ws/install/examples_rclcpp_minimal_composition:/home/ubuntu/nemo_ws/install/examples_rclcpp_minimal_client:/home/ubuntu/nemo_ws/install/examples_rclcpp_minimal_action_server:/home/ubuntu/nemo_ws/install/examples_rclcpp_minimal_action_client:/home/ubuntu/nemo_ws/install/cv_bridge:/home/ubuntu/nemo_ws/install/camera_info_manager:/home/ubuntu/nemo_ws/install/camera_calibration_parsers:/home/ubuntu/nemo_ws/install/img_basics:/home/ubuntu/nemo_ws/install/examples_rclpy_minimal_subscriber:/home/ubuntu/nemo_ws/install/examples_rclpy_minimal_service:/home/ubuntu/nemo_ws/install/examples_rclpy_minimal_publisher:/home/ubuntu/nemo_ws/install/examples_rclpy_minimal_client:/home/ubuntu/nemo_ws/install/examples_rclpy_minimal_action_server:/home/ubuntu/nemo_ws/install/examples_rclpy_minimal_action_client:/home/ubuntu/nemo_ws/install/examples_rclpy_executors:/opt/ros/foxy LD_LIBRARY_PATH=/home/ubuntu/nemo_ws/src/install/camera_calibration_parsers/lib:${LD_LIBRARY_PATH} /usr/bin/cmake --install /home/ubuntu/nemo_ws/src/build/camera_info_manager
