/home/ubuntu/nemo_ws/install/path_finder/lib/python3.8/site-packages/path_finder/__init__.py
/home/ubuntu/nemo_ws/install/path_finder/lib/python3.8/site-packages/path_finder/image_subscriber.py
/home/ubuntu/nemo_ws/install/path_finder/lib/python3.8/site-packages/path_finder/path_subscriber.py
/home/ubuntu/nemo_ws/install/path_finder/lib/python3.8/site-packages/path_finder/image_publisher.py
/home/ubuntu/nemo_ws/install/path_finder/lib/python3.8/site-packages/path_finder/path_publisher.py
/home/ubuntu/nemo_ws/install/path_finder/lib/python3.8/site-packages/path_finder/submodules/rrt.py
/home/ubuntu/nemo_ws/install/path_finder/lib/python3.8/site-packages/path_finder/submodules/__init__.py
/home/ubuntu/nemo_ws/install/path_finder/lib/python3.8/site-packages/path_finder/submodules/process.py
/home/ubuntu/nemo_ws/install/path_finder/lib/python3.8/site-packages/path_finder/submodules/calib.py
/home/ubuntu/nemo_ws/install/path_finder/lib/python3.8/site-packages/path_finder/submodules/mapping.py
/home/ubuntu/nemo_ws/install/path_finder/lib/python3.8/site-packages/path_finder/__pycache__/__init__.cpython-38.pyc
/home/ubuntu/nemo_ws/install/path_finder/lib/python3.8/site-packages/path_finder/__pycache__/image_subscriber.cpython-38.pyc
/home/ubuntu/nemo_ws/install/path_finder/lib/python3.8/site-packages/path_finder/__pycache__/path_subscriber.cpython-38.pyc
/home/ubuntu/nemo_ws/install/path_finder/lib/python3.8/site-packages/path_finder/__pycache__/image_publisher.cpython-38.pyc
/home/ubuntu/nemo_ws/install/path_finder/lib/python3.8/site-packages/path_finder/__pycache__/path_publisher.cpython-38.pyc
/home/ubuntu/nemo_ws/install/path_finder/lib/python3.8/site-packages/path_finder/submodules/__pycache__/rrt.cpython-38.pyc
/home/ubuntu/nemo_ws/install/path_finder/lib/python3.8/site-packages/path_finder/submodules/__pycache__/__init__.cpython-38.pyc
/home/ubuntu/nemo_ws/install/path_finder/lib/python3.8/site-packages/path_finder/submodules/__pycache__/process.cpython-38.pyc
/home/ubuntu/nemo_ws/install/path_finder/lib/python3.8/site-packages/path_finder/submodules/__pycache__/calib.cpython-38.pyc
/home/ubuntu/nemo_ws/install/path_finder/lib/python3.8/site-packages/path_finder/submodules/__pycache__/mapping.cpython-38.pyc
/home/ubuntu/nemo_ws/install/path_finder/share/ament_index/resource_index/packages/path_finder
/home/ubuntu/nemo_ws/install/path_finder/share/path_finder/package.xml
/home/ubuntu/nemo_ws/install/path_finder/share/path_finder/3.jpg
/home/ubuntu/nemo_ws/install/path_finder/lib/python3.8/site-packages/path_finder-0.0.0-py3.8.egg-info/top_level.txt
/home/ubuntu/nemo_ws/install/path_finder/lib/python3.8/site-packages/path_finder-0.0.0-py3.8.egg-info/requires.txt
/home/ubuntu/nemo_ws/install/path_finder/lib/python3.8/site-packages/path_finder-0.0.0-py3.8.egg-info/dependency_links.txt
/home/ubuntu/nemo_ws/install/path_finder/lib/python3.8/site-packages/path_finder-0.0.0-py3.8.egg-info/SOURCES.txt
/home/ubuntu/nemo_ws/install/path_finder/lib/python3.8/site-packages/path_finder-0.0.0-py3.8.egg-info/PKG-INFO
/home/ubuntu/nemo_ws/install/path_finder/lib/python3.8/site-packages/path_finder-0.0.0-py3.8.egg-info/entry_points.txt
/home/ubuntu/nemo_ws/install/path_finder/lib/python3.8/site-packages/path_finder-0.0.0-py3.8.egg-info/zip-safe
/home/ubuntu/nemo_ws/install/path_finder/lib/path_finder/image_publisher
/home/ubuntu/nemo_ws/install/path_finder/lib/path_finder/image_subscriber
/home/ubuntu/nemo_ws/install/path_finder/lib/path_finder/path_publisher
/home/ubuntu/nemo_ws/install/path_finder/lib/path_finder/path_subscriber
