[5.352s] Invoking command in '/home/ubuntu/nemo_ws/src/img_basics': AMENT_PREFIX_PATH=/home/ubuntu/nemo_ws/src/install/image_transport:${AMENT_PREFIX_PATH} CMAKE_PREFIX_PATH=/home/ubuntu/nemo_ws/src/install/image_transport:${CMAKE_PREFIX_PATH} LD_LIBRARY_PATH=/home/ubuntu/nemo_ws/src/install/image_transport/lib:${LD_LIBRARY_PATH} PYTHONPATH=/home/ubuntu/nemo_ws/src/install/img_basics/lib/python3.8/site-packages:${PYTHONPATH} /usr/bin/python3 setup.py egg_info --egg-base ../build/img_basics build --build-base /home/ubuntu/nemo_ws/src/build/img_basics/build install --prefix /home/ubuntu/nemo_ws/src/install/img_basics --record /home/ubuntu/nemo_ws/src/build/img_basics/install.log --single-version-externally-managed
[7.372s] running egg_info
[7.379s] writing ../build/img_basics/img_basics.egg-info/PKG-INFO
[7.385s] writing dependency_links to ../build/img_basics/img_basics.egg-info/dependency_links.txt
[7.389s] writing entry points to ../build/img_basics/img_basics.egg-info/entry_points.txt
[7.394s] writing requirements to ../build/img_basics/img_basics.egg-info/requires.txt
[7.399s] writing top-level names to ../build/img_basics/img_basics.egg-info/top_level.txt
[7.627s] reading manifest file '../build/img_basics/img_basics.egg-info/SOURCES.txt'
[7.632s] writing manifest file '../build/img_basics/img_basics.egg-info/SOURCES.txt'
[7.633s] running build
[7.633s] running build_py
[7.634s] running install
[7.640s] running install_lib
[7.649s] running install_data
[7.653s] running install_egg_info
[7.667s] removing '/home/ubuntu/nemo_ws/src/install/img_basics/lib/python3.8/site-packages/img_basics-0.0.0-py3.8.egg-info' (and everything under it)
[7.678s] Copying ../build/img_basics/img_basics.egg-info to /home/ubuntu/nemo_ws/src/install/img_basics/lib/python3.8/site-packages/img_basics-0.0.0-py3.8.egg-info
[7.682s] running install_scripts
[7.787s] Installing img_subscriber script to /home/ubuntu/nemo_ws/src/install/img_basics/lib/img_basics
[7.792s] writing list of installed files to '/home/ubuntu/nemo_ws/src/build/img_basics/install.log'
[8.113s] Invoked command in '/home/ubuntu/nemo_ws/src/img_basics' returned '0': AMENT_PREFIX_PATH=/home/ubuntu/nemo_ws/src/install/image_transport:${AMENT_PREFIX_PATH} CMAKE_PREFIX_PATH=/home/ubuntu/nemo_ws/src/install/image_transport:${CMAKE_PREFIX_PATH} LD_LIBRARY_PATH=/home/ubuntu/nemo_ws/src/install/image_transport/lib:${LD_LIBRARY_PATH} PYTHONPATH=/home/ubuntu/nemo_ws/src/install/img_basics/lib/python3.8/site-packages:${PYTHONPATH} /usr/bin/python3 setup.py egg_info --egg-base ../build/img_basics build --build-base /home/ubuntu/nemo_ws/src/build/img_basics/build install --prefix /home/ubuntu/nemo_ws/src/install/img_basics --record /home/ubuntu/nemo_ws/src/build/img_basics/install.log --single-version-externally-managed
