[4.669s] Invoking command in '/home/ubuntu/nemo_ws/src/examples/rclpy/actions/minimal_action_client': PYTHONPATH=/home/ubuntu/nemo_ws/install/examples_rclpy_minimal_action_client/lib/python3.8/site-packages:${PYTHONPATH} /usr/bin/python3 setup.py egg_info --egg-base ../../../../../build/examples_rclpy_minimal_action_client build --build-base /home/ubuntu/nemo_ws/build/examples_rclpy_minimal_action_client/build install --prefix /home/ubuntu/nemo_ws/install/examples_rclpy_minimal_action_client --record /home/ubuntu/nemo_ws/build/examples_rclpy_minimal_action_client/install.log --single-version-externally-managed
[7.060s] running egg_info
[7.065s] writing ../../../../../build/examples_rclpy_minimal_action_client/examples_rclpy_minimal_action_client.egg-info/PKG-INFO
[7.070s] writing dependency_links to ../../../../../build/examples_rclpy_minimal_action_client/examples_rclpy_minimal_action_client.egg-info/dependency_links.txt
[7.074s] writing entry points to ../../../../../build/examples_rclpy_minimal_action_client/examples_rclpy_minimal_action_client.egg-info/entry_points.txt
[7.080s] writing requirements to ../../../../../build/examples_rclpy_minimal_action_client/examples_rclpy_minimal_action_client.egg-info/requires.txt
[7.083s] writing top-level names to ../../../../../build/examples_rclpy_minimal_action_client/examples_rclpy_minimal_action_client.egg-info/top_level.txt
[7.412s] reading manifest file '../../../../../build/examples_rclpy_minimal_action_client/examples_rclpy_minimal_action_client.egg-info/SOURCES.txt'
[7.440s] writing manifest file '../../../../../build/examples_rclpy_minimal_action_client/examples_rclpy_minimal_action_client.egg-info/SOURCES.txt'
[7.440s] running build
[7.441s] running build_py
[7.441s] running install
[7.446s] running install_lib
[7.467s] running install_data
[7.474s] running install_egg_info
[7.497s] removing '/home/ubuntu/nemo_ws/install/examples_rclpy_minimal_action_client/lib/python3.8/site-packages/examples_rclpy_minimal_action_client-0.9.4-py3.8.egg-info' (and everything under it)
[7.504s] Copying ../../../../../build/examples_rclpy_minimal_action_client/examples_rclpy_minimal_action_client.egg-info to /home/ubuntu/nemo_ws/install/examples_rclpy_minimal_action_client/lib/python3.8/site-packages/examples_rclpy_minimal_action_client-0.9.4-py3.8.egg-info
[7.516s] running install_scripts
[7.705s] Installing client script to /home/ubuntu/nemo_ws/install/examples_rclpy_minimal_action_client/lib/examples_rclpy_minimal_action_client
[7.714s] Installing client_cancel script to /home/ubuntu/nemo_ws/install/examples_rclpy_minimal_action_client/lib/examples_rclpy_minimal_action_client
[7.715s] Installing client_not_composable script to /home/ubuntu/nemo_ws/install/examples_rclpy_minimal_action_client/lib/examples_rclpy_minimal_action_client
[7.726s] writing list of installed files to '/home/ubuntu/nemo_ws/build/examples_rclpy_minimal_action_client/install.log'
[10.272s] Invoked command in '/home/ubuntu/nemo_ws/src/examples/rclpy/actions/minimal_action_client' returned '0': PYTHONPATH=/home/ubuntu/nemo_ws/install/examples_rclpy_minimal_action_client/lib/python3.8/site-packages:${PYTHONPATH} /usr/bin/python3 setup.py egg_info --egg-base ../../../../../build/examples_rclpy_minimal_action_client build --build-base /home/ubuntu/nemo_ws/build/examples_rclpy_minimal_action_client/build install --prefix /home/ubuntu/nemo_ws/install/examples_rclpy_minimal_action_client --record /home/ubuntu/nemo_ws/build/examples_rclpy_minimal_action_client/install.log --single-version-externally-managed
