[0.101s] Invoking command in '/home/ubuntu/nemo_ws/build/camera_calibration_parsers': CMAKE_PREFIX_PATH=${CMAKE_PREFIX_PATH}:/home/ubuntu/nemo_ws/install/img_basics:/home/ubuntu/nemo_ws/install/examples_rclpy_minimal_subscriber:/home/ubuntu/nemo_ws/install/examples_rclpy_minimal_service:/home/ubuntu/nemo_ws/install/examples_rclpy_minimal_publisher:/home/ubuntu/nemo_ws/install/examples_rclpy_minimal_client:/home/ubuntu/nemo_ws/install/examples_rclpy_minimal_action_server:/home/ubuntu/nemo_ws/install/examples_rclpy_minimal_action_client:/home/ubuntu/nemo_ws/install/examples_rclpy_executors:/opt/ros/foxy /usr/bin/cmake /home/ubuntu/nemo_ws/src/image_common/camera_calibration_parsers -DCMAKE_INSTALL_PREFIX=/home/ubuntu/nemo_ws/install/camera_calibration_parsers
[0.792s] -- The C compiler identification is GNU 9.4.0
[1.595s] -- The CXX compiler identification is GNU 9.4.0
[1.633s] -- Check for working C compiler: /usr/bin/cc
[2.024s] -- Check for working C compiler: /usr/bin/cc -- works
[2.029s] -- Detecting C compiler ABI info
[2.415s] -- Detecting C compiler ABI info - done
[2.452s] -- Detecting C compile features
[2.453s] -- Detecting C compile features - done
[2.463s] -- Check for working CXX compiler: /usr/bin/c++
[2.876s] -- Check for working CXX compiler: /usr/bin/c++ -- works
[2.880s] -- Detecting CXX compiler ABI info
[3.308s] -- Detecting CXX compiler ABI info - done
[3.345s] -- Detecting CXX compile features
[3.348s] -- Detecting CXX compile features - done
[3.384s] -- Found ament_cmake_ros: 0.9.2 (/opt/ros/foxy/share/ament_cmake_ros/cmake)
[3.700s] -- Found PythonInterp: /usr/bin/python3 (found suitable version "3.8.10", minimum required is "3") 
[3.702s] -- Using PYTHON_EXECUTABLE: /usr/bin/python3
[5.260s] -- Found rclcpp: 2.4.1 (/opt/ros/foxy/share/rclcpp/cmake)
[5.792s] -- Using all available rosidl_typesupport_c: rosidl_typesupport_fastrtps_c;rosidl_typesupport_introspection_c
[5.897s] -- Found rosidl_adapter: 1.2.1 (/opt/ros/foxy/share/rosidl_adapter/cmake)
[6.637s] -- Found OpenSSL: /usr/lib/aarch64-linux-gnu/libcrypto.so (found version "1.1.1f")  
[6.931s] -- Found FastRTPS: /opt/ros/foxy/include  
[7.684s] -- Using all available rosidl_typesupport_cpp: rosidl_typesupport_fastrtps_cpp;rosidl_typesupport_introspection_cpp
[8.156s] -- Found rmw_implementation_cmake: 1.0.3 (/opt/ros/foxy/share/rmw_implementation_cmake/cmake)
[8.169s] -- Using RMW implementation 'rmw_fastrtps_cpp' as default
[8.176s] -- Looking for pthread.h
[8.520s] -- Looking for pthread.h - found
[8.522s] -- Performing Test CMAKE_HAVE_LIBC_PTHREAD
[8.864s] -- Performing Test CMAKE_HAVE_LIBC_PTHREAD - Failed
[8.865s] -- Looking for pthread_create in pthreads
[9.150s] -- Looking for pthread_create in pthreads - not found
[9.151s] -- Looking for pthread_create in pthread
[9.492s] -- Looking for pthread_create in pthread - found
[9.496s] -- Found Threads: TRUE  
[10.309s] -- Found sensor_msgs: 2.0.5 (/opt/ros/foxy/share/sensor_msgs/cmake)
[10.795s] -- Found yaml_cpp_vendor: 7.0.2 (/opt/ros/foxy/share/yaml_cpp_vendor/cmake)
[10.796s] -- Setting yaml-cpp_DIR to: '/opt/ros/foxy/share/yaml_cpp_vendor/cmake/../../../opt/yaml_cpp_vendor/lib/cmake/yaml-cpp'
[10.847s] -- Found ament_cmake_cppcheck: 0.9.6 (/opt/ros/foxy/share/ament_cmake_cppcheck/cmake)
[10.878s] -- Found ament_cmake_cpplint: 0.9.6 (/opt/ros/foxy/share/ament_cmake_cpplint/cmake)
[10.909s] -- Found ament_cmake_lint_cmake: 0.9.6 (/opt/ros/foxy/share/ament_cmake_lint_cmake/cmake)
[10.941s] -- Found ament_cmake_uncrustify: 0.9.6 (/opt/ros/foxy/share/ament_cmake_uncrustify/cmake)
[10.985s] -- Found gtest sources under '/opt/ros/foxy/src/gtest_vendor': C++ tests using 'Google Test' will be built
[10.994s] -- Check if compiler accepts -pthread
[11.366s] -- Check if compiler accepts -pthread - yes
[11.818s] -- Configuring done
[11.931s] -- Generating done
[11.944s] -- Build files have been written to: /home/ubuntu/nemo_ws/build/camera_calibration_parsers
[11.991s] Invoked command in '/home/ubuntu/nemo_ws/build/camera_calibration_parsers' returned '0': CMAKE_PREFIX_PATH=${CMAKE_PREFIX_PATH}:/home/ubuntu/nemo_ws/install/img_basics:/home/ubuntu/nemo_ws/install/examples_rclpy_minimal_subscriber:/home/ubuntu/nemo_ws/install/examples_rclpy_minimal_service:/home/ubuntu/nemo_ws/install/examples_rclpy_minimal_publisher:/home/ubuntu/nemo_ws/install/examples_rclpy_minimal_client:/home/ubuntu/nemo_ws/install/examples_rclpy_minimal_action_server:/home/ubuntu/nemo_ws/install/examples_rclpy_minimal_action_client:/home/ubuntu/nemo_ws/install/examples_rclpy_executors:/opt/ros/foxy /usr/bin/cmake /home/ubuntu/nemo_ws/src/image_common/camera_calibration_parsers -DCMAKE_INSTALL_PREFIX=/home/ubuntu/nemo_ws/install/camera_calibration_parsers
[12.006s] Invoking command in '/home/ubuntu/nemo_ws/build/camera_calibration_parsers': CMAKE_PREFIX_PATH=${CMAKE_PREFIX_PATH}:/home/ubuntu/nemo_ws/install/img_basics:/home/ubuntu/nemo_ws/install/examples_rclpy_minimal_subscriber:/home/ubuntu/nemo_ws/install/examples_rclpy_minimal_service:/home/ubuntu/nemo_ws/install/examples_rclpy_minimal_publisher:/home/ubuntu/nemo_ws/install/examples_rclpy_minimal_client:/home/ubuntu/nemo_ws/install/examples_rclpy_minimal_action_server:/home/ubuntu/nemo_ws/install/examples_rclpy_minimal_action_client:/home/ubuntu/nemo_ws/install/examples_rclpy_executors:/opt/ros/foxy /usr/bin/cmake --build /home/ubuntu/nemo_ws/build/camera_calibration_parsers -- -j4 -l4
[12.207s] [35m[1mScanning dependencies of target gtest_main[0m
[12.208s] [35m[1mScanning dependencies of target camera_calibration_parsers[0m
[12.208s] [35m[1mScanning dependencies of target gtest[0m
[13.632s] [  7%] [32mBuilding CXX object gtest/CMakeFiles/gtest_main.dir/src/gtest_main.cc.o[0m
[13.667s] [ 14%] [32mBuilding CXX object gtest/CMakeFiles/gtest.dir/src/gtest-all.cc.o[0m
[14.086s] [ 21%] [32mBuilding CXX object CMakeFiles/camera_calibration_parsers.dir/src/parse.cpp.o[0m
[14.156s] [ 28%] [32mBuilding CXX object CMakeFiles/camera_calibration_parsers.dir/src/parse_ini.cpp.o[0m
[23.287s] [ 35%] [32m[1mLinking CXX static library libgtest_main.a[0m
[23.895s] [ 35%] Built target gtest_main
[24.078s] [ 42%] [32mBuilding CXX object CMakeFiles/camera_calibration_parsers.dir/src/parse_yml.cpp.o[0m
[40.069s] [ 50%] [32m[1mLinking CXX shared library libcamera_calibration_parsers.so[0m
[41.916s] [ 50%] Built target camera_calibration_parsers
[47.996s] [ 57%] [32m[1mLinking CXX static library libgtest.a[0m
[48.355s] [ 57%] Built target gtest
[48.426s] [35m[1mScanning dependencies of target convert[0m
[48.565s] [ 64%] [32mBuilding CXX object CMakeFiles/convert.dir/src/convert.cpp.o[0m
[51.550s] [ 71%] [32m[1mLinking CXX executable convert[0m
[52.242s] [ 71%] Built target convert
[52.294s] [35m[1mScanning dependencies of target camera_calibration_parsers-parse_ini[0m
[52.390s] [ 78%] [32mBuilding CXX object CMakeFiles/camera_calibration_parsers-parse_ini.dir/test/test_parse_ini.cpp.o[0m
[57.823s] [ 85%] [32m[1mLinking CXX executable camera_calibration_parsers-parse_ini[0m
[58.816s] [ 85%] Built target camera_calibration_parsers-parse_ini
[58.869s] [35m[1mScanning dependencies of target camera_calibration_parsers-parse_yml[0m
[58.962s] [ 92%] [32mBuilding CXX object CMakeFiles/camera_calibration_parsers-parse_yml.dir/test/test_parse_yml.cpp.o[0m
[64.277s] [100%] [32m[1mLinking CXX executable camera_calibration_parsers-parse_yml[0m
[65.320s] [100%] Built target camera_calibration_parsers-parse_yml
[65.380s] Invoked command in '/home/ubuntu/nemo_ws/build/camera_calibration_parsers' returned '0': CMAKE_PREFIX_PATH=${CMAKE_PREFIX_PATH}:/home/ubuntu/nemo_ws/install/img_basics:/home/ubuntu/nemo_ws/install/examples_rclpy_minimal_subscriber:/home/ubuntu/nemo_ws/install/examples_rclpy_minimal_service:/home/ubuntu/nemo_ws/install/examples_rclpy_minimal_publisher:/home/ubuntu/nemo_ws/install/examples_rclpy_minimal_client:/home/ubuntu/nemo_ws/install/examples_rclpy_minimal_action_server:/home/ubuntu/nemo_ws/install/examples_rclpy_minimal_action_client:/home/ubuntu/nemo_ws/install/examples_rclpy_executors:/opt/ros/foxy /usr/bin/cmake --build /home/ubuntu/nemo_ws/build/camera_calibration_parsers -- -j4 -l4
[65.661s] Invoking command in '/home/ubuntu/nemo_ws/build/camera_calibration_parsers': CMAKE_PREFIX_PATH=${CMAKE_PREFIX_PATH}:/home/ubuntu/nemo_ws/install/img_basics:/home/ubuntu/nemo_ws/install/examples_rclpy_minimal_subscriber:/home/ubuntu/nemo_ws/install/examples_rclpy_minimal_service:/home/ubuntu/nemo_ws/install/examples_rclpy_minimal_publisher:/home/ubuntu/nemo_ws/install/examples_rclpy_minimal_client:/home/ubuntu/nemo_ws/install/examples_rclpy_minimal_action_server:/home/ubuntu/nemo_ws/install/examples_rclpy_minimal_action_client:/home/ubuntu/nemo_ws/install/examples_rclpy_executors:/opt/ros/foxy /usr/bin/cmake --install /home/ubuntu/nemo_ws/build/camera_calibration_parsers
[65.712s] -- Install configuration: ""
[65.713s] -- Installing: /home/ubuntu/nemo_ws/install/camera_calibration_parsers/lib/libcamera_calibration_parsers.so
[65.719s] -- Set runtime path of "/home/ubuntu/nemo_ws/install/camera_calibration_parsers/lib/libcamera_calibration_parsers.so" to ""
[65.720s] -- Installing: /home/ubuntu/nemo_ws/install/camera_calibration_parsers/lib/camera_calibration_parsers/convert
[65.723s] -- Set runtime path of "/home/ubuntu/nemo_ws/install/camera_calibration_parsers/lib/camera_calibration_parsers/convert" to ""
[65.724s] -- Installing: /home/ubuntu/nemo_ws/install/camera_calibration_parsers/include
[65.726s] -- Installing: /home/ubuntu/nemo_ws/install/camera_calibration_parsers/include/camera_calibration_parsers
[65.727s] -- Installing: /home/ubuntu/nemo_ws/install/camera_calibration_parsers/include/camera_calibration_parsers/parse_yml.hpp
[65.728s] -- Installing: /home/ubuntu/nemo_ws/install/camera_calibration_parsers/include/camera_calibration_parsers/parse_ini.h
[65.729s] -- Installing: /home/ubuntu/nemo_ws/install/camera_calibration_parsers/include/camera_calibration_parsers/parse.h
[65.732s] -- Installing: /home/ubuntu/nemo_ws/install/camera_calibration_parsers/include/camera_calibration_parsers/parse_ini.hpp
[65.733s] -- Installing: /home/ubuntu/nemo_ws/install/camera_calibration_parsers/include/camera_calibration_parsers/visibility_control.hpp
[65.734s] -- Installing: /home/ubuntu/nemo_ws/install/camera_calibration_parsers/include/camera_calibration_parsers/parse_yml.h
[65.735s] -- Installing: /home/ubuntu/nemo_ws/install/camera_calibration_parsers/include/camera_calibration_parsers/parse.hpp
[65.736s] -- Installing: /home/ubuntu/nemo_ws/install/camera_calibration_parsers/share/camera_calibration_parsers/environment/library_path.sh
[65.737s] -- Installing: /home/ubuntu/nemo_ws/install/camera_calibration_parsers/share/camera_calibration_parsers/environment/library_path.dsv
[65.738s] -- Installing: /home/ubuntu/nemo_ws/install/camera_calibration_parsers/share/ament_index/resource_index/package_run_dependencies/camera_calibration_parsers
[65.739s] -- Installing: /home/ubuntu/nemo_ws/install/camera_calibration_parsers/share/ament_index/resource_index/parent_prefix_path/camera_calibration_parsers
[65.741s] -- Installing: /home/ubuntu/nemo_ws/install/camera_calibration_parsers/share/camera_calibration_parsers/environment/ament_prefix_path.sh
[65.742s] -- Installing: /home/ubuntu/nemo_ws/install/camera_calibration_parsers/share/camera_calibration_parsers/environment/ament_prefix_path.dsv
[65.744s] -- Installing: /home/ubuntu/nemo_ws/install/camera_calibration_parsers/share/camera_calibration_parsers/environment/path.sh
[65.745s] -- Installing: /home/ubuntu/nemo_ws/install/camera_calibration_parsers/share/camera_calibration_parsers/environment/path.dsv
[65.747s] -- Installing: /home/ubuntu/nemo_ws/install/camera_calibration_parsers/share/camera_calibration_parsers/local_setup.bash
[65.748s] -- Installing: /home/ubuntu/nemo_ws/install/camera_calibration_parsers/share/camera_calibration_parsers/local_setup.sh
[65.750s] -- Installing: /home/ubuntu/nemo_ws/install/camera_calibration_parsers/share/camera_calibration_parsers/local_setup.zsh
[65.751s] -- Installing: /home/ubuntu/nemo_ws/install/camera_calibration_parsers/share/camera_calibration_parsers/local_setup.dsv
[65.753s] -- Installing: /home/ubuntu/nemo_ws/install/camera_calibration_parsers/share/camera_calibration_parsers/package.dsv
[65.755s] -- Installing: /home/ubuntu/nemo_ws/install/camera_calibration_parsers/share/ament_index/resource_index/packages/camera_calibration_parsers
[65.756s] -- Installing: /home/ubuntu/nemo_ws/install/camera_calibration_parsers/share/camera_calibration_parsers/cmake/ament_cmake_export_include_directories-extras.cmake
[65.758s] -- Installing: /home/ubuntu/nemo_ws/install/camera_calibration_parsers/share/camera_calibration_parsers/cmake/ament_cmake_export_libraries-extras.cmake
[65.759s] -- Installing: /home/ubuntu/nemo_ws/install/camera_calibration_parsers/share/camera_calibration_parsers/cmake/ament_cmake_export_dependencies-extras.cmake
[65.761s] -- Installing: /home/ubuntu/nemo_ws/install/camera_calibration_parsers/share/camera_calibration_parsers/cmake/camera_calibration_parsersConfig.cmake
[65.762s] -- Installing: /home/ubuntu/nemo_ws/install/camera_calibration_parsers/share/camera_calibration_parsers/cmake/camera_calibration_parsersConfig-version.cmake
[65.764s] -- Installing: /home/ubuntu/nemo_ws/install/camera_calibration_parsers/share/camera_calibration_parsers/package.xml
[65.781s] Invoked command in '/home/ubuntu/nemo_ws/build/camera_calibration_parsers' returned '0': CMAKE_PREFIX_PATH=${CMAKE_PREFIX_PATH}:/home/ubuntu/nemo_ws/install/img_basics:/home/ubuntu/nemo_ws/install/examples_rclpy_minimal_subscriber:/home/ubuntu/nemo_ws/install/examples_rclpy_minimal_service:/home/ubuntu/nemo_ws/install/examples_rclpy_minimal_publisher:/home/ubuntu/nemo_ws/install/examples_rclpy_minimal_client:/home/ubuntu/nemo_ws/install/examples_rclpy_minimal_action_server:/home/ubuntu/nemo_ws/install/examples_rclpy_minimal_action_client:/home/ubuntu/nemo_ws/install/examples_rclpy_executors:/opt/ros/foxy /usr/bin/cmake --install /home/ubuntu/nemo_ws/build/camera_calibration_parsers
